[ 2017-07-04T16:11:27+08:00 ] 0.0.0.0 /dididi5/index.php?g=Wap&m=Student&a=index
INFO: [ app_begin ] --START--
INFO: ReadHtmlCache Behavior ::run [ RunTime:0.001000s ]
INFO: [ app_begin ] --END-- [ RunTime:0.001000s ]
NOTIC: [8] Undefined index: teacher_tag D:\phpStudy\WWW\dididi5\App\Lib\Action\Wap\StudentAction.class.php 第 11 行.
SQL: SHOW COLUMNS FROM `by_demand_order` [ RunTime:0.003000s ]
SQL: SELECT * FROM `by_demand_order` WHERE ( `student_id` = null )  [ RunTime:0.000000s ]
NOTIC: [2] Invalid argument supplied for foreach() D:\phpStudy\WWW\dididi5\App\Lib\Action\Wap\StudentAction.class.php 第 22 行.
SQL: SHOW COLUMNS FROM `by_course_type` [ RunTime:0.003001s ]
SQL: SELECT * FROM `by_course_type` WHERE ( `cate_ParentId` = 0 ) LIMIT 4   [ RunTime:0.000000s ]
SQL: SHOW COLUMNS FROM `by_member_info` [ RunTime:0.002000s ]
SQL: SELECT * FROM `by_member_info` WHERE ( `member_id` = null ) LIMIT 1   [ RunTime:0.001000s ]
SQL: SELECT * FROM `by_member_info` WHERE ( `member_id` = null ) LIMIT 1   [ RunTime:0.000000s ]
INFO: [ view_parse ] --START--
INFO: ParseTemplate Behavior ::run [ RunTime:0.008000s ]
INFO: [ view_parse ] --END-- [ RunTime:0.008000s ]
INFO: [ view_filter ] --START--
INFO: ContentReplace Behavior ::run [ RunTime:0.001000s ]
INFO: TokenBuild Behavior ::run [ RunTime:0.000000s ]
INFO: WriteHtmlCache Behavior ::run [ RunTime:0.001000s ]
INFO: ShowRuntime Behavior ::run [ RunTime:0.000000s ]
INFO: [ view_filter ] --END-- [ RunTime:0.002000s ]
INFO: [ view_end ] --START--
INFO: ShowPageTrace Behavior ::run [ RunTime:0.001000s ]
INFO: [ view_end ] --END-- [ RunTime:0.001000s ]

[ 2017-07-04T16:11:45+08:00 ] 0.0.0.0 /dididi5/index.php?g=Wap&m=Student&a=index
INFO: [ app_begin ] --START--
INFO: ReadHtmlCache Behavior ::run [ RunTime:0.000000s ]
INFO: [ app_begin ] --END-- [ RunTime:0.000000s ]
NOTIC: [8] Undefined index: teacher_tag D:\phpStudy\WWW\dididi5\App\Lib\Action\Wap\StudentAction.class.php 第 11 行.
SQL: SHOW COLUMNS FROM `by_demand_order` [ RunTime:0.004000s ]
SQL: SELECT * FROM `by_demand_order` WHERE ( `student_id` = null )  [ RunTime:0.000000s ]
NOTIC: [2] Invalid argument supplied for foreach() D:\phpStudy\WWW\dididi5\App\Lib\Action\Wap\StudentAction.class.php 第 22 行.
SQL: SHOW COLUMNS FROM `by_course_type` [ RunTime:0.003001s ]
SQL: SELECT * FROM `by_course_type` WHERE ( `cate_ParentId` = 0 ) LIMIT 4   [ RunTime:0.000000s ]
SQL: SHOW COLUMNS FROM `by_member_info` [ RunTime:0.003000s ]
SQL: SELECT * FROM `by_member_info` WHERE ( `member_id` = null ) LIMIT 1   [ RunTime:0.000000s ]
SQL: SELECT * FROM `by_member_info` WHERE ( `member_id` = null ) LIMIT 1   [ RunTime:0.001000s ]
INFO: [ view_parse ] --START--
INFO: ParseTemplate Behavior ::run [ RunTime:0.006000s ]
INFO: [ view_parse ] --END-- [ RunTime:0.006000s ]
INFO: [ view_filter ] --START--
INFO: ContentReplace Behavior ::run [ RunTime:0.001000s ]
INFO: TokenBuild Behavior ::run [ RunTime:0.000000s ]
INFO: WriteHtmlCache Behavior ::run [ RunTime:0.000000s ]
INFO: ShowRuntime Behavior ::run [ RunTime:0.001000s ]
INFO: [ view_filter ] --END-- [ RunTime:0.002000s ]
INFO: [ view_end ] --START--
INFO: ShowPageTrace Behavior ::run [ RunTime:0.000000s ]
INFO: [ view_end ] --END-- [ RunTime:0.000000s ]

[ 2017-07-04T16:20:30+08:00 ] 0.0.0.0 /dididi5/index.php?g=Wap&m=Student&a=index
INFO: [ app_begin ] --START--
INFO: ReadHtmlCache Behavior ::run [ RunTime:0.000000s ]
INFO: [ app_begin ] --END-- [ RunTime:0.000000s ]
NOTIC: [8] Undefined index: teacher_tag D:\phpStudy\WWW\dididi5\App\Lib\Action\Wap\StudentAction.class.php 第 11 行.
SQL: SHOW COLUMNS FROM `by_demand_order` [ RunTime:0.002000s ]
SQL: SELECT * FROM `by_demand_order` WHERE ( `student_id` = null )  [ RunTime:0.000000s ]
NOTIC: [2] Invalid argument supplied for foreach() D:\phpStudy\WWW\dididi5\App\Lib\Action\Wap\StudentAction.class.php 第 22 行.
SQL: SHOW COLUMNS FROM `by_course_type` [ RunTime:0.003000s ]
SQL: SELECT * FROM `by_course_type` WHERE ( `cate_ParentId` = 0 ) LIMIT 4   [ RunTime:0.000000s ]
SQL: SHOW COLUMNS FROM `by_member_info` [ RunTime:0.003000s ]
SQL: SELECT * FROM `by_member_info` WHERE ( `member_id` = null ) LIMIT 1   [ RunTime:0.001000s ]
SQL: SELECT * FROM `by_member_info` WHERE ( `member_id` = null ) LIMIT 1   [ RunTime:0.000000s ]
INFO: [ view_parse ] --START--
INFO: ParseTemplate Behavior ::run [ RunTime:0.007001s ]
INFO: [ view_parse ] --END-- [ RunTime:0.007001s ]
INFO: [ view_filter ] --START--
INFO: ContentReplace Behavior ::run [ RunTime:0.001000s ]
INFO: TokenBuild Behavior ::run [ RunTime:0.000000s ]
INFO: WriteHtmlCache Behavior ::run [ RunTime:0.000000s ]
INFO: ShowRuntime Behavior ::run [ RunTime:0.001000s ]
INFO: [ view_filter ] --END-- [ RunTime:0.002000s ]
INFO: [ view_end ] --START--
INFO: ShowPageTrace Behavior ::run [ RunTime:0.000000s ]
INFO: [ view_end ] --END-- [ RunTime:0.000000s ]

[ 2017-07-04T16:39:19+08:00 ] 0.0.0.0 /dididi5/
INFO: [ app_begin ] --START--
INFO: ReadHtmlCache Behavior ::run [ RunTime:0.000000s ]
INFO: [ app_begin ] --END-- [ RunTime:0.001000s ]
INFO: [ view_parse ] --START--
INFO: ParseTemplate Behavior ::run [ RunTime:0.006000s ]
INFO: [ view_parse ] --END-- [ RunTime:0.006000s ]
INFO: [ view_filter ] --START--
INFO: ContentReplace Behavior ::run [ RunTime:0.001000s ]
INFO: TokenBuild Behavior ::run [ RunTime:0.000000s ]
INFO: WriteHtmlCache Behavior ::run [ RunTime:0.000000s ]
INFO: ShowRuntime Behavior ::run [ RunTime:0.001000s ]
INFO: [ view_filter ] --END-- [ RunTime:0.002000s ]
INFO: [ view_end ] --START--
INFO: ShowPageTrace Behavior ::run [ RunTime:0.001000s ]
INFO: [ view_end ] --END-- [ RunTime:0.001000s ]

[ 2017-07-04T16:39:22+08:00 ] 0.0.0.0 /dididi5/index.php?g=Wap&m=Student&a=index
INFO: [ app_begin ] --START--
INFO: ReadHtmlCache Behavior ::run [ RunTime:0.000000s ]
INFO: [ app_begin ] --END-- [ RunTime:0.000000s ]
NOTIC: [8] Undefined index: teacher_tag D:\phpStudy\WWW\dididi5\App\Lib\Action\Wap\StudentAction.class.php 第 11 行.
SQL: SHOW COLUMNS FROM `by_demand_order` [ RunTime:0.003000s ]
SQL: SELECT * FROM `by_demand_order` WHERE ( `student_id` = null )  [ RunTime:0.001000s ]
NOTIC: [2] Invalid argument supplied for foreach() D:\phpStudy\WWW\dididi5\App\Lib\Action\Wap\StudentAction.class.php 第 22 行.
SQL: SHOW COLUMNS FROM `by_course_type` [ RunTime:0.003001s ]
SQL: SELECT * FROM `by_course_type` WHERE ( `cate_ParentId` = 0 ) LIMIT 4   [ RunTime:0.000000s ]
SQL: SHOW COLUMNS FROM `by_member_info` [ RunTime:0.003000s ]
SQL: SELECT * FROM `by_member_info` WHERE ( `member_id` = null ) LIMIT 1   [ RunTime:0.000000s ]
SQL: SELECT * FROM `by_member_info` WHERE ( `member_id` = null ) LIMIT 1   [ RunTime:0.000000s ]
INFO: [ view_parse ] --START--
INFO: ParseTemplate Behavior ::run [ RunTime:0.006000s ]
INFO: [ view_parse ] --END-- [ RunTime:0.006000s ]
INFO: [ view_filter ] --START--
INFO: ContentReplace Behavior ::run [ RunTime:0.000000s ]
INFO: TokenBuild Behavior ::run [ RunTime:0.001000s ]
INFO: WriteHtmlCache Behavior ::run [ RunTime:0.000000s ]
INFO: ShowRuntime Behavior ::run [ RunTime:0.000000s ]
INFO: [ view_filter ] --END-- [ RunTime:0.001000s ]
INFO: [ view_end ] --START--
INFO: ShowPageTrace Behavior ::run [ RunTime:0.001000s ]
INFO: [ view_end ] --END-- [ RunTime:0.001000s ]

[ 2017-07-04T16:40:14+08:00 ] 0.0.0.0 /dididi5/index.php?g=Wap&m=Student&a=index
INFO: [ app_begin ] --START--
INFO: ReadHtmlCache Behavior ::run [ RunTime:0.001000s ]
INFO: [ app_begin ] --END-- [ RunTime:0.001000s ]
NOTIC: [8] Undefined index: teacher_tag D:\phpStudy\WWW\dididi5\App\Lib\Action\Wap\StudentAction.class.php 第 11 行.
SQL: SHOW COLUMNS FROM `by_demand_order` [ RunTime:0.002000s ]
SQL: SELECT * FROM `by_demand_order` WHERE ( `student_id` = null )  [ RunTime:0.000000s ]
NOTIC: [2] Invalid argument supplied for foreach() D:\phpStudy\WWW\dididi5\App\Lib\Action\Wap\StudentAction.class.php 第 22 行.
SQL: SHOW COLUMNS FROM `by_course_type` [ RunTime:0.003000s ]
SQL: SELECT * FROM `by_course_type` WHERE ( `cate_ParentId` = 0 ) LIMIT 4   [ RunTime:0.000000s ]
SQL: SHOW COLUMNS FROM `by_member_info` [ RunTime:0.003000s ]
SQL: SELECT * FROM `by_member_info` WHERE ( `member_id` = null ) LIMIT 1   [ RunTime:0.001000s ]
SQL: SELECT * FROM `by_member_info` WHERE ( `member_id` = null ) LIMIT 1   [ RunTime:0.000000s ]
INFO: [ view_parse ] --START--
INFO: ParseTemplate Behavior ::run [ RunTime:0.007001s ]
INFO: [ view_parse ] --END-- [ RunTime:0.007001s ]
INFO: [ view_filter ] --START--
INFO: ContentReplace Behavior ::run [ RunTime:0.000000s ]
INFO: TokenBuild Behavior ::run [ RunTime:0.001000s ]
INFO: WriteHtmlCache Behavior ::run [ RunTime:0.000000s ]
INFO: ShowRuntime Behavior ::run [ RunTime:0.001000s ]
INFO: [ view_filter ] --END-- [ RunTime:0.002000s ]
INFO: [ view_end ] --START--
INFO: ShowPageTrace Behavior ::run [ RunTime:0.000000s ]
INFO: [ view_end ] --END-- [ RunTime:0.000000s ]

[ 2017-07-04T16:47:53+08:00 ] 0.0.0.0 /dididi5/
INFO: [ app_begin ] --START--
INFO: ReadHtmlCache Behavior ::run [ RunTime:0.001000s ]
INFO: [ app_begin ] --END-- [ RunTime:0.001000s ]
INFO: [ view_parse ] --START--
INFO: ParseTemplate Behavior ::run [ RunTime:0.006000s ]
INFO: [ view_parse ] --END-- [ RunTime:0.007000s ]
INFO: [ view_filter ] --START--
INFO: ContentReplace Behavior ::run [ RunTime:0.000000s ]
INFO: TokenBuild Behavior ::run [ RunTime:0.000000s ]
INFO: WriteHtmlCache Behavior ::run [ RunTime:0.001000s ]
INFO: ShowRuntime Behavior ::run [ RunTime:0.000000s ]
INFO: [ view_filter ] --END-- [ RunTime:0.001000s ]
INFO: [ view_end ] --START--
INFO: ShowPageTrace Behavior ::run [ RunTime:0.001000s ]
INFO: [ view_end ] --END-- [ RunTime:0.001000s ]

[ 2017-07-04T16:47:56+08:00 ] 0.0.0.0 /dididi5/index.php?g=Wap&m=Student&a=index
INFO: [ app_begin ] --START--
INFO: ReadHtmlCache Behavior ::run [ RunTime:0.000000s ]
INFO: [ app_begin ] --END-- [ RunTime:0.000000s ]
NOTIC: [8] Undefined index: teacher_tag D:\phpStudy\WWW\dididi5\App\Lib\Action\Wap\StudentAction.class.php 第 11 行.
SQL: SHOW COLUMNS FROM `by_demand_order` [ RunTime:0.002000s ]
SQL: SELECT * FROM `by_demand_order` WHERE ( `student_id` = null )  [ RunTime:0.000000s ]
NOTIC: [2] Invalid argument supplied for foreach() D:\phpStudy\WWW\dididi5\App\Lib\Action\Wap\StudentAction.class.php 第 22 行.
SQL: SHOW COLUMNS FROM `by_course_type` [ RunTime:0.002000s ]
SQL: SELECT * FROM `by_course_type` WHERE ( `cate_ParentId` = 0 ) LIMIT 4   [ RunTime:0.000000s ]
SQL: SHOW COLUMNS FROM `by_member_info` [ RunTime:0.003001s ]
SQL: SELECT * FROM `by_member_info` WHERE ( `member_id` = null ) LIMIT 1   [ RunTime:0.001000s ]
SQL: SELECT * FROM `by_member_info` WHERE ( `member_id` = null ) LIMIT 1   [ RunTime:0.000000s ]
INFO: [ view_parse ] --START--
INFO: ParseTemplate Behavior ::run [ RunTime:0.007000s ]
INFO: [ view_parse ] --END-- [ RunTime:0.007000s ]
INFO: [ view_filter ] --START--
INFO: ContentReplace Behavior ::run [ RunTime:0.000000s ]
INFO: TokenBuild Behavior ::run [ RunTime:0.001000s ]
INFO: WriteHtmlCache Behavior ::run [ RunTime:0.000000s ]
INFO: ShowRuntime Behavior ::run [ RunTime:0.000000s ]
INFO: [ view_filter ] --END-- [ RunTime:0.001000s ]
INFO: [ view_end ] --START--
INFO: ShowPageTrace Behavior ::run [ RunTime:0.000000s ]
INFO: [ view_end ] --END-- [ RunTime:0.000000s ]

[ 2017-07-04T16:48:14+08:00 ] 0.0.0.0 /dididi5/index.php?g=Wap&m=Student&a=index
INFO: [ app_begin ] --START--
INFO: ReadHtmlCache Behavior ::run [ RunTime:0.001000s ]
INFO: [ app_begin ] --END-- [ RunTime:0.001000s ]
NOTIC: [8] Undefined index: teacher_tag D:\phpStudy\WWW\dididi5\App\Lib\Action\Wap\StudentAction.class.php 第 11 行.
SQL: SHOW COLUMNS FROM `by_demand_order` [ RunTime:0.003000s ]
SQL: SELECT * FROM `by_demand_order` WHERE ( `student_id` = null )  [ RunTime:0.000000s ]
NOTIC: [2] Invalid argument supplied for foreach() D:\phpStudy\WWW\dididi5\App\Lib\Action\Wap\StudentAction.class.php 第 22 行.
SQL: SHOW COLUMNS FROM `by_course_type` [ RunTime:0.002000s ]
SQL: SELECT * FROM `by_course_type` WHERE ( `cate_ParentId` = 0 ) LIMIT 4   [ RunTime:0.001000s ]
SQL: SHOW COLUMNS FROM `by_member_info` [ RunTime:0.003000s ]
SQL: SELECT * FROM `by_member_info` WHERE ( `member_id` = null ) LIMIT 1   [ RunTime:0.000000s ]
SQL: SELECT * FROM `by_member_info` WHERE ( `member_id` = null ) LIMIT 1   [ RunTime:0.001000s ]
INFO: [ view_parse ] --START--
INFO: ParseTemplate Behavior ::run [ RunTime:0.008001s ]
INFO: [ view_parse ] --END-- [ RunTime:0.008001s ]
INFO: [ view_filter ] --START--
INFO: ContentReplace Behavior ::run [ RunTime:0.000000s ]
INFO: TokenBuild Behavior ::run [ RunTime:0.001000s ]
INFO: WriteHtmlCache Behavior ::run [ RunTime:0.000000s ]
INFO: ShowRuntime Behavior ::run [ RunTime:0.001000s ]
INFO: [ view_filter ] --END-- [ RunTime:0.002000s ]
INFO: [ view_end ] --START--
INFO: ShowPageTrace Behavior ::run [ RunTime:0.000000s ]
INFO: [ view_end ] --END-- [ RunTime:0.000000s ]

[ 2017-07-04T16:51:57+08:00 ] 0.0.0.0 /dididi5/index.php?g=Wap&m=Student&a=index
INFO: [ app_begin ] --START--
INFO: ReadHtmlCache Behavior ::run [ RunTime:0.000000s ]
INFO: [ app_begin ] --END-- [ RunTime:0.000000s ]
NOTIC: [8] Undefined index: teacher_tag D:\phpStudy\WWW\dididi5\App\Lib\Action\Wap\StudentAction.class.php 第 11 行.
SQL: SHOW COLUMNS FROM `by_demand_order` [ RunTime:0.003000s ]
SQL: SELECT * FROM `by_demand_order` WHERE ( `student_id` = null )  [ RunTime:0.000000s ]
NOTIC: [2] Invalid argument supplied for foreach() D:\phpStudy\WWW\dididi5\App\Lib\Action\Wap\StudentAction.class.php 第 22 行.
SQL: SHOW COLUMNS FROM `by_course_type` [ RunTime:0.002000s ]
SQL: SELECT * FROM `by_course_type` WHERE ( `cate_ParentId` = 0 ) LIMIT 4   [ RunTime:0.001000s ]
SQL: SHOW COLUMNS FROM `by_member_info` [ RunTime:0.003000s ]
SQL: SELECT * FROM `by_member_info` WHERE ( `member_id` = null ) LIMIT 1   [ RunTime:0.000000s ]
SQL: SELECT * FROM `by_member_info` WHERE ( `member_id` = null ) LIMIT 1   [ RunTime:0.000000s ]
INFO: [ view_parse ] --START--
INFO: ParseTemplate Behavior ::run [ RunTime:0.007001s ]
INFO: [ view_parse ] --END-- [ RunTime:0.007001s ]
INFO: [ view_filter ] --START--
INFO: ContentReplace Behavior ::run [ RunTime:0.000000s ]
INFO: TokenBuild Behavior ::run [ RunTime:0.001000s ]
INFO: WriteHtmlCache Behavior ::run [ RunTime:0.000000s ]
INFO: ShowRuntime Behavior ::run [ RunTime:0.000000s ]
INFO: [ view_filter ] --END-- [ RunTime:0.001000s ]
INFO: [ view_end ] --START--
INFO: ShowPageTrace Behavior ::run [ RunTime:0.001000s ]
INFO: [ view_end ] --END-- [ RunTime:0.001000s ]

[ 2017-07-04T16:52:23+08:00 ] 0.0.0.0 /dididi5/index.php?g=Wap&m=Student&a=index
INFO: [ app_begin ] --START--
INFO: ReadHtmlCache Behavior ::run [ RunTime:0.000000s ]
INFO: [ app_begin ] --END-- [ RunTime:0.000000s ]
NOTIC: [8] Undefined index: teacher_tag D:\phpStudy\WWW\dididi5\App\Lib\Action\Wap\StudentAction.class.php 第 11 行.
SQL: SHOW COLUMNS FROM `by_demand_order` [ RunTime:0.003000s ]
SQL: SELECT * FROM `by_demand_order` WHERE ( `student_id` = null )  [ RunTime:0.000000s ]
NOTIC: [2] Invalid argument supplied for foreach() D:\phpStudy\WWW\dididi5\App\Lib\Action\Wap\StudentAction.class.php 第 22 行.
SQL: SHOW COLUMNS FROM `by_course_type` [ RunTime:0.002000s ]
SQL: SELECT * FROM `by_course_type` WHERE ( `cate_ParentId` = 0 ) LIMIT 4   [ RunTime:0.001000s ]
SQL: SHOW COLUMNS FROM `by_member_info` [ RunTime:0.003000s ]
SQL: SELECT * FROM `by_member_info` WHERE ( `member_id` = null ) LIMIT 1   [ RunTime:0.000000s ]
SQL: SELECT * FROM `by_member_info` WHERE ( `member_id` = null ) LIMIT 1   [ RunTime:0.000000s ]
INFO: [ view_parse ] --START--
INFO: ParseTemplate Behavior ::run [ RunTime:0.006001s ]
INFO: [ view_parse ] --END-- [ RunTime:0.006001s ]
INFO: [ view_filter ] --START--
INFO: ContentReplace Behavior ::run [ RunTime:0.000000s ]
INFO: TokenBuild Behavior ::run [ RunTime:0.000000s ]
INFO: WriteHtmlCache Behavior ::run [ RunTime:0.001000s ]
INFO: ShowRuntime Behavior ::run [ RunTime:0.000000s ]
INFO: [ view_filter ] --END-- [ RunTime:0.001000s ]
INFO: [ view_end ] --START--
INFO: ShowPageTrace Behavior ::run [ RunTime:0.000000s ]
INFO: [ view_end ] --END-- [ RunTime:0.001000s ]

[ 2017-07-04T16:52:30+08:00 ] 0.0.0.0 /dididi5/index.php?g=Wap&m=Student&a=index
INFO: [ app_begin ] --START--
INFO: ReadHtmlCache Behavior ::run [ RunTime:0.001000s ]
INFO: [ app_begin ] --END-- [ RunTime:0.001000s ]
NOTIC: [8] Undefined index: teacher_tag D:\phpStudy\WWW\dididi5\App\Lib\Action\Wap\StudentAction.class.php 第 11 行.
SQL: SHOW COLUMNS FROM `by_demand_order` [ RunTime:0.002000s ]
SQL: SELECT * FROM `by_demand_order` WHERE ( `student_id` = null )  [ RunTime:0.000000s ]
NOTIC: [2] Invalid argument supplied for foreach() D:\phpStudy\WWW\dididi5\App\Lib\Action\Wap\StudentAction.class.php 第 22 行.
SQL: SHOW COLUMNS FROM `by_course_type` [ RunTime:0.003000s ]
SQL: SELECT * FROM `by_course_type` WHERE ( `cate_ParentId` = 0 ) LIMIT 4   [ RunTime:0.000000s ]
SQL: SHOW COLUMNS FROM `by_member_info` [ RunTime:0.005000s ]
SQL: SELECT * FROM `by_member_info` WHERE ( `member_id` = null ) LIMIT 1   [ RunTime:0.000000s ]
SQL: SELECT * FROM `by_member_info` WHERE ( `member_id` = null ) LIMIT 1   [ RunTime:0.000000s ]
INFO: [ view_parse ] --START--
INFO: ParseTemplate Behavior ::run [ RunTime:0.006001s ]
INFO: [ view_parse ] --END-- [ RunTime:0.006001s ]
INFO: [ view_filter ] --START--
INFO: ContentReplace Behavior ::run [ RunTime:0.000000s ]
INFO: TokenBuild Behavior ::run [ RunTime:0.000000s ]
INFO: WriteHtmlCache Behavior ::run [ RunTime:0.001000s ]
INFO: ShowRuntime Behavior ::run [ RunTime:0.000000s ]
INFO: [ view_filter ] --END-- [ RunTime:0.001000s ]
INFO: [ view_end ] --START--
INFO: ShowPageTrace Behavior ::run [ RunTime:0.000000s ]
INFO: [ view_end ] --END-- [ RunTime:0.000000s ]

[ 2017-07-04T17:01:16+08:00 ] 0.0.0.0 /dididi5/index.php?g=Wap&m=Student&a=index
INFO: [ app_begin ] --START--
INFO: ReadHtmlCache Behavior ::run [ RunTime:0.000000s ]
INFO: [ app_begin ] --END-- [ RunTime:0.001000s ]
NOTIC: [8] Undefined index: teacher_tag D:\phpStudy\WWW\dididi5\App\Lib\Action\Wap\StudentAction.class.php 第 11 行.
SQL: SHOW COLUMNS FROM `by_demand_order` [ RunTime:0.003000s ]
SQL: SELECT * FROM `by_demand_order` WHERE ( `student_id` = null )  [ RunTime:0.001000s ]
NOTIC: [2] Invalid argument supplied for foreach() D:\phpStudy\WWW\dididi5\App\Lib\Action\Wap\StudentAction.class.php 第 22 行.
SQL: SHOW COLUMNS FROM `by_course_type` [ RunTime:0.003001s ]
SQL: SELECT * FROM `by_course_type` WHERE ( `cate_ParentId` = 0 ) LIMIT 4   [ RunTime:0.000000s ]
SQL: SHOW COLUMNS FROM `by_member_info` [ RunTime:0.003000s ]
SQL: SELECT * FROM `by_member_info` WHERE ( `member_id` = null ) LIMIT 1   [ RunTime:0.000000s ]
SQL: SELECT * FROM `by_member_info` WHERE ( `member_id` = null ) LIMIT 1   [ RunTime:0.000000s ]
INFO: [ view_parse ] --START--
INFO: ParseTemplate Behavior ::run [ RunTime:0.007000s ]
INFO: [ view_parse ] --END-- [ RunTime:0.007000s ]
INFO: [ view_filter ] --START--
INFO: ContentReplace Behavior ::run [ RunTime:0.000000s ]
INFO: TokenBuild Behavior ::run [ RunTime:0.000000s ]
INFO: WriteHtmlCache Behavior ::run [ RunTime:0.001000s ]
INFO: ShowRuntime Behavior ::run [ RunTime:0.000000s ]
INFO: [ view_filter ] --END-- [ RunTime:0.001000s ]
INFO: [ view_end ] --START--
INFO: ShowPageTrace Behavior ::run [ RunTime:0.002000s ]
INFO: [ view_end ] --END-- [ RunTime:0.002000s ]

