[ 2017-07-20T12:19:08+08:00 ] 0.0.0.0 /dididi5/
INFO: [ app_begin ] --START--
INFO: ReadHtmlCache Behavior ::run [ RunTime:0.002000s ]
INFO: [ app_begin ] --END-- [ RunTime:0.004000s ]
INFO: [ view_parse ] --START--
INFO: ParseTemplate Behavior ::run [ RunTime:0.009000s ]
INFO: [ view_parse ] --END-- [ RunTime:0.010000s ]
INFO: [ view_filter ] --START--
INFO: ContentReplace Behavior ::run [ RunTime:0.000000s ]
INFO: TokenBuild Behavior ::run [ RunTime:0.001000s ]
INFO: WriteHtmlCache Behavior ::run [ RunTime:0.001000s ]
INFO: ShowRuntime Behavior ::run [ RunTime:0.000000s ]
INFO: [ view_filter ] --END-- [ RunTime:0.002000s ]
INFO: [ view_end ] --START--
INFO: ShowPageTrace Behavior ::run [ RunTime:0.001000s ]
INFO: [ view_end ] --END-- [ RunTime:0.001000s ]

[ 2017-07-20T12:19:11+08:00 ] 0.0.0.0 /dididi5/index.php?g=Wap&m=Student&a=index
INFO: [ app_begin ] --START--
INFO: ReadHtmlCache Behavior ::run [ RunTime:0.001000s ]
INFO: [ app_begin ] --END-- [ RunTime:0.001000s ]
SQL: SHOW COLUMNS FROM `by_member_info` [ RunTime:0.005000s ]
SQL: SELECT * FROM `by_member_info` LIMIT 1   [ RunTime:0.001000s ]
NOTIC: [8] Undefined index: teacher_tag D:\phpStudy\WWW\dididi5\App\Lib\Action\Wap\StudentAction.class.php 第 15 行.
SQL: SHOW COLUMNS FROM `by_demand_order` [ RunTime:0.004000s ]
SQL: SELECT * FROM `by_demand_order` WHERE ( `student_id` = null )  [ RunTime:0.000000s ]
NOTIC: [2] Invalid argument supplied for foreach() D:\phpStudy\WWW\dididi5\App\Lib\Action\Wap\StudentAction.class.php 第 26 行.
SQL: SHOW COLUMNS FROM `by_course_type` [ RunTime:0.004000s ]
SQL: SELECT * FROM `by_course_type` WHERE ( `cate_ParentId` = 0 ) LIMIT 4   [ RunTime:0.000000s ]
SQL: SELECT * FROM `by_member_info` WHERE ( `member_id` = null ) LIMIT 1   [ RunTime:0.000000s ]
SQL: SELECT * FROM `by_member_info` WHERE ( `member_id` = null ) LIMIT 1   [ RunTime:0.000000s ]
INFO: [ view_parse ] --START--
INFO: ParseTemplate Behavior ::run [ RunTime:0.011001s ]
INFO: [ view_parse ] --END-- [ RunTime:0.011001s ]
INFO: [ view_filter ] --START--
INFO: ContentReplace Behavior ::run [ RunTime:0.001000s ]
INFO: TokenBuild Behavior ::run [ RunTime:0.000000s ]
INFO: WriteHtmlCache Behavior ::run [ RunTime:0.000000s ]
INFO: ShowRuntime Behavior ::run [ RunTime:0.001000s ]
INFO: [ view_filter ] --END-- [ RunTime:0.002000s ]
INFO: [ view_end ] --START--
INFO: ShowPageTrace Behavior ::run [ RunTime:0.000000s ]
INFO: [ view_end ] --END-- [ RunTime:0.000000s ]

[ 2017-07-20T12:19:14+08:00 ] 0.0.0.0 /dididi5/index.php?g=Wap&m=Student&a=checklogin
NOTIC: [2] htmlspecialchars() expects parameter 2 to be long, string given D:\phpStudy\WWW\dididi5\ThinkPHP\Lib\Core\App.class.php 第 56 行.
INFO: [ app_begin ] --START--
INFO: ReadHtmlCache Behavior ::run [ RunTime:0.000000s ]
INFO: [ app_begin ] --END-- [ RunTime:0.000000s ]
SQL: SHOW COLUMNS FROM `by_member_info` [ RunTime:0.004000s ]
SQL: SELECT * FROM `by_member_info` LIMIT 1   [ RunTime:0.000000s ]

[ 2017-07-20T12:19:15+08:00 ] 0.0.0.0 /dididi5/index.php?g=Wap&m=Student&a=checklogin
NOTIC: [2] htmlspecialchars() expects parameter 2 to be long, string given D:\phpStudy\WWW\dididi5\ThinkPHP\Lib\Core\App.class.php 第 56 行.
INFO: [ app_begin ] --START--
INFO: ReadHtmlCache Behavior ::run [ RunTime:0.000000s ]
INFO: [ app_begin ] --END-- [ RunTime:0.000000s ]
SQL: SHOW COLUMNS FROM `by_member_info` [ RunTime:0.003000s ]
SQL: SELECT * FROM `by_member_info` LIMIT 1   [ RunTime:0.001000s ]

[ 2017-07-20T12:19:16+08:00 ] 0.0.0.0 /dididi5/index.php?g=Wap&m=Student&a=checkmembertype
INFO: [ app_begin ] --START--
INFO: ReadHtmlCache Behavior ::run [ RunTime:0.001000s ]
INFO: [ app_begin ] --END-- [ RunTime:0.001000s ]
SQL: SHOW COLUMNS FROM `by_member_info` [ RunTime:0.003001s ]
SQL: SELECT * FROM `by_member_info` LIMIT 1   [ RunTime:0.000000s ]
INFO: [ view_parse ] --START--
INFO: ParseTemplate Behavior ::run [ RunTime:0.005000s ]
INFO: [ view_parse ] --END-- [ RunTime:0.005000s ]
INFO: [ view_filter ] --START--
INFO: ContentReplace Behavior ::run [ RunTime:0.000000s ]
INFO: TokenBuild Behavior ::run [ RunTime:0.001000s ]
INFO: WriteHtmlCache Behavior ::run [ RunTime:0.000000s ]
INFO: ShowRuntime Behavior ::run [ RunTime:0.000000s ]
INFO: [ view_filter ] --END-- [ RunTime:0.001000s ]
INFO: [ view_end ] --START--
INFO: ShowPageTrace Behavior ::run [ RunTime:0.001000s ]
INFO: [ view_end ] --END-- [ RunTime:0.001000s ]

[ 2017-07-20T12:19:17+08:00 ] 0.0.0.0 /dididi5/index.php?g=Wap&m=Index&a=login
INFO: [ app_begin ] --START--
INFO: ReadHtmlCache Behavior ::run [ RunTime:0.001000s ]
INFO: [ app_begin ] --END-- [ RunTime:0.001000s ]
NOTIC: [8] Undefined index: teacher D:\phpStudy\WWW\dididi5\App\Lib\Action\Wap\IndexAction.class.php 第 6 行.
INFO: [ view_parse ] --START--
INFO: ParseTemplate Behavior ::run [ RunTime:0.007000s ]
INFO: [ view_parse ] --END-- [ RunTime:0.007000s ]
INFO: [ view_filter ] --START--
INFO: ContentReplace Behavior ::run [ RunTime:0.001000s ]
INFO: TokenBuild Behavior ::run [ RunTime:0.000000s ]
INFO: WriteHtmlCache Behavior ::run [ RunTime:0.000000s ]
INFO: ShowRuntime Behavior ::run [ RunTime:0.000000s ]
INFO: [ view_filter ] --END-- [ RunTime:0.002000s ]
INFO: [ view_end ] --START--
INFO: ShowPageTrace Behavior ::run [ RunTime:0.001001s ]
INFO: [ view_end ] --END-- [ RunTime:0.001001s ]

[ 2017-07-20T12:19:19+08:00 ] 0.0.0.0 /dididi5/index.php?g=Wap&m=Index&a=ajaxloginf
NOTIC: [2] htmlspecialchars() expects parameter 2 to be long, string given D:\phpStudy\WWW\dididi5\ThinkPHP\Lib\Core\App.class.php 第 56 行.
NOTIC: [2] htmlspecialchars() expects parameter 2 to be long, string given D:\phpStudy\WWW\dididi5\ThinkPHP\Lib\Core\App.class.php 第 56 行.
INFO: [ app_begin ] --START--
INFO: ReadHtmlCache Behavior ::run [ RunTime:0.001000s ]
INFO: [ app_begin ] --END-- [ RunTime:0.001000s ]
SQL: SHOW COLUMNS FROM `by_member_info` [ RunTime:0.003000s ]
SQL: SELECT * FROM `by_member_info` WHERE ( `name` = 'admin' ) AND ( `member_password` = 'e10adc3949ba59abbe56e057f20f883e' ) LIMIT 1   [ RunTime:0.000000s ]

[ 2017-07-20T12:19:21+08:00 ] 0.0.0.0 /dididi5/index.php?g=Wap&m=Student&a=index
INFO: [ app_begin ] --START--
INFO: ReadHtmlCache Behavior ::run [ RunTime:0.001000s ]
INFO: [ app_begin ] --END-- [ RunTime:0.001000s ]
SQL: SHOW COLUMNS FROM `by_member_info` [ RunTime:0.003000s ]
SQL: SELECT * FROM `by_member_info` WHERE ( `member_id` = 28 ) LIMIT 1   [ RunTime:0.000000s ]
NOTIC: [8] Undefined index: teacher_tag D:\phpStudy\WWW\dididi5\App\Lib\Action\Wap\StudentAction.class.php 第 15 行.
SQL: SHOW COLUMNS FROM `by_demand_order` [ RunTime:0.003000s ]
SQL: SELECT * FROM `by_demand_order` WHERE ( `student_id` = 28 )  [ RunTime:0.000000s ]
NOTIC: [2] Invalid argument supplied for foreach() D:\phpStudy\WWW\dididi5\App\Lib\Action\Wap\StudentAction.class.php 第 26 行.
SQL: SHOW COLUMNS FROM `by_course_type` [ RunTime:0.003001s ]
SQL: SELECT * FROM `by_course_type` WHERE ( `cate_ParentId` = 0 ) LIMIT 4   [ RunTime:0.000000s ]
SQL: SELECT * FROM `by_member_info` WHERE ( `member_id` = 28 ) LIMIT 1   [ RunTime:0.001000s ]
SQL: SELECT * FROM `by_member_info` WHERE ( `member_id` = 28 ) LIMIT 1   [ RunTime:0.000000s ]
INFO: [ view_parse ] --START--
INFO: ParseTemplate Behavior ::run [ RunTime:0.009000s ]
INFO: [ view_parse ] --END-- [ RunTime:0.009000s ]
INFO: [ view_filter ] --START--
INFO: ContentReplace Behavior ::run [ RunTime:0.000000s ]
INFO: TokenBuild Behavior ::run [ RunTime:0.000000s ]
INFO: WriteHtmlCache Behavior ::run [ RunTime:0.001000s ]
INFO: ShowRuntime Behavior ::run [ RunTime:0.000000s ]
INFO: [ view_filter ] --END-- [ RunTime:0.001000s ]
INFO: [ view_end ] --START--
INFO: ShowPageTrace Behavior ::run [ RunTime:0.001000s ]
INFO: [ view_end ] --END-- [ RunTime:0.001000s ]

[ 2017-07-20T12:19:23+08:00 ] 0.0.0.0 /dididi5/index.php?g=Wap&m=Student&a=checklogin
NOTIC: [2] htmlspecialchars() expects parameter 2 to be long, string given D:\phpStudy\WWW\dididi5\ThinkPHP\Lib\Core\App.class.php 第 56 行.
INFO: [ app_begin ] --START--
INFO: ReadHtmlCache Behavior ::run [ RunTime:0.001000s ]
INFO: [ app_begin ] --END-- [ RunTime:0.001000s ]
SQL: SHOW COLUMNS FROM `by_member_info` [ RunTime:0.003000s ]
SQL: SELECT * FROM `by_member_info` WHERE ( `member_id` = 28 ) LIMIT 1   [ RunTime:0.000000s ]

[ 2017-07-20T12:19:24+08:00 ] 0.0.0.0 /dididi5/index.php?g=Wap&m=Student&a=checklogin
NOTIC: [2] htmlspecialchars() expects parameter 2 to be long, string given D:\phpStudy\WWW\dididi5\ThinkPHP\Lib\Core\App.class.php 第 56 行.
INFO: [ app_begin ] --START--
INFO: ReadHtmlCache Behavior ::run [ RunTime:0.000000s ]
INFO: [ app_begin ] --END-- [ RunTime:0.000000s ]
SQL: SHOW COLUMNS FROM `by_member_info` [ RunTime:0.003000s ]
SQL: SELECT * FROM `by_member_info` WHERE ( `member_id` = 28 ) LIMIT 1   [ RunTime:0.000000s ]

[ 2017-07-20T12:19:26+08:00 ] 0.0.0.0 /dididi5/index.php?g=Wap&m=User&a=user_1
INFO: [ app_begin ] --START--
INFO: ReadHtmlCache Behavior ::run [ RunTime:0.001001s ]
INFO: [ app_begin ] --END-- [ RunTime:0.001001s ]
SQL: SHOW COLUMNS FROM `by_member_info` [ RunTime:0.004000s ]
SQL: SELECT * FROM `by_member_info` WHERE ( `member_id` = 28 ) LIMIT 1   [ RunTime:0.000000s ]
INFO: [ view_parse ] --START--
INFO: ParseTemplate Behavior ::run [ RunTime:0.007000s ]
INFO: [ view_parse ] --END-- [ RunTime:0.008000s ]
INFO: [ view_filter ] --START--
INFO: ContentReplace Behavior ::run [ RunTime:0.000000s ]
INFO: TokenBuild Behavior ::run [ RunTime:0.000000s ]
INFO: WriteHtmlCache Behavior ::run [ RunTime:0.001001s ]
INFO: ShowRuntime Behavior ::run [ RunTime:0.000000s ]
INFO: [ view_filter ] --END-- [ RunTime:0.001001s ]
INFO: [ view_end ] --START--
INFO: ShowPageTrace Behavior ::run [ RunTime:0.001000s ]
INFO: [ view_end ] --END-- [ RunTime:0.001000s ]

[ 2017-07-20T12:19:28+08:00 ] 0.0.0.0 /dididi5/index.php?g=Wap&m=Student&a=checklogin
NOTIC: [2] htmlspecialchars() expects parameter 2 to be long, string given D:\phpStudy\WWW\dididi5\ThinkPHP\Lib\Core\App.class.php 第 56 行.
INFO: [ app_begin ] --START--
INFO: ReadHtmlCache Behavior ::run [ RunTime:0.000000s ]
INFO: [ app_begin ] --END-- [ RunTime:0.000000s ]
SQL: SHOW COLUMNS FROM `by_member_info` [ RunTime:0.002000s ]
SQL: SELECT * FROM `by_member_info` WHERE ( `member_id` = 28 ) LIMIT 1   [ RunTime:0.000000s ]

[ 2017-07-20T12:23:31+08:00 ] 0.0.0.0 /dididi5/index.php?g=Wap&m=User&a=user_2
INFO: [ app_begin ] --START--
INFO: ReadHtmlCache Behavior ::run [ RunTime:0.000000s ]
INFO: [ app_begin ] --END-- [ RunTime:0.000000s ]
SQL: SHOW COLUMNS FROM `by_order_info` [ RunTime:0.005001s ]
SQL: SELECT * FROM `by_order_info` WHERE ( `student_id` = 28 ) ORDER BY date desc  [ RunTime:0.000000s ]
SQL: SHOW COLUMNS FROM `by_demand_order` [ RunTime:0.003000s ]
SQL: SELECT * FROM `by_demand_order` WHERE ( `demand_id` = 18 ) LIMIT 1   [ RunTime:0.000000s ]
SQL: SHOW COLUMNS FROM `by_member_info` [ RunTime:0.003000s ]
SQL: SELECT * FROM `by_member_info` WHERE ( `member_id` = 28 ) LIMIT 1   [ RunTime:0.000000s ]
SQL: SELECT * FROM `by_demand_order` WHERE ( `demand_id` = 18 ) LIMIT 1   [ RunTime:0.000000s ]
SQL: SELECT * FROM `by_member_info` WHERE ( `member_id` = 28 ) LIMIT 1   [ RunTime:0.001000s ]
SQL: SELECT * FROM `by_demand_order` WHERE ( `demand_id` = 18 ) LIMIT 1   [ RunTime:0.000000s ]
SQL: SELECT * FROM `by_member_info` WHERE ( `member_id` = 28 ) LIMIT 1   [ RunTime:0.000000s ]
INFO: [ view_parse ] --START--
INFO: ParseTemplate Behavior ::run [ RunTime:0.009001s ]
INFO: [ view_parse ] --END-- [ RunTime:0.009001s ]
INFO: [ view_filter ] --START--
INFO: ContentReplace Behavior ::run [ RunTime:0.000000s ]
INFO: TokenBuild Behavior ::run [ RunTime:0.001000s ]
INFO: WriteHtmlCache Behavior ::run [ RunTime:0.000000s ]
INFO: ShowRuntime Behavior ::run [ RunTime:0.001000s ]
INFO: [ view_filter ] --END-- [ RunTime:0.002000s ]
INFO: [ view_end ] --START--
INFO: ShowPageTrace Behavior ::run [ RunTime:0.000000s ]
INFO: [ view_end ] --END-- [ RunTime:0.000000s ]

[ 2017-07-20T12:23:33+08:00 ] 0.0.0.0 /dididi5/index.php?g=Wap&m=Bill&a=bill_1&order_id=1
NOTIC: [2] htmlspecialchars() expects parameter 2 to be long, string given D:\phpStudy\WWW\dididi5\ThinkPHP\Lib\Core\App.class.php 第 57 行.
INFO: [ app_begin ] --START--
INFO: ReadHtmlCache Behavior ::run [ RunTime:0.001000s ]
INFO: [ app_begin ] --END-- [ RunTime:0.001000s ]
NOTIC: [2] htmlspecialchars() expects parameter 2 to be long, string given D:\phpStudy\WWW\dididi5\ThinkPHP\Common\common.php 第 109 行.
SQL: SHOW COLUMNS FROM `by_order_info` [ RunTime:0.003001s ]
SQL: SELECT * FROM `by_order_info` WHERE ( `order_id` = 1 ) LIMIT 1   [ RunTime:0.000000s ]
SQL: SHOW COLUMNS FROM `by_demand_order` [ RunTime:0.002000s ]
SQL: SELECT * FROM `by_demand_order` WHERE ( `demand_id` = 18 ) LIMIT 1   [ RunTime:0.000000s ]
SQL: SHOW COLUMNS FROM `by_member_info` [ RunTime:0.003000s ]
SQL: SELECT * FROM `by_member_info` WHERE ( `member_id` = 28 ) LIMIT 1   [ RunTime:0.001000s ]
INFO: [ view_parse ] --START--
INFO: ParseTemplate Behavior ::run [ RunTime:0.005000s ]
INFO: [ view_parse ] --END-- [ RunTime:0.005000s ]
INFO: [ view_filter ] --START--
INFO: ContentReplace Behavior ::run [ RunTime:0.001000s ]
INFO: TokenBuild Behavior ::run [ RunTime:0.000000s ]
INFO: WriteHtmlCache Behavior ::run [ RunTime:0.000000s ]
INFO: ShowRuntime Behavior ::run [ RunTime:0.001001s ]
INFO: [ view_filter ] --END-- [ RunTime:0.002001s ]
INFO: [ view_end ] --START--
INFO: ShowPageTrace Behavior ::run [ RunTime:0.000000s ]
INFO: [ view_end ] --END-- [ RunTime:0.000000s ]

[ 2017-07-20T12:33:35+08:00 ] 0.0.0.0 /dididi5/index.php?g=Wap&m=Order&a=order_1
INFO: [ app_begin ] --START--
INFO: ReadHtmlCache Behavior ::run [ RunTime:0.001000s ]
INFO: [ app_begin ] --END-- [ RunTime:0.001000s ]
INFO: [ view_parse ] --START--
INFO: ParseTemplate Behavior ::run [ RunTime:0.006001s ]
INFO: [ view_parse ] --END-- [ RunTime:0.007001s ]
INFO: [ view_filter ] --START--
INFO: ContentReplace Behavior ::run [ RunTime:0.000000s ]
INFO: TokenBuild Behavior ::run [ RunTime:0.001000s ]
INFO: WriteHtmlCache Behavior ::run [ RunTime:0.000000s ]
INFO: ShowRuntime Behavior ::run [ RunTime:0.001000s ]
INFO: [ view_filter ] --END-- [ RunTime:0.002000s ]
INFO: [ view_end ] --START--
INFO: ShowPageTrace Behavior ::run [ RunTime:0.000000s ]
INFO: [ view_end ] --END-- [ RunTime:0.000000s ]

[ 2017-07-20T12:33:40+08:00 ] 0.0.0.0 /dididi5/index.php?g=Wap&m=Student&a=checklogin
NOTIC: [2] htmlspecialchars() expects parameter 2 to be long, string given D:\phpStudy\WWW\dididi5\ThinkPHP\Lib\Core\App.class.php 第 56 行.
INFO: [ app_begin ] --START--
INFO: ReadHtmlCache Behavior ::run [ RunTime:0.000000s ]
INFO: [ app_begin ] --END-- [ RunTime:0.000000s ]
SQL: SHOW COLUMNS FROM `by_member_info` [ RunTime:0.003000s ]
SQL: SELECT * FROM `by_member_info` WHERE ( `member_id` = 28 ) LIMIT 1   [ RunTime:0.001000s ]

[ 2017-07-20T12:33:41+08:00 ] 0.0.0.0 /dididi5/index.php?g=Wap&m=Student&a=checklogin
NOTIC: [2] htmlspecialchars() expects parameter 2 to be long, string given D:\phpStudy\WWW\dididi5\ThinkPHP\Lib\Core\App.class.php 第 56 行.
INFO: [ app_begin ] --START--
INFO: ReadHtmlCache Behavior ::run [ RunTime:0.001000s ]
INFO: [ app_begin ] --END-- [ RunTime:0.001000s ]
SQL: SHOW COLUMNS FROM `by_member_info` [ RunTime:0.003000s ]
SQL: SELECT * FROM `by_member_info` WHERE ( `member_id` = 28 ) LIMIT 1   [ RunTime:0.000000s ]

[ 2017-07-20T12:33:42+08:00 ] 0.0.0.0 /dididi5/index.php?g=Wap&m=User&a=user_2
INFO: [ app_begin ] --START--
INFO: ReadHtmlCache Behavior ::run [ RunTime:0.000000s ]
INFO: [ app_begin ] --END-- [ RunTime:0.000000s ]
SQL: SHOW COLUMNS FROM `by_order_info` [ RunTime:0.002001s ]
SQL: SELECT * FROM `by_order_info` WHERE ( `student_id` = 28 ) ORDER BY date desc  [ RunTime:0.000000s ]
SQL: SHOW COLUMNS FROM `by_demand_order` [ RunTime:0.003000s ]
SQL: SELECT * FROM `by_demand_order` WHERE ( `demand_id` = 18 ) LIMIT 1   [ RunTime:0.000000s ]
SQL: SHOW COLUMNS FROM `by_member_info` [ RunTime:0.003000s ]
SQL: SELECT * FROM `by_member_info` WHERE ( `member_id` = 28 ) LIMIT 1   [ RunTime:0.000000s ]
SQL: SELECT * FROM `by_demand_order` WHERE ( `demand_id` = 18 ) LIMIT 1   [ RunTime:0.001000s ]
SQL: SELECT * FROM `by_member_info` WHERE ( `member_id` = 28 ) LIMIT 1   [ RunTime:0.000000s ]
SQL: SELECT * FROM `by_demand_order` WHERE ( `demand_id` = 18 ) LIMIT 1   [ RunTime:0.000000s ]
SQL: SELECT * FROM `by_member_info` WHERE ( `member_id` = 28 ) LIMIT 1   [ RunTime:0.001000s ]
INFO: [ view_parse ] --START--
INFO: ParseTemplate Behavior ::run [ RunTime:0.008001s ]
INFO: [ view_parse ] --END-- [ RunTime:0.008001s ]
INFO: [ view_filter ] --START--
INFO: ContentReplace Behavior ::run [ RunTime:0.001000s ]
INFO: TokenBuild Behavior ::run [ RunTime:0.000000s ]
INFO: WriteHtmlCache Behavior ::run [ RunTime:0.000000s ]
INFO: ShowRuntime Behavior ::run [ RunTime:0.000000s ]
INFO: [ view_filter ] --END-- [ RunTime:0.002000s ]
INFO: [ view_end ] --START--
INFO: ShowPageTrace Behavior ::run [ RunTime:0.000000s ]
INFO: [ view_end ] --END-- [ RunTime:0.000000s ]

[ 2017-07-20T12:33:45+08:00 ] 0.0.0.0 /dididi5/index.php?g=Wap&m=Student&a=checklogin
NOTIC: [2] htmlspecialchars() expects parameter 2 to be long, string given D:\phpStudy\WWW\dididi5\ThinkPHP\Lib\Core\App.class.php 第 56 行.
INFO: [ app_begin ] --START--
INFO: ReadHtmlCache Behavior ::run [ RunTime:0.000000s ]
INFO: [ app_begin ] --END-- [ RunTime:0.000000s ]
SQL: SHOW COLUMNS FROM `by_member_info` [ RunTime:0.003001s ]
SQL: SELECT * FROM `by_member_info` WHERE ( `member_id` = 28 ) LIMIT 1   [ RunTime:0.000000s ]

[ 2017-07-20T12:33:46+08:00 ] 0.0.0.0 /dididi5/index.php?g=Wap&m=Student&a=checklogin
NOTIC: [2] htmlspecialchars() expects parameter 2 to be long, string given D:\phpStudy\WWW\dididi5\ThinkPHP\Lib\Core\App.class.php 第 56 行.
INFO: [ app_begin ] --START--
INFO: ReadHtmlCache Behavior ::run [ RunTime:0.001000s ]
INFO: [ app_begin ] --END-- [ RunTime:0.001000s ]
SQL: SHOW COLUMNS FROM `by_member_info` [ RunTime:0.004000s ]
SQL: SELECT * FROM `by_member_info` WHERE ( `member_id` = 28 ) LIMIT 1   [ RunTime:0.000000s ]

[ 2017-07-20T13:32:36+08:00 ] 0.0.0.0 /dididi5/index.php?g=Wap&m=User&a=user_2
INFO: [ app_begin ] --START--
INFO: ReadHtmlCache Behavior ::run [ RunTime:0.001000s ]
INFO: [ app_begin ] --END-- [ RunTime:0.001000s ]
SQL: SHOW COLUMNS FROM `by_order_info` [ RunTime:0.003000s ]
SQL: SELECT * FROM `by_order_info` WHERE ( `student_id` = 28 ) ORDER BY date desc  [ RunTime:0.001000s ]
SQL: SHOW COLUMNS FROM `by_demand_order` [ RunTime:0.003000s ]
SQL: SELECT * FROM `by_demand_order` WHERE ( `demand_id` = 18 ) LIMIT 1   [ RunTime:0.000000s ]
SQL: SHOW COLUMNS FROM `by_member_info` [ RunTime:0.003001s ]
SQL: SELECT * FROM `by_member_info` WHERE ( `member_id` = 28 ) LIMIT 1   [ RunTime:0.000000s ]
SQL: SELECT * FROM `by_demand_order` WHERE ( `demand_id` = 18 ) LIMIT 1   [ RunTime:0.000000s ]
SQL: SELECT * FROM `by_member_info` WHERE ( `member_id` = 28 ) LIMIT 1   [ RunTime:0.001000s ]
SQL: SELECT * FROM `by_demand_order` WHERE ( `demand_id` = 18 ) LIMIT 1   [ RunTime:0.000000s ]
SQL: SELECT * FROM `by_member_info` WHERE ( `member_id` = 28 ) LIMIT 1   [ RunTime:0.000000s ]
INFO: [ view_parse ] --START--
INFO: ParseTemplate Behavior ::run [ RunTime:0.008000s ]
INFO: [ view_parse ] --END-- [ RunTime:0.008000s ]
INFO: [ view_filter ] --START--
INFO: ContentReplace Behavior ::run [ RunTime:0.000000s ]
INFO: TokenBuild Behavior ::run [ RunTime:0.001000s ]
INFO: WriteHtmlCache Behavior ::run [ RunTime:0.000000s ]
INFO: ShowRuntime Behavior ::run [ RunTime:0.000000s ]
INFO: [ view_filter ] --END-- [ RunTime:0.002000s ]
INFO: [ view_end ] --START--
INFO: ShowPageTrace Behavior ::run [ RunTime:0.000000s ]
INFO: [ view_end ] --END-- [ RunTime:0.000000s ]

[ 2017-07-20T13:32:37+08:00 ] 0.0.0.0 /dididi5/index.php?g=Wap&m=Order&a=order_1
INFO: [ app_begin ] --START--
INFO: ReadHtmlCache Behavior ::run [ RunTime:0.001000s ]
INFO: [ app_begin ] --END-- [ RunTime:0.001000s ]
INFO: [ view_parse ] --START--
INFO: ParseTemplate Behavior ::run [ RunTime:0.005000s ]
INFO: [ view_parse ] --END-- [ RunTime:0.005000s ]
INFO: [ view_filter ] --START--
INFO: ContentReplace Behavior ::run [ RunTime:0.000000s ]
INFO: TokenBuild Behavior ::run [ RunTime:0.000000s ]
INFO: WriteHtmlCache Behavior ::run [ RunTime:0.000000s ]
INFO: ShowRuntime Behavior ::run [ RunTime:0.001000s ]
INFO: [ view_filter ] --END-- [ RunTime:0.001000s ]
INFO: [ view_end ] --START--
INFO: ShowPageTrace Behavior ::run [ RunTime:0.000000s ]
INFO: [ view_end ] --END-- [ RunTime:0.000000s ]

[ 2017-07-20T13:36:28+08:00 ] 0.0.0.0 /dididi5/index.php?g=Wap&m=Order&a=order_1
INFO: [ app_begin ] --START--
INFO: ReadHtmlCache Behavior ::run [ RunTime:0.001000s ]
INFO: [ app_begin ] --END-- [ RunTime:0.001000s ]
INFO: [ view_parse ] --START--
INFO: ParseTemplate Behavior ::run [ RunTime:0.006001s ]
INFO: [ view_parse ] --END-- [ RunTime:0.006001s ]
INFO: [ view_filter ] --START--
INFO: ContentReplace Behavior ::run [ RunTime:0.001000s ]
INFO: TokenBuild Behavior ::run [ RunTime:0.000000s ]
INFO: WriteHtmlCache Behavior ::run [ RunTime:0.000000s ]
INFO: ShowRuntime Behavior ::run [ RunTime:0.001000s ]
INFO: [ view_filter ] --END-- [ RunTime:0.002000s ]
INFO: [ view_end ] --START--
INFO: ShowPageTrace Behavior ::run [ RunTime:0.000000s ]
INFO: [ view_end ] --END-- [ RunTime:0.000000s ]

[ 2017-07-20T13:37:07+08:00 ] 0.0.0.0 /dididi5/index.php?g=Wap&m=Order&a=order_1
INFO: [ app_begin ] --START--
INFO: ReadHtmlCache Behavior ::run [ RunTime:0.000000s ]
INFO: [ app_begin ] --END-- [ RunTime:0.000000s ]
INFO: [ view_parse ] --START--
INFO: ParseTemplate Behavior ::run [ RunTime:0.007001s ]
INFO: [ view_parse ] --END-- [ RunTime:0.007001s ]
INFO: [ view_filter ] --START--
INFO: ContentReplace Behavior ::run [ RunTime:0.001000s ]
INFO: TokenBuild Behavior ::run [ RunTime:0.000000s ]
INFO: WriteHtmlCache Behavior ::run [ RunTime:0.001000s ]
INFO: ShowRuntime Behavior ::run [ RunTime:0.000000s ]
INFO: [ view_filter ] --END-- [ RunTime:0.002000s ]
INFO: [ view_end ] --START--
INFO: ShowPageTrace Behavior ::run [ RunTime:0.001000s ]
INFO: [ view_end ] --END-- [ RunTime:0.001000s ]

[ 2017-07-20T13:38:57+08:00 ] 0.0.0.0 /dididi5/index.php?g=Wap&m=Order&a=order_1
INFO: [ app_begin ] --START--
INFO: ReadHtmlCache Behavior ::run [ RunTime:0.000000s ]
INFO: [ app_begin ] --END-- [ RunTime:0.000000s ]
INFO: [ view_parse ] --START--
INFO: ParseTemplate Behavior ::run [ RunTime:0.007001s ]
INFO: [ view_parse ] --END-- [ RunTime:0.007001s ]
INFO: [ view_filter ] --START--
INFO: ContentReplace Behavior ::run [ RunTime:0.000000s ]
INFO: TokenBuild Behavior ::run [ RunTime:0.001000s ]
INFO: WriteHtmlCache Behavior ::run [ RunTime:0.000000s ]
INFO: ShowRuntime Behavior ::run [ RunTime:0.001000s ]
INFO: [ view_filter ] --END-- [ RunTime:0.002000s ]
INFO: [ view_end ] --START--
INFO: ShowPageTrace Behavior ::run [ RunTime:0.000000s ]
INFO: [ view_end ] --END-- [ RunTime:0.000000s ]

[ 2017-07-20T13:39:04+08:00 ] 0.0.0.0 /dididi5/index.php?g=Wap&m=Order&a=order_1
INFO: [ app_begin ] --START--
INFO: ReadHtmlCache Behavior ::run [ RunTime:0.001000s ]
INFO: [ app_begin ] --END-- [ RunTime:0.001000s ]
INFO: [ view_parse ] --START--
INFO: ParseTemplate Behavior ::run [ RunTime:0.006000s ]
INFO: [ view_parse ] --END-- [ RunTime:0.006000s ]
INFO: [ view_filter ] --START--
INFO: ContentReplace Behavior ::run [ RunTime:0.001000s ]
INFO: TokenBuild Behavior ::run [ RunTime:0.000000s ]
INFO: WriteHtmlCache Behavior ::run [ RunTime:0.000000s ]
INFO: ShowRuntime Behavior ::run [ RunTime:0.001000s ]
INFO: [ view_filter ] --END-- [ RunTime:0.002000s ]
INFO: [ view_end ] --START--
INFO: ShowPageTrace Behavior ::run [ RunTime:0.000000s ]
INFO: [ view_end ] --END-- [ RunTime:0.000000s ]

[ 2017-07-20T13:39:33+08:00 ] 0.0.0.0 /dididi5/index.php?g=Wap&m=Order&a=order_1
INFO: [ app_begin ] --START--
INFO: ReadHtmlCache Behavior ::run [ RunTime:0.000000s ]
INFO: [ app_begin ] --END-- [ RunTime:0.000000s ]
INFO: [ view_parse ] --START--
INFO: ParseTemplate Behavior ::run [ RunTime:0.006000s ]
INFO: [ view_parse ] --END-- [ RunTime:0.006000s ]
INFO: [ view_filter ] --START--
INFO: ContentReplace Behavior ::run [ RunTime:0.000000s ]
INFO: TokenBuild Behavior ::run [ RunTime:0.000000s ]
INFO: WriteHtmlCache Behavior ::run [ RunTime:0.001000s ]
INFO: ShowRuntime Behavior ::run [ RunTime:0.000000s ]
INFO: [ view_filter ] --END-- [ RunTime:0.001000s ]
INFO: [ view_end ] --START--
INFO: ShowPageTrace Behavior ::run [ RunTime:0.001000s ]
INFO: [ view_end ] --END-- [ RunTime:0.001000s ]

[ 2017-07-20T13:43:42+08:00 ] 0.0.0.0 /dididi5/index.php?g=Wap&m=Order&a=order_1
INFO: [ app_begin ] --START--
INFO: ReadHtmlCache Behavior ::run [ RunTime:0.000000s ]
INFO: [ app_begin ] --END-- [ RunTime:0.000000s ]
INFO: [ view_parse ] --START--
INFO: ParseTemplate Behavior ::run [ RunTime:0.007001s ]
INFO: [ view_parse ] --END-- [ RunTime:0.007001s ]
INFO: [ view_filter ] --START--
INFO: ContentReplace Behavior ::run [ RunTime:0.000000s ]
INFO: TokenBuild Behavior ::run [ RunTime:0.000000s ]
INFO: WriteHtmlCache Behavior ::run [ RunTime:0.000000s ]
INFO: ShowRuntime Behavior ::run [ RunTime:0.000000s ]
INFO: [ view_filter ] --END-- [ RunTime:0.001000s ]
INFO: [ view_end ] --START--
INFO: ShowPageTrace Behavior ::run [ RunTime:0.001000s ]
INFO: [ view_end ] --END-- [ RunTime:0.001000s ]

[ 2017-07-20T13:43:49+08:00 ] 0.0.0.0 /dididi5/index.php?g=Wap&m=Order&a=order_1
NOTIC: [2] htmlspecialchars() expects parameter 2 to be long, string given D:\phpStudy\WWW\dididi5\ThinkPHP\Lib\Core\App.class.php 第 56 行.
NOTIC: [2] htmlspecialchars() expects parameter 2 to be long, string given D:\phpStudy\WWW\dididi5\ThinkPHP\Lib\Core\App.class.php 第 56 行.
INFO: [ app_begin ] --START--
INFO: ReadHtmlCache Behavior ::run [ RunTime:0.001001s ]
INFO: [ app_begin ] --END-- [ RunTime:0.001001s ]
INFO: [ view_parse ] --START--
INFO: ParseTemplate Behavior ::run [ RunTime:0.010000s ]
INFO: [ view_parse ] --END-- [ RunTime:0.010000s ]
INFO: [ view_filter ] --START--
INFO: ContentReplace Behavior ::run [ RunTime:0.000000s ]
INFO: TokenBuild Behavior ::run [ RunTime:0.001000s ]
INFO: WriteHtmlCache Behavior ::run [ RunTime:0.000000s ]
INFO: ShowRuntime Behavior ::run [ RunTime:0.000000s ]
INFO: [ view_filter ] --END-- [ RunTime:0.001000s ]
INFO: [ view_end ] --START--
INFO: ShowPageTrace Behavior ::run [ RunTime:0.001000s ]
INFO: [ view_end ] --END-- [ RunTime:0.001000s ]

[ 2017-07-20T13:43:53+08:00 ] 0.0.0.0 /dididi5/index.php?g=Wap&m=Order&a=order_1
NOTIC: [2] htmlspecialchars() expects parameter 2 to be long, string given D:\phpStudy\WWW\dididi5\ThinkPHP\Lib\Core\App.class.php 第 56 行.
NOTIC: [2] htmlspecialchars() expects parameter 2 to be long, string given D:\phpStudy\WWW\dididi5\ThinkPHP\Lib\Core\App.class.php 第 56 行.
INFO: [ app_begin ] --START--
INFO: ReadHtmlCache Behavior ::run [ RunTime:0.001000s ]
INFO: [ app_begin ] --END-- [ RunTime:0.001000s ]
INFO: [ view_parse ] --START--
INFO: ParseTemplate Behavior ::run [ RunTime:0.007000s ]
INFO: [ view_parse ] --END-- [ RunTime:0.007000s ]
INFO: [ view_filter ] --START--
INFO: ContentReplace Behavior ::run [ RunTime:0.000000s ]
INFO: TokenBuild Behavior ::run [ RunTime:0.001001s ]
INFO: WriteHtmlCache Behavior ::run [ RunTime:0.000000s ]
INFO: ShowRuntime Behavior ::run [ RunTime:0.001000s ]
INFO: [ view_filter ] --END-- [ RunTime:0.002001s ]
INFO: [ view_end ] --START--
INFO: ShowPageTrace Behavior ::run [ RunTime:0.000000s ]
INFO: [ view_end ] --END-- [ RunTime:0.000000s ]

[ 2017-07-20T13:44:07+08:00 ] 0.0.0.0 /dididi5/index.php?g=Wap&m=Order&a=order_1
INFO: [ app_begin ] --START--
INFO: ReadHtmlCache Behavior ::run [ RunTime:0.001000s ]
INFO: [ app_begin ] --END-- [ RunTime:0.001000s ]
INFO: [ view_parse ] --START--
INFO: ParseTemplate Behavior ::run [ RunTime:0.006000s ]
INFO: [ view_parse ] --END-- [ RunTime:0.006000s ]
INFO: [ view_filter ] --START--
INFO: ContentReplace Behavior ::run [ RunTime:0.000000s ]
INFO: TokenBuild Behavior ::run [ RunTime:0.001000s ]
INFO: WriteHtmlCache Behavior ::run [ RunTime:0.000000s ]
INFO: ShowRuntime Behavior ::run [ RunTime:0.000000s ]
INFO: [ view_filter ] --END-- [ RunTime:0.001000s ]
INFO: [ view_end ] --START--
INFO: ShowPageTrace Behavior ::run [ RunTime:0.001000s ]
INFO: [ view_end ] --END-- [ RunTime:0.001000s ]

[ 2017-07-20T13:44:32+08:00 ] 0.0.0.0 /dididi5/index.php?g=Wap&m=Order&a=order_1
INFO: [ app_begin ] --START--
INFO: ReadHtmlCache Behavior ::run [ RunTime:0.000000s ]
INFO: [ app_begin ] --END-- [ RunTime:0.000000s ]
INFO: [ view_parse ] --START--
INFO: ParseTemplate Behavior ::run [ RunTime:0.006000s ]
INFO: [ view_parse ] --END-- [ RunTime:0.006000s ]
INFO: [ view_filter ] --START--
INFO: ContentReplace Behavior ::run [ RunTime:0.000000s ]
INFO: TokenBuild Behavior ::run [ RunTime:0.001001s ]
INFO: WriteHtmlCache Behavior ::run [ RunTime:0.000000s ]
INFO: ShowRuntime Behavior ::run [ RunTime:0.001000s ]
INFO: [ view_filter ] --END-- [ RunTime:0.002001s ]
INFO: [ view_end ] --START--
INFO: ShowPageTrace Behavior ::run [ RunTime:0.000000s ]
INFO: [ view_end ] --END-- [ RunTime:0.000000s ]

[ 2017-07-20T13:44:36+08:00 ] 0.0.0.0 /dididi5/index.php?g=Wap&m=Order&a=order_1
NOTIC: [2] htmlspecialchars() expects parameter 2 to be long, string given D:\phpStudy\WWW\dididi5\ThinkPHP\Lib\Core\App.class.php 第 56 行.
NOTIC: [2] htmlspecialchars() expects parameter 2 to be long, string given D:\phpStudy\WWW\dididi5\ThinkPHP\Lib\Core\App.class.php 第 56 行.
INFO: [ app_begin ] --START--
INFO: ReadHtmlCache Behavior ::run [ RunTime:0.000000s ]
INFO: [ app_begin ] --END-- [ RunTime:0.000000s ]
INFO: [ view_parse ] --START--
INFO: ParseTemplate Behavior ::run [ RunTime:0.006000s ]
INFO: [ view_parse ] --END-- [ RunTime:0.007000s ]
INFO: [ view_filter ] --START--
INFO: ContentReplace Behavior ::run [ RunTime:0.000000s ]
INFO: TokenBuild Behavior ::run [ RunTime:0.000000s ]
INFO: WriteHtmlCache Behavior ::run [ RunTime:0.001000s ]
INFO: ShowRuntime Behavior ::run [ RunTime:0.000000s ]
INFO: [ view_filter ] --END-- [ RunTime:0.001000s ]
INFO: [ view_end ] --START--
INFO: ShowPageTrace Behavior ::run [ RunTime:0.001000s ]
INFO: [ view_end ] --END-- [ RunTime:0.001000s ]

[ 2017-07-20T13:45:13+08:00 ] 0.0.0.0 /dididi5/index.php?g=Wap&m=Order&a=order_1
NOTIC: [2] htmlspecialchars() expects parameter 2 to be long, string given D:\phpStudy\WWW\dididi5\ThinkPHP\Lib\Core\App.class.php 第 56 行.
NOTIC: [2] htmlspecialchars() expects parameter 2 to be long, string given D:\phpStudy\WWW\dididi5\ThinkPHP\Lib\Core\App.class.php 第 56 行.
INFO: [ app_begin ] --START--
INFO: ReadHtmlCache Behavior ::run [ RunTime:0.005000s ]
INFO: [ app_begin ] --END-- [ RunTime:0.005000s ]
INFO: [ view_parse ] --START--
INFO: ParseTemplate Behavior ::run [ RunTime:0.007001s ]
INFO: [ view_parse ] --END-- [ RunTime:0.007001s ]
INFO: [ view_filter ] --START--
INFO: ContentReplace Behavior ::run [ RunTime:0.000000s ]
INFO: TokenBuild Behavior ::run [ RunTime:0.000000s ]
INFO: WriteHtmlCache Behavior ::run [ RunTime:0.001000s ]
INFO: ShowRuntime Behavior ::run [ RunTime:0.000000s ]
INFO: [ view_filter ] --END-- [ RunTime:0.001000s ]
INFO: [ view_end ] --START--
INFO: ShowPageTrace Behavior ::run [ RunTime:0.000000s ]
INFO: [ view_end ] --END-- [ RunTime:0.000000s ]

[ 2017-07-20T13:45:26+08:00 ] 0.0.0.0 /dididi5/index.php?g=Wap&m=Student&a=checklogin
NOTIC: [2] htmlspecialchars() expects parameter 2 to be long, string given D:\phpStudy\WWW\dididi5\ThinkPHP\Lib\Core\App.class.php 第 56 行.
INFO: [ app_begin ] --START--
INFO: ReadHtmlCache Behavior ::run [ RunTime:0.001000s ]
INFO: [ app_begin ] --END-- [ RunTime:0.001000s ]
SQL: SHOW COLUMNS FROM `by_member_info` [ RunTime:0.003000s ]
SQL: SELECT * FROM `by_member_info` WHERE ( `member_id` = 28 ) LIMIT 1   [ RunTime:0.000000s ]

[ 2017-07-20T13:45:27+08:00 ] 0.0.0.0 /dididi5/index.php?g=Wap&m=Student&a=checklogin
NOTIC: [2] htmlspecialchars() expects parameter 2 to be long, string given D:\phpStudy\WWW\dididi5\ThinkPHP\Lib\Core\App.class.php 第 56 行.
INFO: [ app_begin ] --START--
INFO: ReadHtmlCache Behavior ::run [ RunTime:0.000000s ]
INFO: [ app_begin ] --END-- [ RunTime:0.000000s ]
SQL: SHOW COLUMNS FROM `by_member_info` [ RunTime:0.003000s ]
SQL: SELECT * FROM `by_member_info` WHERE ( `member_id` = 28 ) LIMIT 1   [ RunTime:0.000000s ]

[ 2017-07-20T13:45:30+08:00 ] 0.0.0.0 /dididi5/index.php?g=Wap&m=User&a=user_1
INFO: [ app_begin ] --START--
INFO: ReadHtmlCache Behavior ::run [ RunTime:0.000000s ]
INFO: [ app_begin ] --END-- [ RunTime:0.000000s ]
SQL: SHOW COLUMNS FROM `by_member_info` [ RunTime:0.003000s ]
SQL: SELECT * FROM `by_member_info` WHERE ( `member_id` = 28 ) LIMIT 1   [ RunTime:0.000000s ]
INFO: [ view_parse ] --START--
INFO: ParseTemplate Behavior ::run [ RunTime:0.006000s ]
INFO: [ view_parse ] --END-- [ RunTime:0.006000s ]
INFO: [ view_filter ] --START--
INFO: ContentReplace Behavior ::run [ RunTime:0.000000s ]
INFO: TokenBuild Behavior ::run [ RunTime:0.001000s ]
INFO: WriteHtmlCache Behavior ::run [ RunTime:0.000000s ]
INFO: ShowRuntime Behavior ::run [ RunTime:0.000000s ]
INFO: [ view_filter ] --END-- [ RunTime:0.001000s ]
INFO: [ view_end ] --START--
INFO: ShowPageTrace Behavior ::run [ RunTime:0.001000s ]
INFO: [ view_end ] --END-- [ RunTime:0.001000s ]

[ 2017-07-20T13:45:33+08:00 ] 0.0.0.0 /dididi5/index.php?g=Wap&m=Student&a=checklogin
NOTIC: [2] htmlspecialchars() expects parameter 2 to be long, string given D:\phpStudy\WWW\dididi5\ThinkPHP\Lib\Core\App.class.php 第 56 行.
INFO: [ app_begin ] --START--
INFO: ReadHtmlCache Behavior ::run [ RunTime:0.000000s ]
INFO: [ app_begin ] --END-- [ RunTime:0.000000s ]
SQL: SHOW COLUMNS FROM `by_member_info` [ RunTime:0.003001s ]
SQL: SELECT * FROM `by_member_info` WHERE ( `member_id` = 28 ) LIMIT 1   [ RunTime:0.000000s ]

[ 2017-07-20T13:45:34+08:00 ] 0.0.0.0 /dididi5/index.php?g=Wap&m=Student&a=checklogin
NOTIC: [2] htmlspecialchars() expects parameter 2 to be long, string given D:\phpStudy\WWW\dididi5\ThinkPHP\Lib\Core\App.class.php 第 56 行.
INFO: [ app_begin ] --START--
INFO: ReadHtmlCache Behavior ::run [ RunTime:0.000000s ]
INFO: [ app_begin ] --END-- [ RunTime:0.000000s ]
SQL: SHOW COLUMNS FROM `by_member_info` [ RunTime:0.004000s ]
SQL: SELECT * FROM `by_member_info` WHERE ( `member_id` = 28 ) LIMIT 1   [ RunTime:0.000000s ]

[ 2017-07-20T13:45:35+08:00 ] 0.0.0.0 /dididi5/index.php?g=Wap&m=User&a=user_2
INFO: [ app_begin ] --START--
INFO: ReadHtmlCache Behavior ::run [ RunTime:0.000000s ]
INFO: [ app_begin ] --END-- [ RunTime:0.000000s ]
SQL: SHOW COLUMNS FROM `by_order_info` [ RunTime:0.003000s ]
SQL: SELECT * FROM `by_order_info` WHERE ( `student_id` = 28 ) ORDER BY date desc  [ RunTime:0.000000s ]
SQL: SHOW COLUMNS FROM `by_demand_order` [ RunTime:0.003000s ]
SQL: SELECT * FROM `by_demand_order` WHERE ( `demand_id` = 18 ) LIMIT 1   [ RunTime:0.001000s ]
SQL: SHOW COLUMNS FROM `by_member_info` [ RunTime:0.003001s ]
SQL: SELECT * FROM `by_member_info` WHERE ( `member_id` = 28 ) LIMIT 1   [ RunTime:0.001000s ]
SQL: SELECT * FROM `by_demand_order` WHERE ( `demand_id` = 18 ) LIMIT 1   [ RunTime:0.000000s ]
SQL: SELECT * FROM `by_member_info` WHERE ( `member_id` = 28 ) LIMIT 1   [ RunTime:0.000000s ]
SQL: SELECT * FROM `by_demand_order` WHERE ( `demand_id` = 18 ) LIMIT 1   [ RunTime:0.000000s ]
SQL: SELECT * FROM `by_member_info` WHERE ( `member_id` = 28 ) LIMIT 1   [ RunTime:0.000000s ]
INFO: [ view_parse ] --START--
INFO: ParseTemplate Behavior ::run [ RunTime:0.008000s ]
INFO: [ view_parse ] --END-- [ RunTime:0.008000s ]
INFO: [ view_filter ] --START--
INFO: ContentReplace Behavior ::run [ RunTime:0.000000s ]
INFO: TokenBuild Behavior ::run [ RunTime:0.001000s ]
INFO: WriteHtmlCache Behavior ::run [ RunTime:0.000000s ]
INFO: ShowRuntime Behavior ::run [ RunTime:0.000000s ]
INFO: [ view_filter ] --END-- [ RunTime:0.001000s ]
INFO: [ view_end ] --START--
INFO: ShowPageTrace Behavior ::run [ RunTime:0.000000s ]
INFO: [ view_end ] --END-- [ RunTime:0.000000s ]

[ 2017-07-20T13:45:45+08:00 ] 0.0.0.0 /dididi5/index.php?g=Wap&m=Order&a=order_1
INFO: [ app_begin ] --START--
INFO: ReadHtmlCache Behavior ::run [ RunTime:0.001000s ]
INFO: [ app_begin ] --END-- [ RunTime:0.001000s ]
INFO: [ view_parse ] --START--
INFO: ParseTemplate Behavior ::run [ RunTime:0.006000s ]
INFO: [ view_parse ] --END-- [ RunTime:0.006000s ]
INFO: [ view_filter ] --START--
INFO: ContentReplace Behavior ::run [ RunTime:0.001001s ]
INFO: TokenBuild Behavior ::run [ RunTime:0.000000s ]
INFO: WriteHtmlCache Behavior ::run [ RunTime:0.001000s ]
INFO: ShowRuntime Behavior ::run [ RunTime:0.000000s ]
INFO: [ view_filter ] --END-- [ RunTime:0.002001s ]
INFO: [ view_end ] --START--
INFO: ShowPageTrace Behavior ::run [ RunTime:0.001000s ]
INFO: [ view_end ] --END-- [ RunTime:0.001000s ]

[ 2017-07-20T13:45:55+08:00 ] 0.0.0.0 /dididi5/index.php?g=Wap&m=Student&a=checklogin
NOTIC: [2] htmlspecialchars() expects parameter 2 to be long, string given D:\phpStudy\WWW\dididi5\ThinkPHP\Lib\Core\App.class.php 第 56 行.
INFO: [ app_begin ] --START--
INFO: ReadHtmlCache Behavior ::run [ RunTime:0.001000s ]
INFO: [ app_begin ] --END-- [ RunTime:0.001000s ]
SQL: SHOW COLUMNS FROM `by_member_info` [ RunTime:0.003000s ]
SQL: SELECT * FROM `by_member_info` WHERE ( `member_id` = 28 ) LIMIT 1   [ RunTime:0.000000s ]

[ 2017-07-20T13:45:56+08:00 ] 0.0.0.0 /dididi5/index.php?g=Wap&m=Student&a=checklogin
NOTIC: [2] htmlspecialchars() expects parameter 2 to be long, string given D:\phpStudy\WWW\dididi5\ThinkPHP\Lib\Core\App.class.php 第 56 行.
INFO: [ app_begin ] --START--
INFO: ReadHtmlCache Behavior ::run [ RunTime:0.000000s ]
INFO: [ app_begin ] --END-- [ RunTime:0.000000s ]
SQL: SHOW COLUMNS FROM `by_member_info` [ RunTime:0.003000s ]
SQL: SELECT * FROM `by_member_info` WHERE ( `member_id` = 28 ) LIMIT 1   [ RunTime:0.000000s ]

[ 2017-07-20T13:45:57+08:00 ] 0.0.0.0 /dididi5/index.php?g=Wap&m=User&a=user_7
INFO: [ app_begin ] --START--
INFO: ReadHtmlCache Behavior ::run [ RunTime:0.000000s ]
INFO: [ app_begin ] --END-- [ RunTime:0.001000s ]
NOTIC: [8] Constant THEME_NAME already defined D:\phpStudy\WWW\dididi5\ThinkPHP\Lib\Core\View.class.php 第 223 行.
NOTIC: [8] Constant THEME_PATH already defined D:\phpStudy\WWW\dididi5\ThinkPHP\Lib\Core\View.class.php 第 174 行.
NOTIC: [8] Constant APP_TMPL_PATH already defined D:\phpStudy\WWW\dididi5\ThinkPHP\Lib\Core\View.class.php 第 175 行.
INFO: [ view_parse ] --START--
INFO: ParseTemplate Behavior ::run [ RunTime:0.006000s ]
INFO: [ view_parse ] --END-- [ RunTime:0.006000s ]
INFO: [ view_filter ] --START--
INFO: ContentReplace Behavior ::run [ RunTime:0.000000s ]
INFO: TokenBuild Behavior ::run [ RunTime:0.000000s ]
INFO: WriteHtmlCache Behavior ::run [ RunTime:0.001001s ]
INFO: ShowRuntime Behavior ::run [ RunTime:0.000000s ]
INFO: [ view_filter ] --END-- [ RunTime:0.001001s ]
INFO: [ view_end ] --START--
INFO: ShowPageTrace Behavior ::run [ RunTime:0.001000s ]
INFO: [ view_end ] --END-- [ RunTime:0.001000s ]

[ 2017-07-20T13:46:00+08:00 ] 0.0.0.0 /dididi5/index.php?g=Wap&m=Student&a=checklogin
NOTIC: [2] htmlspecialchars() expects parameter 2 to be long, string given D:\phpStudy\WWW\dididi5\ThinkPHP\Lib\Core\App.class.php 第 56 行.
INFO: [ app_begin ] --START--
INFO: ReadHtmlCache Behavior ::run [ RunTime:0.000000s ]
INFO: [ app_begin ] --END-- [ RunTime:0.000000s ]
SQL: SHOW COLUMNS FROM `by_member_info` [ RunTime:0.003000s ]
SQL: SELECT * FROM `by_member_info` WHERE ( `member_id` = 28 ) LIMIT 1   [ RunTime:0.000000s ]

[ 2017-07-20T13:46:01+08:00 ] 0.0.0.0 /dididi5/index.php?g=Wap&m=Student&a=checklogin
NOTIC: [2] htmlspecialchars() expects parameter 2 to be long, string given D:\phpStudy\WWW\dididi5\ThinkPHP\Lib\Core\App.class.php 第 56 行.
INFO: [ app_begin ] --START--
INFO: ReadHtmlCache Behavior ::run [ RunTime:0.001000s ]
INFO: [ app_begin ] --END-- [ RunTime:0.001000s ]
SQL: SHOW COLUMNS FROM `by_member_info` [ RunTime:0.003000s ]
SQL: SELECT * FROM `by_member_info` WHERE ( `member_id` = 28 ) LIMIT 1   [ RunTime:0.000000s ]

[ 2017-07-20T13:46:02+08:00 ] 0.0.0.0 /dididi5/index.php?g=Wap&m=User&a=user_6
INFO: [ app_begin ] --START--
INFO: ReadHtmlCache Behavior ::run [ RunTime:0.001000s ]
INFO: [ app_begin ] --END-- [ RunTime:0.001000s ]
NOTIC: [8] Constant THEME_NAME already defined D:\phpStudy\WWW\dididi5\ThinkPHP\Lib\Core\View.class.php 第 223 行.
NOTIC: [8] Constant THEME_PATH already defined D:\phpStudy\WWW\dididi5\ThinkPHP\Lib\Core\View.class.php 第 174 行.
NOTIC: [8] Constant APP_TMPL_PATH already defined D:\phpStudy\WWW\dididi5\ThinkPHP\Lib\Core\View.class.php 第 175 行.
INFO: [ view_parse ] --START--
INFO: ParseTemplate Behavior ::run [ RunTime:0.007000s ]
INFO: [ view_parse ] --END-- [ RunTime:0.007000s ]
INFO: [ view_filter ] --START--
INFO: ContentReplace Behavior ::run [ RunTime:0.000000s ]
INFO: TokenBuild Behavior ::run [ RunTime:0.001000s ]
INFO: WriteHtmlCache Behavior ::run [ RunTime:0.000000s ]
INFO: ShowRuntime Behavior ::run [ RunTime:0.000000s ]
INFO: [ view_filter ] --END-- [ RunTime:0.001000s ]
INFO: [ view_end ] --START--
INFO: ShowPageTrace Behavior ::run [ RunTime:0.001000s ]
INFO: [ view_end ] --END-- [ RunTime:0.001000s ]

[ 2017-07-20T13:48:25+08:00 ] 0.0.0.0 /dididi5/index.php?g=Wap&m=Student&a=checklogin
NOTIC: [2] htmlspecialchars() expects parameter 2 to be long, string given D:\phpStudy\WWW\dididi5\ThinkPHP\Lib\Core\App.class.php 第 56 行.
INFO: [ app_begin ] --START--
INFO: ReadHtmlCache Behavior ::run [ RunTime:0.000000s ]
INFO: [ app_begin ] --END-- [ RunTime:0.000000s ]
SQL: SHOW COLUMNS FROM `by_member_info` [ RunTime:0.003001s ]
SQL: SELECT * FROM `by_member_info` WHERE ( `member_id` = 28 ) LIMIT 1   [ RunTime:0.000000s ]

[ 2017-07-20T13:48:26+08:00 ] 0.0.0.0 /dididi5/index.php?g=Wap&m=Student&a=checklogin
NOTIC: [2] htmlspecialchars() expects parameter 2 to be long, string given D:\phpStudy\WWW\dididi5\ThinkPHP\Lib\Core\App.class.php 第 56 行.
INFO: [ app_begin ] --START--
INFO: ReadHtmlCache Behavior ::run [ RunTime:0.000000s ]
INFO: [ app_begin ] --END-- [ RunTime:0.001000s ]
SQL: SHOW COLUMNS FROM `by_member_info` [ RunTime:0.003000s ]
SQL: SELECT * FROM `by_member_info` WHERE ( `member_id` = 28 ) LIMIT 1   [ RunTime:0.001000s ]

[ 2017-07-20T13:48:27+08:00 ] 0.0.0.0 /dididi5/index.php?g=Wap&m=Student&a=checklogin
NOTIC: [2] htmlspecialchars() expects parameter 2 to be long, string given D:\phpStudy\WWW\dididi5\ThinkPHP\Lib\Core\App.class.php 第 56 行.
INFO: [ app_begin ] --START--
INFO: ReadHtmlCache Behavior ::run [ RunTime:0.000000s ]
INFO: [ app_begin ] --END-- [ RunTime:0.000000s ]
SQL: SHOW COLUMNS FROM `by_member_info` [ RunTime:0.003000s ]
SQL: SELECT * FROM `by_member_info` WHERE ( `member_id` = 28 ) LIMIT 1   [ RunTime:0.000000s ]

[ 2017-07-20T13:48:28+08:00 ] 0.0.0.0 /dididi5/index.php?g=Wap&m=Student&a=checklogin
NOTIC: [2] htmlspecialchars() expects parameter 2 to be long, string given D:\phpStudy\WWW\dididi5\ThinkPHP\Lib\Core\App.class.php 第 56 行.
INFO: [ app_begin ] --START--
INFO: ReadHtmlCache Behavior ::run [ RunTime:0.000000s ]
INFO: [ app_begin ] --END-- [ RunTime:0.000000s ]
SQL: SHOW COLUMNS FROM `by_member_info` [ RunTime:0.003000s ]
SQL: SELECT * FROM `by_member_info` WHERE ( `member_id` = 28 ) LIMIT 1   [ RunTime:0.000000s ]

[ 2017-07-20T13:48:29+08:00 ] 0.0.0.0 /dididi5/index.php?g=Wap&m=Student&a=checklogin
NOTIC: [2] htmlspecialchars() expects parameter 2 to be long, string given D:\phpStudy\WWW\dididi5\ThinkPHP\Lib\Core\App.class.php 第 56 行.
INFO: [ app_begin ] --START--
INFO: ReadHtmlCache Behavior ::run [ RunTime:0.000000s ]
INFO: [ app_begin ] --END-- [ RunTime:0.000000s ]
SQL: SHOW COLUMNS FROM `by_member_info` [ RunTime:0.003000s ]
SQL: SELECT * FROM `by_member_info` WHERE ( `member_id` = 28 ) LIMIT 1   [ RunTime:0.000000s ]

[ 2017-07-20T13:48:31+08:00 ] 0.0.0.0 /dididi5/index.php?g=Wap&m=User&a=user_2
INFO: [ app_begin ] --START--
INFO: ReadHtmlCache Behavior ::run [ RunTime:0.000000s ]
INFO: [ app_begin ] --END-- [ RunTime:0.000000s ]
SQL: SHOW COLUMNS FROM `by_order_info` [ RunTime:0.003000s ]
SQL: SELECT * FROM `by_order_info` WHERE ( `student_id` = 28 ) ORDER BY date desc  [ RunTime:0.001001s ]
SQL: SHOW COLUMNS FROM `by_demand_order` [ RunTime:0.003000s ]
SQL: SELECT * FROM `by_demand_order` WHERE ( `demand_id` = 18 ) LIMIT 1   [ RunTime:0.000000s ]
SQL: SHOW COLUMNS FROM `by_member_info` [ RunTime:0.002000s ]
SQL: SELECT * FROM `by_member_info` WHERE ( `member_id` = 28 ) LIMIT 1   [ RunTime:0.000000s ]
SQL: SELECT * FROM `by_demand_order` WHERE ( `demand_id` = 18 ) LIMIT 1   [ RunTime:0.000000s ]
SQL: SELECT * FROM `by_member_info` WHERE ( `member_id` = 28 ) LIMIT 1   [ RunTime:0.001000s ]
SQL: SELECT * FROM `by_demand_order` WHERE ( `demand_id` = 18 ) LIMIT 1   [ RunTime:0.000000s ]
SQL: SELECT * FROM `by_member_info` WHERE ( `member_id` = 28 ) LIMIT 1   [ RunTime:0.000000s ]
INFO: [ view_parse ] --START--
INFO: ParseTemplate Behavior ::run [ RunTime:0.008001s ]
INFO: [ view_parse ] --END-- [ RunTime:0.008001s ]
INFO: [ view_filter ] --START--
INFO: ContentReplace Behavior ::run [ RunTime:0.000000s ]
INFO: TokenBuild Behavior ::run [ RunTime:0.001000s ]
INFO: WriteHtmlCache Behavior ::run [ RunTime:0.000000s ]
INFO: ShowRuntime Behavior ::run [ RunTime:0.001000s ]
INFO: [ view_filter ] --END-- [ RunTime:0.002000s ]
INFO: [ view_end ] --START--
INFO: ShowPageTrace Behavior ::run [ RunTime:0.000000s ]
INFO: [ view_end ] --END-- [ RunTime:0.000000s ]

[ 2017-07-20T13:48:35+08:00 ] 0.0.0.0 /dididi5/index.php?g=Wap&m=Order&a=order_1
INFO: [ app_begin ] --START--
INFO: ReadHtmlCache Behavior ::run [ RunTime:0.001000s ]
INFO: [ app_begin ] --END-- [ RunTime:0.001000s ]
INFO: [ view_parse ] --START--
INFO: ParseTemplate Behavior ::run [ RunTime:0.005001s ]
INFO: [ view_parse ] --END-- [ RunTime:0.005001s ]
INFO: [ view_filter ] --START--
INFO: ContentReplace Behavior ::run [ RunTime:0.001000s ]
INFO: TokenBuild Behavior ::run [ RunTime:0.000000s ]
INFO: WriteHtmlCache Behavior ::run [ RunTime:0.000000s ]
INFO: ShowRuntime Behavior ::run [ RunTime:0.001000s ]
INFO: [ view_filter ] --END-- [ RunTime:0.002000s ]
INFO: [ view_end ] --START--
INFO: ShowPageTrace Behavior ::run [ RunTime:0.000000s ]
INFO: [ view_end ] --END-- [ RunTime:0.000000s ]

[ 2017-07-20T13:48:38+08:00 ] 0.0.0.0 /dididi5/index.php?g=Wap&m=Order&a=order_1
NOTIC: [2] htmlspecialchars() expects parameter 2 to be long, string given D:\phpStudy\WWW\dididi5\ThinkPHP\Lib\Core\App.class.php 第 56 行.
NOTIC: [2] htmlspecialchars() expects parameter 2 to be long, string given D:\phpStudy\WWW\dididi5\ThinkPHP\Lib\Core\App.class.php 第 56 行.
INFO: [ app_begin ] --START--
INFO: ReadHtmlCache Behavior ::run [ RunTime:0.000000s ]
INFO: [ app_begin ] --END-- [ RunTime:0.000000s ]
INFO: [ view_parse ] --START--
INFO: ParseTemplate Behavior ::run [ RunTime:0.007001s ]
INFO: [ view_parse ] --END-- [ RunTime:0.007001s ]
INFO: [ view_filter ] --START--
INFO: ContentReplace Behavior ::run [ RunTime:0.000000s ]
INFO: TokenBuild Behavior ::run [ RunTime:0.001000s ]
INFO: WriteHtmlCache Behavior ::run [ RunTime:0.000000s ]
INFO: ShowRuntime Behavior ::run [ RunTime:0.001000s ]
INFO: [ view_filter ] --END-- [ RunTime:0.002000s ]
INFO: [ view_end ] --START--
INFO: ShowPageTrace Behavior ::run [ RunTime:0.000000s ]
INFO: [ view_end ] --END-- [ RunTime:0.000000s ]

[ 2017-07-20T13:48:39+08:00 ] 0.0.0.0 /dididi5/index.php?g=Wap&m=Order&a=order_1
INFO: [ app_begin ] --START--
INFO: ReadHtmlCache Behavior ::run [ RunTime:0.000000s ]
INFO: [ app_begin ] --END-- [ RunTime:0.000000s ]
INFO: [ view_parse ] --START--
INFO: ParseTemplate Behavior ::run [ RunTime:0.006001s ]
INFO: [ view_parse ] --END-- [ RunTime:0.006001s ]
INFO: [ view_filter ] --START--
INFO: ContentReplace Behavior ::run [ RunTime:0.001000s ]
INFO: TokenBuild Behavior ::run [ RunTime:0.000000s ]
INFO: WriteHtmlCache Behavior ::run [ RunTime:0.000000s ]
INFO: ShowRuntime Behavior ::run [ RunTime:0.001000s ]
INFO: [ view_filter ] --END-- [ RunTime:0.002000s ]
INFO: [ view_end ] --START--
INFO: ShowPageTrace Behavior ::run [ RunTime:0.000000s ]
INFO: [ view_end ] --END-- [ RunTime:0.000000s ]

[ 2017-07-20T13:53:20+08:00 ] 0.0.0.0 /dididi5/index.php?g=Wap&m=Order&a=order_1
NOTIC: [2] htmlspecialchars() expects parameter 2 to be long, string given D:\phpStudy\WWW\dididi5\ThinkPHP\Lib\Core\App.class.php 第 56 行.
NOTIC: [2] htmlspecialchars() expects parameter 2 to be long, string given D:\phpStudy\WWW\dididi5\ThinkPHP\Lib\Core\App.class.php 第 56 行.
INFO: [ app_begin ] --START--
INFO: ReadHtmlCache Behavior ::run [ RunTime:0.000000s ]
INFO: [ app_begin ] --END-- [ RunTime:0.000000s ]
INFO: [ view_parse ] --START--
INFO: ParseTemplate Behavior ::run [ RunTime:0.006001s ]
INFO: [ view_parse ] --END-- [ RunTime:0.006001s ]
INFO: [ view_filter ] --START--
INFO: ContentReplace Behavior ::run [ RunTime:0.001000s ]
INFO: TokenBuild Behavior ::run [ RunTime:0.000000s ]
INFO: WriteHtmlCache Behavior ::run [ RunTime:0.001000s ]
INFO: ShowRuntime Behavior ::run [ RunTime:0.000000s ]
INFO: [ view_filter ] --END-- [ RunTime:0.002000s ]
INFO: [ view_end ] --START--
INFO: ShowPageTrace Behavior ::run [ RunTime:0.001000s ]
INFO: [ view_end ] --END-- [ RunTime:0.001000s ]

[ 2017-07-20T13:53:22+08:00 ] 0.0.0.0 /dididi5/index.php?g=Wap&m=Order&a=order_1
INFO: [ app_begin ] --START--
INFO: ReadHtmlCache Behavior ::run [ RunTime:0.000000s ]
INFO: [ app_begin ] --END-- [ RunTime:0.000000s ]
INFO: [ view_parse ] --START--
INFO: ParseTemplate Behavior ::run [ RunTime:0.007001s ]
INFO: [ view_parse ] --END-- [ RunTime:0.008001s ]
INFO: [ view_filter ] --START--
INFO: ContentReplace Behavior ::run [ RunTime:0.000000s ]
INFO: TokenBuild Behavior ::run [ RunTime:0.000000s ]
INFO: WriteHtmlCache Behavior ::run [ RunTime:0.000000s ]
INFO: ShowRuntime Behavior ::run [ RunTime:0.000000s ]
INFO: [ view_filter ] --END-- [ RunTime:0.001000s ]
INFO: [ view_end ] --START--
INFO: ShowPageTrace Behavior ::run [ RunTime:0.000000s ]
INFO: [ view_end ] --END-- [ RunTime:0.000000s ]

[ 2017-07-20T13:53:24+08:00 ] 0.0.0.0 /dididi5/index.php?g=Wap&m=Order&a=order_1
INFO: [ app_begin ] --START--
INFO: ReadHtmlCache Behavior ::run [ RunTime:0.001000s ]
INFO: [ app_begin ] --END-- [ RunTime:0.001000s ]
INFO: [ view_parse ] --START--
INFO: ParseTemplate Behavior ::run [ RunTime:0.006001s ]
INFO: [ view_parse ] --END-- [ RunTime:0.006001s ]
INFO: [ view_filter ] --START--
INFO: ContentReplace Behavior ::run [ RunTime:0.000000s ]
INFO: TokenBuild Behavior ::run [ RunTime:0.001000s ]
INFO: WriteHtmlCache Behavior ::run [ RunTime:0.000000s ]
INFO: ShowRuntime Behavior ::run [ RunTime:0.000000s ]
INFO: [ view_filter ] --END-- [ RunTime:0.001000s ]
INFO: [ view_end ] --START--
INFO: ShowPageTrace Behavior ::run [ RunTime:0.001000s ]
INFO: [ view_end ] --END-- [ RunTime:0.001000s ]

[ 2017-07-20T13:53:29+08:00 ] 0.0.0.0 /dididi5/index.php?g=Wap&m=Student&a=publicdemand
NOTIC: [2] htmlspecialchars() expects parameter 2 to be long, string given D:\phpStudy\WWW\dididi5\ThinkPHP\Lib\Core\App.class.php 第 56 行.
NOTIC: [2] htmlspecialchars() expects parameter 2 to be long, string given D:\phpStudy\WWW\dididi5\ThinkPHP\Lib\Core\App.class.php 第 56 行.
INFO: [ app_begin ] --START--
INFO: ReadHtmlCache Behavior ::run [ RunTime:0.001000s ]
INFO: [ app_begin ] --END-- [ RunTime:0.001000s ]
SQL: SHOW COLUMNS FROM `by_member_info` [ RunTime:0.003000s ]
SQL: SELECT * FROM `by_member_info` WHERE ( `member_id` = 28 ) LIMIT 1   [ RunTime:0.000000s ]
NOTIC: [2] htmlspecialchars() expects parameter 2 to be long, string given D:\phpStudy\WWW\dididi5\ThinkPHP\Common\common.php 第 109 行.
NOTIC: [2] htmlspecialchars() expects parameter 2 to be long, string given D:\phpStudy\WWW\dididi5\ThinkPHP\Common\common.php 第 109 行.

[ 2017-07-20T13:56:10+08:00 ] 0.0.0.0 /dididi5/index.php?g=Wap&m=Order&a=order_1
INFO: [ app_begin ] --START--
INFO: ReadHtmlCache Behavior ::run [ RunTime:0.001000s ]
INFO: [ app_begin ] --END-- [ RunTime:0.001000s ]
INFO: [ view_parse ] --START--
INFO: ParseTemplate Behavior ::run [ RunTime:0.007000s ]
INFO: [ view_parse ] --END-- [ RunTime:0.007000s ]
INFO: [ view_filter ] --START--
INFO: ContentReplace Behavior ::run [ RunTime:0.001000s ]
INFO: TokenBuild Behavior ::run [ RunTime:0.000000s ]
INFO: WriteHtmlCache Behavior ::run [ RunTime:0.001000s ]
INFO: ShowRuntime Behavior ::run [ RunTime:0.000000s ]
INFO: [ view_filter ] --END-- [ RunTime:0.002000s ]
INFO: [ view_end ] --START--
INFO: ShowPageTrace Behavior ::run [ RunTime:0.001000s ]
INFO: [ view_end ] --END-- [ RunTime:0.001000s ]

[ 2017-07-20T13:56:13+08:00 ] 0.0.0.0 /dididi5/index.php?g=Wap&m=Student&a=publicdemand
NOTIC: [2] htmlspecialchars() expects parameter 2 to be long, string given D:\phpStudy\WWW\dididi5\ThinkPHP\Lib\Core\App.class.php 第 56 行.
INFO: [ app_begin ] --START--
INFO: ReadHtmlCache Behavior ::run [ RunTime:0.001000s ]
INFO: [ app_begin ] --END-- [ RunTime:0.001000s ]
SQL: SHOW COLUMNS FROM `by_member_info` [ RunTime:0.003000s ]
SQL: SELECT * FROM `by_member_info` WHERE ( `member_id` = 28 ) LIMIT 1   [ RunTime:0.000000s ]
NOTIC: [2] htmlspecialchars() expects parameter 2 to be long, string given D:\phpStudy\WWW\dididi5\ThinkPHP\Common\common.php 第 109 行.

[ 2017-07-20T13:56:34+08:00 ] 0.0.0.0 /dididi5/index.php?g=Wap&m=Order&a=order_1
INFO: [ app_begin ] --START--
INFO: ReadHtmlCache Behavior ::run [ RunTime:0.001000s ]
INFO: [ app_begin ] --END-- [ RunTime:0.001000s ]
INFO: [ view_parse ] --START--
INFO: ParseTemplate Behavior ::run [ RunTime:0.007001s ]
INFO: [ view_parse ] --END-- [ RunTime:0.007001s ]
INFO: [ view_filter ] --START--
INFO: ContentReplace Behavior ::run [ RunTime:0.000000s ]
INFO: TokenBuild Behavior ::run [ RunTime:0.001000s ]
INFO: WriteHtmlCache Behavior ::run [ RunTime:0.000000s ]
INFO: ShowRuntime Behavior ::run [ RunTime:0.000000s ]
INFO: [ view_filter ] --END-- [ RunTime:0.001000s ]
INFO: [ view_end ] --START--
INFO: ShowPageTrace Behavior ::run [ RunTime:0.001000s ]
INFO: [ view_end ] --END-- [ RunTime:0.001000s ]

[ 2017-07-20T13:56:37+08:00 ] 0.0.0.0 /dididi5/index.php?g=Wap&m=Student&a=publicdemand
NOTIC: [2] htmlspecialchars() expects parameter 2 to be long, string given D:\phpStudy\WWW\dididi5\ThinkPHP\Lib\Core\App.class.php 第 56 行.
INFO: [ app_begin ] --START--
INFO: ReadHtmlCache Behavior ::run [ RunTime:0.000000s ]
INFO: [ app_begin ] --END-- [ RunTime:0.000000s ]
SQL: SHOW COLUMNS FROM `by_member_info` [ RunTime:0.003000s ]
SQL: SELECT * FROM `by_member_info` WHERE ( `member_id` = 28 ) LIMIT 1   [ RunTime:0.001000s ]
NOTIC: [2] htmlspecialchars() expects parameter 2 to be long, string given D:\phpStudy\WWW\dididi5\ThinkPHP\Common\common.php 第 109 行.

[ 2017-07-20T13:56:40+08:00 ] 0.0.0.0 /dididi5/index.php?g=Wap&m=Student&a=publicdemand
NOTIC: [2] htmlspecialchars() expects parameter 2 to be long, string given D:\phpStudy\WWW\dididi5\ThinkPHP\Lib\Core\App.class.php 第 56 行.
INFO: [ app_begin ] --START--
INFO: ReadHtmlCache Behavior ::run [ RunTime:0.000000s ]
INFO: [ app_begin ] --END-- [ RunTime:0.000000s ]
SQL: SHOW COLUMNS FROM `by_member_info` [ RunTime:0.003000s ]
SQL: SELECT * FROM `by_member_info` WHERE ( `member_id` = 28 ) LIMIT 1   [ RunTime:0.000000s ]
NOTIC: [2] htmlspecialchars() expects parameter 2 to be long, string given D:\phpStudy\WWW\dididi5\ThinkPHP\Common\common.php 第 109 行.

[ 2017-07-20T13:56:43+08:00 ] 0.0.0.0 /dididi5/index.php?g=Wap&m=Student&a=publicdemand
NOTIC: [2] htmlspecialchars() expects parameter 2 to be long, string given D:\phpStudy\WWW\dididi5\ThinkPHP\Lib\Core\App.class.php 第 56 行.
INFO: [ app_begin ] --START--
INFO: ReadHtmlCache Behavior ::run [ RunTime:0.000000s ]
INFO: [ app_begin ] --END-- [ RunTime:0.000000s ]
SQL: SHOW COLUMNS FROM `by_member_info` [ RunTime:0.003001s ]
SQL: SELECT * FROM `by_member_info` WHERE ( `member_id` = 28 ) LIMIT 1   [ RunTime:0.000000s ]
NOTIC: [2] htmlspecialchars() expects parameter 2 to be long, string given D:\phpStudy\WWW\dididi5\ThinkPHP\Common\common.php 第 109 行.

[ 2017-07-20T13:57:07+08:00 ] 0.0.0.0 /dididi5/index.php?g=Wap&m=Order&a=order_1
INFO: [ app_begin ] --START--
INFO: ReadHtmlCache Behavior ::run [ RunTime:0.000000s ]
INFO: [ app_begin ] --END-- [ RunTime:0.000000s ]
INFO: [ view_parse ] --START--
INFO: ParseTemplate Behavior ::run [ RunTime:0.006000s ]
INFO: [ view_parse ] --END-- [ RunTime:0.006000s ]
INFO: [ view_filter ] --START--
INFO: ContentReplace Behavior ::run [ RunTime:0.000000s ]
INFO: TokenBuild Behavior ::run [ RunTime:0.000000s ]
INFO: WriteHtmlCache Behavior ::run [ RunTime:0.000000s ]
INFO: ShowRuntime Behavior ::run [ RunTime:0.001000s ]
INFO: [ view_filter ] --END-- [ RunTime:0.001000s ]
INFO: [ view_end ] --START--
INFO: ShowPageTrace Behavior ::run [ RunTime:0.000000s ]
INFO: [ view_end ] --END-- [ RunTime:0.000000s ]

[ 2017-07-20T13:57:09+08:00 ] 0.0.0.0 /dididi5/index.php?g=Wap&m=Student&a=publicdemand
NOTIC: [2] htmlspecialchars() expects parameter 2 to be long, string given D:\phpStudy\WWW\dididi5\ThinkPHP\Lib\Core\App.class.php 第 56 行.
NOTIC: [2] htmlspecialchars() expects parameter 2 to be long, string given D:\phpStudy\WWW\dididi5\ThinkPHP\Lib\Core\App.class.php 第 56 行.
INFO: [ app_begin ] --START--
INFO: ReadHtmlCache Behavior ::run [ RunTime:0.001000s ]
INFO: [ app_begin ] --END-- [ RunTime:0.001000s ]
SQL: SHOW COLUMNS FROM `by_member_info` [ RunTime:0.003000s ]
SQL: SELECT * FROM `by_member_info` WHERE ( `member_id` = 28 ) LIMIT 1   [ RunTime:0.000000s ]
NOTIC: [2] htmlspecialchars() expects parameter 2 to be long, string given D:\phpStudy\WWW\dididi5\ThinkPHP\Common\common.php 第 109 行.
NOTIC: [2] htmlspecialchars() expects parameter 2 to be long, string given D:\phpStudy\WWW\dididi5\ThinkPHP\Common\common.php 第 109 行.

[ 2017-07-20T13:57:12+08:00 ] 0.0.0.0 /dididi5/index.php?g=Wap&m=Student&a=publicdemand
NOTIC: [2] htmlspecialchars() expects parameter 2 to be long, string given D:\phpStudy\WWW\dididi5\ThinkPHP\Lib\Core\App.class.php 第 56 行.
NOTIC: [2] htmlspecialchars() expects parameter 2 to be long, string given D:\phpStudy\WWW\dididi5\ThinkPHP\Lib\Core\App.class.php 第 56 行.
INFO: [ app_begin ] --START--
INFO: ReadHtmlCache Behavior ::run [ RunTime:0.001000s ]
INFO: [ app_begin ] --END-- [ RunTime:0.001000s ]
SQL: SHOW COLUMNS FROM `by_member_info` [ RunTime:0.003000s ]
SQL: SELECT * FROM `by_member_info` WHERE ( `member_id` = 28 ) LIMIT 1   [ RunTime:0.000000s ]
NOTIC: [2] htmlspecialchars() expects parameter 2 to be long, string given D:\phpStudy\WWW\dididi5\ThinkPHP\Common\common.php 第 109 行.
NOTIC: [2] htmlspecialchars() expects parameter 2 to be long, string given D:\phpStudy\WWW\dididi5\ThinkPHP\Common\common.php 第 109 行.
NOTIC: [2] htmlspecialchars() expects parameter 2 to be long, string given D:\phpStudy\WWW\dididi5\ThinkPHP\Common\common.php 第 109 行.
NOTIC: [2] htmlspecialchars() expects parameter 2 to be long, string given D:\phpStudy\WWW\dididi5\ThinkPHP\Common\common.php 第 109 行.
SQL: SHOW COLUMNS FROM `by_demand_order` [ RunTime:0.002000s ]
SQL: INSERT INTO `by_demand_order` (`remark`,`course_name`,`student_id`,`date`) VALUES ('优选附近','辅导,小学,语文',28,1500530232) [ RunTime:0.002000s ]

[ 2017-07-20T13:57:15+08:00 ] 0.0.0.0 /dididi5/index.php?g=Wap&m=Student&a=index
INFO: [ app_begin ] --START--
INFO: ReadHtmlCache Behavior ::run [ RunTime:0.001000s ]
INFO: [ app_begin ] --END-- [ RunTime:0.001000s ]
SQL: SHOW COLUMNS FROM `by_member_info` [ RunTime:0.003000s ]
SQL: SELECT * FROM `by_member_info` WHERE ( `member_id` = 28 ) LIMIT 1   [ RunTime:0.000000s ]
NOTIC: [8] Undefined index: teacher_tag D:\phpStudy\WWW\dididi5\App\Lib\Action\Wap\StudentAction.class.php 第 15 行.
SQL: SHOW COLUMNS FROM `by_demand_order` [ RunTime:0.002000s ]
SQL: SELECT * FROM `by_demand_order` WHERE ( `student_id` = 28 )  [ RunTime:0.000000s ]
SQL: SHOW COLUMNS FROM `by_course_type` [ RunTime:0.003000s ]
SQL: SELECT * FROM `by_course_type` WHERE ( `cate_ParentId` = 0 ) LIMIT 4   [ RunTime:0.000000s ]
SQL: SELECT * FROM `by_member_info` WHERE ( `member_id` = 28 ) LIMIT 1   [ RunTime:0.000000s ]
SQL: SELECT * FROM `by_member_info` WHERE ( `member_id` = 28 ) LIMIT 1   [ RunTime:0.000000s ]
INFO: [ view_parse ] --START--
INFO: ParseTemplate Behavior ::run [ RunTime:0.007000s ]
INFO: [ view_parse ] --END-- [ RunTime:0.007000s ]
INFO: [ view_filter ] --START--
INFO: ContentReplace Behavior ::run [ RunTime:0.000000s ]
INFO: TokenBuild Behavior ::run [ RunTime:0.000000s ]
INFO: WriteHtmlCache Behavior ::run [ RunTime:0.000000s ]
INFO: ShowRuntime Behavior ::run [ RunTime:0.001000s ]
INFO: [ view_filter ] --END-- [ RunTime:0.001000s ]
INFO: [ view_end ] --START--
INFO: ShowPageTrace Behavior ::run [ RunTime:0.000000s ]
INFO: [ view_end ] --END-- [ RunTime:0.000000s ]

[ 2017-07-20T13:57:18+08:00 ] 0.0.0.0 /dididi5/index.php?g=Wap&m=Student&a=checklogin
NOTIC: [2] htmlspecialchars() expects parameter 2 to be long, string given D:\phpStudy\WWW\dididi5\ThinkPHP\Lib\Core\App.class.php 第 56 行.
INFO: [ app_begin ] --START--
INFO: ReadHtmlCache Behavior ::run [ RunTime:0.001000s ]
INFO: [ app_begin ] --END-- [ RunTime:0.001000s ]
SQL: SHOW COLUMNS FROM `by_member_info` [ RunTime:0.003000s ]
SQL: SELECT * FROM `by_member_info` WHERE ( `member_id` = 28 ) LIMIT 1   [ RunTime:0.000000s ]

[ 2017-07-20T13:57:19+08:00 ] 0.0.0.0 /dididi5/index.php?g=Wap&m=Student&a=checklogin
NOTIC: [2] htmlspecialchars() expects parameter 2 to be long, string given D:\phpStudy\WWW\dididi5\ThinkPHP\Lib\Core\App.class.php 第 56 行.
INFO: [ app_begin ] --START--
INFO: ReadHtmlCache Behavior ::run [ RunTime:0.000000s ]
INFO: [ app_begin ] --END-- [ RunTime:0.000000s ]
SQL: SHOW COLUMNS FROM `by_member_info` [ RunTime:0.003000s ]
SQL: SELECT * FROM `by_member_info` WHERE ( `member_id` = 28 ) LIMIT 1   [ RunTime:0.000000s ]

[ 2017-07-20T14:06:44+08:00 ] 0.0.0.0 /dididi5/index.php?g=Wap&m=Student&a=checklogin
NOTIC: [2] htmlspecialchars() expects parameter 2 to be long, string given D:\phpStudy\WWW\dididi5\ThinkPHP\Lib\Core\App.class.php 第 56 行.
INFO: [ app_begin ] --START--
INFO: ReadHtmlCache Behavior ::run [ RunTime:0.001000s ]
INFO: [ app_begin ] --END-- [ RunTime:0.001000s ]
SQL: SHOW COLUMNS FROM `by_member_info` [ RunTime:0.003000s ]
SQL: SELECT * FROM `by_member_info` WHERE ( `member_id` = 28 ) LIMIT 1   [ RunTime:0.001000s ]

[ 2017-07-20T14:06:45+08:00 ] 0.0.0.0 /dididi5/index.php?g=Wap&m=Student&a=checklogin
NOTIC: [2] htmlspecialchars() expects parameter 2 to be long, string given D:\phpStudy\WWW\dididi5\ThinkPHP\Lib\Core\App.class.php 第 56 行.
INFO: [ app_begin ] --START--
INFO: ReadHtmlCache Behavior ::run [ RunTime:0.001000s ]
INFO: [ app_begin ] --END-- [ RunTime:0.001000s ]
SQL: SHOW COLUMNS FROM `by_member_info` [ RunTime:0.003000s ]
SQL: SELECT * FROM `by_member_info` WHERE ( `member_id` = 28 ) LIMIT 1   [ RunTime:0.000000s ]

[ 2017-07-20T14:06:46+08:00 ] 0.0.0.0 /dididi5/index.php?g=Wap&m=User&a=user_1
INFO: [ app_begin ] --START--
INFO: ReadHtmlCache Behavior ::run [ RunTime:0.000000s ]
INFO: [ app_begin ] --END-- [ RunTime:0.000000s ]
SQL: SHOW COLUMNS FROM `by_member_info` [ RunTime:0.004001s ]
SQL: SELECT * FROM `by_member_info` WHERE ( `member_id` = 28 ) LIMIT 1   [ RunTime:0.000000s ]
INFO: [ view_parse ] --START--
INFO: ParseTemplate Behavior ::run [ RunTime:0.007000s ]
INFO: [ view_parse ] --END-- [ RunTime:0.007000s ]
INFO: [ view_filter ] --START--
INFO: ContentReplace Behavior ::run [ RunTime:0.000000s ]
INFO: TokenBuild Behavior ::run [ RunTime:0.000000s ]
INFO: WriteHtmlCache Behavior ::run [ RunTime:0.001000s ]
INFO: ShowRuntime Behavior ::run [ RunTime:0.000000s ]
INFO: [ view_filter ] --END-- [ RunTime:0.001000s ]
INFO: [ view_end ] --START--
INFO: ShowPageTrace Behavior ::run [ RunTime:0.001000s ]
INFO: [ view_end ] --END-- [ RunTime:0.001000s ]

[ 2017-07-20T14:08:38+08:00 ] 0.0.0.0 /dididi5/index.php?g=Wap&m=Student&a=checklogin
NOTIC: [2] htmlspecialchars() expects parameter 2 to be long, string given D:\phpStudy\WWW\dididi5\ThinkPHP\Lib\Core\App.class.php 第 56 行.
INFO: [ app_begin ] --START--
INFO: ReadHtmlCache Behavior ::run [ RunTime:0.000000s ]
INFO: [ app_begin ] --END-- [ RunTime:0.000000s ]
SQL: SHOW COLUMNS FROM `by_member_info` [ RunTime:0.004000s ]
SQL: SELECT * FROM `by_member_info` WHERE ( `member_id` = 28 ) LIMIT 1   [ RunTime:0.000000s ]

[ 2017-07-20T14:08:39+08:00 ] 0.0.0.0 /dididi5/index.php?g=Wap&m=Student&a=checklogin
NOTIC: [2] htmlspecialchars() expects parameter 2 to be long, string given D:\phpStudy\WWW\dididi5\ThinkPHP\Lib\Core\App.class.php 第 56 行.
INFO: [ app_begin ] --START--
INFO: ReadHtmlCache Behavior ::run [ RunTime:0.001001s ]
INFO: [ app_begin ] --END-- [ RunTime:0.001001s ]
SQL: SHOW COLUMNS FROM `by_member_info` [ RunTime:0.003000s ]
SQL: SELECT * FROM `by_member_info` WHERE ( `member_id` = 28 ) LIMIT 1   [ RunTime:0.001000s ]

[ 2017-07-20T14:08:41+08:00 ] 0.0.0.0 /dididi5/index.php?g=Wap&m=Student&a=checklogin
NOTIC: [2] htmlspecialchars() expects parameter 2 to be long, string given D:\phpStudy\WWW\dididi5\ThinkPHP\Lib\Core\App.class.php 第 56 行.
INFO: [ app_begin ] --START--
INFO: ReadHtmlCache Behavior ::run [ RunTime:0.000000s ]
INFO: [ app_begin ] --END-- [ RunTime:0.000000s ]
SQL: SHOW COLUMNS FROM `by_member_info` [ RunTime:0.003000s ]
SQL: SELECT * FROM `by_member_info` WHERE ( `member_id` = 28 ) LIMIT 1   [ RunTime:0.001000s ]

[ 2017-07-20T14:08:42+08:00 ] 0.0.0.0 /dididi5/index.php?g=Wap&m=Student&a=checklogin
NOTIC: [2] htmlspecialchars() expects parameter 2 to be long, string given D:\phpStudy\WWW\dididi5\ThinkPHP\Lib\Core\App.class.php 第 56 行.
INFO: [ app_begin ] --START--
INFO: ReadHtmlCache Behavior ::run [ RunTime:0.001000s ]
INFO: [ app_begin ] --END-- [ RunTime:0.001000s ]
SQL: SHOW COLUMNS FROM `by_member_info` [ RunTime:0.003000s ]
SQL: SELECT * FROM `by_member_info` WHERE ( `member_id` = 28 ) LIMIT 1   [ RunTime:0.000000s ]

[ 2017-07-20T14:08:42+08:00 ] 0.0.0.0 /dididi5/index.php?g=Wap&m=User&a=user_9
INFO: [ app_begin ] --START--
INFO: ReadHtmlCache Behavior ::run [ RunTime:0.000000s ]
INFO: [ app_begin ] --END-- [ RunTime:0.000000s ]
NOTIC: [8] Constant THEME_NAME already defined D:\phpStudy\WWW\dididi5\ThinkPHP\Lib\Core\View.class.php 第 223 行.
NOTIC: [8] Constant THEME_PATH already defined D:\phpStudy\WWW\dididi5\ThinkPHP\Lib\Core\View.class.php 第 174 行.
NOTIC: [8] Constant APP_TMPL_PATH already defined D:\phpStudy\WWW\dididi5\ThinkPHP\Lib\Core\View.class.php 第 175 行.
INFO: [ view_parse ] --START--
INFO: ParseTemplate Behavior ::run [ RunTime:0.006000s ]
INFO: [ view_parse ] --END-- [ RunTime:0.006000s ]
INFO: [ view_filter ] --START--
INFO: ContentReplace Behavior ::run [ RunTime:0.001000s ]
INFO: TokenBuild Behavior ::run [ RunTime:0.000000s ]
INFO: WriteHtmlCache Behavior ::run [ RunTime:0.000000s ]
INFO: ShowRuntime Behavior ::run [ RunTime:0.001000s ]
INFO: [ view_filter ] --END-- [ RunTime:0.002000s ]
INFO: [ view_end ] --START--
INFO: ShowPageTrace Behavior ::run [ RunTime:0.000000s ]
INFO: [ view_end ] --END-- [ RunTime:0.000000s ]

[ 2017-07-20T14:08:43+08:00 ] 0.0.0.0 /dididi5/index.php?g=Wap&m=Index&a=logout
INFO: [ app_begin ] --START--
INFO: ReadHtmlCache Behavior ::run [ RunTime:0.000000s ]
INFO: [ app_begin ] --END-- [ RunTime:0.000000s ]

[ 2017-07-20T14:08:44+08:00 ] 0.0.0.0 /dididi5/index.php?g=Wap&m=Student&a=index
INFO: [ app_begin ] --START--
INFO: ReadHtmlCache Behavior ::run [ RunTime:0.000000s ]
INFO: [ app_begin ] --END-- [ RunTime:0.000000s ]
SQL: SHOW COLUMNS FROM `by_member_info` [ RunTime:0.004000s ]
SQL: SELECT * FROM `by_member_info` LIMIT 1   [ RunTime:0.000000s ]
NOTIC: [8] Undefined index: teacher_tag D:\phpStudy\WWW\dididi5\App\Lib\Action\Wap\StudentAction.class.php 第 15 行.
SQL: SHOW COLUMNS FROM `by_demand_order` [ RunTime:0.002000s ]
SQL: SELECT * FROM `by_demand_order` WHERE ( `student_id` = null )  [ RunTime:0.000000s ]
NOTIC: [2] Invalid argument supplied for foreach() D:\phpStudy\WWW\dididi5\App\Lib\Action\Wap\StudentAction.class.php 第 26 行.
SQL: SHOW COLUMNS FROM `by_course_type` [ RunTime:0.003000s ]
SQL: SELECT * FROM `by_course_type` WHERE ( `cate_ParentId` = 0 ) LIMIT 4   [ RunTime:0.000000s ]
SQL: SELECT * FROM `by_member_info` WHERE ( `member_id` = null ) LIMIT 1   [ RunTime:0.000000s ]
SQL: SELECT * FROM `by_member_info` WHERE ( `member_id` = null ) LIMIT 1   [ RunTime:0.000000s ]
INFO: [ view_parse ] --START--
INFO: ParseTemplate Behavior ::run [ RunTime:0.007001s ]
INFO: [ view_parse ] --END-- [ RunTime:0.007001s ]
INFO: [ view_filter ] --START--
INFO: ContentReplace Behavior ::run [ RunTime:0.000000s ]
INFO: TokenBuild Behavior ::run [ RunTime:0.001000s ]
INFO: WriteHtmlCache Behavior ::run [ RunTime:0.000000s ]
INFO: ShowRuntime Behavior ::run [ RunTime:0.000000s ]
INFO: [ view_filter ] --END-- [ RunTime:0.001000s ]
INFO: [ view_end ] --START--
INFO: ShowPageTrace Behavior ::run [ RunTime:0.001000s ]
INFO: [ view_end ] --END-- [ RunTime:0.001000s ]

[ 2017-07-20T14:08:44+08:00 ] 0.0.0.0 /dididi5/index.php?g=Wap&m=Index&a=logout
INFO: [ app_begin ] --START--
INFO: ReadHtmlCache Behavior ::run [ RunTime:0.000000s ]
INFO: [ app_begin ] --END-- [ RunTime:0.000000s ]

[ 2017-07-20T14:08:45+08:00 ] 0.0.0.0 /dididi5/index.php?g=Wap&m=Student&a=index
INFO: [ app_begin ] --START--
INFO: ReadHtmlCache Behavior ::run [ RunTime:0.000000s ]
INFO: [ app_begin ] --END-- [ RunTime:0.000000s ]
SQL: SHOW COLUMNS FROM `by_member_info` [ RunTime:0.003000s ]
SQL: SELECT * FROM `by_member_info` LIMIT 1   [ RunTime:0.001000s ]
NOTIC: [8] Undefined index: teacher_tag D:\phpStudy\WWW\dididi5\App\Lib\Action\Wap\StudentAction.class.php 第 15 行.
SQL: SHOW COLUMNS FROM `by_demand_order` [ RunTime:0.003000s ]
SQL: SELECT * FROM `by_demand_order` WHERE ( `student_id` = null )  [ RunTime:0.000000s ]
NOTIC: [2] Invalid argument supplied for foreach() D:\phpStudy\WWW\dididi5\App\Lib\Action\Wap\StudentAction.class.php 第 26 行.
SQL: SHOW COLUMNS FROM `by_course_type` [ RunTime:0.002000s ]
SQL: SELECT * FROM `by_course_type` WHERE ( `cate_ParentId` = 0 ) LIMIT 4   [ RunTime:0.001000s ]
SQL: SELECT * FROM `by_member_info` WHERE ( `member_id` = null ) LIMIT 1   [ RunTime:0.000000s ]
SQL: SELECT * FROM `by_member_info` WHERE ( `member_id` = null ) LIMIT 1   [ RunTime:0.000000s ]
INFO: [ view_parse ] --START--
INFO: ParseTemplate Behavior ::run [ RunTime:0.008001s ]
INFO: [ view_parse ] --END-- [ RunTime:0.008001s ]
INFO: [ view_filter ] --START--
INFO: ContentReplace Behavior ::run [ RunTime:0.000000s ]
INFO: TokenBuild Behavior ::run [ RunTime:0.001000s ]
INFO: WriteHtmlCache Behavior ::run [ RunTime:0.000000s ]
INFO: ShowRuntime Behavior ::run [ RunTime:0.001000s ]
INFO: [ view_filter ] --END-- [ RunTime:0.002000s ]
INFO: [ view_end ] --START--
INFO: ShowPageTrace Behavior ::run [ RunTime:0.000000s ]
INFO: [ view_end ] --END-- [ RunTime:0.000000s ]

[ 2017-07-20T14:08:48+08:00 ] 0.0.0.0 /dididi5/index.php?g=Wap&m=Student&a=checklogin
NOTIC: [2] htmlspecialchars() expects parameter 2 to be long, string given D:\phpStudy\WWW\dididi5\ThinkPHP\Lib\Core\App.class.php 第 56 行.
INFO: [ app_begin ] --START--
INFO: ReadHtmlCache Behavior ::run [ RunTime:0.000000s ]
INFO: [ app_begin ] --END-- [ RunTime:0.000000s ]
SQL: SHOW COLUMNS FROM `by_member_info` [ RunTime:0.003001s ]
SQL: SELECT * FROM `by_member_info` LIMIT 1   [ RunTime:0.000000s ]

[ 2017-07-20T14:08:49+08:00 ] 0.0.0.0 /dididi5/index.php?g=Wap&m=Student&a=checklogin
NOTIC: [2] htmlspecialchars() expects parameter 2 to be long, string given D:\phpStudy\WWW\dididi5\ThinkPHP\Lib\Core\App.class.php 第 56 行.
INFO: [ app_begin ] --START--
INFO: ReadHtmlCache Behavior ::run [ RunTime:0.001000s ]
INFO: [ app_begin ] --END-- [ RunTime:0.001000s ]
SQL: SHOW COLUMNS FROM `by_member_info` [ RunTime:0.003000s ]
SQL: SELECT * FROM `by_member_info` LIMIT 1   [ RunTime:0.000000s ]

[ 2017-07-20T14:08:50+08:00 ] 0.0.0.0 /dididi5/index.php?g=Wap&m=Student&a=checkmembertype
INFO: [ app_begin ] --START--
INFO: ReadHtmlCache Behavior ::run [ RunTime:0.001000s ]
INFO: [ app_begin ] --END-- [ RunTime:0.001000s ]
SQL: SHOW COLUMNS FROM `by_member_info` [ RunTime:0.004000s ]
SQL: SELECT * FROM `by_member_info` LIMIT 1   [ RunTime:0.000000s ]
INFO: [ view_parse ] --START--
INFO: ParseTemplate Behavior ::run [ RunTime:0.005000s ]
INFO: [ view_parse ] --END-- [ RunTime:0.005000s ]
INFO: [ view_filter ] --START--
INFO: ContentReplace Behavior ::run [ RunTime:0.001000s ]
INFO: TokenBuild Behavior ::run [ RunTime:0.000000s ]
INFO: WriteHtmlCache Behavior ::run [ RunTime:0.000000s ]
INFO: ShowRuntime Behavior ::run [ RunTime:0.001000s ]
INFO: [ view_filter ] --END-- [ RunTime:0.002000s ]
INFO: [ view_end ] --START--
INFO: ShowPageTrace Behavior ::run [ RunTime:0.000000s ]
INFO: [ view_end ] --END-- [ RunTime:0.000000s ]

[ 2017-07-20T14:08:51+08:00 ] 0.0.0.0 /dididi5/index.php?g=Wap&m=Index&a=login&teacher=1
NOTIC: [2] htmlspecialchars() expects parameter 2 to be long, string given D:\phpStudy\WWW\dididi5\ThinkPHP\Lib\Core\App.class.php 第 57 行.
INFO: [ app_begin ] --START--
INFO: ReadHtmlCache Behavior ::run [ RunTime:0.000000s ]
INFO: [ app_begin ] --END-- [ RunTime:0.000000s ]
INFO: [ view_parse ] --START--
INFO: ParseTemplate Behavior ::run [ RunTime:0.006000s ]
INFO: [ view_parse ] --END-- [ RunTime:0.006000s ]
INFO: [ view_filter ] --START--
INFO: ContentReplace Behavior ::run [ RunTime:0.001001s ]
INFO: TokenBuild Behavior ::run [ RunTime:0.000000s ]
INFO: WriteHtmlCache Behavior ::run [ RunTime:0.000000s ]
INFO: ShowRuntime Behavior ::run [ RunTime:0.001000s ]
INFO: [ view_filter ] --END-- [ RunTime:0.002001s ]
INFO: [ view_end ] --START--
INFO: ShowPageTrace Behavior ::run [ RunTime:0.000000s ]
INFO: [ view_end ] --END-- [ RunTime:0.000000s ]

[ 2017-07-20T14:08:54+08:00 ] 0.0.0.0 /dididi5/index.php?g=Wap&m=Index&a=ajaxloginf
NOTIC: [2] htmlspecialchars() expects parameter 2 to be long, string given D:\phpStudy\WWW\dididi5\ThinkPHP\Lib\Core\App.class.php 第 56 行.
NOTIC: [2] htmlspecialchars() expects parameter 2 to be long, string given D:\phpStudy\WWW\dididi5\ThinkPHP\Lib\Core\App.class.php 第 56 行.
INFO: [ app_begin ] --START--
INFO: ReadHtmlCache Behavior ::run [ RunTime:0.000000s ]
INFO: [ app_begin ] --END-- [ RunTime:0.000000s ]
SQL: SHOW COLUMNS FROM `by_member_info` [ RunTime:0.003000s ]
SQL: SELECT * FROM `by_member_info` WHERE ( `name` = 'admin' ) AND ( `member_password` = 'e10adc3949ba59abbe56e057f20f883e' ) LIMIT 1   [ RunTime:0.000000s ]

[ 2017-07-20T14:08:54+08:00 ] 0.0.0.0 /dididi5/index.php?g=Wap&m=Teacher&a=index
INFO: [ app_begin ] --START--
INFO: ReadHtmlCache Behavior ::run [ RunTime:0.000000s ]
INFO: [ app_begin ] --END-- [ RunTime:0.000000s ]
INFO: [ view_parse ] --START--
NOTIC: [8] Undefined variable: userdata D:\phpStudy\WWW\dididi5\App\Runtime\Cache\Wap\032e7b5c551131b59b8e3b258b4fa2a2.php 第 25 行.
NOTIC: [8] Undefined variable: userdata D:\phpStudy\WWW\dididi5\App\Runtime\Cache\Wap\032e7b5c551131b59b8e3b258b4fa2a2.php 第 26 行.
INFO: ParseTemplate Behavior ::run [ RunTime:0.008001s ]
INFO: [ view_parse ] --END-- [ RunTime:0.008001s ]
INFO: [ view_filter ] --START--
INFO: ContentReplace Behavior ::run [ RunTime:0.000000s ]
INFO: TokenBuild Behavior ::run [ RunTime:0.001000s ]
INFO: WriteHtmlCache Behavior ::run [ RunTime:0.000000s ]
INFO: ShowRuntime Behavior ::run [ RunTime:0.000000s ]
INFO: [ view_filter ] --END-- [ RunTime:0.001000s ]
INFO: [ view_end ] --START--
INFO: ShowPageTrace Behavior ::run [ RunTime:0.001000s ]
INFO: [ view_end ] --END-- [ RunTime:0.001000s ]

[ 2017-07-20T14:08:57+08:00 ] 0.0.0.0 /dididi5/index.php?g=Wap&m=Teacher&a=teacher_2
INFO: [ app_begin ] --START--
INFO: ReadHtmlCache Behavior ::run [ RunTime:0.000000s ]
INFO: [ app_begin ] --END-- [ RunTime:0.000000s ]
SQL: SHOW COLUMNS FROM `by_demand_order` [ RunTime:0.003000s ]
NOTIC: [8] Undefined index: id D:\phpStudy\WWW\dididi5\App\Lib\Action\Wap\TeacherAction.class.php 第 77 行.
SQL: SELECT * FROM `by_demand_order` LIMIT 1   [ RunTime:0.000000s ]
SQL: SHOW COLUMNS FROM `by_member_info` [ RunTime:0.003000s ]
SQL: SELECT `name` FROM `by_member_info` WHERE ( `member_id` = 1 ) LIMIT 1   [ RunTime:0.000000s ]
SQL: SHOW COLUMNS FROM `by_key_word` [ RunTime:0.005001s ]
SQL: SELECT * FROM `by_key_word` WHERE ( `key_id` = 2 ) LIMIT 1   [ RunTime:0.000000s ]
SQL: SELECT * FROM `by_demand_order` ORDER BY date desc LIMIT 1   [ RunTime:0.000000s ]
SQL: SELECT * FROM `by_member_info` WHERE ( `member_id` = 28 ) LIMIT 1   [ RunTime:0.000000s ]
SQL: SELECT * FROM `by_key_word` WHERE ( `key_id` = null ) LIMIT 1   [ RunTime:0.000000s ]
SQL: SHOW COLUMNS FROM `by_course` [ RunTime:0.005000s ]
SQL: SELECT * FROM `by_course` WHERE ( `teacher_id` = '28' ) ORDER BY date desc  [ RunTime:0.000000s ]
INFO: [ view_parse ] --START--
NOTIC: [8] Undefined variable: userdata D:\phpStudy\WWW\dididi5\App\Runtime\Cache\Wap\73527ae7b11cfc414cda6421f30cf864.php 第 24 行.
NOTIC: [8] Undefined variable: userdata D:\phpStudy\WWW\dididi5\App\Runtime\Cache\Wap\73527ae7b11cfc414cda6421f30cf864.php 第 25 行.
INFO: ParseTemplate Behavior ::run [ RunTime:0.009001s ]
INFO: [ view_parse ] --END-- [ RunTime:0.009001s ]
INFO: [ view_filter ] --START--
INFO: ContentReplace Behavior ::run [ RunTime:0.000000s ]
INFO: TokenBuild Behavior ::run [ RunTime:0.001000s ]
INFO: WriteHtmlCache Behavior ::run [ RunTime:0.000000s ]
INFO: ShowRuntime Behavior ::run [ RunTime:0.000000s ]
INFO: [ view_filter ] --END-- [ RunTime:0.001000s ]
INFO: [ view_end ] --START--
INFO: ShowPageTrace Behavior ::run [ RunTime:0.001000s ]
INFO: [ view_end ] --END-- [ RunTime:0.001000s ]

[ 2017-07-20T14:09:03+08:00 ] 0.0.0.0 /dididi5/index.php?g=Wap&m=Teacher&a=teacher_2
INFO: [ app_begin ] --START--
INFO: ReadHtmlCache Behavior ::run [ RunTime:0.001000s ]
INFO: [ app_begin ] --END-- [ RunTime:0.001000s ]
SQL: SHOW COLUMNS FROM `by_demand_order` [ RunTime:0.003000s ]
NOTIC: [8] Undefined index: id D:\phpStudy\WWW\dididi5\App\Lib\Action\Wap\TeacherAction.class.php 第 77 行.
SQL: SELECT * FROM `by_demand_order` LIMIT 1   [ RunTime:0.000000s ]
SQL: SHOW COLUMNS FROM `by_member_info` [ RunTime:0.003000s ]
SQL: SELECT `name` FROM `by_member_info` WHERE ( `member_id` = 1 ) LIMIT 1   [ RunTime:0.000000s ]
SQL: SHOW COLUMNS FROM `by_key_word` [ RunTime:0.002000s ]
SQL: SELECT * FROM `by_key_word` WHERE ( `key_id` = 2 ) LIMIT 1   [ RunTime:0.000000s ]
SQL: SELECT * FROM `by_demand_order` ORDER BY date desc LIMIT 1   [ RunTime:0.000000s ]
SQL: SELECT * FROM `by_member_info` WHERE ( `member_id` = 28 ) LIMIT 1   [ RunTime:0.000000s ]
SQL: SELECT * FROM `by_key_word` WHERE ( `key_id` = null ) LIMIT 1   [ RunTime:0.000000s ]
SQL: SHOW COLUMNS FROM `by_course` [ RunTime:0.002000s ]
SQL: SELECT * FROM `by_course` WHERE ( `teacher_id` = '28' ) ORDER BY date desc  [ RunTime:0.000000s ]
INFO: [ view_parse ] --START--
NOTIC: [8] Undefined variable: userdata D:\phpStudy\WWW\dididi5\App\Runtime\Cache\Wap\73527ae7b11cfc414cda6421f30cf864.php 第 24 行.
NOTIC: [8] Undefined variable: userdata D:\phpStudy\WWW\dididi5\App\Runtime\Cache\Wap\73527ae7b11cfc414cda6421f30cf864.php 第 25 行.
INFO: ParseTemplate Behavior ::run [ RunTime:0.009001s ]
INFO: [ view_parse ] --END-- [ RunTime:0.009001s ]
INFO: [ view_filter ] --START--
INFO: ContentReplace Behavior ::run [ RunTime:0.001000s ]
INFO: TokenBuild Behavior ::run [ RunTime:0.000000s ]
INFO: WriteHtmlCache Behavior ::run [ RunTime:0.000000s ]
INFO: ShowRuntime Behavior ::run [ RunTime:0.001000s ]
INFO: [ view_filter ] --END-- [ RunTime:0.002000s ]
INFO: [ view_end ] --START--
INFO: ShowPageTrace Behavior ::run [ RunTime:0.000000s ]
INFO: [ view_end ] --END-- [ RunTime:0.000000s ]

[ 2017-07-20T15:15:27+08:00 ] 0.0.0.0 /dididi5/index.php?g=Wap&m=User&a=user_1
INFO: [ app_begin ] --START--
INFO: ReadHtmlCache Behavior ::run [ RunTime:0.001000s ]
INFO: [ app_begin ] --END-- [ RunTime:0.001000s ]
SQL: SHOW COLUMNS FROM `by_member_info` [ RunTime:0.004000s ]
SQL: SELECT * FROM `by_member_info` WHERE ( `member_id` = 28 ) LIMIT 1   [ RunTime:0.000000s ]
INFO: [ view_parse ] --START--
INFO: ParseTemplate Behavior ::run [ RunTime:0.007001s ]
INFO: [ view_parse ] --END-- [ RunTime:0.007001s ]
INFO: [ view_filter ] --START--
INFO: ContentReplace Behavior ::run [ RunTime:0.000000s ]
INFO: TokenBuild Behavior ::run [ RunTime:0.001000s ]
INFO: WriteHtmlCache Behavior ::run [ RunTime:0.000000s ]
INFO: ShowRuntime Behavior ::run [ RunTime:0.001000s ]
INFO: [ view_filter ] --END-- [ RunTime:0.002000s ]
INFO: [ view_end ] --START--
INFO: ShowPageTrace Behavior ::run [ RunTime:0.000000s ]
INFO: [ view_end ] --END-- [ RunTime:0.000000s ]

