[ 2017-07-05T11:04:26+08:00 ] 0.0.0.0 /dididi5/
INFO: [ app_begin ] --START--
INFO: ReadHtmlCache Behavior ::run [ RunTime:0.001000s ]
INFO: [ app_begin ] --END-- [ RunTime:0.003001s ]
INFO: [ view_parse ] --START--
INFO: ParseTemplate Behavior ::run [ RunTime:0.009001s ]
INFO: [ view_parse ] --END-- [ RunTime:0.009001s ]
INFO: [ view_filter ] --START--
INFO: ContentReplace Behavior ::run [ RunTime:0.000000s ]
INFO: TokenBuild Behavior ::run [ RunTime:0.000000s ]
INFO: WriteHtmlCache Behavior ::run [ RunTime:0.001000s ]
INFO: ShowRuntime Behavior ::run [ RunTime:0.001000s ]
INFO: [ view_filter ] --END-- [ RunTime:0.003000s ]
INFO: [ view_end ] --START--
INFO: ShowPageTrace Behavior ::run [ RunTime:0.001000s ]
INFO: [ view_end ] --END-- [ RunTime:0.001000s ]

[ 2017-07-05T11:04:31+08:00 ] 0.0.0.0 /dididi5/index.php?g=Wap&m=Student&a=index
INFO: [ app_begin ] --START--
INFO: ReadHtmlCache Behavior ::run [ RunTime:0.000000s ]
INFO: [ app_begin ] --END-- [ RunTime:0.000000s ]
NOTIC: [8] Undefined index: teacher_tag D:\phpStudy\WWW\dididi5\App\Lib\Action\Wap\StudentAction.class.php 第 11 行.
SQL: SHOW COLUMNS FROM `by_demand_order` [ RunTime:0.005001s ]
SQL: SELECT * FROM `by_demand_order` WHERE ( `student_id` = null )  [ RunTime:0.000000s ]
NOTIC: [2] Invalid argument supplied for foreach() D:\phpStudy\WWW\dididi5\App\Lib\Action\Wap\StudentAction.class.php 第 22 行.
SQL: SHOW COLUMNS FROM `by_course_type` [ RunTime:0.004000s ]
SQL: SELECT * FROM `by_course_type` WHERE ( `cate_ParentId` = 0 ) LIMIT 4   [ RunTime:0.000000s ]
SQL: SHOW COLUMNS FROM `by_member_info` [ RunTime:0.005000s ]
SQL: SELECT * FROM `by_member_info` WHERE ( `member_id` = null ) LIMIT 1   [ RunTime:0.001000s ]
SQL: SELECT * FROM `by_member_info` WHERE ( `member_id` = null ) LIMIT 1   [ RunTime:0.000000s ]
INFO: [ view_parse ] --START--
INFO: ParseTemplate Behavior ::run [ RunTime:0.006001s ]
INFO: [ view_parse ] --END-- [ RunTime:0.006001s ]
INFO: [ view_filter ] --START--
INFO: ContentReplace Behavior ::run [ RunTime:0.001000s ]
INFO: TokenBuild Behavior ::run [ RunTime:0.000000s ]
INFO: WriteHtmlCache Behavior ::run [ RunTime:0.000000s ]
INFO: ShowRuntime Behavior ::run [ RunTime:0.001000s ]
INFO: [ view_filter ] --END-- [ RunTime:0.002000s ]
INFO: [ view_end ] --START--
INFO: ShowPageTrace Behavior ::run [ RunTime:0.000000s ]
INFO: [ view_end ] --END-- [ RunTime:0.000000s ]

[ 2017-07-05T11:17:41+08:00 ] 0.0.0.0 /dididi5/index.php?g=Wap&m=Student&a=index
INFO: [ app_begin ] --START--
INFO: ReadHtmlCache Behavior ::run [ RunTime:0.001000s ]
INFO: [ app_begin ] --END-- [ RunTime:0.001000s ]
NOTIC: [8] Undefined index: teacher_tag D:\phpStudy\WWW\dididi5\App\Lib\Action\Wap\StudentAction.class.php 第 11 行.
SQL: SHOW COLUMNS FROM `by_demand_order` [ RunTime:0.002000s ]
SQL: SELECT * FROM `by_demand_order` WHERE ( `student_id` = null )  [ RunTime:0.000000s ]
NOTIC: [2] Invalid argument supplied for foreach() D:\phpStudy\WWW\dididi5\App\Lib\Action\Wap\StudentAction.class.php 第 22 行.
SQL: SHOW COLUMNS FROM `by_course_type` [ RunTime:0.003000s ]
SQL: SELECT * FROM `by_course_type` WHERE ( `cate_ParentId` = 0 ) LIMIT 4   [ RunTime:0.000000s ]
SQL: SHOW COLUMNS FROM `by_member_info` [ RunTime:0.003000s ]
SQL: SELECT * FROM `by_member_info` WHERE ( `member_id` = null ) LIMIT 1   [ RunTime:0.001000s ]
SQL: SELECT * FROM `by_member_info` WHERE ( `member_id` = null ) LIMIT 1   [ RunTime:0.000000s ]
INFO: [ view_parse ] --START--
INFO: ParseTemplate Behavior ::run [ RunTime:0.007001s ]
INFO: [ view_parse ] --END-- [ RunTime:0.007001s ]
INFO: [ view_filter ] --START--
INFO: ContentReplace Behavior ::run [ RunTime:0.001000s ]
INFO: TokenBuild Behavior ::run [ RunTime:0.000000s ]
INFO: WriteHtmlCache Behavior ::run [ RunTime:0.000000s ]
INFO: ShowRuntime Behavior ::run [ RunTime:0.001000s ]
INFO: [ view_filter ] --END-- [ RunTime:0.002000s ]
INFO: [ view_end ] --START--
INFO: ShowPageTrace Behavior ::run [ RunTime:0.000000s ]
INFO: [ view_end ] --END-- [ RunTime:0.000000s ]

[ 2017-07-05T11:29:37+08:00 ] 0.0.0.0 /dididi5/index.php?g=Wap&m=Student&a=index
INFO: [ app_begin ] --START--
INFO: ReadHtmlCache Behavior ::run [ RunTime:0.000000s ]
INFO: [ app_begin ] --END-- [ RunTime:0.000000s ]
NOTIC: [8] Undefined index: teacher_tag D:\phpStudy\WWW\dididi5\App\Lib\Action\Wap\StudentAction.class.php 第 11 行.
SQL: SHOW COLUMNS FROM `by_demand_order` [ RunTime:0.002000s ]
SQL: SELECT * FROM `by_demand_order` WHERE ( `student_id` = null )  [ RunTime:0.000000s ]
NOTIC: [2] Invalid argument supplied for foreach() D:\phpStudy\WWW\dididi5\App\Lib\Action\Wap\StudentAction.class.php 第 22 行.
SQL: SHOW COLUMNS FROM `by_course_type` [ RunTime:0.003001s ]
SQL: SELECT * FROM `by_course_type` WHERE ( `cate_ParentId` = 0 ) LIMIT 4   [ RunTime:0.000000s ]
SQL: SHOW COLUMNS FROM `by_member_info` [ RunTime:0.003000s ]
SQL: SELECT * FROM `by_member_info` WHERE ( `member_id` = null ) LIMIT 1   [ RunTime:0.000000s ]
SQL: SELECT * FROM `by_member_info` WHERE ( `member_id` = null ) LIMIT 1   [ RunTime:0.001000s ]
INFO: [ view_parse ] --START--
INFO: ParseTemplate Behavior ::run [ RunTime:0.010000s ]
INFO: [ view_parse ] --END-- [ RunTime:0.010000s ]
INFO: [ view_filter ] --START--
INFO: ContentReplace Behavior ::run [ RunTime:0.000000s ]
INFO: TokenBuild Behavior ::run [ RunTime:0.001000s ]
INFO: WriteHtmlCache Behavior ::run [ RunTime:0.000000s ]
INFO: ShowRuntime Behavior ::run [ RunTime:0.001001s ]
INFO: [ view_filter ] --END-- [ RunTime:0.002001s ]
INFO: [ view_end ] --START--
INFO: ShowPageTrace Behavior ::run [ RunTime:0.001000s ]
INFO: [ view_end ] --END-- [ RunTime:0.001000s ]

[ 2017-07-05T13:53:54+08:00 ] 0.0.0.0 /dididi5/index.php?g=Wap&m=Student&a=index
INFO: [ app_begin ] --START--
INFO: ReadHtmlCache Behavior ::run [ RunTime:0.000000s ]
INFO: [ app_begin ] --END-- [ RunTime:0.000000s ]
NOTIC: [8] Undefined index: teacher_tag D:\phpStudy\WWW\dididi5\App\Lib\Action\Wap\StudentAction.class.php 第 11 行.
SQL: SHOW COLUMNS FROM `by_demand_order` [ RunTime:0.003000s ]
SQL: SELECT * FROM `by_demand_order` WHERE ( `student_id` = null )  [ RunTime:0.001000s ]
NOTIC: [2] Invalid argument supplied for foreach() D:\phpStudy\WWW\dididi5\App\Lib\Action\Wap\StudentAction.class.php 第 22 行.
SQL: SHOW COLUMNS FROM `by_course_type` [ RunTime:0.003000s ]
SQL: SELECT * FROM `by_course_type` WHERE ( `cate_ParentId` = 0 ) LIMIT 4   [ RunTime:0.000000s ]
SQL: SHOW COLUMNS FROM `by_member_info` [ RunTime:0.002000s ]
SQL: SELECT * FROM `by_member_info` WHERE ( `member_id` = null ) LIMIT 1   [ RunTime:0.000000s ]
SQL: SELECT * FROM `by_member_info` WHERE ( `member_id` = null ) LIMIT 1   [ RunTime:0.000000s ]
INFO: [ view_parse ] --START--
INFO: ParseTemplate Behavior ::run [ RunTime:0.007000s ]
INFO: [ view_parse ] --END-- [ RunTime:0.007000s ]
INFO: [ view_filter ] --START--
INFO: ContentReplace Behavior ::run [ RunTime:0.001000s ]
INFO: TokenBuild Behavior ::run [ RunTime:0.000000s ]
INFO: WriteHtmlCache Behavior ::run [ RunTime:0.000000s ]
INFO: ShowRuntime Behavior ::run [ RunTime:0.001000s ]
INFO: [ view_filter ] --END-- [ RunTime:0.002000s ]
INFO: [ view_end ] --START--
INFO: ShowPageTrace Behavior ::run [ RunTime:0.001000s ]
INFO: [ view_end ] --END-- [ RunTime:0.001000s ]

[ 2017-07-05T13:53:55+08:00 ] 0.0.0.0 /dididi5/index.php
INFO: [ app_begin ] --START--
INFO: ReadHtmlCache Behavior ::run [ RunTime:0.000000s ]
INFO: [ app_begin ] --END-- [ RunTime:0.000000s ]
INFO: [ view_parse ] --START--
INFO: ParseTemplate Behavior ::run [ RunTime:0.006000s ]
INFO: [ view_parse ] --END-- [ RunTime:0.007000s ]
INFO: [ view_filter ] --START--
INFO: ContentReplace Behavior ::run [ RunTime:0.000000s ]
INFO: TokenBuild Behavior ::run [ RunTime:0.000000s ]
INFO: WriteHtmlCache Behavior ::run [ RunTime:0.001000s ]
INFO: ShowRuntime Behavior ::run [ RunTime:0.000000s ]
INFO: [ view_filter ] --END-- [ RunTime:0.001000s ]
INFO: [ view_end ] --START--
INFO: ShowPageTrace Behavior ::run [ RunTime:0.001000s ]
INFO: [ view_end ] --END-- [ RunTime:0.001000s ]

[ 2017-07-05T13:53:56+08:00 ] 0.0.0.0 /dididi5/index.php?g=Wap&m=User&a=user_2
INFO: [ app_begin ] --START--
INFO: ReadHtmlCache Behavior ::run [ RunTime:0.000000s ]
INFO: [ app_begin ] --END-- [ RunTime:0.000000s ]
INFO: [ view_parse ] --START--
INFO: ParseTemplate Behavior ::run [ RunTime:0.000000s ]
INFO: [ view_parse ] --END-- [ RunTime:0.000000s ]
INFO: [ view_filter ] --START--
INFO: ContentReplace Behavior ::run [ RunTime:0.000000s ]
INFO: TokenBuild Behavior ::run [ RunTime:0.000000s ]
INFO: WriteHtmlCache Behavior ::run [ RunTime:0.000000s ]
INFO: ShowRuntime Behavior ::run [ RunTime:0.001000s ]
INFO: [ view_filter ] --END-- [ RunTime:0.016600s ]
INFO: [ view_end ] --START--
INFO: ShowPageTrace Behavior ::run [ RunTime:0.000000s ]
INFO: [ view_end ] --END-- [ RunTime:0.000000s ]

[ 2017-07-05T13:53:58+08:00 ] 0.0.0.0 /dididi5/index.php?g=Wap&m=User&a=user_2
INFO: [ app_begin ] --START--
INFO: ReadHtmlCache Behavior ::run [ RunTime:0.001000s ]
INFO: [ app_begin ] --END-- [ RunTime:0.001000s ]
INFO: [ view_parse ] --START--
INFO: ParseTemplate Behavior ::run [ RunTime:0.005000s ]
INFO: [ view_parse ] --END-- [ RunTime:0.005000s ]
INFO: [ view_filter ] --START--
INFO: ContentReplace Behavior ::run [ RunTime:0.000000s ]
INFO: TokenBuild Behavior ::run [ RunTime:0.000000s ]
INFO: WriteHtmlCache Behavior ::run [ RunTime:0.000000s ]
INFO: ShowRuntime Behavior ::run [ RunTime:0.001000s ]
INFO: [ view_filter ] --END-- [ RunTime:0.001000s ]
INFO: [ view_end ] --START--
INFO: ShowPageTrace Behavior ::run [ RunTime:0.000000s ]
INFO: [ view_end ] --END-- [ RunTime:0.000000s ]

[ 2017-07-05T13:54:02+08:00 ] 0.0.0.0 /dididi5/index.php?g=Wap&m=User&a=user_3
INFO: [ app_begin ] --START--
INFO: ReadHtmlCache Behavior ::run [ RunTime:0.000000s ]
INFO: [ app_begin ] --END-- [ RunTime:0.000000s ]
INFO: [ view_parse ] --START--
INFO: ParseTemplate Behavior ::run [ RunTime:0.000000s ]
INFO: [ view_parse ] --END-- [ RunTime:0.000000s ]
INFO: [ view_filter ] --START--
INFO: ContentReplace Behavior ::run [ RunTime:0.000000s ]
INFO: TokenBuild Behavior ::run [ RunTime:0.000000s ]
INFO: WriteHtmlCache Behavior ::run [ RunTime:0.000000s ]
INFO: ShowRuntime Behavior ::run [ RunTime:0.000000s ]
INFO: [ view_filter ] --END-- [ RunTime:0.000000s ]
INFO: [ view_end ] --START--
INFO: ShowPageTrace Behavior ::run [ RunTime:0.000000s ]
INFO: [ view_end ] --END-- [ RunTime:0.000000s ]

[ 2017-07-05T13:54:04+08:00 ] 0.0.0.0 /dididi5/index.php?g=Wap&m=User&a=user_3
INFO: [ app_begin ] --START--
INFO: ReadHtmlCache Behavior ::run [ RunTime:0.001000s ]
INFO: [ app_begin ] --END-- [ RunTime:0.001000s ]
INFO: [ view_parse ] --START--
INFO: ParseTemplate Behavior ::run [ RunTime:0.006000s ]
INFO: [ view_parse ] --END-- [ RunTime:0.006000s ]
INFO: [ view_filter ] --START--
INFO: ContentReplace Behavior ::run [ RunTime:0.001001s ]
INFO: TokenBuild Behavior ::run [ RunTime:0.000000s ]
INFO: WriteHtmlCache Behavior ::run [ RunTime:0.000000s ]
INFO: ShowRuntime Behavior ::run [ RunTime:0.001000s ]
INFO: [ view_filter ] --END-- [ RunTime:0.002001s ]
INFO: [ view_end ] --START--
INFO: ShowPageTrace Behavior ::run [ RunTime:0.001000s ]
INFO: [ view_end ] --END-- [ RunTime:0.001000s ]

[ 2017-07-05T13:54:06+08:00 ] 0.0.0.0 /dididi5/index.php?g=Wap&m=User&a=user_4
INFO: [ app_begin ] --START--
INFO: ReadHtmlCache Behavior ::run [ RunTime:0.000000s ]
INFO: [ app_begin ] --END-- [ RunTime:0.000000s ]
INFO: [ view_parse ] --START--
INFO: ParseTemplate Behavior ::run [ RunTime:0.000000s ]
INFO: [ view_parse ] --END-- [ RunTime:0.000000s ]
INFO: [ view_filter ] --START--
INFO: ContentReplace Behavior ::run [ RunTime:0.000000s ]
INFO: TokenBuild Behavior ::run [ RunTime:0.000000s ]
INFO: WriteHtmlCache Behavior ::run [ RunTime:0.000000s ]
INFO: ShowRuntime Behavior ::run [ RunTime:0.000000s ]
INFO: [ view_filter ] --END-- [ RunTime:0.000000s ]
INFO: [ view_end ] --START--
INFO: ShowPageTrace Behavior ::run [ RunTime:0.000000s ]
INFO: [ view_end ] --END-- [ RunTime:0.000000s ]

[ 2017-07-05T13:54:08+08:00 ] 0.0.0.0 /dididi5/index.php?g=Wap&m=User&a=user_4
INFO: [ app_begin ] --START--
INFO: ReadHtmlCache Behavior ::run [ RunTime:0.001000s ]
INFO: [ app_begin ] --END-- [ RunTime:0.001000s ]
INFO: [ view_parse ] --START--
INFO: ParseTemplate Behavior ::run [ RunTime:0.006001s ]
INFO: [ view_parse ] --END-- [ RunTime:0.006001s ]
INFO: [ view_filter ] --START--
INFO: ContentReplace Behavior ::run [ RunTime:0.001000s ]
INFO: TokenBuild Behavior ::run [ RunTime:0.000000s ]
INFO: WriteHtmlCache Behavior ::run [ RunTime:0.000000s ]
INFO: ShowRuntime Behavior ::run [ RunTime:0.001000s ]
INFO: [ view_filter ] --END-- [ RunTime:0.002000s ]
INFO: [ view_end ] --START--
INFO: ShowPageTrace Behavior ::run [ RunTime:0.000000s ]
INFO: [ view_end ] --END-- [ RunTime:0.001000s ]

[ 2017-07-05T13:54:12+08:00 ] 0.0.0.0 /dididi5/index.php?g=Wap&m=User&a=user_5
INFO: [ app_begin ] --START--
INFO: ReadHtmlCache Behavior ::run [ RunTime:0.000000s ]
INFO: [ app_begin ] --END-- [ RunTime:0.000000s ]
NOTIC: [8] Constant THEME_NAME already defined D:\phpStudy\WWW\dididi5\ThinkPHP\Lib\Core\View.class.php 第 223 行.
NOTIC: [8] Constant THEME_PATH already defined D:\phpStudy\WWW\dididi5\ThinkPHP\Lib\Core\View.class.php 第 174 行.
NOTIC: [8] Constant APP_TMPL_PATH already defined D:\phpStudy\WWW\dididi5\ThinkPHP\Lib\Core\View.class.php 第 175 行.
INFO: [ view_parse ] --START--
INFO: ParseTemplate Behavior ::run [ RunTime:0.006000s ]
INFO: [ view_parse ] --END-- [ RunTime:0.006000s ]
INFO: [ view_filter ] --START--
INFO: ContentReplace Behavior ::run [ RunTime:0.000000s ]
INFO: TokenBuild Behavior ::run [ RunTime:0.000000s ]
INFO: WriteHtmlCache Behavior ::run [ RunTime:0.001000s ]
INFO: ShowRuntime Behavior ::run [ RunTime:0.000000s ]
INFO: [ view_filter ] --END-- [ RunTime:0.001000s ]
INFO: [ view_end ] --START--
INFO: ShowPageTrace Behavior ::run [ RunTime:0.001001s ]
INFO: [ view_end ] --END-- [ RunTime:0.001001s ]

[ 2017-07-05T13:54:13+08:00 ] 0.0.0.0 /dididi5/index.php?g=Wap&m=User&a=user_5
INFO: [ app_begin ] --START--
INFO: ReadHtmlCache Behavior ::run [ RunTime:0.001001s ]
INFO: [ app_begin ] --END-- [ RunTime:0.001001s ]
NOTIC: [8] Constant THEME_NAME already defined D:\phpStudy\WWW\dididi5\ThinkPHP\Lib\Core\View.class.php 第 223 行.
NOTIC: [8] Constant THEME_PATH already defined D:\phpStudy\WWW\dididi5\ThinkPHP\Lib\Core\View.class.php 第 174 行.
NOTIC: [8] Constant APP_TMPL_PATH already defined D:\phpStudy\WWW\dididi5\ThinkPHP\Lib\Core\View.class.php 第 175 行.
INFO: [ view_parse ] --START--
INFO: ParseTemplate Behavior ::run [ RunTime:0.004000s ]
INFO: [ view_parse ] --END-- [ RunTime:0.004000s ]
INFO: [ view_filter ] --START--
INFO: ContentReplace Behavior ::run [ RunTime:0.001000s ]
INFO: TokenBuild Behavior ::run [ RunTime:0.000000s ]
INFO: WriteHtmlCache Behavior ::run [ RunTime:0.000000s ]
INFO: ShowRuntime Behavior ::run [ RunTime:0.001000s ]
INFO: [ view_filter ] --END-- [ RunTime:0.002000s ]
INFO: [ view_end ] --START--
INFO: ShowPageTrace Behavior ::run [ RunTime:0.000000s ]
INFO: [ view_end ] --END-- [ RunTime:0.000000s ]

[ 2017-07-05T13:54:18+08:00 ] 0.0.0.0 /dididi5/index.php?g=Wap&m=User&a=user_6
INFO: [ app_begin ] --START--
INFO: ReadHtmlCache Behavior ::run [ RunTime:0.000000s ]
INFO: [ app_begin ] --END-- [ RunTime:0.000000s ]
NOTIC: [8] Constant THEME_NAME already defined D:\phpStudy\WWW\dididi5\ThinkPHP\Lib\Core\View.class.php 第 223 行.
NOTIC: [8] Constant THEME_PATH already defined D:\phpStudy\WWW\dididi5\ThinkPHP\Lib\Core\View.class.php 第 174 行.
NOTIC: [8] Constant APP_TMPL_PATH already defined D:\phpStudy\WWW\dididi5\ThinkPHP\Lib\Core\View.class.php 第 175 行.
INFO: [ view_parse ] --START--
INFO: ParseTemplate Behavior ::run [ RunTime:0.006000s ]
INFO: [ view_parse ] --END-- [ RunTime:0.006000s ]
INFO: [ view_filter ] --START--
INFO: ContentReplace Behavior ::run [ RunTime:0.000000s ]
INFO: TokenBuild Behavior ::run [ RunTime:0.000000s ]
INFO: WriteHtmlCache Behavior ::run [ RunTime:0.001000s ]
INFO: ShowRuntime Behavior ::run [ RunTime:0.000000s ]
INFO: [ view_filter ] --END-- [ RunTime:0.001000s ]
INFO: [ view_end ] --START--
INFO: ShowPageTrace Behavior ::run [ RunTime:0.001000s ]
INFO: [ view_end ] --END-- [ RunTime:0.001000s ]

[ 2017-07-05T13:54:21+08:00 ] 0.0.0.0 /dididi5/index.php?g=Wap&m=User&a=user_6
INFO: [ app_begin ] --START--
INFO: ReadHtmlCache Behavior ::run [ RunTime:0.000000s ]
INFO: [ app_begin ] --END-- [ RunTime:0.001000s ]
NOTIC: [8] Constant THEME_NAME already defined D:\phpStudy\WWW\dididi5\ThinkPHP\Lib\Core\View.class.php 第 223 行.
NOTIC: [8] Constant THEME_PATH already defined D:\phpStudy\WWW\dididi5\ThinkPHP\Lib\Core\View.class.php 第 174 行.
NOTIC: [8] Constant APP_TMPL_PATH already defined D:\phpStudy\WWW\dididi5\ThinkPHP\Lib\Core\View.class.php 第 175 行.
INFO: [ view_parse ] --START--
INFO: ParseTemplate Behavior ::run [ RunTime:0.006000s ]
INFO: [ view_parse ] --END-- [ RunTime:0.006000s ]
INFO: [ view_filter ] --START--
INFO: ContentReplace Behavior ::run [ RunTime:0.001000s ]
INFO: TokenBuild Behavior ::run [ RunTime:0.000000s ]
INFO: WriteHtmlCache Behavior ::run [ RunTime:0.000000s ]
INFO: ShowRuntime Behavior ::run [ RunTime:0.000000s ]
INFO: [ view_filter ] --END-- [ RunTime:0.001000s ]
INFO: [ view_end ] --START--
INFO: ShowPageTrace Behavior ::run [ RunTime:0.000000s ]
INFO: [ view_end ] --END-- [ RunTime:0.000000s ]

[ 2017-07-05T13:54:25+08:00 ] 0.0.0.0 /dididi5/index.php?g=Wap&m=User&a=user_7
INFO: [ app_begin ] --START--
INFO: ReadHtmlCache Behavior ::run [ RunTime:0.000000s ]
INFO: [ app_begin ] --END-- [ RunTime:0.000000s ]
NOTIC: [8] Constant THEME_NAME already defined D:\phpStudy\WWW\dididi5\ThinkPHP\Lib\Core\View.class.php 第 223 行.
NOTIC: [8] Constant THEME_PATH already defined D:\phpStudy\WWW\dididi5\ThinkPHP\Lib\Core\View.class.php 第 174 行.
NOTIC: [8] Constant APP_TMPL_PATH already defined D:\phpStudy\WWW\dididi5\ThinkPHP\Lib\Core\View.class.php 第 175 行.
INFO: [ view_parse ] --START--
INFO: ParseTemplate Behavior ::run [ RunTime:0.005000s ]
INFO: [ view_parse ] --END-- [ RunTime:0.005000s ]
INFO: [ view_filter ] --START--
INFO: ContentReplace Behavior ::run [ RunTime:0.001000s ]
INFO: TokenBuild Behavior ::run [ RunTime:0.000000s ]
INFO: WriteHtmlCache Behavior ::run [ RunTime:0.000000s ]
INFO: ShowRuntime Behavior ::run [ RunTime:0.001000s ]
INFO: [ view_filter ] --END-- [ RunTime:0.002000s ]
INFO: [ view_end ] --START--
INFO: ShowPageTrace Behavior ::run [ RunTime:0.000000s ]
INFO: [ view_end ] --END-- [ RunTime:0.000000s ]

[ 2017-07-05T13:54:31+08:00 ] 0.0.0.0 /dididi5/index.php?g=Wap&m=User&a=user_9
INFO: [ app_begin ] --START--
INFO: ReadHtmlCache Behavior ::run [ RunTime:0.001000s ]
INFO: [ app_begin ] --END-- [ RunTime:0.001000s ]
NOTIC: [8] Constant THEME_NAME already defined D:\phpStudy\WWW\dididi5\ThinkPHP\Lib\Core\View.class.php 第 223 行.
NOTIC: [8] Constant THEME_PATH already defined D:\phpStudy\WWW\dididi5\ThinkPHP\Lib\Core\View.class.php 第 174 行.
NOTIC: [8] Constant APP_TMPL_PATH already defined D:\phpStudy\WWW\dididi5\ThinkPHP\Lib\Core\View.class.php 第 175 行.
INFO: [ view_parse ] --START--
INFO: ParseTemplate Behavior ::run [ RunTime:0.005000s ]
INFO: [ view_parse ] --END-- [ RunTime:0.005000s ]
INFO: [ view_filter ] --START--
INFO: ContentReplace Behavior ::run [ RunTime:0.000000s ]
INFO: TokenBuild Behavior ::run [ RunTime:0.001000s ]
INFO: WriteHtmlCache Behavior ::run [ RunTime:0.000000s ]
INFO: ShowRuntime Behavior ::run [ RunTime:0.000000s ]
INFO: [ view_filter ] --END-- [ RunTime:0.001000s ]
INFO: [ view_end ] --START--
INFO: ShowPageTrace Behavior ::run [ RunTime:0.000000s ]
INFO: [ view_end ] --END-- [ RunTime:0.000000s ]

[ 2017-07-05T13:54:47+08:00 ] 0.0.0.0 /dididi5/index.php?g=Wap&m=User&a=user_5
INFO: [ app_begin ] --START--
INFO: ReadHtmlCache Behavior ::run [ RunTime:0.000000s ]
INFO: [ app_begin ] --END-- [ RunTime:0.000000s ]
NOTIC: [8] Constant THEME_NAME already defined D:\phpStudy\WWW\dididi5\ThinkPHP\Lib\Core\View.class.php 第 223 行.
NOTIC: [8] Constant THEME_PATH already defined D:\phpStudy\WWW\dididi5\ThinkPHP\Lib\Core\View.class.php 第 174 行.
NOTIC: [8] Constant APP_TMPL_PATH already defined D:\phpStudy\WWW\dididi5\ThinkPHP\Lib\Core\View.class.php 第 175 行.
INFO: [ view_parse ] --START--
INFO: ParseTemplate Behavior ::run [ RunTime:0.000000s ]
INFO: [ view_parse ] --END-- [ RunTime:0.000000s ]
INFO: [ view_filter ] --START--
INFO: ContentReplace Behavior ::run [ RunTime:0.000000s ]
INFO: TokenBuild Behavior ::run [ RunTime:0.000000s ]
INFO: WriteHtmlCache Behavior ::run [ RunTime:0.000000s ]
INFO: ShowRuntime Behavior ::run [ RunTime:0.000000s ]
INFO: [ view_filter ] --END-- [ RunTime:0.000000s ]
INFO: [ view_end ] --START--
INFO: ShowPageTrace Behavior ::run [ RunTime:0.000000s ]
INFO: [ view_end ] --END-- [ RunTime:0.000000s ]

[ 2017-07-05T13:54:58+08:00 ] 0.0.0.0 /dididi5/index.php?g=Wap&m=User&a=user_9
INFO: [ app_begin ] --START--
INFO: ReadHtmlCache Behavior ::run [ RunTime:0.000000s ]
INFO: [ app_begin ] --END-- [ RunTime:0.000000s ]
NOTIC: [8] Constant THEME_NAME already defined D:\phpStudy\WWW\dididi5\ThinkPHP\Lib\Core\View.class.php 第 223 行.
NOTIC: [8] Constant THEME_PATH already defined D:\phpStudy\WWW\dididi5\ThinkPHP\Lib\Core\View.class.php 第 174 行.
NOTIC: [8] Constant APP_TMPL_PATH already defined D:\phpStudy\WWW\dididi5\ThinkPHP\Lib\Core\View.class.php 第 175 行.
INFO: [ view_parse ] --START--
INFO: ParseTemplate Behavior ::run [ RunTime:0.019600s ]
INFO: [ view_parse ] --END-- [ RunTime:0.019600s ]
INFO: [ view_filter ] --START--
INFO: ContentReplace Behavior ::run [ RunTime:0.000000s ]
INFO: TokenBuild Behavior ::run [ RunTime:0.001000s ]
INFO: WriteHtmlCache Behavior ::run [ RunTime:0.000000s ]
INFO: ShowRuntime Behavior ::run [ RunTime:0.000000s ]
INFO: [ view_filter ] --END-- [ RunTime:0.001000s ]
INFO: [ view_end ] --START--
INFO: ShowPageTrace Behavior ::run [ RunTime:0.001000s ]
INFO: [ view_end ] --END-- [ RunTime:0.001000s ]

[ 2017-07-05T14:13:19+08:00 ] 0.0.0.0 /dididi5/index.php?g=Wap&m=User&a=user_9
INFO: [ app_begin ] --START--
INFO: ReadHtmlCache Behavior ::run [ RunTime:0.000000s ]
INFO: [ app_begin ] --END-- [ RunTime:0.000000s ]
NOTIC: [8] Constant THEME_NAME already defined D:\phpStudy\WWW\dididi5\ThinkPHP\Lib\Core\View.class.php 第 223 行.
NOTIC: [8] Constant THEME_PATH already defined D:\phpStudy\WWW\dididi5\ThinkPHP\Lib\Core\View.class.php 第 174 行.
NOTIC: [8] Constant APP_TMPL_PATH already defined D:\phpStudy\WWW\dididi5\ThinkPHP\Lib\Core\View.class.php 第 175 行.
INFO: [ view_parse ] --START--
INFO: ParseTemplate Behavior ::run [ RunTime:0.007001s ]
INFO: [ view_parse ] --END-- [ RunTime:0.007001s ]
INFO: [ view_filter ] --START--
INFO: ContentReplace Behavior ::run [ RunTime:0.001000s ]
INFO: TokenBuild Behavior ::run [ RunTime:0.000000s ]
INFO: WriteHtmlCache Behavior ::run [ RunTime:0.001000s ]
INFO: ShowRuntime Behavior ::run [ RunTime:0.000000s ]
INFO: [ view_filter ] --END-- [ RunTime:0.002000s ]
INFO: [ view_end ] --START--
INFO: ShowPageTrace Behavior ::run [ RunTime:0.001000s ]
INFO: [ view_end ] --END-- [ RunTime:0.001000s ]

[ 2017-07-05T14:13:20+08:00 ] 0.0.0.0 /dididi5/index.php?g=Wap&m=Index&a=logout
INFO: [ app_begin ] --START--
INFO: ReadHtmlCache Behavior ::run [ RunTime:0.000000s ]
INFO: [ app_begin ] --END-- [ RunTime:0.000000s ]

[ 2017-07-05T14:13:20+08:00 ] 0.0.0.0 /dididi5/index.php?g=Wap&m=Index&a=index
INFO: [ app_begin ] --START--
INFO: ReadHtmlCache Behavior ::run [ RunTime:0.000000s ]
INFO: [ app_begin ] --END-- [ RunTime:0.000000s ]
INFO: [ view_parse ] --START--
INFO: ParseTemplate Behavior ::run [ RunTime:0.005001s ]
INFO: [ view_parse ] --END-- [ RunTime:0.005001s ]
INFO: [ view_filter ] --START--
INFO: ContentReplace Behavior ::run [ RunTime:0.001000s ]
INFO: TokenBuild Behavior ::run [ RunTime:0.000000s ]
INFO: WriteHtmlCache Behavior ::run [ RunTime:0.000000s ]
INFO: ShowRuntime Behavior ::run [ RunTime:0.002000s ]
INFO: [ view_filter ] --END-- [ RunTime:0.003000s ]
INFO: [ view_end ] --START--
INFO: ShowPageTrace Behavior ::run [ RunTime:0.001000s ]
INFO: [ view_end ] --END-- [ RunTime:0.001000s ]

[ 2017-07-05T14:13:23+08:00 ] 0.0.0.0 /dididi5/index.php?g=Wap&m=Student&a=index
INFO: [ app_begin ] --START--
INFO: ReadHtmlCache Behavior ::run [ RunTime:0.000000s ]
INFO: [ app_begin ] --END-- [ RunTime:0.000000s ]
NOTIC: [8] Undefined index: teacher_tag D:\phpStudy\WWW\dididi5\App\Lib\Action\Wap\StudentAction.class.php 第 11 行.
SQL: SHOW COLUMNS FROM `by_demand_order` [ RunTime:0.003000s ]
SQL: SELECT * FROM `by_demand_order` WHERE ( `student_id` = null )  [ RunTime:0.000000s ]
NOTIC: [2] Invalid argument supplied for foreach() D:\phpStudy\WWW\dididi5\App\Lib\Action\Wap\StudentAction.class.php 第 22 行.
SQL: SHOW COLUMNS FROM `by_course_type` [ RunTime:0.003000s ]
SQL: SELECT * FROM `by_course_type` WHERE ( `cate_ParentId` = 0 ) LIMIT 4   [ RunTime:0.000000s ]
SQL: SHOW COLUMNS FROM `by_member_info` [ RunTime:0.003000s ]
SQL: SELECT * FROM `by_member_info` WHERE ( `member_id` = null ) LIMIT 1   [ RunTime:0.000000s ]
SQL: SELECT * FROM `by_member_info` WHERE ( `member_id` = null ) LIMIT 1   [ RunTime:0.000000s ]
INFO: [ view_parse ] --START--
INFO: ParseTemplate Behavior ::run [ RunTime:0.006001s ]
INFO: [ view_parse ] --END-- [ RunTime:0.006001s ]
INFO: [ view_filter ] --START--
INFO: ContentReplace Behavior ::run [ RunTime:0.001000s ]
INFO: TokenBuild Behavior ::run [ RunTime:0.000000s ]
INFO: WriteHtmlCache Behavior ::run [ RunTime:0.000000s ]
INFO: ShowRuntime Behavior ::run [ RunTime:0.001000s ]
INFO: [ view_filter ] --END-- [ RunTime:0.002000s ]
INFO: [ view_end ] --START--
INFO: ShowPageTrace Behavior ::run [ RunTime:0.000000s ]
INFO: [ view_end ] --END-- [ RunTime:0.000000s ]

[ 2017-07-05T14:13:27+08:00 ] 0.0.0.0 /dididi5/index.php?g=Wap&m=User&a=user_9
INFO: [ app_begin ] --START--
INFO: ReadHtmlCache Behavior ::run [ RunTime:0.000000s ]
INFO: [ app_begin ] --END-- [ RunTime:0.000000s ]
NOTIC: [8] Constant THEME_NAME already defined D:\phpStudy\WWW\dididi5\ThinkPHP\Lib\Core\View.class.php 第 223 行.
NOTIC: [8] Constant THEME_PATH already defined D:\phpStudy\WWW\dididi5\ThinkPHP\Lib\Core\View.class.php 第 174 行.
NOTIC: [8] Constant APP_TMPL_PATH already defined D:\phpStudy\WWW\dididi5\ThinkPHP\Lib\Core\View.class.php 第 175 行.
INFO: [ view_parse ] --START--
INFO: ParseTemplate Behavior ::run [ RunTime:0.005001s ]
INFO: [ view_parse ] --END-- [ RunTime:0.005001s ]
INFO: [ view_filter ] --START--
INFO: ContentReplace Behavior ::run [ RunTime:0.000000s ]
INFO: TokenBuild Behavior ::run [ RunTime:0.001000s ]
INFO: WriteHtmlCache Behavior ::run [ RunTime:0.000000s ]
INFO: ShowRuntime Behavior ::run [ RunTime:0.000000s ]
INFO: [ view_filter ] --END-- [ RunTime:0.001000s ]
INFO: [ view_end ] --START--
INFO: ShowPageTrace Behavior ::run [ RunTime:0.000000s ]
INFO: [ view_end ] --END-- [ RunTime:0.000000s ]

[ 2017-07-05T14:13:29+08:00 ] 0.0.0.0 /dididi5/index.php?g=Wap&m=User&a=user_5
INFO: [ app_begin ] --START--
INFO: ReadHtmlCache Behavior ::run [ RunTime:0.000000s ]
INFO: [ app_begin ] --END-- [ RunTime:0.000000s ]
NOTIC: [8] Constant THEME_NAME already defined D:\phpStudy\WWW\dididi5\ThinkPHP\Lib\Core\View.class.php 第 223 行.
NOTIC: [8] Constant THEME_PATH already defined D:\phpStudy\WWW\dididi5\ThinkPHP\Lib\Core\View.class.php 第 174 行.
NOTIC: [8] Constant APP_TMPL_PATH already defined D:\phpStudy\WWW\dididi5\ThinkPHP\Lib\Core\View.class.php 第 175 行.
INFO: [ view_parse ] --START--
INFO: ParseTemplate Behavior ::run [ RunTime:0.006000s ]
INFO: [ view_parse ] --END-- [ RunTime:0.006000s ]
INFO: [ view_filter ] --START--
INFO: ContentReplace Behavior ::run [ RunTime:0.000000s ]
INFO: TokenBuild Behavior ::run [ RunTime:0.001000s ]
INFO: WriteHtmlCache Behavior ::run [ RunTime:0.000000s ]
INFO: ShowRuntime Behavior ::run [ RunTime:0.000000s ]
INFO: [ view_filter ] --END-- [ RunTime:0.001000s ]
INFO: [ view_end ] --START--
INFO: ShowPageTrace Behavior ::run [ RunTime:0.001000s ]
INFO: [ view_end ] --END-- [ RunTime:0.001000s ]

[ 2017-07-05T14:22:10+08:00 ] 0.0.0.0 /dididi5/index.php?g=Wap&m=User&a=user_2
INFO: [ app_begin ] --START--
INFO: ReadHtmlCache Behavior ::run [ RunTime:0.000000s ]
INFO: [ app_begin ] --END-- [ RunTime:0.000000s ]
INFO: [ view_parse ] --START--
INFO: ParseTemplate Behavior ::run [ RunTime:0.000000s ]
INFO: [ view_parse ] --END-- [ RunTime:0.000000s ]
INFO: [ view_filter ] --START--
INFO: ContentReplace Behavior ::run [ RunTime:0.000000s ]
INFO: TokenBuild Behavior ::run [ RunTime:0.000000s ]
INFO: WriteHtmlCache Behavior ::run [ RunTime:0.000000s ]
INFO: ShowRuntime Behavior ::run [ RunTime:0.000000s ]
INFO: [ view_filter ] --END-- [ RunTime:0.000000s ]
INFO: [ view_end ] --START--
INFO: ShowPageTrace Behavior ::run [ RunTime:0.000000s ]
INFO: [ view_end ] --END-- [ RunTime:0.000000s ]

[ 2017-07-05T14:22:14+08:00 ] 0.0.0.0 /dididi5/index.php?g=Wap&m=User&a=user_2
INFO: [ app_begin ] --START--
INFO: ReadHtmlCache Behavior ::run [ RunTime:0.000000s ]
INFO: [ app_begin ] --END-- [ RunTime:0.000000s ]
INFO: [ view_parse ] --START--
INFO: ParseTemplate Behavior ::run [ RunTime:0.006000s ]
INFO: [ view_parse ] --END-- [ RunTime:0.006000s ]
INFO: [ view_filter ] --START--
INFO: ContentReplace Behavior ::run [ RunTime:0.000000s ]
INFO: TokenBuild Behavior ::run [ RunTime:0.000000s ]
INFO: WriteHtmlCache Behavior ::run [ RunTime:0.000000s ]
INFO: ShowRuntime Behavior ::run [ RunTime:0.001000s ]
INFO: [ view_filter ] --END-- [ RunTime:0.001000s ]
INFO: [ view_end ] --START--
INFO: ShowPageTrace Behavior ::run [ RunTime:0.000000s ]
INFO: [ view_end ] --END-- [ RunTime:0.001000s ]

[ 2017-07-05T14:38:58+08:00 ] 0.0.0.0 /dididi5/index.php?g=Wap&m=User&a=user_2
INFO: [ app_begin ] --START--
INFO: ReadHtmlCache Behavior ::run [ RunTime:0.001000s ]
INFO: [ app_begin ] --END-- [ RunTime:0.001000s ]
SQL: SHOW COLUMNS FROM `by_order_info` [ RunTime:0.004001s ]
SQL: SELECT * FROM `by_order_info` WHERE ( `student_id` = 1 )  [ RunTime:0.000000s ]
NOTIC: [2] Invalid argument supplied for foreach() D:\phpStudy\WWW\dididi5\App\Common\common.php 第 33 行.
INFO: [ view_parse ] --START--
INFO: ParseTemplate Behavior ::run [ RunTime:0.006000s ]
INFO: [ view_parse ] --END-- [ RunTime:0.006000s ]
INFO: [ view_filter ] --START--
INFO: ContentReplace Behavior ::run [ RunTime:0.001000s ]
INFO: TokenBuild Behavior ::run [ RunTime:0.000000s ]
INFO: WriteHtmlCache Behavior ::run [ RunTime:0.001000s ]
INFO: ShowRuntime Behavior ::run [ RunTime:0.000000s ]
INFO: [ view_filter ] --END-- [ RunTime:0.002000s ]
INFO: [ view_end ] --START--
INFO: ShowPageTrace Behavior ::run [ RunTime:0.001000s ]
INFO: [ view_end ] --END-- [ RunTime:0.001000s ]

[ 2017-07-05T14:39:09+08:00 ] 0.0.0.0 /dididi5/index.php?g=Wap&m=User&a=user_2
INFO: [ app_begin ] --START--
INFO: ReadHtmlCache Behavior ::run [ RunTime:0.001000s ]
INFO: [ app_begin ] --END-- [ RunTime:0.001000s ]
SQL: SHOW COLUMNS FROM `by_order_info` [ RunTime:0.003000s ]
SQL: SELECT * FROM `by_order_info` WHERE ( `student_id` = 1 )  [ RunTime:0.001001s ]
NOTIC: [2] Invalid argument supplied for foreach() D:\phpStudy\WWW\dididi5\App\Common\common.php 第 33 行.

[ 2017-07-05T14:39:40+08:00 ] 0.0.0.0 /dididi5/index.php?g=Wap&m=User&a=user_2
INFO: [ app_begin ] --START--
INFO: ReadHtmlCache Behavior ::run [ RunTime:0.000000s ]
INFO: [ app_begin ] --END-- [ RunTime:0.000000s ]
SQL: SHOW COLUMNS FROM `by_order_info` [ RunTime:0.002000s ]
SQL: SELECT * FROM `by_order_info` WHERE ( `student_id` = 1 )  [ RunTime:0.001000s ]
SQL: SHOW COLUMNS FROM `by_demand` [ RunTime:0.002000s ]
ERR: 1146:Table 'by_shop.by_demand' doesn't exist
 [ SQL语句 ] : SHOW COLUMNS FROM `by_demand`
SQL: SELECT * FROM `by_demand` WHERE ( `id` = '18' ) LIMIT 1   [ RunTime:0.001000s ]
ERR: 1146:Table 'by_shop.by_demand' doesn't exist
 [ SQL语句 ] : SELECT * FROM `by_demand` WHERE ( `id` = '18' ) LIMIT 1  
SQL: SHOW COLUMNS FROM `by_member_info` [ RunTime:0.003000s ]
SQL: SELECT * FROM `by_member_info` WHERE ( `member_id` = 1 ) LIMIT 1   [ RunTime:0.001000s ]

[ 2017-07-05T14:42:29+08:00 ] 0.0.0.0 /dididi5/index.php?g=Wap&m=User&a=user_2
INFO: [ app_begin ] --START--
INFO: ReadHtmlCache Behavior ::run [ RunTime:0.001000s ]
INFO: [ app_begin ] --END-- [ RunTime:0.001000s ]
SQL: SHOW COLUMNS FROM `by_order_info` [ RunTime:0.002000s ]
SQL: SELECT * FROM `by_order_info` WHERE ( `student_id` = 1 )  [ RunTime:0.000000s ]
SQL: SHOW COLUMNS FROM `by_demand` [ RunTime:0.002000s ]
ERR: 1146:Table 'by_shop.by_demand' doesn't exist
 [ SQL语句 ] : SHOW COLUMNS FROM `by_demand`
SQL: SELECT * FROM `by_demand` WHERE ( `id` = '18' ) LIMIT 1   [ RunTime:0.000000s ]
ERR: 1146:Table 'by_shop.by_demand' doesn't exist
 [ SQL语句 ] : SELECT * FROM `by_demand` WHERE ( `id` = '18' ) LIMIT 1  
SQL: SHOW COLUMNS FROM `by_member_info` [ RunTime:0.003000s ]
SQL: SELECT * FROM `by_member_info` WHERE ( `member_id` = 1 ) LIMIT 1   [ RunTime:0.000000s ]

[ 2017-07-05T14:43:57+08:00 ] 0.0.0.0 /dididi5/index.php?g=Wap&m=User&a=user_2
INFO: [ app_begin ] --START--
INFO: ReadHtmlCache Behavior ::run [ RunTime:0.000000s ]
INFO: [ app_begin ] --END-- [ RunTime:0.000000s ]
SQL: SHOW COLUMNS FROM `by_order_info` [ RunTime:0.003000s ]
SQL: SELECT * FROM `by_order_info` WHERE ( `student_id` = 1 ) ORDER BY date desc  [ RunTime:0.001000s ]
SQL: SHOW COLUMNS FROM `by_demand` [ RunTime:0.002001s ]
ERR: 1146:Table 'by_shop.by_demand' doesn't exist
 [ SQL语句 ] : SHOW COLUMNS FROM `by_demand`
SQL: SELECT * FROM `by_demand` WHERE ( `id` = '18' ) LIMIT 1   [ RunTime:0.001000s ]
ERR: 1146:Table 'by_shop.by_demand' doesn't exist
 [ SQL语句 ] : SELECT * FROM `by_demand` WHERE ( `id` = '18' ) LIMIT 1  
SQL: SHOW COLUMNS FROM `by_member_info` [ RunTime:0.003000s ]
SQL: SELECT * FROM `by_member_info` WHERE ( `member_id` = 1 ) LIMIT 1   [ RunTime:0.000000s ]

[ 2017-07-05T14:45:21+08:00 ] 0.0.0.0 /dididi5/index.php?g=Wap&m=User&a=user_2
INFO: [ app_begin ] --START--
INFO: ReadHtmlCache Behavior ::run [ RunTime:0.001000s ]
INFO: [ app_begin ] --END-- [ RunTime:0.001000s ]
SQL: SHOW COLUMNS FROM `by_order_info` [ RunTime:0.002000s ]
SQL: SELECT * FROM `by_order_info` WHERE ( `student_id` = 1 ) ORDER BY date desc  [ RunTime:0.000000s ]
SQL: SHOW COLUMNS FROM `by_demand` [ RunTime:0.002000s ]
ERR: 1146:Table 'by_shop.by_demand' doesn't exist
 [ SQL语句 ] : SHOW COLUMNS FROM `by_demand`
SQL: SELECT * FROM `by_demand` WHERE ( `id` = '18' ) LIMIT 1   [ RunTime:0.001000s ]
ERR: 1146:Table 'by_shop.by_demand' doesn't exist
 [ SQL语句 ] : SELECT * FROM `by_demand` WHERE ( `id` = '18' ) LIMIT 1  
SQL: SHOW COLUMNS FROM `by_member_info` [ RunTime:0.003000s ]
SQL: SELECT * FROM `by_member_info` WHERE ( `member_id` = 1 ) LIMIT 1   [ RunTime:0.000000s ]
INFO: [ view_parse ] --START--
INFO: ParseTemplate Behavior ::run [ RunTime:0.008001s ]
INFO: [ view_parse ] --END-- [ RunTime:0.008001s ]
INFO: [ view_filter ] --START--
INFO: ContentReplace Behavior ::run [ RunTime:0.000000s ]
INFO: TokenBuild Behavior ::run [ RunTime:0.001000s ]
INFO: WriteHtmlCache Behavior ::run [ RunTime:0.000000s ]
INFO: ShowRuntime Behavior ::run [ RunTime:0.001000s ]
INFO: [ view_filter ] --END-- [ RunTime:0.002000s ]
INFO: [ view_end ] --START--
INFO: ShowPageTrace Behavior ::run [ RunTime:0.000000s ]
INFO: [ view_end ] --END-- [ RunTime:0.000000s ]

[ 2017-07-05T14:46:05+08:00 ] 0.0.0.0 /dididi5/index.php?g=Wap&m=User&a=user_2
INFO: [ app_begin ] --START--
INFO: ReadHtmlCache Behavior ::run [ RunTime:0.001000s ]
INFO: [ app_begin ] --END-- [ RunTime:0.001000s ]
SQL: SHOW COLUMNS FROM `by_order_info` [ RunTime:0.003000s ]
SQL: SELECT * FROM `by_order_info` WHERE ( `student_id` = 1 ) ORDER BY date desc  [ RunTime:0.000000s ]
SQL: SHOW COLUMNS FROM `by_demand` [ RunTime:0.002000s ]
ERR: 1146:Table 'by_shop.by_demand' doesn't exist
 [ SQL语句 ] : SHOW COLUMNS FROM `by_demand`
SQL: SELECT * FROM `by_demand` WHERE ( `id` = '18' ) LIMIT 1   [ RunTime:0.000000s ]
ERR: 1146:Table 'by_shop.by_demand' doesn't exist
 [ SQL语句 ] : SELECT * FROM `by_demand` WHERE ( `id` = '18' ) LIMIT 1  
SQL: SHOW COLUMNS FROM `by_member_info` [ RunTime:0.003000s ]
SQL: SELECT * FROM `by_member_info` WHERE ( `member_id` = 1 ) LIMIT 1   [ RunTime:0.000000s ]
SQL: SELECT * FROM `by_demand` WHERE ( `id` = '18' ) LIMIT 1   [ RunTime:0.000000s ]
ERR: 1146:Table 'by_shop.by_demand' doesn't exist
 [ SQL语句 ] : SELECT * FROM `by_demand` WHERE ( `id` = '18' ) LIMIT 1  
SQL: SELECT * FROM `by_member_info` WHERE ( `member_id` = 1 ) LIMIT 1   [ RunTime:0.000000s ]
INFO: [ view_parse ] --START--
INFO: ParseTemplate Behavior ::run [ RunTime:0.007000s ]
INFO: [ view_parse ] --END-- [ RunTime:0.007000s ]
INFO: [ view_filter ] --START--
INFO: ContentReplace Behavior ::run [ RunTime:0.001000s ]
INFO: TokenBuild Behavior ::run [ RunTime:0.000000s ]
INFO: WriteHtmlCache Behavior ::run [ RunTime:0.001000s ]
INFO: ShowRuntime Behavior ::run [ RunTime:0.000000s ]
INFO: [ view_filter ] --END-- [ RunTime:0.002000s ]
INFO: [ view_end ] --START--
INFO: ShowPageTrace Behavior ::run [ RunTime:0.001001s ]
INFO: [ view_end ] --END-- [ RunTime:0.001001s ]

[ 2017-07-05T14:46:31+08:00 ] 0.0.0.0 /dididi5/index.php?g=Wap&m=User&a=user_2
INFO: [ app_begin ] --START--
INFO: ReadHtmlCache Behavior ::run [ RunTime:0.000000s ]
INFO: [ app_begin ] --END-- [ RunTime:0.000000s ]
SQL: SHOW COLUMNS FROM `by_order_info` [ RunTime:0.002001s ]
SQL: SELECT * FROM `by_order_info` WHERE ( `student_id` = 1 ) ORDER BY date desc  [ RunTime:0.001000s ]
SQL: SHOW COLUMNS FROM `by_demand` [ RunTime:0.002000s ]
ERR: 1146:Table 'by_shop.by_demand' doesn't exist
 [ SQL语句 ] : SHOW COLUMNS FROM `by_demand`
SQL: SELECT * FROM `by_demand` WHERE ( `id` = '18' ) LIMIT 1   [ RunTime:0.001000s ]
ERR: 1146:Table 'by_shop.by_demand' doesn't exist
 [ SQL语句 ] : SELECT * FROM `by_demand` WHERE ( `id` = '18' ) LIMIT 1  
SQL: SHOW COLUMNS FROM `by_member_info` [ RunTime:0.002000s ]
SQL: SELECT * FROM `by_member_info` WHERE ( `member_id` = 1 ) LIMIT 1   [ RunTime:0.000000s ]
SQL: SELECT * FROM `by_demand` WHERE ( `id` = '18' ) LIMIT 1   [ RunTime:0.000000s ]
ERR: 1146:Table 'by_shop.by_demand' doesn't exist
 [ SQL语句 ] : SELECT * FROM `by_demand` WHERE ( `id` = '18' ) LIMIT 1  
SQL: SELECT * FROM `by_member_info` WHERE ( `member_id` = 1 ) LIMIT 1   [ RunTime:0.000000s ]
INFO: [ view_parse ] --START--
INFO: ParseTemplate Behavior ::run [ RunTime:0.007000s ]
INFO: [ view_parse ] --END-- [ RunTime:0.007000s ]
INFO: [ view_filter ] --START--
INFO: ContentReplace Behavior ::run [ RunTime:0.000000s ]
INFO: TokenBuild Behavior ::run [ RunTime:0.000000s ]
INFO: WriteHtmlCache Behavior ::run [ RunTime:0.001000s ]
INFO: ShowRuntime Behavior ::run [ RunTime:0.000000s ]
INFO: [ view_filter ] --END-- [ RunTime:0.002001s ]
INFO: [ view_end ] --START--
INFO: ShowPageTrace Behavior ::run [ RunTime:0.001000s ]
INFO: [ view_end ] --END-- [ RunTime:0.001000s ]

[ 2017-07-05T14:47:11+08:00 ] 0.0.0.0 /dididi5/index.php?g=Wap&m=User&a=user_2
INFO: [ app_begin ] --START--
INFO: ReadHtmlCache Behavior ::run [ RunTime:0.000000s ]
INFO: [ app_begin ] --END-- [ RunTime:0.000000s ]
SQL: SHOW COLUMNS FROM `by_order_info` [ RunTime:0.002000s ]
SQL: SELECT * FROM `by_order_info` WHERE ( `student_id` = 1 ) ORDER BY date desc  [ RunTime:0.000000s ]
SQL: SHOW COLUMNS FROM `by_demand` [ RunTime:0.003000s ]
ERR: 1146:Table 'by_shop.by_demand' doesn't exist
 [ SQL语句 ] : SHOW COLUMNS FROM `by_demand`
SQL: SELECT * FROM `by_demand` WHERE ( `id` = '18' ) LIMIT 1   [ RunTime:0.000000s ]
ERR: 1146:Table 'by_shop.by_demand' doesn't exist
 [ SQL语句 ] : SELECT * FROM `by_demand` WHERE ( `id` = '18' ) LIMIT 1  
SQL: SHOW COLUMNS FROM `by_member_info` [ RunTime:0.003000s ]
SQL: SELECT * FROM `by_member_info` WHERE ( `member_id` = 1 ) LIMIT 1   [ RunTime:0.001000s ]
SQL: SELECT * FROM `by_demand` WHERE ( `id` = '18' ) LIMIT 1   [ RunTime:0.000000s ]
ERR: 1146:Table 'by_shop.by_demand' doesn't exist
 [ SQL语句 ] : SELECT * FROM `by_demand` WHERE ( `id` = '18' ) LIMIT 1  
SQL: SELECT * FROM `by_member_info` WHERE ( `member_id` = 1 ) LIMIT 1   [ RunTime:0.000000s ]
INFO: [ view_parse ] --START--
INFO: ParseTemplate Behavior ::run [ RunTime:0.006000s ]
INFO: [ view_parse ] --END-- [ RunTime:0.007000s ]
INFO: [ view_filter ] --START--
INFO: ContentReplace Behavior ::run [ RunTime:0.000000s ]
INFO: TokenBuild Behavior ::run [ RunTime:0.000000s ]
INFO: WriteHtmlCache Behavior ::run [ RunTime:0.000000s ]
INFO: ShowRuntime Behavior ::run [ RunTime:0.001000s ]
INFO: [ view_filter ] --END-- [ RunTime:0.001000s ]
INFO: [ view_end ] --START--
INFO: ShowPageTrace Behavior ::run [ RunTime:0.000000s ]
INFO: [ view_end ] --END-- [ RunTime:0.000000s ]

[ 2017-07-05T14:47:42+08:00 ] 0.0.0.0 /dididi5/index.php?g=Wap&m=User&a=user_2
INFO: [ app_begin ] --START--
INFO: ReadHtmlCache Behavior ::run [ RunTime:0.001000s ]
INFO: [ app_begin ] --END-- [ RunTime:0.001000s ]
SQL: SHOW COLUMNS FROM `by_order_info` [ RunTime:0.003001s ]
SQL: SELECT * FROM `by_order_info` WHERE ( `student_id` = 1 ) ORDER BY date desc  [ RunTime:0.000000s ]
SQL: SHOW COLUMNS FROM `by_demand` [ RunTime:0.003000s ]
ERR: 1146:Table 'by_shop.by_demand' doesn't exist
 [ SQL语句 ] : SHOW COLUMNS FROM `by_demand`
SQL: SELECT * FROM `by_demand` WHERE ( `id` = '18' ) LIMIT 1   [ RunTime:0.000000s ]
ERR: 1146:Table 'by_shop.by_demand' doesn't exist
 [ SQL语句 ] : SELECT * FROM `by_demand` WHERE ( `id` = '18' ) LIMIT 1  
SQL: SHOW COLUMNS FROM `by_member_info` [ RunTime:0.002000s ]
SQL: SELECT * FROM `by_member_info` WHERE ( `member_id` = 1 ) LIMIT 1   [ RunTime:0.000000s ]
SQL: SELECT * FROM `by_demand` WHERE ( `id` = '18' ) LIMIT 1   [ RunTime:0.000000s ]
ERR: 1146:Table 'by_shop.by_demand' doesn't exist
 [ SQL语句 ] : SELECT * FROM `by_demand` WHERE ( `id` = '18' ) LIMIT 1  
SQL: SELECT * FROM `by_member_info` WHERE ( `member_id` = 1 ) LIMIT 1   [ RunTime:0.001000s ]

[ 2017-07-05T14:49:14+08:00 ] 0.0.0.0 /dididi5/index.php?g=Wap&m=User&a=user_2
INFO: [ app_begin ] --START--
INFO: ReadHtmlCache Behavior ::run [ RunTime:0.000000s ]
INFO: [ app_begin ] --END-- [ RunTime:0.001000s ]
SQL: SHOW COLUMNS FROM `by_order_info` [ RunTime:0.002000s ]
SQL: SELECT * FROM `by_order_info` WHERE ( `student_id` = 1 ) ORDER BY date desc  [ RunTime:0.001000s ]
SQL: SHOW COLUMNS FROM `by_demand_order` [ RunTime:0.003000s ]
SQL: SELECT * FROM `by_demand_order` WHERE ( `demand_id` = 18 ) LIMIT 1   [ RunTime:0.000000s ]
SQL: SHOW COLUMNS FROM `by_member_info` [ RunTime:0.003000s ]
SQL: SELECT * FROM `by_member_info` WHERE ( `member_id` = 1 ) LIMIT 1   [ RunTime:0.000000s ]
SQL: SELECT * FROM `by_demand_order` WHERE ( `demand_id` = 18 ) LIMIT 1   [ RunTime:0.000000s ]
SQL: SELECT * FROM `by_member_info` WHERE ( `member_id` = 1 ) LIMIT 1   [ RunTime:0.000000s ]

[ 2017-07-05T14:49:24+08:00 ] 0.0.0.0 /dididi5/index.php?g=Wap&m=User&a=user_2
INFO: [ app_begin ] --START--
INFO: ReadHtmlCache Behavior ::run [ RunTime:0.001000s ]
INFO: [ app_begin ] --END-- [ RunTime:0.001000s ]
SQL: SHOW COLUMNS FROM `by_order_info` [ RunTime:0.002000s ]
SQL: SELECT * FROM `by_order_info` WHERE ( `student_id` = 1 ) ORDER BY date desc  [ RunTime:0.000000s ]
SQL: SHOW COLUMNS FROM `by_demand_order` [ RunTime:0.003000s ]
SQL: SELECT * FROM `by_demand_order` WHERE ( `demand_id` = 18 ) LIMIT 1   [ RunTime:0.000000s ]
SQL: SHOW COLUMNS FROM `by_member_info` [ RunTime:0.003000s ]
SQL: SELECT * FROM `by_member_info` WHERE ( `member_id` = 1 ) LIMIT 1   [ RunTime:0.001000s ]
SQL: SELECT * FROM `by_demand_order` WHERE ( `demand_id` = 18 ) LIMIT 1   [ RunTime:0.001000s ]
SQL: SELECT * FROM `by_member_info` WHERE ( `member_id` = 1 ) LIMIT 1   [ RunTime:0.000000s ]
INFO: [ view_parse ] --START--
INFO: ParseTemplate Behavior ::run [ RunTime:0.007001s ]
INFO: [ view_parse ] --END-- [ RunTime:0.007001s ]
INFO: [ view_filter ] --START--
INFO: ContentReplace Behavior ::run [ RunTime:0.000000s ]
INFO: TokenBuild Behavior ::run [ RunTime:0.001000s ]
INFO: WriteHtmlCache Behavior ::run [ RunTime:0.000000s ]
INFO: ShowRuntime Behavior ::run [ RunTime:0.000000s ]
INFO: [ view_filter ] --END-- [ RunTime:0.001000s ]
INFO: [ view_end ] --START--
INFO: ShowPageTrace Behavior ::run [ RunTime:0.000000s ]
INFO: [ view_end ] --END-- [ RunTime:0.000000s ]

[ 2017-07-05T14:56:35+08:00 ] 0.0.0.0 /dididi5/index.php?g=Wap&m=User&a=user_2
INFO: [ app_begin ] --START--
INFO: ReadHtmlCache Behavior ::run [ RunTime:0.001000s ]
INFO: [ app_begin ] --END-- [ RunTime:0.001000s ]
SQL: SHOW COLUMNS FROM `by_order_info` [ RunTime:0.003000s ]
SQL: SELECT * FROM `by_order_info` WHERE ( `student_id` = 1 ) ORDER BY date desc  [ RunTime:0.001000s ]
SQL: SHOW COLUMNS FROM `by_demand_order` [ RunTime:0.004001s ]
SQL: SELECT * FROM `by_demand_order` WHERE ( `demand_id` = 18 ) LIMIT 1   [ RunTime:0.000000s ]
SQL: SHOW COLUMNS FROM `by_member_info` [ RunTime:0.002000s ]
SQL: SELECT * FROM `by_member_info` WHERE ( `member_id` = 1 ) LIMIT 1   [ RunTime:0.000000s ]
SQL: SELECT * FROM `by_demand_order` WHERE ( `demand_id` = 18 ) LIMIT 1   [ RunTime:0.000000s ]
SQL: SELECT * FROM `by_member_info` WHERE ( `member_id` = 1 ) LIMIT 1   [ RunTime:0.001000s ]
INFO: [ view_parse ] --START--
INFO: ParseTemplate Behavior ::run [ RunTime:0.007000s ]
INFO: [ view_parse ] --END-- [ RunTime:0.007000s ]
INFO: [ view_filter ] --START--
INFO: ContentReplace Behavior ::run [ RunTime:0.000000s ]
INFO: TokenBuild Behavior ::run [ RunTime:0.000000s ]
INFO: WriteHtmlCache Behavior ::run [ RunTime:0.001000s ]
INFO: ShowRuntime Behavior ::run [ RunTime:0.000000s ]
INFO: [ view_filter ] --END-- [ RunTime:0.001000s ]
INFO: [ view_end ] --START--
INFO: ShowPageTrace Behavior ::run [ RunTime:0.001000s ]
INFO: [ view_end ] --END-- [ RunTime:0.001000s ]

[ 2017-07-05T14:56:51+08:00 ] 0.0.0.0 /dididi5/index.php?g=Wap&m=User&a=user_2
INFO: [ app_begin ] --START--
INFO: ReadHtmlCache Behavior ::run [ RunTime:0.001000s ]
INFO: [ app_begin ] --END-- [ RunTime:0.001000s ]
SQL: SHOW COLUMNS FROM `by_order_info` [ RunTime:0.002001s ]
SQL: SELECT * FROM `by_order_info` WHERE ( `student_id` = 1 ) ORDER BY date desc  [ RunTime:0.000000s ]
SQL: SHOW COLUMNS FROM `by_demand_order` [ RunTime:0.003000s ]
SQL: SELECT * FROM `by_demand_order` WHERE ( `demand_id` = 18 ) LIMIT 1   [ RunTime:0.001000s ]
SQL: SHOW COLUMNS FROM `by_member_info` [ RunTime:0.003000s ]
SQL: SELECT * FROM `by_member_info` WHERE ( `member_id` = 1 ) LIMIT 1   [ RunTime:0.000000s ]
SQL: SELECT * FROM `by_demand_order` WHERE ( `demand_id` = 18 ) LIMIT 1   [ RunTime:0.000000s ]
SQL: SELECT * FROM `by_member_info` WHERE ( `member_id` = 1 ) LIMIT 1   [ RunTime:0.000000s ]
INFO: [ view_parse ] --START--
INFO: ParseTemplate Behavior ::run [ RunTime:0.008000s ]
INFO: [ view_parse ] --END-- [ RunTime:0.008000s ]
INFO: [ view_filter ] --START--
INFO: ContentReplace Behavior ::run [ RunTime:0.001001s ]
INFO: TokenBuild Behavior ::run [ RunTime:0.000000s ]
INFO: WriteHtmlCache Behavior ::run [ RunTime:0.000000s ]
INFO: ShowRuntime Behavior ::run [ RunTime:0.001000s ]
INFO: [ view_filter ] --END-- [ RunTime:0.002001s ]
INFO: [ view_end ] --START--
INFO: ShowPageTrace Behavior ::run [ RunTime:0.000000s ]
INFO: [ view_end ] --END-- [ RunTime:0.000000s ]

[ 2017-07-05T14:57:05+08:00 ] 0.0.0.0 /dididi5/index.php?g=Wap&m=User&a=user_2
INFO: [ app_begin ] --START--
INFO: ReadHtmlCache Behavior ::run [ RunTime:0.001000s ]
INFO: [ app_begin ] --END-- [ RunTime:0.001000s ]
SQL: SHOW COLUMNS FROM `by_order_info` [ RunTime:0.003000s ]
SQL: SELECT * FROM `by_order_info` WHERE ( `student_id` = 1 ) ORDER BY date desc  [ RunTime:0.000000s ]
SQL: SHOW COLUMNS FROM `by_demand_order` [ RunTime:0.002000s ]
SQL: SELECT * FROM `by_demand_order` WHERE ( `demand_id` = 18 ) LIMIT 1   [ RunTime:0.001000s ]
SQL: SHOW COLUMNS FROM `by_member_info` [ RunTime:0.003000s ]
SQL: SELECT * FROM `by_member_info` WHERE ( `member_id` = 1 ) LIMIT 1   [ RunTime:0.000000s ]
SQL: SELECT * FROM `by_demand_order` WHERE ( `demand_id` = 18 ) LIMIT 1   [ RunTime:0.000000s ]
SQL: SELECT * FROM `by_member_info` WHERE ( `member_id` = 1 ) LIMIT 1   [ RunTime:0.001000s ]
INFO: [ view_parse ] --START--
INFO: ParseTemplate Behavior ::run [ RunTime:0.006001s ]
INFO: [ view_parse ] --END-- [ RunTime:0.007001s ]
INFO: [ view_filter ] --START--
INFO: ContentReplace Behavior ::run [ RunTime:0.000000s ]
INFO: TokenBuild Behavior ::run [ RunTime:0.000000s ]
INFO: WriteHtmlCache Behavior ::run [ RunTime:0.000000s ]
INFO: ShowRuntime Behavior ::run [ RunTime:0.001000s ]
INFO: [ view_filter ] --END-- [ RunTime:0.001000s ]
INFO: [ view_end ] --START--
INFO: ShowPageTrace Behavior ::run [ RunTime:0.000000s ]
INFO: [ view_end ] --END-- [ RunTime:0.000000s ]

[ 2017-07-05T14:57:23+08:00 ] 0.0.0.0 /dididi5/index.php?g=Wap&m=User&a=user_2
INFO: [ app_begin ] --START--
INFO: ReadHtmlCache Behavior ::run [ RunTime:0.000000s ]
INFO: [ app_begin ] --END-- [ RunTime:0.001000s ]
SQL: SHOW COLUMNS FROM `by_order_info` [ RunTime:0.002000s ]
SQL: SELECT * FROM `by_order_info` WHERE ( `student_id` = 1 ) ORDER BY date desc  [ RunTime:0.000000s ]
SQL: SHOW COLUMNS FROM `by_demand_order` [ RunTime:0.003000s ]
SQL: SELECT * FROM `by_demand_order` WHERE ( `demand_id` = 18 ) LIMIT 1   [ RunTime:0.000000s ]
SQL: SHOW COLUMNS FROM `by_member_info` [ RunTime:0.003000s ]
SQL: SELECT * FROM `by_member_info` WHERE ( `member_id` = 1 ) LIMIT 1   [ RunTime:0.000000s ]
SQL: SELECT * FROM `by_demand_order` WHERE ( `demand_id` = 18 ) LIMIT 1   [ RunTime:0.001000s ]
SQL: SELECT * FROM `by_member_info` WHERE ( `member_id` = 1 ) LIMIT 1   [ RunTime:0.000000s ]
INFO: [ view_parse ] --START--
INFO: ParseTemplate Behavior ::run [ RunTime:0.007001s ]
INFO: [ view_parse ] --END-- [ RunTime:0.007001s ]
INFO: [ view_filter ] --START--
INFO: ContentReplace Behavior ::run [ RunTime:0.000000s ]
INFO: TokenBuild Behavior ::run [ RunTime:0.001000s ]
INFO: WriteHtmlCache Behavior ::run [ RunTime:0.000000s ]
INFO: ShowRuntime Behavior ::run [ RunTime:0.000000s ]
INFO: [ view_filter ] --END-- [ RunTime:0.001000s ]
INFO: [ view_end ] --START--
INFO: ShowPageTrace Behavior ::run [ RunTime:0.001000s ]
INFO: [ view_end ] --END-- [ RunTime:0.001000s ]

[ 2017-07-05T14:59:50+08:00 ] 0.0.0.0 /dididi5/index.php?g=Wap&m=User&a=user_2
INFO: [ app_begin ] --START--
INFO: ReadHtmlCache Behavior ::run [ RunTime:0.000000s ]
INFO: [ app_begin ] --END-- [ RunTime:0.000000s ]
SQL: SHOW COLUMNS FROM `by_order_info` [ RunTime:0.002000s ]
SQL: SELECT * FROM `by_order_info` WHERE ( `student_id` = 1 ) ORDER BY date desc  [ RunTime:0.001000s ]
SQL: SHOW COLUMNS FROM `by_demand_order` [ RunTime:0.003000s ]
SQL: SELECT * FROM `by_demand_order` WHERE ( `demand_id` = 18 ) LIMIT 1   [ RunTime:0.001000s ]
SQL: SHOW COLUMNS FROM `by_member_info` [ RunTime:0.003000s ]
SQL: SELECT * FROM `by_member_info` WHERE ( `member_id` = 1 ) LIMIT 1   [ RunTime:0.001000s ]
SQL: SELECT * FROM `by_demand_order` WHERE ( `demand_id` = 18 ) LIMIT 1   [ RunTime:0.000000s ]
SQL: SELECT * FROM `by_member_info` WHERE ( `member_id` = 1 ) LIMIT 1   [ RunTime:0.000000s ]
INFO: [ view_parse ] --START--
INFO: ParseTemplate Behavior ::run [ RunTime:0.007001s ]
INFO: [ view_parse ] --END-- [ RunTime:0.007001s ]
INFO: [ view_filter ] --START--
INFO: ContentReplace Behavior ::run [ RunTime:0.000000s ]
INFO: TokenBuild Behavior ::run [ RunTime:0.001000s ]
INFO: WriteHtmlCache Behavior ::run [ RunTime:0.000000s ]
INFO: ShowRuntime Behavior ::run [ RunTime:0.001000s ]
INFO: [ view_filter ] --END-- [ RunTime:0.002000s ]
INFO: [ view_end ] --START--
INFO: ShowPageTrace Behavior ::run [ RunTime:0.000000s ]
INFO: [ view_end ] --END-- [ RunTime:0.000000s ]

[ 2017-07-05T17:57:35+08:00 ] 0.0.0.0 /dididi5/index.php?g=Wap&m=User&a=user_3
INFO: [ app_begin ] --START--
INFO: ReadHtmlCache Behavior ::run [ RunTime:0.001001s ]
INFO: [ app_begin ] --END-- [ RunTime:0.001001s ]
INFO: [ view_parse ] --START--
INFO: ParseTemplate Behavior ::run [ RunTime:0.005000s ]
INFO: [ view_parse ] --END-- [ RunTime:0.005000s ]
INFO: [ view_filter ] --START--
INFO: ContentReplace Behavior ::run [ RunTime:0.001000s ]
INFO: TokenBuild Behavior ::run [ RunTime:0.000000s ]
INFO: WriteHtmlCache Behavior ::run [ RunTime:0.001000s ]
INFO: ShowRuntime Behavior ::run [ RunTime:0.000000s ]
INFO: [ view_filter ] --END-- [ RunTime:0.002000s ]
INFO: [ view_end ] --START--
INFO: ShowPageTrace Behavior ::run [ RunTime:0.001000s ]
INFO: [ view_end ] --END-- [ RunTime:0.001000s ]

