[ 2017-07-07T11:17:20+08:00 ] 0.0.0.0 /dididi5/
INFO: [ app_begin ] --START--
INFO: ReadHtmlCache Behavior ::run [ RunTime:0.001001s ]
INFO: [ app_begin ] --END-- [ RunTime:0.003001s ]
INFO: [ view_parse ] --START--
INFO: ParseTemplate Behavior ::run [ RunTime:0.009001s ]
INFO: [ view_parse ] --END-- [ RunTime:0.009001s ]
INFO: [ view_filter ] --START--
INFO: ContentReplace Behavior ::run [ RunTime:0.001000s ]
INFO: TokenBuild Behavior ::run [ RunTime:0.000000s ]
INFO: WriteHtmlCache Behavior ::run [ RunTime:0.001000s ]
INFO: ShowRuntime Behavior ::run [ RunTime:0.000000s ]
INFO: [ view_filter ] --END-- [ RunTime:0.003000s ]
INFO: [ view_end ] --START--
INFO: ShowPageTrace Behavior ::run [ RunTime:0.000000s ]
INFO: [ view_end ] --END-- [ RunTime:0.000000s ]

[ 2017-07-07T11:17:23+08:00 ] 0.0.0.0 /dididi5/index.php?g=Wap&m=Student&a=index
INFO: [ app_begin ] --START--
INFO: ReadHtmlCache Behavior ::run [ RunTime:0.000000s ]
INFO: [ app_begin ] --END-- [ RunTime:0.000000s ]
NOTIC: [8] Undefined index: teacher_tag D:\phpStudy\WWW\dididi5\App\Lib\Action\Wap\StudentAction.class.php 第 11 行.
SQL: SHOW COLUMNS FROM `by_demand_order` [ RunTime:0.007000s ]
SQL: SELECT * FROM `by_demand_order` WHERE ( `student_id` = null )  [ RunTime:0.000000s ]
NOTIC: [2] Invalid argument supplied for foreach() D:\phpStudy\WWW\dididi5\App\Lib\Action\Wap\StudentAction.class.php 第 22 行.
SQL: SHOW COLUMNS FROM `by_course_type` [ RunTime:0.004000s ]
SQL: SELECT * FROM `by_course_type` WHERE ( `cate_ParentId` = 0 ) LIMIT 4   [ RunTime:0.001000s ]
SQL: SHOW COLUMNS FROM `by_member_info` [ RunTime:0.005001s ]
SQL: SELECT * FROM `by_member_info` WHERE ( `member_id` = null ) LIMIT 1   [ RunTime:0.000000s ]
SQL: SELECT * FROM `by_member_info` WHERE ( `member_id` = null ) LIMIT 1   [ RunTime:0.001000s ]
INFO: [ view_parse ] --START--
INFO: ParseTemplate Behavior ::run [ RunTime:0.011000s ]
INFO: [ view_parse ] --END-- [ RunTime:0.011000s ]
INFO: [ view_filter ] --START--
INFO: ContentReplace Behavior ::run [ RunTime:0.000000s ]
INFO: TokenBuild Behavior ::run [ RunTime:0.001000s ]
INFO: WriteHtmlCache Behavior ::run [ RunTime:0.000000s ]
INFO: ShowRuntime Behavior ::run [ RunTime:0.001001s ]
INFO: [ view_filter ] --END-- [ RunTime:0.002001s ]
INFO: [ view_end ] --START--
INFO: ShowPageTrace Behavior ::run [ RunTime:0.001000s ]
INFO: [ view_end ] --END-- [ RunTime:0.001000s ]

[ 2017-07-07T11:17:26+08:00 ] 0.0.0.0 /dididi5/index.php?g=Wap&m=User&a=user_1
INFO: [ app_begin ] --START--
INFO: ReadHtmlCache Behavior ::run [ RunTime:0.001000s ]
INFO: [ app_begin ] --END-- [ RunTime:0.001000s ]
SQL: SHOW COLUMNS FROM `by_order_info` [ RunTime:0.005000s ]
SQL: SELECT * FROM `by_order_info` WHERE ( `student_id` = null ) ORDER BY date desc LIMIT 1   [ RunTime:0.000000s ]
SQL: SHOW COLUMNS FROM `by_demand_order` [ RunTime:0.004000s ]
SQL: SELECT * FROM `by_demand_order` WHERE ( `demand_id` = null ) LIMIT 1   [ RunTime:0.000000s ]
SQL: SHOW COLUMNS FROM `by_member_info` [ RunTime:0.003001s ]
NOTIC: [8] Undefined index: teacher_id D:\phpStudy\WWW\dididi5\App\Lib\Action\Wap\UserAction.class.php 第 31 行.
SQL: SELECT `name` FROM `by_member_info` WHERE ( `member_id` = null ) LIMIT 1   [ RunTime:0.000000s ]
SQL: SELECT * FROM `by_order_info` WHERE ( `status` = 1 ) AND ( `student_id` = null ) ORDER BY date desc LIMIT 6   [ RunTime:0.000000s ]
NOTIC: [2] Invalid argument supplied for foreach() D:\phpStudy\WWW\dididi5\App\Lib\Action\Wap\UserAction.class.php 第 39 行.
INFO: [ view_parse ] --START--
INFO: ParseTemplate Behavior ::run [ RunTime:0.008000s ]
INFO: [ view_parse ] --END-- [ RunTime:0.008000s ]
INFO: [ view_filter ] --START--
INFO: ContentReplace Behavior ::run [ RunTime:0.000000s ]
INFO: TokenBuild Behavior ::run [ RunTime:0.001000s ]
INFO: WriteHtmlCache Behavior ::run [ RunTime:0.000000s ]
INFO: ShowRuntime Behavior ::run [ RunTime:0.001000s ]
INFO: [ view_filter ] --END-- [ RunTime:0.002000s ]
INFO: [ view_end ] --START--
INFO: ShowPageTrace Behavior ::run [ RunTime:0.000000s ]
INFO: [ view_end ] --END-- [ RunTime:0.000000s ]

[ 2017-07-07T15:38:51+08:00 ] 0.0.0.0 /dididi5/index.php?g=Wap&m=User&a=user_2
INFO: [ app_begin ] --START--
INFO: ReadHtmlCache Behavior ::run [ RunTime:0.001001s ]
INFO: [ app_begin ] --END-- [ RunTime:0.001001s ]
SQL: SHOW COLUMNS FROM `by_order_info` [ RunTime:0.004000s ]
SQL: SELECT * FROM `by_order_info` WHERE ( `student_id` = 1 ) ORDER BY date desc  [ RunTime:0.000000s ]
SQL: SHOW COLUMNS FROM `by_demand_order` [ RunTime:0.003000s ]
SQL: SELECT * FROM `by_demand_order` WHERE ( `demand_id` = 18 ) LIMIT 1   [ RunTime:0.000000s ]
SQL: SHOW COLUMNS FROM `by_member_info` [ RunTime:0.003000s ]
SQL: SELECT * FROM `by_member_info` WHERE ( `member_id` = 1 ) LIMIT 1   [ RunTime:0.001000s ]
SQL: SELECT * FROM `by_demand_order` WHERE ( `demand_id` = 18 ) LIMIT 1   [ RunTime:0.000000s ]
SQL: SELECT * FROM `by_member_info` WHERE ( `member_id` = 1 ) LIMIT 1   [ RunTime:0.000000s ]
INFO: [ view_parse ] --START--
INFO: ParseTemplate Behavior ::run [ RunTime:0.010000s ]
INFO: [ view_parse ] --END-- [ RunTime:0.010000s ]
INFO: [ view_filter ] --START--
INFO: ContentReplace Behavior ::run [ RunTime:0.001000s ]
INFO: TokenBuild Behavior ::run [ RunTime:0.001000s ]
INFO: WriteHtmlCache Behavior ::run [ RunTime:0.001001s ]
INFO: ShowRuntime Behavior ::run [ RunTime:0.000000s ]
INFO: [ view_filter ] --END-- [ RunTime:0.004001s ]
INFO: [ view_end ] --START--
INFO: ShowPageTrace Behavior ::run [ RunTime:0.000000s ]
INFO: [ view_end ] --END-- [ RunTime:0.000000s ]

[ 2017-07-07T16:56:57+08:00 ] 0.0.0.0 /dididi5/index.php?g=Wap&m=User&a=user_7
INFO: [ app_begin ] --START--
INFO: ReadHtmlCache Behavior ::run [ RunTime:0.000000s ]
INFO: [ app_begin ] --END-- [ RunTime:0.000000s ]
NOTIC: [8] Constant THEME_NAME already defined D:\phpStudy\WWW\dididi5\ThinkPHP\Lib\Core\View.class.php 第 223 行.
NOTIC: [8] Constant THEME_PATH already defined D:\phpStudy\WWW\dididi5\ThinkPHP\Lib\Core\View.class.php 第 174 行.
NOTIC: [8] Constant APP_TMPL_PATH already defined D:\phpStudy\WWW\dididi5\ThinkPHP\Lib\Core\View.class.php 第 175 行.
INFO: [ view_parse ] --START--
INFO: ParseTemplate Behavior ::run [ RunTime:0.008000s ]
INFO: [ view_parse ] --END-- [ RunTime:0.008000s ]
INFO: [ view_filter ] --START--
INFO: ContentReplace Behavior ::run [ RunTime:0.000000s ]
INFO: TokenBuild Behavior ::run [ RunTime:0.001000s ]
INFO: WriteHtmlCache Behavior ::run [ RunTime:0.000000s ]
INFO: ShowRuntime Behavior ::run [ RunTime:0.001000s ]
INFO: [ view_filter ] --END-- [ RunTime:0.002000s ]
INFO: [ view_end ] --START--
INFO: ShowPageTrace Behavior ::run [ RunTime:0.000000s ]
INFO: [ view_end ] --END-- [ RunTime:0.000000s ]

[ 2017-07-07T16:57:40+08:00 ] 0.0.0.0 /dididi5/index.php?g=Wap&m=User&a=user_2
INFO: [ app_begin ] --START--
INFO: ReadHtmlCache Behavior ::run [ RunTime:0.001000s ]
INFO: [ app_begin ] --END-- [ RunTime:0.001000s ]
SQL: SHOW COLUMNS FROM `by_order_info` [ RunTime:0.004000s ]
SQL: SELECT * FROM `by_order_info` WHERE ( `student_id` = 1 ) ORDER BY date desc  [ RunTime:0.000000s ]
SQL: SHOW COLUMNS FROM `by_demand_order` [ RunTime:0.003000s ]
SQL: SELECT * FROM `by_demand_order` WHERE ( `demand_id` = 18 ) LIMIT 1   [ RunTime:0.000000s ]
SQL: SHOW COLUMNS FROM `by_member_info` [ RunTime:0.004000s ]
SQL: SELECT * FROM `by_member_info` WHERE ( `member_id` = 1 ) LIMIT 1   [ RunTime:0.000000s ]
SQL: SELECT * FROM `by_demand_order` WHERE ( `demand_id` = 18 ) LIMIT 1   [ RunTime:0.000000s ]
SQL: SELECT * FROM `by_member_info` WHERE ( `member_id` = 1 ) LIMIT 1   [ RunTime:0.000000s ]
INFO: [ view_parse ] --START--
INFO: ParseTemplate Behavior ::run [ RunTime:0.007001s ]
INFO: [ view_parse ] --END-- [ RunTime:0.007001s ]
INFO: [ view_filter ] --START--
INFO: ContentReplace Behavior ::run [ RunTime:0.001000s ]
INFO: TokenBuild Behavior ::run [ RunTime:0.000000s ]
INFO: WriteHtmlCache Behavior ::run [ RunTime:0.000000s ]
INFO: ShowRuntime Behavior ::run [ RunTime:0.001000s ]
INFO: [ view_filter ] --END-- [ RunTime:0.002000s ]
INFO: [ view_end ] --START--
INFO: ShowPageTrace Behavior ::run [ RunTime:0.000000s ]
INFO: [ view_end ] --END-- [ RunTime:0.000000s ]

[ 2017-07-07T16:57:41+08:00 ] 0.0.0.0 /dididi5/index.php?g=Wap&m=User&a=user_2
INFO: [ app_begin ] --START--
INFO: ReadHtmlCache Behavior ::run [ RunTime:0.001000s ]
INFO: [ app_begin ] --END-- [ RunTime:0.001000s ]
SQL: SHOW COLUMNS FROM `by_order_info` [ RunTime:0.003000s ]
SQL: SELECT * FROM `by_order_info` WHERE ( `student_id` = 1 ) ORDER BY date desc  [ RunTime:0.001000s ]
SQL: SHOW COLUMNS FROM `by_demand_order` [ RunTime:0.003000s ]
SQL: SELECT * FROM `by_demand_order` WHERE ( `demand_id` = 18 ) LIMIT 1   [ RunTime:0.001000s ]
SQL: SHOW COLUMNS FROM `by_member_info` [ RunTime:0.003001s ]
SQL: SELECT * FROM `by_member_info` WHERE ( `member_id` = 1 ) LIMIT 1   [ RunTime:0.001000s ]
SQL: SELECT * FROM `by_demand_order` WHERE ( `demand_id` = 18 ) LIMIT 1   [ RunTime:0.000000s ]
SQL: SELECT * FROM `by_member_info` WHERE ( `member_id` = 1 ) LIMIT 1   [ RunTime:0.000000s ]
INFO: [ view_parse ] --START--
INFO: ParseTemplate Behavior ::run [ RunTime:0.008000s ]
INFO: [ view_parse ] --END-- [ RunTime:0.008000s ]
INFO: [ view_filter ] --START--
INFO: ContentReplace Behavior ::run [ RunTime:0.001000s ]
INFO: TokenBuild Behavior ::run [ RunTime:0.000000s ]
INFO: WriteHtmlCache Behavior ::run [ RunTime:0.001000s ]
INFO: ShowRuntime Behavior ::run [ RunTime:0.000000s ]
INFO: [ view_filter ] --END-- [ RunTime:0.002000s ]
INFO: [ view_end ] --START--
INFO: ShowPageTrace Behavior ::run [ RunTime:0.001000s ]
INFO: [ view_end ] --END-- [ RunTime:0.001000s ]

[ 2017-07-07T16:57:42+08:00 ] 0.0.0.0 /dididi5/index.php?g=Wap&m=User&a=user_2
INFO: [ app_begin ] --START--
INFO: ReadHtmlCache Behavior ::run [ RunTime:0.000000s ]
INFO: [ app_begin ] --END-- [ RunTime:0.000000s ]
SQL: SHOW COLUMNS FROM `by_order_info` [ RunTime:0.003000s ]
SQL: SELECT * FROM `by_order_info` WHERE ( `student_id` = 1 ) ORDER BY date desc  [ RunTime:0.000000s ]
SQL: SHOW COLUMNS FROM `by_demand_order` [ RunTime:0.004000s ]
SQL: SELECT * FROM `by_demand_order` WHERE ( `demand_id` = 18 ) LIMIT 1   [ RunTime:0.000000s ]
SQL: SHOW COLUMNS FROM `by_member_info` [ RunTime:0.004000s ]
SQL: SELECT * FROM `by_member_info` WHERE ( `member_id` = 1 ) LIMIT 1   [ RunTime:0.000000s ]
SQL: SELECT * FROM `by_demand_order` WHERE ( `demand_id` = 18 ) LIMIT 1   [ RunTime:0.000000s ]
SQL: SELECT * FROM `by_member_info` WHERE ( `member_id` = 1 ) LIMIT 1   [ RunTime:0.001000s ]
INFO: [ view_parse ] --START--
INFO: ParseTemplate Behavior ::run [ RunTime:0.008001s ]
INFO: [ view_parse ] --END-- [ RunTime:0.008001s ]
INFO: [ view_filter ] --START--
INFO: ContentReplace Behavior ::run [ RunTime:0.001000s ]
INFO: TokenBuild Behavior ::run [ RunTime:0.000000s ]
INFO: WriteHtmlCache Behavior ::run [ RunTime:0.000000s ]
INFO: ShowRuntime Behavior ::run [ RunTime:0.001000s ]
INFO: [ view_filter ] --END-- [ RunTime:0.002000s ]
INFO: [ view_end ] --START--
INFO: ShowPageTrace Behavior ::run [ RunTime:0.001000s ]
INFO: [ view_end ] --END-- [ RunTime:0.001000s ]

[ 2017-07-07T17:15:03+08:00 ] 0.0.0.0 /dididi5/index.php?g=Wap&m=User&a=user_2
INFO: [ app_begin ] --START--
INFO: ReadHtmlCache Behavior ::run [ RunTime:0.001000s ]
INFO: [ app_begin ] --END-- [ RunTime:0.002000s ]
SQL: SHOW COLUMNS FROM `by_order_info` [ RunTime:0.003000s ]
SQL: SELECT * FROM `by_order_info` WHERE ( `student_id` = 1 ) ORDER BY date desc  [ RunTime:0.000000s ]
SQL: SHOW COLUMNS FROM `by_demand_order` [ RunTime:0.003000s ]
SQL: SELECT * FROM `by_demand_order` WHERE ( `demand_id` = 18 ) LIMIT 1   [ RunTime:0.000000s ]
SQL: SHOW COLUMNS FROM `by_member_info` [ RunTime:0.004000s ]
SQL: SELECT * FROM `by_member_info` WHERE ( `member_id` = 1 ) LIMIT 1   [ RunTime:0.001000s ]
SQL: SELECT * FROM `by_demand_order` WHERE ( `demand_id` = 18 ) LIMIT 1   [ RunTime:0.000000s ]
SQL: SELECT * FROM `by_member_info` WHERE ( `member_id` = 1 ) LIMIT 1   [ RunTime:0.000000s ]
INFO: [ view_parse ] --START--
INFO: ParseTemplate Behavior ::run [ RunTime:0.008001s ]
INFO: [ view_parse ] --END-- [ RunTime:0.008001s ]
INFO: [ view_filter ] --START--
INFO: ContentReplace Behavior ::run [ RunTime:0.000000s ]
INFO: TokenBuild Behavior ::run [ RunTime:0.001000s ]
INFO: WriteHtmlCache Behavior ::run [ RunTime:0.000000s ]
INFO: ShowRuntime Behavior ::run [ RunTime:0.000000s ]
INFO: [ view_filter ] --END-- [ RunTime:0.001000s ]
INFO: [ view_end ] --START--
INFO: ShowPageTrace Behavior ::run [ RunTime:0.001000s ]
INFO: [ view_end ] --END-- [ RunTime:0.001000s ]

[ 2017-07-07T17:15:32+08:00 ] 0.0.0.0 /dididi5/index.php?g=Wap&m=Student&a=index
INFO: [ app_begin ] --START--
INFO: ReadHtmlCache Behavior ::run [ RunTime:0.001000s ]
INFO: [ app_begin ] --END-- [ RunTime:0.001000s ]
NOTIC: [8] Undefined index: teacher_tag D:\phpStudy\WWW\dididi5\App\Lib\Action\Wap\StudentAction.class.php 第 11 行.
SQL: SHOW COLUMNS FROM `by_demand_order` [ RunTime:0.004001s ]
SQL: SELECT * FROM `by_demand_order` WHERE ( `student_id` = 1 )  [ RunTime:0.000000s ]
SQL: SHOW COLUMNS FROM `by_course_type` [ RunTime:0.003000s ]
SQL: SELECT * FROM `by_course_type` WHERE ( `cate_ParentId` = 0 ) LIMIT 4   [ RunTime:0.001000s ]
SQL: SHOW COLUMNS FROM `by_member_info` [ RunTime:0.003000s ]
SQL: SELECT * FROM `by_member_info` WHERE ( `member_id` = 1 ) LIMIT 1   [ RunTime:0.000000s ]
SQL: SELECT * FROM `by_member_info` WHERE ( `member_id` = 1 ) LIMIT 1   [ RunTime:0.001000s ]
INFO: [ view_parse ] --START--
INFO: ParseTemplate Behavior ::run [ RunTime:0.009001s ]
INFO: [ view_parse ] --END-- [ RunTime:0.009001s ]
INFO: [ view_filter ] --START--
INFO: ContentReplace Behavior ::run [ RunTime:0.001000s ]
INFO: TokenBuild Behavior ::run [ RunTime:0.000000s ]
INFO: WriteHtmlCache Behavior ::run [ RunTime:0.000000s ]
INFO: ShowRuntime Behavior ::run [ RunTime:0.000000s ]
INFO: [ view_filter ] --END-- [ RunTime:0.002000s ]
INFO: [ view_end ] --START--
INFO: ShowPageTrace Behavior ::run [ RunTime:0.001000s ]
INFO: [ view_end ] --END-- [ RunTime:0.001000s ]

[ 2017-07-07T17:16:08+08:00 ] 0.0.0.0 /dididi5/index.php?g=Wap&m=Student&a=index
INFO: [ app_begin ] --START--
INFO: ReadHtmlCache Behavior ::run [ RunTime:0.000000s ]
INFO: [ app_begin ] --END-- [ RunTime:0.000000s ]
NOTIC: [8] Undefined index: teacher_tag D:\phpStudy\WWW\dididi5\App\Lib\Action\Wap\StudentAction.class.php 第 11 行.
SQL: SHOW COLUMNS FROM `by_demand_order` [ RunTime:0.003000s ]
SQL: SELECT * FROM `by_demand_order` WHERE ( `student_id` = 1 )  [ RunTime:0.000000s ]
SQL: SHOW COLUMNS FROM `by_course_type` [ RunTime:0.004000s ]
SQL: SELECT * FROM `by_course_type` WHERE ( `cate_ParentId` = 0 ) LIMIT 4   [ RunTime:0.000000s ]
SQL: SHOW COLUMNS FROM `by_member_info` [ RunTime:0.004001s ]
SQL: SELECT * FROM `by_member_info` WHERE ( `member_id` = 1 ) LIMIT 1   [ RunTime:0.000000s ]
SQL: SELECT * FROM `by_member_info` WHERE ( `member_id` = 1 ) LIMIT 1   [ RunTime:0.001000s ]
INFO: [ view_parse ] --START--
INFO: ParseTemplate Behavior ::run [ RunTime:0.007000s ]
INFO: [ view_parse ] --END-- [ RunTime:0.007000s ]
INFO: [ view_filter ] --START--
INFO: ContentReplace Behavior ::run [ RunTime:0.000000s ]
INFO: TokenBuild Behavior ::run [ RunTime:0.001000s ]
INFO: WriteHtmlCache Behavior ::run [ RunTime:0.000000s ]
INFO: ShowRuntime Behavior ::run [ RunTime:0.000000s ]
INFO: [ view_filter ] --END-- [ RunTime:0.001000s ]
INFO: [ view_end ] --START--
INFO: ShowPageTrace Behavior ::run [ RunTime:0.001000s ]
INFO: [ view_end ] --END-- [ RunTime:0.001000s ]

[ 2017-07-07T17:16:15+08:00 ] 0.0.0.0 /dididi5/index.php?g=Wap&m=User&a=user_9
INFO: [ app_begin ] --START--
INFO: ReadHtmlCache Behavior ::run [ RunTime:0.001000s ]
INFO: [ app_begin ] --END-- [ RunTime:0.001000s ]
NOTIC: [8] Constant THEME_NAME already defined D:\phpStudy\WWW\dididi5\ThinkPHP\Lib\Core\View.class.php 第 223 行.
NOTIC: [8] Constant THEME_PATH already defined D:\phpStudy\WWW\dididi5\ThinkPHP\Lib\Core\View.class.php 第 174 行.
NOTIC: [8] Constant APP_TMPL_PATH already defined D:\phpStudy\WWW\dididi5\ThinkPHP\Lib\Core\View.class.php 第 175 行.
INFO: [ view_parse ] --START--
INFO: ParseTemplate Behavior ::run [ RunTime:0.006000s ]
INFO: [ view_parse ] --END-- [ RunTime:0.006000s ]
INFO: [ view_filter ] --START--
INFO: ContentReplace Behavior ::run [ RunTime:0.000000s ]
INFO: TokenBuild Behavior ::run [ RunTime:0.000000s ]
INFO: WriteHtmlCache Behavior ::run [ RunTime:0.001000s ]
INFO: ShowRuntime Behavior ::run [ RunTime:0.000000s ]
INFO: [ view_filter ] --END-- [ RunTime:0.001000s ]
INFO: [ view_end ] --START--
INFO: ShowPageTrace Behavior ::run [ RunTime:0.001000s ]
INFO: [ view_end ] --END-- [ RunTime:0.001000s ]

[ 2017-07-07T17:16:19+08:00 ] 0.0.0.0 /dididi5/index.php?g=Wap&m=User&a=user_5
INFO: [ app_begin ] --START--
INFO: ReadHtmlCache Behavior ::run [ RunTime:0.000000s ]
INFO: [ app_begin ] --END-- [ RunTime:0.000000s ]
NOTIC: [8] Constant THEME_NAME already defined D:\phpStudy\WWW\dididi5\ThinkPHP\Lib\Core\View.class.php 第 223 行.
NOTIC: [8] Constant THEME_PATH already defined D:\phpStudy\WWW\dididi5\ThinkPHP\Lib\Core\View.class.php 第 174 行.
NOTIC: [8] Constant APP_TMPL_PATH already defined D:\phpStudy\WWW\dididi5\ThinkPHP\Lib\Core\View.class.php 第 175 行.
INFO: [ view_parse ] --START--
INFO: ParseTemplate Behavior ::run [ RunTime:0.006000s ]
INFO: [ view_parse ] --END-- [ RunTime:0.006000s ]
INFO: [ view_filter ] --START--
INFO: ContentReplace Behavior ::run [ RunTime:0.000000s ]
INFO: TokenBuild Behavior ::run [ RunTime:0.000000s ]
INFO: WriteHtmlCache Behavior ::run [ RunTime:0.001000s ]
INFO: ShowRuntime Behavior ::run [ RunTime:0.000000s ]
INFO: [ view_filter ] --END-- [ RunTime:0.001000s ]
INFO: [ view_end ] --START--
INFO: ShowPageTrace Behavior ::run [ RunTime:0.001000s ]
INFO: [ view_end ] --END-- [ RunTime:0.001000s ]

[ 2017-07-07T17:16:21+08:00 ] 0.0.0.0 /dididi5/index.php?g=Wap&m=User&a=user_5
INFO: [ app_begin ] --START--
INFO: ReadHtmlCache Behavior ::run [ RunTime:0.001000s ]
INFO: [ app_begin ] --END-- [ RunTime:0.001000s ]
NOTIC: [8] Constant THEME_NAME already defined D:\phpStudy\WWW\dididi5\ThinkPHP\Lib\Core\View.class.php 第 223 行.
NOTIC: [8] Constant THEME_PATH already defined D:\phpStudy\WWW\dididi5\ThinkPHP\Lib\Core\View.class.php 第 174 行.
NOTIC: [8] Constant APP_TMPL_PATH already defined D:\phpStudy\WWW\dididi5\ThinkPHP\Lib\Core\View.class.php 第 175 行.
INFO: [ view_parse ] --START--
INFO: ParseTemplate Behavior ::run [ RunTime:0.005000s ]
INFO: [ view_parse ] --END-- [ RunTime:0.005000s ]
INFO: [ view_filter ] --START--
INFO: ContentReplace Behavior ::run [ RunTime:0.000000s ]
INFO: TokenBuild Behavior ::run [ RunTime:0.000000s ]
INFO: WriteHtmlCache Behavior ::run [ RunTime:0.000000s ]
INFO: ShowRuntime Behavior ::run [ RunTime:0.000000s ]
INFO: [ view_filter ] --END-- [ RunTime:0.002000s ]
INFO: [ view_end ] --START--
INFO: ShowPageTrace Behavior ::run [ RunTime:0.000000s ]
INFO: [ view_end ] --END-- [ RunTime:0.000000s ]

[ 2017-07-07T17:17:10+08:00 ] 0.0.0.0 /dididi5/index.php?g=Wap&m=User&a=user_3
INFO: [ app_begin ] --START--
INFO: ReadHtmlCache Behavior ::run [ RunTime:0.001000s ]
INFO: [ app_begin ] --END-- [ RunTime:0.001000s ]
INFO: [ view_parse ] --START--
INFO: ParseTemplate Behavior ::run [ RunTime:0.006001s ]
INFO: [ view_parse ] --END-- [ RunTime:0.006001s ]
INFO: [ view_filter ] --START--
INFO: ContentReplace Behavior ::run [ RunTime:0.001000s ]
INFO: TokenBuild Behavior ::run [ RunTime:0.000000s ]
INFO: WriteHtmlCache Behavior ::run [ RunTime:0.001000s ]
INFO: ShowRuntime Behavior ::run [ RunTime:0.000000s ]
INFO: [ view_filter ] --END-- [ RunTime:0.002000s ]
INFO: [ view_end ] --START--
INFO: ShowPageTrace Behavior ::run [ RunTime:0.001000s ]
INFO: [ view_end ] --END-- [ RunTime:0.001000s ]

[ 2017-07-07T17:20:26+08:00 ] 0.0.0.0 /dididi5/index.php?g=Wap&m=Student&a=index
INFO: [ app_begin ] --START--
INFO: ReadHtmlCache Behavior ::run [ RunTime:0.001000s ]
INFO: [ app_begin ] --END-- [ RunTime:0.001000s ]
NOTIC: [8] Undefined index: teacher_tag D:\phpStudy\WWW\dididi5\App\Lib\Action\Wap\StudentAction.class.php 第 11 行.
SQL: SHOW COLUMNS FROM `by_demand_order` [ RunTime:0.003001s ]
SQL: SELECT * FROM `by_demand_order` WHERE ( `student_id` = 1 )  [ RunTime:0.000000s ]
SQL: SHOW COLUMNS FROM `by_course_type` [ RunTime:0.004000s ]
SQL: SELECT * FROM `by_course_type` WHERE ( `cate_ParentId` = 0 ) LIMIT 4   [ RunTime:0.000000s ]
SQL: SHOW COLUMNS FROM `by_member_info` [ RunTime:0.004000s ]
SQL: SELECT * FROM `by_member_info` WHERE ( `member_id` = 1 ) LIMIT 1   [ RunTime:0.000000s ]
SQL: SELECT * FROM `by_member_info` WHERE ( `member_id` = 1 ) LIMIT 1   [ RunTime:0.001000s ]
INFO: [ view_parse ] --START--
INFO: ParseTemplate Behavior ::run [ RunTime:0.007001s ]
INFO: [ view_parse ] --END-- [ RunTime:0.007001s ]
INFO: [ view_filter ] --START--
INFO: ContentReplace Behavior ::run [ RunTime:0.001000s ]
INFO: TokenBuild Behavior ::run [ RunTime:0.000000s ]
INFO: WriteHtmlCache Behavior ::run [ RunTime:0.002000s ]
INFO: ShowRuntime Behavior ::run [ RunTime:0.000000s ]
INFO: [ view_filter ] --END-- [ RunTime:0.003000s ]
INFO: [ view_end ] --START--
INFO: ShowPageTrace Behavior ::run [ RunTime:0.001000s ]
INFO: [ view_end ] --END-- [ RunTime:0.002000s ]

[ 2017-07-07T17:20:28+08:00 ] 0.0.0.0 /dididi5/index.php?g=Wap&m=Student&a=index
INFO: [ app_begin ] --START--
INFO: ReadHtmlCache Behavior ::run [ RunTime:0.000000s ]
INFO: [ app_begin ] --END-- [ RunTime:0.000000s ]
NOTIC: [8] Undefined index: teacher_tag D:\phpStudy\WWW\dididi5\App\Lib\Action\Wap\StudentAction.class.php 第 11 行.
SQL: SHOW COLUMNS FROM `by_demand_order` [ RunTime:0.004000s ]
SQL: SELECT * FROM `by_demand_order` WHERE ( `student_id` = 1 )  [ RunTime:0.000000s ]
SQL: SHOW COLUMNS FROM `by_course_type` [ RunTime:0.003001s ]
SQL: SELECT * FROM `by_course_type` WHERE ( `cate_ParentId` = 0 ) LIMIT 4   [ RunTime:0.000000s ]
SQL: SHOW COLUMNS FROM `by_member_info` [ RunTime:0.003000s ]
SQL: SELECT * FROM `by_member_info` WHERE ( `member_id` = 1 ) LIMIT 1   [ RunTime:0.000000s ]
SQL: SELECT * FROM `by_member_info` WHERE ( `member_id` = 1 ) LIMIT 1   [ RunTime:0.000000s ]
INFO: [ view_parse ] --START--
INFO: ParseTemplate Behavior ::run [ RunTime:0.007000s ]
INFO: [ view_parse ] --END-- [ RunTime:0.007000s ]
INFO: [ view_filter ] --START--
INFO: ContentReplace Behavior ::run [ RunTime:0.000000s ]
INFO: TokenBuild Behavior ::run [ RunTime:0.000000s ]
INFO: WriteHtmlCache Behavior ::run [ RunTime:0.001000s ]
INFO: ShowRuntime Behavior ::run [ RunTime:0.000000s ]
INFO: [ view_filter ] --END-- [ RunTime:0.001000s ]
INFO: [ view_end ] --START--
INFO: ShowPageTrace Behavior ::run [ RunTime:0.000000s ]
INFO: [ view_end ] --END-- [ RunTime:0.001001s ]

[ 2017-07-07T17:20:35+08:00 ] 0.0.0.0 /dididi5/index.php?g=Wap&m=User&a=user_2
INFO: [ app_begin ] --START--
INFO: ReadHtmlCache Behavior ::run [ RunTime:0.001000s ]
INFO: [ app_begin ] --END-- [ RunTime:0.001000s ]
SQL: SHOW COLUMNS FROM `by_order_info` [ RunTime:0.003000s ]
SQL: SELECT * FROM `by_order_info` WHERE ( `student_id` = 1 ) ORDER BY date desc  [ RunTime:0.000000s ]
SQL: SHOW COLUMNS FROM `by_demand_order` [ RunTime:0.003000s ]
SQL: SELECT * FROM `by_demand_order` WHERE ( `demand_id` = 18 ) LIMIT 1   [ RunTime:0.000000s ]
SQL: SHOW COLUMNS FROM `by_member_info` [ RunTime:0.003000s ]
SQL: SELECT * FROM `by_member_info` WHERE ( `member_id` = 1 ) LIMIT 1   [ RunTime:0.001000s ]
SQL: SELECT * FROM `by_demand_order` WHERE ( `demand_id` = 18 ) LIMIT 1   [ RunTime:0.000000s ]
SQL: SELECT * FROM `by_member_info` WHERE ( `member_id` = 1 ) LIMIT 1   [ RunTime:0.001000s ]
INFO: [ view_parse ] --START--
INFO: ParseTemplate Behavior ::run [ RunTime:0.007001s ]
INFO: [ view_parse ] --END-- [ RunTime:0.007001s ]
INFO: [ view_filter ] --START--
INFO: ContentReplace Behavior ::run [ RunTime:0.000000s ]
INFO: TokenBuild Behavior ::run [ RunTime:0.000000s ]
INFO: WriteHtmlCache Behavior ::run [ RunTime:0.001000s ]
INFO: ShowRuntime Behavior ::run [ RunTime:0.000000s ]
INFO: [ view_filter ] --END-- [ RunTime:0.001000s ]
INFO: [ view_end ] --START--
INFO: ShowPageTrace Behavior ::run [ RunTime:0.001000s ]
INFO: [ view_end ] --END-- [ RunTime:0.001000s ]

[ 2017-07-07T17:20:50+08:00 ] 0.0.0.0 /dididi5/index.php?g=Wap&m=User&a=user_2
INFO: [ app_begin ] --START--
INFO: ReadHtmlCache Behavior ::run [ RunTime:0.000000s ]
INFO: [ app_begin ] --END-- [ RunTime:0.001000s ]
SQL: SHOW COLUMNS FROM `by_order_info` [ RunTime:0.004000s ]
SQL: SELECT * FROM `by_order_info` WHERE ( `student_id` = 1 ) ORDER BY date desc  [ RunTime:0.000000s ]
SQL: SHOW COLUMNS FROM `by_demand_order` [ RunTime:0.003001s ]
SQL: SELECT * FROM `by_demand_order` WHERE ( `demand_id` = 18 ) LIMIT 1   [ RunTime:0.001000s ]
SQL: SHOW COLUMNS FROM `by_member_info` [ RunTime:0.003000s ]
SQL: SELECT * FROM `by_member_info` WHERE ( `member_id` = 1 ) LIMIT 1   [ RunTime:0.000000s ]
SQL: SELECT * FROM `by_demand_order` WHERE ( `demand_id` = 18 ) LIMIT 1   [ RunTime:0.000000s ]
SQL: SELECT * FROM `by_member_info` WHERE ( `member_id` = 1 ) LIMIT 1   [ RunTime:0.000000s ]
INFO: [ view_parse ] --START--
INFO: ParseTemplate Behavior ::run [ RunTime:0.007000s ]
INFO: [ view_parse ] --END-- [ RunTime:0.007000s ]
INFO: [ view_filter ] --START--
INFO: ContentReplace Behavior ::run [ RunTime:0.001000s ]
INFO: TokenBuild Behavior ::run [ RunTime:0.000000s ]
INFO: WriteHtmlCache Behavior ::run [ RunTime:0.000000s ]
INFO: ShowRuntime Behavior ::run [ RunTime:0.001001s ]
INFO: [ view_filter ] --END-- [ RunTime:0.002001s ]
INFO: [ view_end ] --START--
INFO: ShowPageTrace Behavior ::run [ RunTime:0.000000s ]
INFO: [ view_end ] --END-- [ RunTime:0.000000s ]

[ 2017-07-07T17:20:54+08:00 ] 0.0.0.0 /dididi5/index.php?g=Wap&m=User&a=user_3
INFO: [ app_begin ] --START--
INFO: ReadHtmlCache Behavior ::run [ RunTime:0.000000s ]
INFO: [ app_begin ] --END-- [ RunTime:0.000000s ]
INFO: [ view_parse ] --START--
INFO: ParseTemplate Behavior ::run [ RunTime:0.005001s ]
INFO: [ view_parse ] --END-- [ RunTime:0.005001s ]
INFO: [ view_filter ] --START--
INFO: ContentReplace Behavior ::run [ RunTime:0.000000s ]
INFO: TokenBuild Behavior ::run [ RunTime:0.000000s ]
INFO: WriteHtmlCache Behavior ::run [ RunTime:0.001000s ]
INFO: ShowRuntime Behavior ::run [ RunTime:0.000000s ]
INFO: [ view_filter ] --END-- [ RunTime:0.001000s ]
INFO: [ view_end ] --START--
INFO: ShowPageTrace Behavior ::run [ RunTime:0.001000s ]
INFO: [ view_end ] --END-- [ RunTime:0.001000s ]

[ 2017-07-07T17:21:05+08:00 ] 0.0.0.0 /dididi5/index.php?g=Wap&m=User&a=user_3
INFO: [ app_begin ] --START--
INFO: ReadHtmlCache Behavior ::run [ RunTime:0.001000s ]
INFO: [ app_begin ] --END-- [ RunTime:0.001000s ]
INFO: [ view_parse ] --START--
INFO: ParseTemplate Behavior ::run [ RunTime:0.006000s ]
INFO: [ view_parse ] --END-- [ RunTime:0.006000s ]
INFO: [ view_filter ] --START--
INFO: ContentReplace Behavior ::run [ RunTime:0.000000s ]
INFO: TokenBuild Behavior ::run [ RunTime:0.001001s ]
INFO: WriteHtmlCache Behavior ::run [ RunTime:0.000000s ]
INFO: ShowRuntime Behavior ::run [ RunTime:0.000000s ]
INFO: [ view_filter ] --END-- [ RunTime:0.001001s ]
INFO: [ view_end ] --START--
INFO: ShowPageTrace Behavior ::run [ RunTime:0.000000s ]
INFO: [ view_end ] --END-- [ RunTime:0.000000s ]

[ 2017-07-07T17:21:25+08:00 ] 0.0.0.0 /dididi5/index.php?g=Wap&m=User&a=user_4
INFO: [ app_begin ] --START--
INFO: ReadHtmlCache Behavior ::run [ RunTime:0.001000s ]
INFO: [ app_begin ] --END-- [ RunTime:0.002000s ]
INFO: [ view_parse ] --START--
INFO: ParseTemplate Behavior ::run [ RunTime:0.007001s ]
INFO: [ view_parse ] --END-- [ RunTime:0.007001s ]
INFO: [ view_filter ] --START--
INFO: ContentReplace Behavior ::run [ RunTime:0.001000s ]
INFO: TokenBuild Behavior ::run [ RunTime:0.000000s ]
INFO: WriteHtmlCache Behavior ::run [ RunTime:0.001000s ]
INFO: ShowRuntime Behavior ::run [ RunTime:0.000000s ]
INFO: [ view_filter ] --END-- [ RunTime:0.002000s ]
INFO: [ view_end ] --START--
INFO: ShowPageTrace Behavior ::run [ RunTime:0.001000s ]
INFO: [ view_end ] --END-- [ RunTime:0.001000s ]

[ 2017-07-07T17:22:21+08:00 ] 0.0.0.0 /dididi5/index.php?g=Wap&m=User&a=user_6
INFO: [ app_begin ] --START--
INFO: ReadHtmlCache Behavior ::run [ RunTime:0.000000s ]
INFO: [ app_begin ] --END-- [ RunTime:0.000000s ]
NOTIC: [8] Constant THEME_NAME already defined D:\phpStudy\WWW\dididi5\ThinkPHP\Lib\Core\View.class.php 第 223 行.
NOTIC: [8] Constant THEME_PATH already defined D:\phpStudy\WWW\dididi5\ThinkPHP\Lib\Core\View.class.php 第 174 行.
NOTIC: [8] Constant APP_TMPL_PATH already defined D:\phpStudy\WWW\dididi5\ThinkPHP\Lib\Core\View.class.php 第 175 行.
INFO: [ view_parse ] --START--
INFO: ParseTemplate Behavior ::run [ RunTime:0.008001s ]
INFO: [ view_parse ] --END-- [ RunTime:0.008001s ]
INFO: [ view_filter ] --START--
INFO: ContentReplace Behavior ::run [ RunTime:0.000000s ]
INFO: TokenBuild Behavior ::run [ RunTime:0.000000s ]
INFO: WriteHtmlCache Behavior ::run [ RunTime:0.001000s ]
INFO: ShowRuntime Behavior ::run [ RunTime:0.000000s ]
INFO: [ view_filter ] --END-- [ RunTime:0.001000s ]
INFO: [ view_end ] --START--
INFO: ShowPageTrace Behavior ::run [ RunTime:0.001000s ]
INFO: [ view_end ] --END-- [ RunTime:0.001000s ]

[ 2017-07-07T17:45:53+08:00 ] 0.0.0.0 /dididi5/index.php?g=Wap&m=User&a=user_2
INFO: [ app_begin ] --START--
INFO: ReadHtmlCache Behavior ::run [ RunTime:0.000000s ]
INFO: [ app_begin ] --END-- [ RunTime:0.000000s ]
SQL: SHOW COLUMNS FROM `by_order_info` [ RunTime:0.004000s ]
SQL: SELECT * FROM `by_order_info` WHERE ( `student_id` = 1 ) ORDER BY date desc  [ RunTime:0.000000s ]
SQL: SHOW COLUMNS FROM `by_demand_order` [ RunTime:0.003000s ]
SQL: SELECT * FROM `by_demand_order` WHERE ( `demand_id` = 18 ) LIMIT 1   [ RunTime:0.000000s ]
SQL: SHOW COLUMNS FROM `by_member_info` [ RunTime:0.004000s ]
SQL: SELECT * FROM `by_member_info` WHERE ( `member_id` = 1 ) LIMIT 1   [ RunTime:0.001000s ]
SQL: SELECT * FROM `by_demand_order` WHERE ( `demand_id` = 18 ) LIMIT 1   [ RunTime:0.000000s ]
SQL: SELECT * FROM `by_member_info` WHERE ( `member_id` = 1 ) LIMIT 1   [ RunTime:0.000000s ]
INFO: [ view_parse ] --START--
INFO: ParseTemplate Behavior ::run [ RunTime:0.008000s ]
INFO: [ view_parse ] --END-- [ RunTime:0.008000s ]
INFO: [ view_filter ] --START--
INFO: ContentReplace Behavior ::run [ RunTime:0.000000s ]
INFO: TokenBuild Behavior ::run [ RunTime:0.001000s ]
INFO: WriteHtmlCache Behavior ::run [ RunTime:0.000000s ]
INFO: ShowRuntime Behavior ::run [ RunTime:0.001000s ]
INFO: [ view_filter ] --END-- [ RunTime:0.002000s ]
INFO: [ view_end ] --START--
INFO: ShowPageTrace Behavior ::run [ RunTime:0.000000s ]
INFO: [ view_end ] --END-- [ RunTime:0.000000s ]

[ 2017-07-07T17:45:54+08:00 ] 0.0.0.0 /dididi5/index.php?g=Wap&m=User&a=user_2
INFO: [ app_begin ] --START--
INFO: ReadHtmlCache Behavior ::run [ RunTime:0.001000s ]
INFO: [ app_begin ] --END-- [ RunTime:0.001000s ]
SQL: SHOW COLUMNS FROM `by_order_info` [ RunTime:0.003000s ]
SQL: SELECT * FROM `by_order_info` WHERE ( `student_id` = 1 ) ORDER BY date desc  [ RunTime:0.000000s ]
SQL: SHOW COLUMNS FROM `by_demand_order` [ RunTime:0.003000s ]
SQL: SELECT * FROM `by_demand_order` WHERE ( `demand_id` = 18 ) LIMIT 1   [ RunTime:0.000000s ]
SQL: SHOW COLUMNS FROM `by_member_info` [ RunTime:0.003000s ]
SQL: SELECT * FROM `by_member_info` WHERE ( `member_id` = 1 ) LIMIT 1   [ RunTime:0.000000s ]
SQL: SELECT * FROM `by_demand_order` WHERE ( `demand_id` = 18 ) LIMIT 1   [ RunTime:0.001000s ]
SQL: SELECT * FROM `by_member_info` WHERE ( `member_id` = 1 ) LIMIT 1   [ RunTime:0.000000s ]
INFO: [ view_parse ] --START--
INFO: ParseTemplate Behavior ::run [ RunTime:0.007000s ]
INFO: [ view_parse ] --END-- [ RunTime:0.008000s ]
INFO: [ view_filter ] --START--
INFO: ContentReplace Behavior ::run [ RunTime:0.001000s ]
INFO: TokenBuild Behavior ::run [ RunTime:0.001001s ]
INFO: WriteHtmlCache Behavior ::run [ RunTime:0.000000s ]
INFO: ShowRuntime Behavior ::run [ RunTime:0.001000s ]
INFO: [ view_filter ] --END-- [ RunTime:0.003001s ]
INFO: [ view_end ] --START--
INFO: ShowPageTrace Behavior ::run [ RunTime:0.000000s ]
INFO: [ view_end ] --END-- [ RunTime:0.001000s ]

[ 2017-07-07T17:45:55+08:00 ] 0.0.0.0 /dididi5/index.php?g=Wap&m=User&a=user_1
INFO: [ app_begin ] --START--
INFO: ReadHtmlCache Behavior ::run [ RunTime:0.001000s ]
INFO: [ app_begin ] --END-- [ RunTime:0.001000s ]
SQL: SHOW COLUMNS FROM `by_order_info` [ RunTime:0.003000s ]
SQL: SELECT * FROM `by_order_info` WHERE ( `student_id` = 1 ) ORDER BY date desc LIMIT 1   [ RunTime:0.000000s ]
SQL: SHOW COLUMNS FROM `by_demand_order` [ RunTime:0.003000s ]
SQL: SELECT * FROM `by_demand_order` WHERE ( `demand_id` = 18 ) LIMIT 1   [ RunTime:0.000000s ]
SQL: SHOW COLUMNS FROM `by_member_info` [ RunTime:0.004000s ]
SQL: SELECT `name` FROM `by_member_info` WHERE ( `member_id` = 13 ) LIMIT 1   [ RunTime:0.000000s ]
SQL: SELECT * FROM `by_order_info` WHERE ( `status` = 1 ) AND ( `student_id` = 1 ) ORDER BY date desc LIMIT 6   [ RunTime:0.000000s ]
NOTIC: [2] Invalid argument supplied for foreach() D:\phpStudy\WWW\dididi5\App\Lib\Action\Wap\UserAction.class.php 第 36 行.
INFO: [ view_parse ] --START--
INFO: ParseTemplate Behavior ::run [ RunTime:0.007001s ]
INFO: [ view_parse ] --END-- [ RunTime:0.007001s ]
INFO: [ view_filter ] --START--
INFO: ContentReplace Behavior ::run [ RunTime:0.001000s ]
INFO: TokenBuild Behavior ::run [ RunTime:0.000000s ]
INFO: WriteHtmlCache Behavior ::run [ RunTime:0.001000s ]
INFO: ShowRuntime Behavior ::run [ RunTime:0.000000s ]
INFO: [ view_filter ] --END-- [ RunTime:0.002000s ]
INFO: [ view_end ] --START--
INFO: ShowPageTrace Behavior ::run [ RunTime:0.001000s ]
INFO: [ view_end ] --END-- [ RunTime:0.001000s ]

[ 2017-07-07T17:45:56+08:00 ] 0.0.0.0 /dididi5/index.php?g=Wap&m=User&a=user_1
INFO: [ app_begin ] --START--
INFO: ReadHtmlCache Behavior ::run [ RunTime:0.001000s ]
INFO: [ app_begin ] --END-- [ RunTime:0.001000s ]
SQL: SHOW COLUMNS FROM `by_order_info` [ RunTime:0.003000s ]
SQL: SELECT * FROM `by_order_info` WHERE ( `student_id` = 1 ) ORDER BY date desc LIMIT 1   [ RunTime:0.000000s ]
SQL: SHOW COLUMNS FROM `by_demand_order` [ RunTime:0.003000s ]
SQL: SELECT * FROM `by_demand_order` WHERE ( `demand_id` = 18 ) LIMIT 1   [ RunTime:0.000000s ]
SQL: SHOW COLUMNS FROM `by_member_info` [ RunTime:0.004000s ]
SQL: SELECT `name` FROM `by_member_info` WHERE ( `member_id` = 13 ) LIMIT 1   [ RunTime:0.000000s ]
SQL: SELECT * FROM `by_order_info` WHERE ( `status` = 1 ) AND ( `student_id` = 1 ) ORDER BY date desc LIMIT 6   [ RunTime:0.000000s ]
NOTIC: [2] Invalid argument supplied for foreach() D:\phpStudy\WWW\dididi5\App\Lib\Action\Wap\UserAction.class.php 第 36 行.
INFO: [ view_parse ] --START--
INFO: ParseTemplate Behavior ::run [ RunTime:0.007001s ]
INFO: [ view_parse ] --END-- [ RunTime:0.007001s ]
INFO: [ view_filter ] --START--
INFO: ContentReplace Behavior ::run [ RunTime:0.001000s ]
INFO: TokenBuild Behavior ::run [ RunTime:0.000000s ]
INFO: WriteHtmlCache Behavior ::run [ RunTime:0.000000s ]
INFO: ShowRuntime Behavior ::run [ RunTime:0.001000s ]
INFO: [ view_filter ] --END-- [ RunTime:0.002000s ]
INFO: [ view_end ] --START--
INFO: ShowPageTrace Behavior ::run [ RunTime:0.000000s ]
INFO: [ view_end ] --END-- [ RunTime:0.001000s ]

[ 2017-07-07T17:45:57+08:00 ] 0.0.0.0 /dididi5/index.php?g=Wap&m=User&a=user_1
INFO: [ app_begin ] --START--
INFO: ReadHtmlCache Behavior ::run [ RunTime:0.000000s ]
INFO: [ app_begin ] --END-- [ RunTime:0.000000s ]
SQL: SHOW COLUMNS FROM `by_order_info` [ RunTime:0.003000s ]
SQL: SELECT * FROM `by_order_info` WHERE ( `student_id` = 1 ) ORDER BY date desc LIMIT 1   [ RunTime:0.000000s ]
SQL: SHOW COLUMNS FROM `by_demand_order` [ RunTime:0.003000s ]
SQL: SELECT * FROM `by_demand_order` WHERE ( `demand_id` = 18 ) LIMIT 1   [ RunTime:0.000000s ]
SQL: SHOW COLUMNS FROM `by_member_info` [ RunTime:0.003000s ]
SQL: SELECT `name` FROM `by_member_info` WHERE ( `member_id` = 13 ) LIMIT 1   [ RunTime:0.000000s ]
SQL: SELECT * FROM `by_order_info` WHERE ( `status` = 1 ) AND ( `student_id` = 1 ) ORDER BY date desc LIMIT 6   [ RunTime:0.000000s ]
NOTIC: [2] Invalid argument supplied for foreach() D:\phpStudy\WWW\dididi5\App\Lib\Action\Wap\UserAction.class.php 第 36 行.
INFO: [ view_parse ] --START--
INFO: ParseTemplate Behavior ::run [ RunTime:0.007001s ]
INFO: [ view_parse ] --END-- [ RunTime:0.007001s ]
INFO: [ view_filter ] --START--
INFO: ContentReplace Behavior ::run [ RunTime:0.000000s ]
INFO: TokenBuild Behavior ::run [ RunTime:0.001000s ]
INFO: WriteHtmlCache Behavior ::run [ RunTime:0.000000s ]
INFO: ShowRuntime Behavior ::run [ RunTime:0.000000s ]
INFO: [ view_filter ] --END-- [ RunTime:0.001000s ]
INFO: [ view_end ] --START--
INFO: ShowPageTrace Behavior ::run [ RunTime:0.001000s ]
INFO: [ view_end ] --END-- [ RunTime:0.001000s ]

[ 2017-07-07T17:45:58+08:00 ] 0.0.0.0 /dididi5/index.php?g=Wap&m=User&a=user_1
INFO: [ app_begin ] --START--
INFO: ReadHtmlCache Behavior ::run [ RunTime:0.001000s ]
INFO: [ app_begin ] --END-- [ RunTime:0.001000s ]
SQL: SHOW COLUMNS FROM `by_order_info` [ RunTime:0.004001s ]
SQL: SELECT * FROM `by_order_info` WHERE ( `student_id` = 1 ) ORDER BY date desc LIMIT 1   [ RunTime:0.000000s ]
SQL: SHOW COLUMNS FROM `by_demand_order` [ RunTime:0.003000s ]
SQL: SELECT * FROM `by_demand_order` WHERE ( `demand_id` = 18 ) LIMIT 1   [ RunTime:0.000000s ]
SQL: SHOW COLUMNS FROM `by_member_info` [ RunTime:0.003000s ]
SQL: SELECT `name` FROM `by_member_info` WHERE ( `member_id` = 13 ) LIMIT 1   [ RunTime:0.000000s ]
SQL: SELECT * FROM `by_order_info` WHERE ( `status` = 1 ) AND ( `student_id` = 1 ) ORDER BY date desc LIMIT 6   [ RunTime:0.000000s ]
NOTIC: [2] Invalid argument supplied for foreach() D:\phpStudy\WWW\dididi5\App\Lib\Action\Wap\UserAction.class.php 第 36 行.
INFO: [ view_parse ] --START--
INFO: ParseTemplate Behavior ::run [ RunTime:0.008001s ]
INFO: [ view_parse ] --END-- [ RunTime:0.008001s ]
INFO: [ view_filter ] --START--
INFO: ContentReplace Behavior ::run [ RunTime:0.001000s ]
INFO: TokenBuild Behavior ::run [ RunTime:0.000000s ]
INFO: WriteHtmlCache Behavior ::run [ RunTime:0.001000s ]
INFO: ShowRuntime Behavior ::run [ RunTime:0.000000s ]
INFO: [ view_filter ] --END-- [ RunTime:0.002000s ]
INFO: [ view_end ] --START--
INFO: ShowPageTrace Behavior ::run [ RunTime:0.001000s ]
INFO: [ view_end ] --END-- [ RunTime:0.001000s ]

[ 2017-07-07T17:45:59+08:00 ] 0.0.0.0 /dididi5/index.php?g=Wap&m=User&a=user_1
INFO: [ app_begin ] --START--
INFO: ReadHtmlCache Behavior ::run [ RunTime:0.001000s ]
INFO: [ app_begin ] --END-- [ RunTime:0.001000s ]
SQL: SHOW COLUMNS FROM `by_order_info` [ RunTime:0.003000s ]
SQL: SELECT * FROM `by_order_info` WHERE ( `student_id` = 1 ) ORDER BY date desc LIMIT 1   [ RunTime:0.000000s ]
SQL: SHOW COLUMNS FROM `by_demand_order` [ RunTime:0.003001s ]
SQL: SELECT * FROM `by_demand_order` WHERE ( `demand_id` = 18 ) LIMIT 1   [ RunTime:0.001000s ]
SQL: SHOW COLUMNS FROM `by_member_info` [ RunTime:0.003000s ]
SQL: SELECT `name` FROM `by_member_info` WHERE ( `member_id` = 13 ) LIMIT 1   [ RunTime:0.000000s ]
SQL: SELECT * FROM `by_order_info` WHERE ( `status` = 1 ) AND ( `student_id` = 1 ) ORDER BY date desc LIMIT 6   [ RunTime:0.000000s ]
NOTIC: [2] Invalid argument supplied for foreach() D:\phpStudy\WWW\dididi5\App\Lib\Action\Wap\UserAction.class.php 第 36 行.
INFO: [ view_parse ] --START--
INFO: ParseTemplate Behavior ::run [ RunTime:0.008000s ]
INFO: [ view_parse ] --END-- [ RunTime:0.008000s ]
INFO: [ view_filter ] --START--
INFO: ContentReplace Behavior ::run [ RunTime:0.000000s ]
INFO: TokenBuild Behavior ::run [ RunTime:0.001000s ]
INFO: WriteHtmlCache Behavior ::run [ RunTime:0.000000s ]
INFO: ShowRuntime Behavior ::run [ RunTime:0.001000s ]
INFO: [ view_filter ] --END-- [ RunTime:0.002000s ]
INFO: [ view_end ] --START--
INFO: ShowPageTrace Behavior ::run [ RunTime:0.000000s ]
INFO: [ view_end ] --END-- [ RunTime:0.001000s ]

[ 2017-07-07T17:46:00+08:00 ] 0.0.0.0 /dididi5/index.php?g=Wap&m=User&a=user_1
INFO: [ app_begin ] --START--
INFO: ReadHtmlCache Behavior ::run [ RunTime:0.001000s ]
INFO: [ app_begin ] --END-- [ RunTime:0.001000s ]
SQL: SHOW COLUMNS FROM `by_order_info` [ RunTime:0.004000s ]
SQL: SELECT * FROM `by_order_info` WHERE ( `student_id` = 1 ) ORDER BY date desc LIMIT 1   [ RunTime:0.000000s ]
SQL: SHOW COLUMNS FROM `by_demand_order` [ RunTime:0.003000s ]
SQL: SELECT * FROM `by_demand_order` WHERE ( `demand_id` = 18 ) LIMIT 1   [ RunTime:0.001000s ]
SQL: SHOW COLUMNS FROM `by_member_info` [ RunTime:0.003000s ]
SQL: SELECT `name` FROM `by_member_info` WHERE ( `member_id` = 13 ) LIMIT 1   [ RunTime:0.001001s ]
SQL: SELECT * FROM `by_order_info` WHERE ( `status` = 1 ) AND ( `student_id` = 1 ) ORDER BY date desc LIMIT 6   [ RunTime:0.000000s ]
NOTIC: [2] Invalid argument supplied for foreach() D:\phpStudy\WWW\dididi5\App\Lib\Action\Wap\UserAction.class.php 第 36 行.
INFO: [ view_parse ] --START--
INFO: ParseTemplate Behavior ::run [ RunTime:0.008000s ]
INFO: [ view_parse ] --END-- [ RunTime:0.008000s ]
INFO: [ view_filter ] --START--
INFO: ContentReplace Behavior ::run [ RunTime:0.000000s ]
INFO: TokenBuild Behavior ::run [ RunTime:0.001000s ]
INFO: WriteHtmlCache Behavior ::run [ RunTime:0.000000s ]
INFO: ShowRuntime Behavior ::run [ RunTime:0.000000s ]
INFO: [ view_filter ] --END-- [ RunTime:0.002000s ]
INFO: [ view_end ] --START--
INFO: ShowPageTrace Behavior ::run [ RunTime:0.000000s ]
INFO: [ view_end ] --END-- [ RunTime:0.000000s ]

[ 2017-07-07T17:46:01+08:00 ] 0.0.0.0 /dididi5/index.php?g=Wap&m=User&a=user_1
INFO: [ app_begin ] --START--
INFO: ReadHtmlCache Behavior ::run [ RunTime:0.001000s ]
INFO: [ app_begin ] --END-- [ RunTime:0.001000s ]
SQL: SHOW COLUMNS FROM `by_order_info` [ RunTime:0.003001s ]
SQL: SELECT * FROM `by_order_info` WHERE ( `student_id` = 1 ) ORDER BY date desc LIMIT 1   [ RunTime:0.000000s ]
SQL: SHOW COLUMNS FROM `by_demand_order` [ RunTime:0.003000s ]
SQL: SELECT * FROM `by_demand_order` WHERE ( `demand_id` = 18 ) LIMIT 1   [ RunTime:0.000000s ]
SQL: SHOW COLUMNS FROM `by_member_info` [ RunTime:0.003000s ]
SQL: SELECT `name` FROM `by_member_info` WHERE ( `member_id` = 13 ) LIMIT 1   [ RunTime:0.001000s ]
SQL: SELECT * FROM `by_order_info` WHERE ( `status` = 1 ) AND ( `student_id` = 1 ) ORDER BY date desc LIMIT 6   [ RunTime:0.000000s ]
NOTIC: [2] Invalid argument supplied for foreach() D:\phpStudy\WWW\dididi5\App\Lib\Action\Wap\UserAction.class.php 第 36 行.
INFO: [ view_parse ] --START--
INFO: ParseTemplate Behavior ::run [ RunTime:0.008001s ]
INFO: [ view_parse ] --END-- [ RunTime:0.008001s ]
INFO: [ view_filter ] --START--
INFO: ContentReplace Behavior ::run [ RunTime:0.000000s ]
INFO: TokenBuild Behavior ::run [ RunTime:0.001000s ]
INFO: WriteHtmlCache Behavior ::run [ RunTime:0.000000s ]
INFO: ShowRuntime Behavior ::run [ RunTime:0.000000s ]
INFO: [ view_filter ] --END-- [ RunTime:0.001000s ]
INFO: [ view_end ] --START--
INFO: ShowPageTrace Behavior ::run [ RunTime:0.000000s ]
INFO: [ view_end ] --END-- [ RunTime:0.000000s ]

[ 2017-07-07T17:46:05+08:00 ] 0.0.0.0 /dididi5/index.php?g=Wap&m=User&a=user_1
INFO: [ app_begin ] --START--
INFO: ReadHtmlCache Behavior ::run [ RunTime:0.000000s ]
INFO: [ app_begin ] --END-- [ RunTime:0.000000s ]
SQL: SHOW COLUMNS FROM `by_order_info` [ RunTime:0.003000s ]
SQL: SELECT * FROM `by_order_info` WHERE ( `student_id` = 1 ) ORDER BY date desc LIMIT 1   [ RunTime:0.000000s ]
SQL: SHOW COLUMNS FROM `by_demand_order` [ RunTime:0.004000s ]
SQL: SELECT * FROM `by_demand_order` WHERE ( `demand_id` = 18 ) LIMIT 1   [ RunTime:0.000000s ]
SQL: SHOW COLUMNS FROM `by_member_info` [ RunTime:0.004001s ]
SQL: SELECT `name` FROM `by_member_info` WHERE ( `member_id` = 13 ) LIMIT 1   [ RunTime:0.000000s ]
SQL: SELECT * FROM `by_order_info` WHERE ( `status` = 1 ) AND ( `student_id` = 1 ) ORDER BY date desc LIMIT 6   [ RunTime:0.001000s ]
NOTIC: [2] Invalid argument supplied for foreach() D:\phpStudy\WWW\dididi5\App\Lib\Action\Wap\UserAction.class.php 第 36 行.
INFO: [ view_parse ] --START--
INFO: ParseTemplate Behavior ::run [ RunTime:0.007000s ]
INFO: [ view_parse ] --END-- [ RunTime:0.007000s ]
INFO: [ view_filter ] --START--
INFO: ContentReplace Behavior ::run [ RunTime:0.000000s ]
INFO: TokenBuild Behavior ::run [ RunTime:0.000000s ]
INFO: WriteHtmlCache Behavior ::run [ RunTime:0.000000s ]
INFO: ShowRuntime Behavior ::run [ RunTime:0.000000s ]
INFO: [ view_filter ] --END-- [ RunTime:0.001000s ]
INFO: [ view_end ] --START--
INFO: ShowPageTrace Behavior ::run [ RunTime:0.000000s ]
INFO: [ view_end ] --END-- [ RunTime:0.000000s ]

[ 2017-07-07T17:46:07+08:00 ] 0.0.0.0 /dididi5/index.php?g=Wap&m=User&a=user_6
INFO: [ app_begin ] --START--
INFO: ReadHtmlCache Behavior ::run [ RunTime:0.000000s ]
INFO: [ app_begin ] --END-- [ RunTime:0.000000s ]
NOTIC: [8] Constant THEME_NAME already defined D:\phpStudy\WWW\dididi5\ThinkPHP\Lib\Core\View.class.php 第 223 行.
NOTIC: [8] Constant THEME_PATH already defined D:\phpStudy\WWW\dididi5\ThinkPHP\Lib\Core\View.class.php 第 174 行.
NOTIC: [8] Constant APP_TMPL_PATH already defined D:\phpStudy\WWW\dididi5\ThinkPHP\Lib\Core\View.class.php 第 175 行.
INFO: [ view_parse ] --START--
INFO: ParseTemplate Behavior ::run [ RunTime:0.006001s ]
INFO: [ view_parse ] --END-- [ RunTime:0.006001s ]
INFO: [ view_filter ] --START--
INFO: ContentReplace Behavior ::run [ RunTime:0.000000s ]
INFO: TokenBuild Behavior ::run [ RunTime:0.000000s ]
INFO: WriteHtmlCache Behavior ::run [ RunTime:0.001000s ]
INFO: ShowRuntime Behavior ::run [ RunTime:0.000000s ]
INFO: [ view_filter ] --END-- [ RunTime:0.001000s ]
INFO: [ view_end ] --START--
INFO: ShowPageTrace Behavior ::run [ RunTime:0.001000s ]
INFO: [ view_end ] --END-- [ RunTime:0.001000s ]

[ 2017-07-07T17:59:44+08:00 ] 0.0.0.0 /dididi5/index.php?g=Wap&m=User&a=user_9
INFO: [ app_begin ] --START--
INFO: ReadHtmlCache Behavior ::run [ RunTime:0.001000s ]
INFO: [ app_begin ] --END-- [ RunTime:0.001000s ]
NOTIC: [8] Constant THEME_NAME already defined D:\phpStudy\WWW\dididi5\ThinkPHP\Lib\Core\View.class.php 第 223 行.
NOTIC: [8] Constant THEME_PATH already defined D:\phpStudy\WWW\dididi5\ThinkPHP\Lib\Core\View.class.php 第 174 行.
NOTIC: [8] Constant APP_TMPL_PATH already defined D:\phpStudy\WWW\dididi5\ThinkPHP\Lib\Core\View.class.php 第 175 行.
INFO: [ view_parse ] --START--
INFO: ParseTemplate Behavior ::run [ RunTime:0.006000s ]
INFO: [ view_parse ] --END-- [ RunTime:0.006000s ]
INFO: [ view_filter ] --START--
INFO: ContentReplace Behavior ::run [ RunTime:0.001000s ]
INFO: TokenBuild Behavior ::run [ RunTime:0.000000s ]
INFO: WriteHtmlCache Behavior ::run [ RunTime:0.000000s ]
INFO: ShowRuntime Behavior ::run [ RunTime:0.001000s ]
INFO: [ view_filter ] --END-- [ RunTime:0.002000s ]
INFO: [ view_end ] --START--
INFO: ShowPageTrace Behavior ::run [ RunTime:0.000000s ]
INFO: [ view_end ] --END-- [ RunTime:0.000000s ]

[ 2017-07-07T17:59:45+08:00 ] 0.0.0.0 /dididi5/index.php?g=Wap&m=Index&a=logout
INFO: [ app_begin ] --START--
INFO: ReadHtmlCache Behavior ::run [ RunTime:0.000000s ]
INFO: [ app_begin ] --END-- [ RunTime:0.000000s ]

[ 2017-07-07T17:59:45+08:00 ] 0.0.0.0 /dididi5/index.php?g=Wap&m=Index&a=index
INFO: [ app_begin ] --START--
INFO: ReadHtmlCache Behavior ::run [ RunTime:0.000000s ]
INFO: [ app_begin ] --END-- [ RunTime:0.000000s ]
INFO: [ view_parse ] --START--
INFO: ParseTemplate Behavior ::run [ RunTime:0.005001s ]
INFO: [ view_parse ] --END-- [ RunTime:0.005001s ]
INFO: [ view_filter ] --START--
INFO: ContentReplace Behavior ::run [ RunTime:0.001000s ]
INFO: TokenBuild Behavior ::run [ RunTime:0.000000s ]
INFO: WriteHtmlCache Behavior ::run [ RunTime:0.000000s ]
INFO: ShowRuntime Behavior ::run [ RunTime:0.000000s ]
INFO: [ view_filter ] --END-- [ RunTime:0.001000s ]
INFO: [ view_end ] --START--
INFO: ShowPageTrace Behavior ::run [ RunTime:0.000000s ]
INFO: [ view_end ] --END-- [ RunTime:0.000000s ]

[ 2017-07-07T17:59:48+08:00 ] 0.0.0.0 /dididi5/index.php?g=Wap&m=Student&a=index
INFO: [ app_begin ] --START--
INFO: ReadHtmlCache Behavior ::run [ RunTime:0.000000s ]
INFO: [ app_begin ] --END-- [ RunTime:0.000000s ]
NOTIC: [8] Undefined index: teacher_tag D:\phpStudy\WWW\dididi5\App\Lib\Action\Wap\StudentAction.class.php 第 11 行.
SQL: SHOW COLUMNS FROM `by_demand_order` [ RunTime:0.003000s ]
SQL: SELECT * FROM `by_demand_order` WHERE ( `student_id` = null )  [ RunTime:0.001000s ]
NOTIC: [2] Invalid argument supplied for foreach() D:\phpStudy\WWW\dididi5\App\Lib\Action\Wap\StudentAction.class.php 第 22 行.
SQL: SHOW COLUMNS FROM `by_course_type` [ RunTime:0.003000s ]
SQL: SELECT * FROM `by_course_type` WHERE ( `cate_ParentId` = 0 ) LIMIT 4   [ RunTime:0.000000s ]
SQL: SHOW COLUMNS FROM `by_member_info` [ RunTime:0.004000s ]
SQL: SELECT * FROM `by_member_info` WHERE ( `member_id` = null ) LIMIT 1   [ RunTime:0.000000s ]
SQL: SELECT * FROM `by_member_info` WHERE ( `member_id` = null ) LIMIT 1   [ RunTime:0.001001s ]
INFO: [ view_parse ] --START--
INFO: ParseTemplate Behavior ::run [ RunTime:0.007000s ]
INFO: [ view_parse ] --END-- [ RunTime:0.007000s ]
INFO: [ view_filter ] --START--
INFO: ContentReplace Behavior ::run [ RunTime:0.000000s ]
INFO: TokenBuild Behavior ::run [ RunTime:0.001000s ]
INFO: WriteHtmlCache Behavior ::run [ RunTime:0.000000s ]
INFO: ShowRuntime Behavior ::run [ RunTime:0.001000s ]
INFO: [ view_filter ] --END-- [ RunTime:0.002000s ]
INFO: [ view_end ] --START--
INFO: ShowPageTrace Behavior ::run [ RunTime:0.000000s ]
INFO: [ view_end ] --END-- [ RunTime:0.000000s ]

[ 2017-07-07T17:59:49+08:00 ] 0.0.0.0 /dididi5/index.php?g=Wap&m=Student&a=index
INFO: [ app_begin ] --START--
INFO: ReadHtmlCache Behavior ::run [ RunTime:0.001000s ]
INFO: [ app_begin ] --END-- [ RunTime:0.001000s ]
NOTIC: [8] Undefined index: teacher_tag D:\phpStudy\WWW\dididi5\App\Lib\Action\Wap\StudentAction.class.php 第 11 行.
SQL: SHOW COLUMNS FROM `by_demand_order` [ RunTime:0.004000s ]
SQL: SELECT * FROM `by_demand_order` WHERE ( `student_id` = null )  [ RunTime:0.000000s ]
NOTIC: [2] Invalid argument supplied for foreach() D:\phpStudy\WWW\dididi5\App\Lib\Action\Wap\StudentAction.class.php 第 22 行.
SQL: SHOW COLUMNS FROM `by_course_type` [ RunTime:0.003000s ]
SQL: SELECT * FROM `by_course_type` WHERE ( `cate_ParentId` = 0 ) LIMIT 4   [ RunTime:0.000000s ]
SQL: SHOW COLUMNS FROM `by_member_info` [ RunTime:0.004001s ]
SQL: SELECT * FROM `by_member_info` WHERE ( `member_id` = null ) LIMIT 1   [ RunTime:0.000000s ]
SQL: SELECT * FROM `by_member_info` WHERE ( `member_id` = null ) LIMIT 1   [ RunTime:0.001000s ]
INFO: [ view_parse ] --START--
INFO: ParseTemplate Behavior ::run [ RunTime:0.007000s ]
INFO: [ view_parse ] --END-- [ RunTime:0.007000s ]
INFO: [ view_filter ] --START--
INFO: ContentReplace Behavior ::run [ RunTime:0.001000s ]
INFO: TokenBuild Behavior ::run [ RunTime:0.000000s ]
INFO: WriteHtmlCache Behavior ::run [ RunTime:0.001000s ]
INFO: ShowRuntime Behavior ::run [ RunTime:0.000000s ]
INFO: [ view_filter ] --END-- [ RunTime:0.002000s ]
INFO: [ view_end ] --START--
INFO: ShowPageTrace Behavior ::run [ RunTime:0.001000s ]
INFO: [ view_end ] --END-- [ RunTime:0.001000s ]

[ 2017-07-07T17:59:51+08:00 ] 0.0.0.0 /dididi5/index.php?g=Wap&m=User&a=user_9
INFO: [ app_begin ] --START--
INFO: ReadHtmlCache Behavior ::run [ RunTime:0.000000s ]
INFO: [ app_begin ] --END-- [ RunTime:0.000000s ]
NOTIC: [8] Constant THEME_NAME already defined D:\phpStudy\WWW\dididi5\ThinkPHP\Lib\Core\View.class.php 第 223 行.
NOTIC: [8] Constant THEME_PATH already defined D:\phpStudy\WWW\dididi5\ThinkPHP\Lib\Core\View.class.php 第 174 行.
NOTIC: [8] Constant APP_TMPL_PATH already defined D:\phpStudy\WWW\dididi5\ThinkPHP\Lib\Core\View.class.php 第 175 行.
INFO: [ view_parse ] --START--
INFO: ParseTemplate Behavior ::run [ RunTime:0.000000s ]
INFO: [ view_parse ] --END-- [ RunTime:0.000000s ]
INFO: [ view_filter ] --START--
INFO: ContentReplace Behavior ::run [ RunTime:0.000000s ]
INFO: TokenBuild Behavior ::run [ RunTime:0.000000s ]
INFO: WriteHtmlCache Behavior ::run [ RunTime:0.000000s ]
INFO: ShowRuntime Behavior ::run [ RunTime:0.000000s ]
INFO: [ view_filter ] --END-- [ RunTime:0.000000s ]
INFO: [ view_end ] --START--
INFO: ShowPageTrace Behavior ::run [ RunTime:0.000000s ]
INFO: [ view_end ] --END-- [ RunTime:0.000000s ]

[ 2017-07-07T17:59:52+08:00 ] 0.0.0.0 /dididi5/index.php?g=Wap&m=Index&a=logout
INFO: [ app_begin ] --START--
INFO: ReadHtmlCache Behavior ::run [ RunTime:0.000000s ]
INFO: [ app_begin ] --END-- [ RunTime:0.000000s ]

[ 2017-07-07T17:59:52+08:00 ] 0.0.0.0 /dididi5/index.php?g=Wap&m=Index&a=index
INFO: [ app_begin ] --START--
INFO: ReadHtmlCache Behavior ::run [ RunTime:0.001000s ]
INFO: [ app_begin ] --END-- [ RunTime:0.001000s ]
INFO: [ view_parse ] --START--
INFO: ParseTemplate Behavior ::run [ RunTime:0.005000s ]
INFO: [ view_parse ] --END-- [ RunTime:0.006001s ]
INFO: [ view_filter ] --START--
INFO: ContentReplace Behavior ::run [ RunTime:0.000000s ]
INFO: TokenBuild Behavior ::run [ RunTime:0.000000s ]
INFO: WriteHtmlCache Behavior ::run [ RunTime:0.001000s ]
INFO: ShowRuntime Behavior ::run [ RunTime:0.000000s ]
INFO: [ view_filter ] --END-- [ RunTime:0.001000s ]
INFO: [ view_end ] --START--
INFO: ShowPageTrace Behavior ::run [ RunTime:0.000000s ]
INFO: [ view_end ] --END-- [ RunTime:0.001000s ]

[ 2017-07-07T17:59:54+08:00 ] 0.0.0.0 /dididi5/index.php?g=Wap&m=Student&a=index
INFO: [ app_begin ] --START--
INFO: ReadHtmlCache Behavior ::run [ RunTime:0.000000s ]
INFO: [ app_begin ] --END-- [ RunTime:0.000000s ]
NOTIC: [8] Undefined index: teacher_tag D:\phpStudy\WWW\dididi5\App\Lib\Action\Wap\StudentAction.class.php 第 11 行.
SQL: SHOW COLUMNS FROM `by_demand_order` [ RunTime:0.003001s ]
SQL: SELECT * FROM `by_demand_order` WHERE ( `student_id` = null )  [ RunTime:0.001000s ]
NOTIC: [2] Invalid argument supplied for foreach() D:\phpStudy\WWW\dididi5\App\Lib\Action\Wap\StudentAction.class.php 第 22 行.
SQL: SHOW COLUMNS FROM `by_course_type` [ RunTime:0.004000s ]
SQL: SELECT * FROM `by_course_type` WHERE ( `cate_ParentId` = 0 ) LIMIT 4   [ RunTime:0.000000s ]
SQL: SHOW COLUMNS FROM `by_member_info` [ RunTime:0.004000s ]
SQL: SELECT * FROM `by_member_info` WHERE ( `member_id` = null ) LIMIT 1   [ RunTime:0.000000s ]
SQL: SELECT * FROM `by_member_info` WHERE ( `member_id` = null ) LIMIT 1   [ RunTime:0.000000s ]
INFO: [ view_parse ] --START--
INFO: ParseTemplate Behavior ::run [ RunTime:0.007001s ]
INFO: [ view_parse ] --END-- [ RunTime:0.008001s ]
INFO: [ view_filter ] --START--
INFO: ContentReplace Behavior ::run [ RunTime:0.000000s ]
INFO: TokenBuild Behavior ::run [ RunTime:0.001000s ]
INFO: WriteHtmlCache Behavior ::run [ RunTime:0.000000s ]
INFO: ShowRuntime Behavior ::run [ RunTime:0.000000s ]
INFO: [ view_filter ] --END-- [ RunTime:0.001000s ]
INFO: [ view_end ] --START--
INFO: ShowPageTrace Behavior ::run [ RunTime:0.001000s ]
INFO: [ view_end ] --END-- [ RunTime:0.001000s ]

[ 2017-07-07T17:59:57+08:00 ] 0.0.0.0 /dididi5/index.php?g=Wap&m=User&a=user_1
INFO: [ app_begin ] --START--
INFO: ReadHtmlCache Behavior ::run [ RunTime:0.000000s ]
INFO: [ app_begin ] --END-- [ RunTime:0.000000s ]
SQL: SHOW COLUMNS FROM `by_order_info` [ RunTime:0.004000s ]
SQL: SELECT * FROM `by_order_info` WHERE ( `student_id` = null ) ORDER BY date desc LIMIT 1   [ RunTime:0.000000s ]
SQL: SHOW COLUMNS FROM `by_demand_order` [ RunTime:0.003000s ]
SQL: SELECT * FROM `by_demand_order` WHERE ( `demand_id` = null ) LIMIT 1   [ RunTime:0.000000s ]
SQL: SHOW COLUMNS FROM `by_member_info` [ RunTime:0.003001s ]
NOTIC: [8] Undefined index: teacher_id D:\phpStudy\WWW\dididi5\App\Lib\Action\Wap\UserAction.class.php 第 28 行.
SQL: SELECT `name` FROM `by_member_info` WHERE ( `member_id` = null ) LIMIT 1   [ RunTime:0.000000s ]
SQL: SELECT * FROM `by_order_info` WHERE ( `status` = 1 ) AND ( `student_id` = null ) ORDER BY date desc LIMIT 6   [ RunTime:0.001000s ]
NOTIC: [2] Invalid argument supplied for foreach() D:\phpStudy\WWW\dididi5\App\Lib\Action\Wap\UserAction.class.php 第 36 行.
INFO: [ view_parse ] --START--
INFO: ParseTemplate Behavior ::run [ RunTime:0.007000s ]
INFO: [ view_parse ] --END-- [ RunTime:0.007000s ]
INFO: [ view_filter ] --START--
INFO: ContentReplace Behavior ::run [ RunTime:0.000000s ]
INFO: TokenBuild Behavior ::run [ RunTime:0.001000s ]
INFO: WriteHtmlCache Behavior ::run [ RunTime:0.000000s ]
INFO: ShowRuntime Behavior ::run [ RunTime:0.000000s ]
INFO: [ view_filter ] --END-- [ RunTime:0.001000s ]
INFO: [ view_end ] --START--
INFO: ShowPageTrace Behavior ::run [ RunTime:0.001000s ]
INFO: [ view_end ] --END-- [ RunTime:0.001000s ]

[ 2017-07-07T17:59:58+08:00 ] 0.0.0.0 /dididi5/index.php?g=Wap&m=User&a=user_1
INFO: [ app_begin ] --START--
INFO: ReadHtmlCache Behavior ::run [ RunTime:0.000000s ]
INFO: [ app_begin ] --END-- [ RunTime:0.000000s ]
SQL: SHOW COLUMNS FROM `by_order_info` [ RunTime:0.000000s ]
SQL: SELECT * FROM `by_order_info` WHERE ( `student_id` = null ) ORDER BY date desc LIMIT 1   [ RunTime:0.000000s ]
SQL: SHOW COLUMNS FROM `by_demand_order` [ RunTime:0.000000s ]
SQL: SELECT * FROM `by_demand_order` WHERE ( `demand_id` = null ) LIMIT 1   [ RunTime:0.000000s ]
SQL: SHOW COLUMNS FROM `by_member_info` [ RunTime:0.015600s ]
NOTIC: [8] Undefined index: teacher_id D:\phpStudy\WWW\dididi5\App\Lib\Action\Wap\UserAction.class.php 第 28 行.
SQL: SELECT `name` FROM `by_member_info` WHERE ( `member_id` = null ) LIMIT 1   [ RunTime:0.000000s ]
SQL: SELECT * FROM `by_order_info` WHERE ( `status` = 1 ) AND ( `student_id` = null ) ORDER BY date desc LIMIT 6   [ RunTime:0.000000s ]
NOTIC: [2] Invalid argument supplied for foreach() D:\phpStudy\WWW\dididi5\App\Lib\Action\Wap\UserAction.class.php 第 36 行.
INFO: [ view_parse ] --START--
INFO: ParseTemplate Behavior ::run [ RunTime:0.000000s ]
INFO: [ view_parse ] --END-- [ RunTime:0.000000s ]
INFO: [ view_filter ] --START--
INFO: ContentReplace Behavior ::run [ RunTime:0.000000s ]
INFO: TokenBuild Behavior ::run [ RunTime:0.000000s ]
INFO: WriteHtmlCache Behavior ::run [ RunTime:0.000000s ]
INFO: ShowRuntime Behavior ::run [ RunTime:0.000000s ]
INFO: [ view_filter ] --END-- [ RunTime:0.000000s ]
INFO: [ view_end ] --START--
INFO: ShowPageTrace Behavior ::run [ RunTime:0.000000s ]
INFO: [ view_end ] --END-- [ RunTime:0.000000s ]

[ 2017-07-07T17:59:59+08:00 ] 0.0.0.0 /dididi5/index.php?g=Wap&m=User&a=user_1
INFO: [ app_begin ] --START--
INFO: ReadHtmlCache Behavior ::run [ RunTime:0.001000s ]
INFO: [ app_begin ] --END-- [ RunTime:0.001000s ]
SQL: SHOW COLUMNS FROM `by_order_info` [ RunTime:0.000000s ]
SQL: SELECT * FROM `by_order_info` WHERE ( `student_id` = null ) ORDER BY date desc LIMIT 1   [ RunTime:0.000000s ]
SQL: SHOW COLUMNS FROM `by_demand_order` [ RunTime:0.000000s ]
SQL: SELECT * FROM `by_demand_order` WHERE ( `demand_id` = null ) LIMIT 1   [ RunTime:0.000000s ]
SQL: SHOW COLUMNS FROM `by_member_info` [ RunTime:0.000000s ]
NOTIC: [8] Undefined index: teacher_id D:\phpStudy\WWW\dididi5\App\Lib\Action\Wap\UserAction.class.php 第 28 行.
SQL: SELECT `name` FROM `by_member_info` WHERE ( `member_id` = null ) LIMIT 1   [ RunTime:0.000000s ]
SQL: SELECT * FROM `by_order_info` WHERE ( `status` = 1 ) AND ( `student_id` = null ) ORDER BY date desc LIMIT 6   [ RunTime:0.000000s ]
NOTIC: [2] Invalid argument supplied for foreach() D:\phpStudy\WWW\dididi5\App\Lib\Action\Wap\UserAction.class.php 第 36 行.
INFO: [ view_parse ] --START--
INFO: ParseTemplate Behavior ::run [ RunTime:0.015600s ]
INFO: [ view_parse ] --END-- [ RunTime:0.015600s ]
INFO: [ view_filter ] --START--
INFO: ContentReplace Behavior ::run [ RunTime:0.000000s ]
INFO: TokenBuild Behavior ::run [ RunTime:0.000000s ]
INFO: WriteHtmlCache Behavior ::run [ RunTime:0.000000s ]
INFO: ShowRuntime Behavior ::run [ RunTime:0.000000s ]
INFO: [ view_filter ] --END-- [ RunTime:0.000000s ]
INFO: [ view_end ] --START--
INFO: ShowPageTrace Behavior ::run [ RunTime:0.000000s ]
INFO: [ view_end ] --END-- [ RunTime:0.000000s ]

