[ 2017-07-22T10:17:54+08:00 ] 0.0.0.0 /dididi5/
INFO: [ app_begin ] --START--
INFO: ReadHtmlCache Behavior ::run [ RunTime:0.001000s ]
INFO: [ app_begin ] --END-- [ RunTime:0.001000s ]
INFO: [ view_parse ] --START--
NOTIC: [2] preg_replace(): The /e modifier is no longer supported, use preg_replace_callback instead D:\phpStudy\WWW\dididi5\ThinkPHP\Lib\Template\ThinkTemplate.class.php 第 273 行.
NOTIC: [2] preg_replace(): The /e modifier is no longer supported, use preg_replace_callback instead D:\phpStudy\WWW\dididi5\ThinkPHP\Lib\Template\ThinkTemplate.class.php 第 168 行.
NOTIC: [2] preg_replace(): The /e modifier is no longer supported, use preg_replace_callback instead D:\phpStudy\WWW\dididi5\ThinkPHP\Lib\Template\ThinkTemplate.class.php 第 404 行.
NOTIC: [2] preg_replace(): The /e modifier is no longer supported, use preg_replace_callback instead D:\phpStudy\WWW\dididi5\ThinkPHP\Lib\Template\ThinkTemplate.class.php 第 404 行.
NOTIC: [2] preg_replace(): The /e modifier is no longer supported, use preg_replace_callback instead D:\phpStudy\WWW\dididi5\ThinkPHP\Lib\Template\ThinkTemplate.class.php 第 404 行.
NOTIC: [2] preg_replace(): The /e modifier is no longer supported, use preg_replace_callback instead D:\phpStudy\WWW\dididi5\ThinkPHP\Lib\Template\ThinkTemplate.class.php 第 404 行.
NOTIC: [2] preg_replace(): The /e modifier is no longer supported, use preg_replace_callback instead D:\phpStudy\WWW\dididi5\ThinkPHP\Lib\Template\ThinkTemplate.class.php 第 404 行.
NOTIC: [2] preg_replace(): The /e modifier is no longer supported, use preg_replace_callback instead D:\phpStudy\WWW\dididi5\ThinkPHP\Lib\Template\ThinkTemplate.class.php 第 404 行.
NOTIC: [2] preg_replace(): The /e modifier is no longer supported, use preg_replace_callback instead D:\phpStudy\WWW\dididi5\ThinkPHP\Lib\Template\ThinkTemplate.class.php 第 404 行.
NOTIC: [2] preg_replace(): The /e modifier is no longer supported, use preg_replace_callback instead D:\phpStudy\WWW\dididi5\ThinkPHP\Lib\Template\ThinkTemplate.class.php 第 404 行.
NOTIC: [2] preg_replace(): The /e modifier is no longer supported, use preg_replace_callback instead D:\phpStudy\WWW\dididi5\ThinkPHP\Lib\Template\ThinkTemplate.class.php 第 404 行.
NOTIC: [2] preg_replace(): The /e modifier is no longer supported, use preg_replace_callback instead D:\phpStudy\WWW\dididi5\ThinkPHP\Lib\Template\ThinkTemplate.class.php 第 404 行.
NOTIC: [2] preg_replace(): The /e modifier is no longer supported, use preg_replace_callback instead D:\phpStudy\WWW\dididi5\ThinkPHP\Lib\Template\ThinkTemplate.class.php 第 404 行.
NOTIC: [2] preg_replace(): The /e modifier is no longer supported, use preg_replace_callback instead D:\phpStudy\WWW\dididi5\ThinkPHP\Lib\Template\ThinkTemplate.class.php 第 404 行.
NOTIC: [2] preg_replace(): The /e modifier is no longer supported, use preg_replace_callback instead D:\phpStudy\WWW\dididi5\ThinkPHP\Lib\Template\ThinkTemplate.class.php 第 399 行.
NOTIC: [2] preg_replace(): The /e modifier is no longer supported, use preg_replace_callback instead D:\phpStudy\WWW\dididi5\ThinkPHP\Lib\Template\ThinkTemplate.class.php 第 399 行.
NOTIC: [2] preg_replace(): The /e modifier is no longer supported, use preg_replace_callback instead D:\phpStudy\WWW\dididi5\ThinkPHP\Lib\Template\ThinkTemplate.class.php 第 404 行.
NOTIC: [2] preg_replace(): The /e modifier is no longer supported, use preg_replace_callback instead D:\phpStudy\WWW\dididi5\ThinkPHP\Lib\Template\ThinkTemplate.class.php 第 404 行.
NOTIC: [2] preg_replace(): The /e modifier is no longer supported, use preg_replace_callback instead D:\phpStudy\WWW\dididi5\ThinkPHP\Lib\Template\ThinkTemplate.class.php 第 404 行.
NOTIC: [2] preg_replace(): The /e modifier is no longer supported, use preg_replace_callback instead D:\phpStudy\WWW\dididi5\ThinkPHP\Lib\Template\ThinkTemplate.class.php 第 399 行.
NOTIC: [2] preg_replace(): The /e modifier is no longer supported, use preg_replace_callback instead D:\phpStudy\WWW\dididi5\ThinkPHP\Lib\Template\ThinkTemplate.class.php 第 404 行.
NOTIC: [2] preg_replace(): The /e modifier is no longer supported, use preg_replace_callback instead D:\phpStudy\WWW\dididi5\ThinkPHP\Lib\Template\ThinkTemplate.class.php 第 404 行.
NOTIC: [2] preg_replace(): The /e modifier is no longer supported, use preg_replace_callback instead D:\phpStudy\WWW\dididi5\ThinkPHP\Lib\Template\ThinkTemplate.class.php 第 404 行.
NOTIC: [2] preg_replace(): The /e modifier is no longer supported, use preg_replace_callback instead D:\phpStudy\WWW\dididi5\ThinkPHP\Lib\Template\ThinkTemplate.class.php 第 404 行.
NOTIC: [2] preg_replace(): The /e modifier is no longer supported, use preg_replace_callback instead D:\phpStudy\WWW\dididi5\ThinkPHP\Lib\Template\ThinkTemplate.class.php 第 404 行.
NOTIC: [2] preg_replace(): The /e modifier is no longer supported, use preg_replace_callback instead D:\phpStudy\WWW\dididi5\ThinkPHP\Lib\Template\ThinkTemplate.class.php 第 404 行.
NOTIC: [2] preg_replace(): The /e modifier is no longer supported, use preg_replace_callback instead D:\phpStudy\WWW\dididi5\ThinkPHP\Lib\Template\ThinkTemplate.class.php 第 404 行.
NOTIC: [2] preg_replace(): The /e modifier is no longer supported, use preg_replace_callback instead D:\phpStudy\WWW\dididi5\ThinkPHP\Lib\Template\ThinkTemplate.class.php 第 404 行.
NOTIC: [2] preg_replace(): The /e modifier is no longer supported, use preg_replace_callback instead D:\phpStudy\WWW\dididi5\ThinkPHP\Lib\Template\ThinkTemplate.class.php 第 404 行.
NOTIC: [2] preg_replace(): The /e modifier is no longer supported, use preg_replace_callback instead D:\phpStudy\WWW\dididi5\ThinkPHP\Lib\Template\ThinkTemplate.class.php 第 404 行.
NOTIC: [2] preg_replace(): The /e modifier is no longer supported, use preg_replace_callback instead D:\phpStudy\WWW\dididi5\ThinkPHP\Lib\Template\ThinkTemplate.class.php 第 404 行.
NOTIC: [2] preg_replace(): The /e modifier is no longer supported, use preg_replace_callback instead D:\phpStudy\WWW\dididi5\ThinkPHP\Lib\Template\ThinkTemplate.class.php 第 404 行.
NOTIC: [2] preg_replace(): The /e modifier is no longer supported, use preg_replace_callback instead D:\phpStudy\WWW\dididi5\ThinkPHP\Lib\Template\ThinkTemplate.class.php 第 404 行.
NOTIC: [2] preg_replace(): The /e modifier is no longer supported, use preg_replace_callback instead D:\phpStudy\WWW\dididi5\ThinkPHP\Lib\Template\ThinkTemplate.class.php 第 404 行.
NOTIC: [2] preg_replace(): The /e modifier is no longer supported, use preg_replace_callback instead D:\phpStudy\WWW\dididi5\ThinkPHP\Lib\Template\ThinkTemplate.class.php 第 404 行.
NOTIC: [2] preg_replace(): The /e modifier is no longer supported, use preg_replace_callback instead D:\phpStudy\WWW\dididi5\ThinkPHP\Lib\Template\ThinkTemplate.class.php 第 404 行.
NOTIC: [2] preg_replace(): The /e modifier is no longer supported, use preg_replace_callback instead D:\phpStudy\WWW\dididi5\ThinkPHP\Lib\Template\ThinkTemplate.class.php 第 404 行.
NOTIC: [2] preg_replace(): The /e modifier is no longer supported, use preg_replace_callback instead D:\phpStudy\WWW\dididi5\ThinkPHP\Lib\Template\ThinkTemplate.class.php 第 404 行.
NOTIC: [2] preg_replace(): The /e modifier is no longer supported, use preg_replace_callback instead D:\phpStudy\WWW\dididi5\ThinkPHP\Lib\Template\ThinkTemplate.class.php 第 404 行.
NOTIC: [2] preg_replace(): The /e modifier is no longer supported, use preg_replace_callback instead D:\phpStudy\WWW\dididi5\ThinkPHP\Lib\Template\ThinkTemplate.class.php 第 404 行.
NOTIC: [2] preg_replace(): The /e modifier is no longer supported, use preg_replace_callback instead D:\phpStudy\WWW\dididi5\ThinkPHP\Lib\Template\ThinkTemplate.class.php 第 404 行.
NOTIC: [2] preg_replace(): The /e modifier is no longer supported, use preg_replace_callback instead D:\phpStudy\WWW\dididi5\ThinkPHP\Lib\Template\ThinkTemplate.class.php 第 404 行.
NOTIC: [2] preg_replace(): The /e modifier is no longer supported, use preg_replace_callback instead D:\phpStudy\WWW\dididi5\ThinkPHP\Lib\Template\ThinkTemplate.class.php 第 404 行.
NOTIC: [2] preg_replace(): The /e modifier is no longer supported, use preg_replace_callback instead D:\phpStudy\WWW\dididi5\ThinkPHP\Lib\Template\ThinkTemplate.class.php 第 404 行.
NOTIC: [2] preg_replace(): The /e modifier is no longer supported, use preg_replace_callback instead D:\phpStudy\WWW\dididi5\ThinkPHP\Lib\Template\ThinkTemplate.class.php 第 404 行.
NOTIC: [2] preg_replace(): The /e modifier is no longer supported, use preg_replace_callback instead D:\phpStudy\WWW\dididi5\ThinkPHP\Lib\Template\ThinkTemplate.class.php 第 404 行.
NOTIC: [2] preg_replace(): The /e modifier is no longer supported, use preg_replace_callback instead D:\phpStudy\WWW\dididi5\ThinkPHP\Lib\Template\ThinkTemplate.class.php 第 404 行.
NOTIC: [2] preg_replace(): The /e modifier is no longer supported, use preg_replace_callback instead D:\phpStudy\WWW\dididi5\ThinkPHP\Lib\Template\ThinkTemplate.class.php 第 404 行.
NOTIC: [2] preg_replace(): The /e modifier is no longer supported, use preg_replace_callback instead D:\phpStudy\WWW\dididi5\ThinkPHP\Lib\Template\ThinkTemplate.class.php 第 404 行.
NOTIC: [2] preg_replace(): The /e modifier is no longer supported, use preg_replace_callback instead D:\phpStudy\WWW\dididi5\ThinkPHP\Lib\Template\ThinkTemplate.class.php 第 404 行.
NOTIC: [2] preg_replace(): The /e modifier is no longer supported, use preg_replace_callback instead D:\phpStudy\WWW\dididi5\ThinkPHP\Lib\Template\ThinkTemplate.class.php 第 404 行.
NOTIC: [2] preg_replace(): The /e modifier is no longer supported, use preg_replace_callback instead D:\phpStudy\WWW\dididi5\ThinkPHP\Lib\Template\ThinkTemplate.class.php 第 404 行.
NOTIC: [2] preg_replace(): The /e modifier is no longer supported, use preg_replace_callback instead D:\phpStudy\WWW\dididi5\ThinkPHP\Lib\Template\ThinkTemplate.class.php 第 404 行.
NOTIC: [2] preg_replace(): The /e modifier is no longer supported, use preg_replace_callback instead D:\phpStudy\WWW\dididi5\ThinkPHP\Lib\Template\ThinkTemplate.class.php 第 404 行.
NOTIC: [2] preg_replace(): The /e modifier is no longer supported, use preg_replace_callback instead D:\phpStudy\WWW\dididi5\ThinkPHP\Lib\Template\ThinkTemplate.class.php 第 404 行.
NOTIC: [2] preg_replace(): The /e modifier is no longer supported, use preg_replace_callback instead D:\phpStudy\WWW\dididi5\ThinkPHP\Lib\Template\ThinkTemplate.class.php 第 404 行.
NOTIC: [2] preg_replace(): The /e modifier is no longer supported, use preg_replace_callback instead D:\phpStudy\WWW\dididi5\ThinkPHP\Lib\Template\ThinkTemplate.class.php 第 404 行.
NOTIC: [2] preg_replace(): The /e modifier is no longer supported, use preg_replace_callback instead D:\phpStudy\WWW\dididi5\ThinkPHP\Lib\Template\ThinkTemplate.class.php 第 404 行.
NOTIC: [2] preg_replace(): The /e modifier is no longer supported, use preg_replace_callback instead D:\phpStudy\WWW\dididi5\ThinkPHP\Lib\Template\ThinkTemplate.class.php 第 404 行.
NOTIC: [2] preg_replace(): The /e modifier is no longer supported, use preg_replace_callback instead D:\phpStudy\WWW\dididi5\ThinkPHP\Lib\Template\ThinkTemplate.class.php 第 404 行.
NOTIC: [2] preg_replace(): The /e modifier is no longer supported, use preg_replace_callback instead D:\phpStudy\WWW\dididi5\ThinkPHP\Lib\Template\ThinkTemplate.class.php 第 404 行.
NOTIC: [2] preg_replace(): The /e modifier is no longer supported, use preg_replace_callback instead D:\phpStudy\WWW\dididi5\ThinkPHP\Lib\Template\ThinkTemplate.class.php 第 404 行.
NOTIC: [2] preg_replace(): The /e modifier is no longer supported, use preg_replace_callback instead D:\phpStudy\WWW\dididi5\ThinkPHP\Lib\Template\ThinkTemplate.class.php 第 404 行.
NOTIC: [2] preg_replace(): The /e modifier is no longer supported, use preg_replace_callback instead D:\phpStudy\WWW\dididi5\ThinkPHP\Lib\Template\ThinkTemplate.class.php 第 404 行.
NOTIC: [2] preg_replace(): The /e modifier is no longer supported, use preg_replace_callback instead D:\phpStudy\WWW\dididi5\ThinkPHP\Lib\Template\ThinkTemplate.class.php 第 404 行.
NOTIC: [2] preg_replace(): The /e modifier is no longer supported, use preg_replace_callback instead D:\phpStudy\WWW\dididi5\ThinkPHP\Lib\Template\ThinkTemplate.class.php 第 404 行.
NOTIC: [2] preg_replace(): The /e modifier is no longer supported, use preg_replace_callback instead D:\phpStudy\WWW\dididi5\ThinkPHP\Lib\Template\ThinkTemplate.class.php 第 404 行.
NOTIC: [2] preg_replace(): The /e modifier is no longer supported, use preg_replace_callback instead D:\phpStudy\WWW\dididi5\ThinkPHP\Lib\Template\ThinkTemplate.class.php 第 404 行.
NOTIC: [2] preg_replace(): The /e modifier is no longer supported, use preg_replace_callback instead D:\phpStudy\WWW\dididi5\ThinkPHP\Lib\Template\ThinkTemplate.class.php 第 404 行.
NOTIC: [2] preg_replace(): The /e modifier is no longer supported, use preg_replace_callback instead D:\phpStudy\WWW\dididi5\ThinkPHP\Lib\Template\ThinkTemplate.class.php 第 404 行.
NOTIC: [2] preg_replace(): The /e modifier is no longer supported, use preg_replace_callback instead D:\phpStudy\WWW\dididi5\ThinkPHP\Lib\Template\ThinkTemplate.class.php 第 404 行.
NOTIC: [2] preg_replace(): The /e modifier is no longer supported, use preg_replace_callback instead D:\phpStudy\WWW\dididi5\ThinkPHP\Lib\Template\ThinkTemplate.class.php 第 404 行.
NOTIC: [2] preg_replace(): The /e modifier is no longer supported, use preg_replace_callback instead D:\phpStudy\WWW\dididi5\ThinkPHP\Lib\Template\ThinkTemplate.class.php 第 404 行.
NOTIC: [2] preg_replace(): The /e modifier is no longer supported, use preg_replace_callback instead D:\phpStudy\WWW\dididi5\ThinkPHP\Lib\Template\ThinkTemplate.class.php 第 404 行.
NOTIC: [2] preg_replace(): The /e modifier is no longer supported, use preg_replace_callback instead D:\phpStudy\WWW\dididi5\ThinkPHP\Lib\Template\ThinkTemplate.class.php 第 404 行.
NOTIC: [2] preg_replace(): The /e modifier is no longer supported, use preg_replace_callback instead D:\phpStudy\WWW\dididi5\ThinkPHP\Lib\Template\ThinkTemplate.class.php 第 404 行.
NOTIC: [2] preg_replace(): The /e modifier is no longer supported, use preg_replace_callback instead D:\phpStudy\WWW\dididi5\ThinkPHP\Lib\Template\ThinkTemplate.class.php 第 404 行.
NOTIC: [2] preg_replace(): The /e modifier is no longer supported, use preg_replace_callback instead D:\phpStudy\WWW\dididi5\ThinkPHP\Lib\Template\ThinkTemplate.class.php 第 404 行.
NOTIC: [2] preg_replace(): The /e modifier is no longer supported, use preg_replace_callback instead D:\phpStudy\WWW\dididi5\ThinkPHP\Lib\Template\ThinkTemplate.class.php 第 404 行.
NOTIC: [2] preg_replace(): The /e modifier is no longer supported, use preg_replace_callback instead D:\phpStudy\WWW\dididi5\ThinkPHP\Lib\Template\ThinkTemplate.class.php 第 404 行.
NOTIC: [2] preg_replace(): The /e modifier is no longer supported, use preg_replace_callback instead D:\phpStudy\WWW\dididi5\ThinkPHP\Lib\Template\ThinkTemplate.class.php 第 404 行.
NOTIC: [2] preg_replace(): The /e modifier is no longer supported, use preg_replace_callback instead D:\phpStudy\WWW\dididi5\ThinkPHP\Lib\Template\ThinkTemplate.class.php 第 404 行.
NOTIC: [2] preg_replace(): The /e modifier is no longer supported, use preg_replace_callback instead D:\phpStudy\WWW\dididi5\ThinkPHP\Lib\Template\ThinkTemplate.class.php 第 404 行.
NOTIC: [2] preg_replace(): The /e modifier is no longer supported, use preg_replace_callback instead D:\phpStudy\WWW\dididi5\ThinkPHP\Lib\Template\ThinkTemplate.class.php 第 404 行.
NOTIC: [2] preg_replace(): The /e modifier is no longer supported, use preg_replace_callback instead D:\phpStudy\WWW\dididi5\ThinkPHP\Lib\Template\ThinkTemplate.class.php 第 404 行.
NOTIC: [2] preg_replace(): The /e modifier is no longer supported, use preg_replace_callback instead D:\phpStudy\WWW\dididi5\ThinkPHP\Lib\Template\ThinkTemplate.class.php 第 404 行.
NOTIC: [2] preg_replace(): The /e modifier is no longer supported, use preg_replace_callback instead D:\phpStudy\WWW\dididi5\ThinkPHP\Lib\Template\ThinkTemplate.class.php 第 399 行.
NOTIC: [2] preg_replace(): The /e modifier is no longer supported, use preg_replace_callback instead D:\phpStudy\WWW\dididi5\ThinkPHP\Lib\Template\ThinkTemplate.class.php 第 399 行.
NOTIC: [2] preg_replace(): The /e modifier is no longer supported, use preg_replace_callback instead D:\phpStudy\WWW\dididi5\ThinkPHP\Lib\Template\ThinkTemplate.class.php 第 399 行.
NOTIC: [2] preg_replace(): The /e modifier is no longer supported, use preg_replace_callback instead D:\phpStudy\WWW\dididi5\ThinkPHP\Lib\Template\ThinkTemplate.class.php 第 399 行.
NOTIC: [2] preg_replace(): The /e modifier is no longer supported, use preg_replace_callback instead D:\phpStudy\WWW\dididi5\ThinkPHP\Lib\Template\ThinkTemplate.class.php 第 399 行.
NOTIC: [2] preg_replace(): The /e modifier is no longer supported, use preg_replace_callback instead D:\phpStudy\WWW\dididi5\ThinkPHP\Lib\Template\ThinkTemplate.class.php 第 399 行.
NOTIC: [2] preg_replace(): The /e modifier is no longer supported, use preg_replace_callback instead D:\phpStudy\WWW\dididi5\ThinkPHP\Lib\Template\ThinkTemplate.class.php 第 404 行.
NOTIC: [2] preg_replace(): The /e modifier is no longer supported, use preg_replace_callback instead D:\phpStudy\WWW\dididi5\ThinkPHP\Lib\Template\ThinkTemplate.class.php 第 404 行.
NOTIC: [2] preg_replace(): The /e modifier is no longer supported, use preg_replace_callback instead D:\phpStudy\WWW\dididi5\ThinkPHP\Lib\Template\ThinkTemplate.class.php 第 404 行.
NOTIC: [2] preg_replace(): The /e modifier is no longer supported, use preg_replace_callback instead D:\phpStudy\WWW\dididi5\ThinkPHP\Lib\Template\ThinkTemplate.class.php 第 197 行.
NOTIC: [2] preg_replace(): The /e modifier is no longer supported, use preg_replace_callback instead D:\phpStudy\WWW\dididi5\ThinkPHP\Lib\Template\ThinkTemplate.class.php 第 137 行.
INFO: ParseTemplate Behavior ::run [ RunTime:0.010000s ]
INFO: [ view_parse ] --END-- [ RunTime:0.010000s ]
INFO: [ view_filter ] --START--
INFO: ContentReplace Behavior ::run [ RunTime:0.001000s ]
INFO: TokenBuild Behavior ::run [ RunTime:0.001001s ]
INFO: WriteHtmlCache Behavior ::run [ RunTime:0.001000s ]
INFO: ShowRuntime Behavior ::run [ RunTime:0.001000s ]
INFO: [ view_filter ] --END-- [ RunTime:0.004001s ]
INFO: [ view_end ] --START--
INFO: ShowPageTrace Behavior ::run [ RunTime:0.001000s ]
INFO: [ view_end ] --END-- [ RunTime:0.001000s ]

[ 2017-07-22T10:18:39+08:00 ] 0.0.0.0 /dididi5/
INFO: [ app_begin ] --START--
INFO: ReadHtmlCache Behavior ::run [ RunTime:0.001000s ]
INFO: [ app_begin ] --END-- [ RunTime:0.001000s ]
INFO: [ view_parse ] --START--
NOTIC: [2] preg_replace(): The /e modifier is no longer supported, use preg_replace_callback instead D:\phpStudy\WWW\dididi5\ThinkPHP\Lib\Template\ThinkTemplate.class.php 第 273 行.
NOTIC: [2] preg_replace(): The /e modifier is no longer supported, use preg_replace_callback instead D:\phpStudy\WWW\dididi5\ThinkPHP\Lib\Template\ThinkTemplate.class.php 第 168 行.
NOTIC: [2] preg_replace(): The /e modifier is no longer supported, use preg_replace_callback instead D:\phpStudy\WWW\dididi5\ThinkPHP\Lib\Template\ThinkTemplate.class.php 第 404 行.
NOTIC: [2] preg_replace(): The /e modifier is no longer supported, use preg_replace_callback instead D:\phpStudy\WWW\dididi5\ThinkPHP\Lib\Template\ThinkTemplate.class.php 第 404 行.
NOTIC: [2] preg_replace(): The /e modifier is no longer supported, use preg_replace_callback instead D:\phpStudy\WWW\dididi5\ThinkPHP\Lib\Template\ThinkTemplate.class.php 第 404 行.
NOTIC: [2] preg_replace(): The /e modifier is no longer supported, use preg_replace_callback instead D:\phpStudy\WWW\dididi5\ThinkPHP\Lib\Template\ThinkTemplate.class.php 第 404 行.
NOTIC: [2] preg_replace(): The /e modifier is no longer supported, use preg_replace_callback instead D:\phpStudy\WWW\dididi5\ThinkPHP\Lib\Template\ThinkTemplate.class.php 第 404 行.
NOTIC: [2] preg_replace(): The /e modifier is no longer supported, use preg_replace_callback instead D:\phpStudy\WWW\dididi5\ThinkPHP\Lib\Template\ThinkTemplate.class.php 第 404 行.
NOTIC: [2] preg_replace(): The /e modifier is no longer supported, use preg_replace_callback instead D:\phpStudy\WWW\dididi5\ThinkPHP\Lib\Template\ThinkTemplate.class.php 第 404 行.
NOTIC: [2] preg_replace(): The /e modifier is no longer supported, use preg_replace_callback instead D:\phpStudy\WWW\dididi5\ThinkPHP\Lib\Template\ThinkTemplate.class.php 第 404 行.
NOTIC: [2] preg_replace(): The /e modifier is no longer supported, use preg_replace_callback instead D:\phpStudy\WWW\dididi5\ThinkPHP\Lib\Template\ThinkTemplate.class.php 第 404 行.
NOTIC: [2] preg_replace(): The /e modifier is no longer supported, use preg_replace_callback instead D:\phpStudy\WWW\dididi5\ThinkPHP\Lib\Template\ThinkTemplate.class.php 第 404 行.
NOTIC: [2] preg_replace(): The /e modifier is no longer supported, use preg_replace_callback instead D:\phpStudy\WWW\dididi5\ThinkPHP\Lib\Template\ThinkTemplate.class.php 第 404 行.
NOTIC: [2] preg_replace(): The /e modifier is no longer supported, use preg_replace_callback instead D:\phpStudy\WWW\dididi5\ThinkPHP\Lib\Template\ThinkTemplate.class.php 第 404 行.
NOTIC: [2] preg_replace(): The /e modifier is no longer supported, use preg_replace_callback instead D:\phpStudy\WWW\dididi5\ThinkPHP\Lib\Template\ThinkTemplate.class.php 第 399 行.
NOTIC: [2] preg_replace(): The /e modifier is no longer supported, use preg_replace_callback instead D:\phpStudy\WWW\dididi5\ThinkPHP\Lib\Template\ThinkTemplate.class.php 第 399 行.
NOTIC: [2] preg_replace(): The /e modifier is no longer supported, use preg_replace_callback instead D:\phpStudy\WWW\dididi5\ThinkPHP\Lib\Template\ThinkTemplate.class.php 第 404 行.
NOTIC: [2] preg_replace(): The /e modifier is no longer supported, use preg_replace_callback instead D:\phpStudy\WWW\dididi5\ThinkPHP\Lib\Template\ThinkTemplate.class.php 第 404 行.
NOTIC: [2] preg_replace(): The /e modifier is no longer supported, use preg_replace_callback instead D:\phpStudy\WWW\dididi5\ThinkPHP\Lib\Template\ThinkTemplate.class.php 第 404 行.
NOTIC: [2] preg_replace(): The /e modifier is no longer supported, use preg_replace_callback instead D:\phpStudy\WWW\dididi5\ThinkPHP\Lib\Template\ThinkTemplate.class.php 第 399 行.
NOTIC: [2] preg_replace(): The /e modifier is no longer supported, use preg_replace_callback instead D:\phpStudy\WWW\dididi5\ThinkPHP\Lib\Template\ThinkTemplate.class.php 第 404 行.
NOTIC: [2] preg_replace(): The /e modifier is no longer supported, use preg_replace_callback instead D:\phpStudy\WWW\dididi5\ThinkPHP\Lib\Template\ThinkTemplate.class.php 第 404 行.
NOTIC: [2] preg_replace(): The /e modifier is no longer supported, use preg_replace_callback instead D:\phpStudy\WWW\dididi5\ThinkPHP\Lib\Template\ThinkTemplate.class.php 第 404 行.
NOTIC: [2] preg_replace(): The /e modifier is no longer supported, use preg_replace_callback instead D:\phpStudy\WWW\dididi5\ThinkPHP\Lib\Template\ThinkTemplate.class.php 第 404 行.
NOTIC: [2] preg_replace(): The /e modifier is no longer supported, use preg_replace_callback instead D:\phpStudy\WWW\dididi5\ThinkPHP\Lib\Template\ThinkTemplate.class.php 第 404 行.
NOTIC: [2] preg_replace(): The /e modifier is no longer supported, use preg_replace_callback instead D:\phpStudy\WWW\dididi5\ThinkPHP\Lib\Template\ThinkTemplate.class.php 第 404 行.
NOTIC: [2] preg_replace(): The /e modifier is no longer supported, use preg_replace_callback instead D:\phpStudy\WWW\dididi5\ThinkPHP\Lib\Template\ThinkTemplate.class.php 第 404 行.
NOTIC: [2] preg_replace(): The /e modifier is no longer supported, use preg_replace_callback instead D:\phpStudy\WWW\dididi5\ThinkPHP\Lib\Template\ThinkTemplate.class.php 第 404 行.
NOTIC: [2] preg_replace(): The /e modifier is no longer supported, use preg_replace_callback instead D:\phpStudy\WWW\dididi5\ThinkPHP\Lib\Template\ThinkTemplate.class.php 第 404 行.
NOTIC: [2] preg_replace(): The /e modifier is no longer supported, use preg_replace_callback instead D:\phpStudy\WWW\dididi5\ThinkPHP\Lib\Template\ThinkTemplate.class.php 第 404 行.
NOTIC: [2] preg_replace(): The /e modifier is no longer supported, use preg_replace_callback instead D:\phpStudy\WWW\dididi5\ThinkPHP\Lib\Template\ThinkTemplate.class.php 第 404 行.
NOTIC: [2] preg_replace(): The /e modifier is no longer supported, use preg_replace_callback instead D:\phpStudy\WWW\dididi5\ThinkPHP\Lib\Template\ThinkTemplate.class.php 第 404 行.
NOTIC: [2] preg_replace(): The /e modifier is no longer supported, use preg_replace_callback instead D:\phpStudy\WWW\dididi5\ThinkPHP\Lib\Template\ThinkTemplate.class.php 第 404 行.
NOTIC: [2] preg_replace(): The /e modifier is no longer supported, use preg_replace_callback instead D:\phpStudy\WWW\dididi5\ThinkPHP\Lib\Template\ThinkTemplate.class.php 第 404 行.
NOTIC: [2] preg_replace(): The /e modifier is no longer supported, use preg_replace_callback instead D:\phpStudy\WWW\dididi5\ThinkPHP\Lib\Template\ThinkTemplate.class.php 第 404 行.
NOTIC: [2] preg_replace(): The /e modifier is no longer supported, use preg_replace_callback instead D:\phpStudy\WWW\dididi5\ThinkPHP\Lib\Template\ThinkTemplate.class.php 第 404 行.
NOTIC: [2] preg_replace(): The /e modifier is no longer supported, use preg_replace_callback instead D:\phpStudy\WWW\dididi5\ThinkPHP\Lib\Template\ThinkTemplate.class.php 第 404 行.
NOTIC: [2] preg_replace(): The /e modifier is no longer supported, use preg_replace_callback instead D:\phpStudy\WWW\dididi5\ThinkPHP\Lib\Template\ThinkTemplate.class.php 第 404 行.
NOTIC: [2] preg_replace(): The /e modifier is no longer supported, use preg_replace_callback instead D:\phpStudy\WWW\dididi5\ThinkPHP\Lib\Template\ThinkTemplate.class.php 第 404 行.
NOTIC: [2] preg_replace(): The /e modifier is no longer supported, use preg_replace_callback instead D:\phpStudy\WWW\dididi5\ThinkPHP\Lib\Template\ThinkTemplate.class.php 第 404 行.
NOTIC: [2] preg_replace(): The /e modifier is no longer supported, use preg_replace_callback instead D:\phpStudy\WWW\dididi5\ThinkPHP\Lib\Template\ThinkTemplate.class.php 第 404 行.
NOTIC: [2] preg_replace(): The /e modifier is no longer supported, use preg_replace_callback instead D:\phpStudy\WWW\dididi5\ThinkPHP\Lib\Template\ThinkTemplate.class.php 第 404 行.
NOTIC: [2] preg_replace(): The /e modifier is no longer supported, use preg_replace_callback instead D:\phpStudy\WWW\dididi5\ThinkPHP\Lib\Template\ThinkTemplate.class.php 第 404 行.
NOTIC: [2] preg_replace(): The /e modifier is no longer supported, use preg_replace_callback instead D:\phpStudy\WWW\dididi5\ThinkPHP\Lib\Template\ThinkTemplate.class.php 第 404 行.
NOTIC: [2] preg_replace(): The /e modifier is no longer supported, use preg_replace_callback instead D:\phpStudy\WWW\dididi5\ThinkPHP\Lib\Template\ThinkTemplate.class.php 第 404 行.
NOTIC: [2] preg_replace(): The /e modifier is no longer supported, use preg_replace_callback instead D:\phpStudy\WWW\dididi5\ThinkPHP\Lib\Template\ThinkTemplate.class.php 第 404 行.
NOTIC: [2] preg_replace(): The /e modifier is no longer supported, use preg_replace_callback instead D:\phpStudy\WWW\dididi5\ThinkPHP\Lib\Template\ThinkTemplate.class.php 第 404 行.
NOTIC: [2] preg_replace(): The /e modifier is no longer supported, use preg_replace_callback instead D:\phpStudy\WWW\dididi5\ThinkPHP\Lib\Template\ThinkTemplate.class.php 第 404 行.
NOTIC: [2] preg_replace(): The /e modifier is no longer supported, use preg_replace_callback instead D:\phpStudy\WWW\dididi5\ThinkPHP\Lib\Template\ThinkTemplate.class.php 第 404 行.
NOTIC: [2] preg_replace(): The /e modifier is no longer supported, use preg_replace_callback instead D:\phpStudy\WWW\dididi5\ThinkPHP\Lib\Template\ThinkTemplate.class.php 第 404 行.
NOTIC: [2] preg_replace(): The /e modifier is no longer supported, use preg_replace_callback instead D:\phpStudy\WWW\dididi5\ThinkPHP\Lib\Template\ThinkTemplate.class.php 第 404 行.
NOTIC: [2] preg_replace(): The /e modifier is no longer supported, use preg_replace_callback instead D:\phpStudy\WWW\dididi5\ThinkPHP\Lib\Template\ThinkTemplate.class.php 第 404 行.
NOTIC: [2] preg_replace(): The /e modifier is no longer supported, use preg_replace_callback instead D:\phpStudy\WWW\dididi5\ThinkPHP\Lib\Template\ThinkTemplate.class.php 第 404 行.
NOTIC: [2] preg_replace(): The /e modifier is no longer supported, use preg_replace_callback instead D:\phpStudy\WWW\dididi5\ThinkPHP\Lib\Template\ThinkTemplate.class.php 第 404 行.
NOTIC: [2] preg_replace(): The /e modifier is no longer supported, use preg_replace_callback instead D:\phpStudy\WWW\dididi5\ThinkPHP\Lib\Template\ThinkTemplate.class.php 第 404 行.
NOTIC: [2] preg_replace(): The /e modifier is no longer supported, use preg_replace_callback instead D:\phpStudy\WWW\dididi5\ThinkPHP\Lib\Template\ThinkTemplate.class.php 第 404 行.
NOTIC: [2] preg_replace(): The /e modifier is no longer supported, use preg_replace_callback instead D:\phpStudy\WWW\dididi5\ThinkPHP\Lib\Template\ThinkTemplate.class.php 第 404 行.
NOTIC: [2] preg_replace(): The /e modifier is no longer supported, use preg_replace_callback instead D:\phpStudy\WWW\dididi5\ThinkPHP\Lib\Template\ThinkTemplate.class.php 第 404 行.
NOTIC: [2] preg_replace(): The /e modifier is no longer supported, use preg_replace_callback instead D:\phpStudy\WWW\dididi5\ThinkPHP\Lib\Template\ThinkTemplate.class.php 第 404 行.
NOTIC: [2] preg_replace(): The /e modifier is no longer supported, use preg_replace_callback instead D:\phpStudy\WWW\dididi5\ThinkPHP\Lib\Template\ThinkTemplate.class.php 第 404 行.
NOTIC: [2] preg_replace(): The /e modifier is no longer supported, use preg_replace_callback instead D:\phpStudy\WWW\dididi5\ThinkPHP\Lib\Template\ThinkTemplate.class.php 第 404 行.
NOTIC: [2] preg_replace(): The /e modifier is no longer supported, use preg_replace_callback instead D:\phpStudy\WWW\dididi5\ThinkPHP\Lib\Template\ThinkTemplate.class.php 第 404 行.
NOTIC: [2] preg_replace(): The /e modifier is no longer supported, use preg_replace_callback instead D:\phpStudy\WWW\dididi5\ThinkPHP\Lib\Template\ThinkTemplate.class.php 第 404 行.
NOTIC: [2] preg_replace(): The /e modifier is no longer supported, use preg_replace_callback instead D:\phpStudy\WWW\dididi5\ThinkPHP\Lib\Template\ThinkTemplate.class.php 第 404 行.
NOTIC: [2] preg_replace(): The /e modifier is no longer supported, use preg_replace_callback instead D:\phpStudy\WWW\dididi5\ThinkPHP\Lib\Template\ThinkTemplate.class.php 第 404 行.
NOTIC: [2] preg_replace(): The /e modifier is no longer supported, use preg_replace_callback instead D:\phpStudy\WWW\dididi5\ThinkPHP\Lib\Template\ThinkTemplate.class.php 第 404 行.
NOTIC: [2] preg_replace(): The /e modifier is no longer supported, use preg_replace_callback instead D:\phpStudy\WWW\dididi5\ThinkPHP\Lib\Template\ThinkTemplate.class.php 第 404 行.
NOTIC: [2] preg_replace(): The /e modifier is no longer supported, use preg_replace_callback instead D:\phpStudy\WWW\dididi5\ThinkPHP\Lib\Template\ThinkTemplate.class.php 第 404 行.
NOTIC: [2] preg_replace(): The /e modifier is no longer supported, use preg_replace_callback instead D:\phpStudy\WWW\dididi5\ThinkPHP\Lib\Template\ThinkTemplate.class.php 第 404 行.
NOTIC: [2] preg_replace(): The /e modifier is no longer supported, use preg_replace_callback instead D:\phpStudy\WWW\dididi5\ThinkPHP\Lib\Template\ThinkTemplate.class.php 第 404 行.
NOTIC: [2] preg_replace(): The /e modifier is no longer supported, use preg_replace_callback instead D:\phpStudy\WWW\dididi5\ThinkPHP\Lib\Template\ThinkTemplate.class.php 第 404 行.
NOTIC: [2] preg_replace(): The /e modifier is no longer supported, use preg_replace_callback instead D:\phpStudy\WWW\dididi5\ThinkPHP\Lib\Template\ThinkTemplate.class.php 第 404 行.
NOTIC: [2] preg_replace(): The /e modifier is no longer supported, use preg_replace_callback instead D:\phpStudy\WWW\dididi5\ThinkPHP\Lib\Template\ThinkTemplate.class.php 第 404 行.
NOTIC: [2] preg_replace(): The /e modifier is no longer supported, use preg_replace_callback instead D:\phpStudy\WWW\dididi5\ThinkPHP\Lib\Template\ThinkTemplate.class.php 第 404 行.
NOTIC: [2] preg_replace(): The /e modifier is no longer supported, use preg_replace_callback instead D:\phpStudy\WWW\dididi5\ThinkPHP\Lib\Template\ThinkTemplate.class.php 第 404 行.
NOTIC: [2] preg_replace(): The /e modifier is no longer supported, use preg_replace_callback instead D:\phpStudy\WWW\dididi5\ThinkPHP\Lib\Template\ThinkTemplate.class.php 第 404 行.
NOTIC: [2] preg_replace(): The /e modifier is no longer supported, use preg_replace_callback instead D:\phpStudy\WWW\dididi5\ThinkPHP\Lib\Template\ThinkTemplate.class.php 第 404 行.
NOTIC: [2] preg_replace(): The /e modifier is no longer supported, use preg_replace_callback instead D:\phpStudy\WWW\dididi5\ThinkPHP\Lib\Template\ThinkTemplate.class.php 第 404 行.
NOTIC: [2] preg_replace(): The /e modifier is no longer supported, use preg_replace_callback instead D:\phpStudy\WWW\dididi5\ThinkPHP\Lib\Template\ThinkTemplate.class.php 第 404 行.
NOTIC: [2] preg_replace(): The /e modifier is no longer supported, use preg_replace_callback instead D:\phpStudy\WWW\dididi5\ThinkPHP\Lib\Template\ThinkTemplate.class.php 第 404 行.
NOTIC: [2] preg_replace(): The /e modifier is no longer supported, use preg_replace_callback instead D:\phpStudy\WWW\dididi5\ThinkPHP\Lib\Template\ThinkTemplate.class.php 第 404 行.
NOTIC: [2] preg_replace(): The /e modifier is no longer supported, use preg_replace_callback instead D:\phpStudy\WWW\dididi5\ThinkPHP\Lib\Template\ThinkTemplate.class.php 第 404 行.
NOTIC: [2] preg_replace(): The /e modifier is no longer supported, use preg_replace_callback instead D:\phpStudy\WWW\dididi5\ThinkPHP\Lib\Template\ThinkTemplate.class.php 第 404 行.
NOTIC: [2] preg_replace(): The /e modifier is no longer supported, use preg_replace_callback instead D:\phpStudy\WWW\dididi5\ThinkPHP\Lib\Template\ThinkTemplate.class.php 第 404 行.
NOTIC: [2] preg_replace(): The /e modifier is no longer supported, use preg_replace_callback instead D:\phpStudy\WWW\dididi5\ThinkPHP\Lib\Template\ThinkTemplate.class.php 第 404 行.
NOTIC: [2] preg_replace(): The /e modifier is no longer supported, use preg_replace_callback instead D:\phpStudy\WWW\dididi5\ThinkPHP\Lib\Template\ThinkTemplate.class.php 第 404 行.
NOTIC: [2] preg_replace(): The /e modifier is no longer supported, use preg_replace_callback instead D:\phpStudy\WWW\dididi5\ThinkPHP\Lib\Template\ThinkTemplate.class.php 第 399 行.
NOTIC: [2] preg_replace(): The /e modifier is no longer supported, use preg_replace_callback instead D:\phpStudy\WWW\dididi5\ThinkPHP\Lib\Template\ThinkTemplate.class.php 第 399 行.
NOTIC: [2] preg_replace(): The /e modifier is no longer supported, use preg_replace_callback instead D:\phpStudy\WWW\dididi5\ThinkPHP\Lib\Template\ThinkTemplate.class.php 第 399 行.
NOTIC: [2] preg_replace(): The /e modifier is no longer supported, use preg_replace_callback instead D:\phpStudy\WWW\dididi5\ThinkPHP\Lib\Template\ThinkTemplate.class.php 第 399 行.
NOTIC: [2] preg_replace(): The /e modifier is no longer supported, use preg_replace_callback instead D:\phpStudy\WWW\dididi5\ThinkPHP\Lib\Template\ThinkTemplate.class.php 第 399 行.
NOTIC: [2] preg_replace(): The /e modifier is no longer supported, use preg_replace_callback instead D:\phpStudy\WWW\dididi5\ThinkPHP\Lib\Template\ThinkTemplate.class.php 第 399 行.
NOTIC: [2] preg_replace(): The /e modifier is no longer supported, use preg_replace_callback instead D:\phpStudy\WWW\dididi5\ThinkPHP\Lib\Template\ThinkTemplate.class.php 第 404 行.
NOTIC: [2] preg_replace(): The /e modifier is no longer supported, use preg_replace_callback instead D:\phpStudy\WWW\dididi5\ThinkPHP\Lib\Template\ThinkTemplate.class.php 第 404 行.
NOTIC: [2] preg_replace(): The /e modifier is no longer supported, use preg_replace_callback instead D:\phpStudy\WWW\dididi5\ThinkPHP\Lib\Template\ThinkTemplate.class.php 第 404 行.
NOTIC: [2] preg_replace(): The /e modifier is no longer supported, use preg_replace_callback instead D:\phpStudy\WWW\dididi5\ThinkPHP\Lib\Template\ThinkTemplate.class.php 第 197 行.
NOTIC: [2] preg_replace(): The /e modifier is no longer supported, use preg_replace_callback instead D:\phpStudy\WWW\dididi5\ThinkPHP\Lib\Template\ThinkTemplate.class.php 第 137 行.
INFO: ParseTemplate Behavior ::run [ RunTime:0.007000s ]
INFO: [ view_parse ] --END-- [ RunTime:0.007000s ]
INFO: [ view_filter ] --START--
INFO: ContentReplace Behavior ::run [ RunTime:0.001000s ]
INFO: TokenBuild Behavior ::run [ RunTime:0.000000s ]
INFO: WriteHtmlCache Behavior ::run [ RunTime:0.001000s ]
INFO: ShowRuntime Behavior ::run [ RunTime:0.001000s ]
INFO: [ view_filter ] --END-- [ RunTime:0.003000s ]
INFO: [ view_end ] --START--
INFO: ShowPageTrace Behavior ::run [ RunTime:0.000000s ]
INFO: [ view_end ] --END-- [ RunTime:0.000000s ]

[ 2017-07-22T10:20:58+08:00 ] 0.0.0.0 /dididi5/
INFO: [ app_begin ] --START--
INFO: ReadHtmlCache Behavior ::run [ RunTime:0.001000s ]
INFO: [ app_begin ] --END-- [ RunTime:0.001000s ]
INFO: [ view_parse ] --START--
NOTIC: [2] preg_replace(): The /e modifier is no longer supported, use preg_replace_callback instead D:\phpStudy\WWW\dididi5\ThinkPHP\Lib\Template\ThinkTemplate.class.php 第 273 行.
NOTIC: [2] preg_replace(): The /e modifier is no longer supported, use preg_replace_callback instead D:\phpStudy\WWW\dididi5\ThinkPHP\Lib\Template\ThinkTemplate.class.php 第 168 行.
NOTIC: [2] preg_replace(): The /e modifier is no longer supported, use preg_replace_callback instead D:\phpStudy\WWW\dididi5\ThinkPHP\Lib\Template\ThinkTemplate.class.php 第 404 行.
NOTIC: [2] preg_replace(): The /e modifier is no longer supported, use preg_replace_callback instead D:\phpStudy\WWW\dididi5\ThinkPHP\Lib\Template\ThinkTemplate.class.php 第 404 行.
NOTIC: [2] preg_replace(): The /e modifier is no longer supported, use preg_replace_callback instead D:\phpStudy\WWW\dididi5\ThinkPHP\Lib\Template\ThinkTemplate.class.php 第 404 行.
NOTIC: [2] preg_replace(): The /e modifier is no longer supported, use preg_replace_callback instead D:\phpStudy\WWW\dididi5\ThinkPHP\Lib\Template\ThinkTemplate.class.php 第 404 行.
NOTIC: [2] preg_replace(): The /e modifier is no longer supported, use preg_replace_callback instead D:\phpStudy\WWW\dididi5\ThinkPHP\Lib\Template\ThinkTemplate.class.php 第 404 行.
NOTIC: [2] preg_replace(): The /e modifier is no longer supported, use preg_replace_callback instead D:\phpStudy\WWW\dididi5\ThinkPHP\Lib\Template\ThinkTemplate.class.php 第 404 行.
NOTIC: [2] preg_replace(): The /e modifier is no longer supported, use preg_replace_callback instead D:\phpStudy\WWW\dididi5\ThinkPHP\Lib\Template\ThinkTemplate.class.php 第 404 行.
NOTIC: [2] preg_replace(): The /e modifier is no longer supported, use preg_replace_callback instead D:\phpStudy\WWW\dididi5\ThinkPHP\Lib\Template\ThinkTemplate.class.php 第 404 行.
NOTIC: [2] preg_replace(): The /e modifier is no longer supported, use preg_replace_callback instead D:\phpStudy\WWW\dididi5\ThinkPHP\Lib\Template\ThinkTemplate.class.php 第 404 行.
NOTIC: [2] preg_replace(): The /e modifier is no longer supported, use preg_replace_callback instead D:\phpStudy\WWW\dididi5\ThinkPHP\Lib\Template\ThinkTemplate.class.php 第 404 行.
NOTIC: [2] preg_replace(): The /e modifier is no longer supported, use preg_replace_callback instead D:\phpStudy\WWW\dididi5\ThinkPHP\Lib\Template\ThinkTemplate.class.php 第 404 行.
NOTIC: [2] preg_replace(): The /e modifier is no longer supported, use preg_replace_callback instead D:\phpStudy\WWW\dididi5\ThinkPHP\Lib\Template\ThinkTemplate.class.php 第 404 行.
NOTIC: [2] preg_replace(): The /e modifier is no longer supported, use preg_replace_callback instead D:\phpStudy\WWW\dididi5\ThinkPHP\Lib\Template\ThinkTemplate.class.php 第 399 行.
NOTIC: [2] preg_replace(): The /e modifier is no longer supported, use preg_replace_callback instead D:\phpStudy\WWW\dididi5\ThinkPHP\Lib\Template\ThinkTemplate.class.php 第 399 行.
NOTIC: [2] preg_replace(): The /e modifier is no longer supported, use preg_replace_callback instead D:\phpStudy\WWW\dididi5\ThinkPHP\Lib\Template\ThinkTemplate.class.php 第 404 行.
NOTIC: [2] preg_replace(): The /e modifier is no longer supported, use preg_replace_callback instead D:\phpStudy\WWW\dididi5\ThinkPHP\Lib\Template\ThinkTemplate.class.php 第 404 行.
NOTIC: [2] preg_replace(): The /e modifier is no longer supported, use preg_replace_callback instead D:\phpStudy\WWW\dididi5\ThinkPHP\Lib\Template\ThinkTemplate.class.php 第 404 行.
NOTIC: [2] preg_replace(): The /e modifier is no longer supported, use preg_replace_callback instead D:\phpStudy\WWW\dididi5\ThinkPHP\Lib\Template\ThinkTemplate.class.php 第 399 行.
NOTIC: [2] preg_replace(): The /e modifier is no longer supported, use preg_replace_callback instead D:\phpStudy\WWW\dididi5\ThinkPHP\Lib\Template\ThinkTemplate.class.php 第 404 行.
NOTIC: [2] preg_replace(): The /e modifier is no longer supported, use preg_replace_callback instead D:\phpStudy\WWW\dididi5\ThinkPHP\Lib\Template\ThinkTemplate.class.php 第 404 行.
NOTIC: [2] preg_replace(): The /e modifier is no longer supported, use preg_replace_callback instead D:\phpStudy\WWW\dididi5\ThinkPHP\Lib\Template\ThinkTemplate.class.php 第 404 行.
NOTIC: [2] preg_replace(): The /e modifier is no longer supported, use preg_replace_callback instead D:\phpStudy\WWW\dididi5\ThinkPHP\Lib\Template\ThinkTemplate.class.php 第 404 行.
NOTIC: [2] preg_replace(): The /e modifier is no longer supported, use preg_replace_callback instead D:\phpStudy\WWW\dididi5\ThinkPHP\Lib\Template\ThinkTemplate.class.php 第 404 行.
NOTIC: [2] preg_replace(): The /e modifier is no longer supported, use preg_replace_callback instead D:\phpStudy\WWW\dididi5\ThinkPHP\Lib\Template\ThinkTemplate.class.php 第 404 行.
NOTIC: [2] preg_replace(): The /e modifier is no longer supported, use preg_replace_callback instead D:\phpStudy\WWW\dididi5\ThinkPHP\Lib\Template\ThinkTemplate.class.php 第 404 行.
NOTIC: [2] preg_replace(): The /e modifier is no longer supported, use preg_replace_callback instead D:\phpStudy\WWW\dididi5\ThinkPHP\Lib\Template\ThinkTemplate.class.php 第 404 行.
NOTIC: [2] preg_replace(): The /e modifier is no longer supported, use preg_replace_callback instead D:\phpStudy\WWW\dididi5\ThinkPHP\Lib\Template\ThinkTemplate.class.php 第 404 行.
NOTIC: [2] preg_replace(): The /e modifier is no longer supported, use preg_replace_callback instead D:\phpStudy\WWW\dididi5\ThinkPHP\Lib\Template\ThinkTemplate.class.php 第 404 行.
NOTIC: [2] preg_replace(): The /e modifier is no longer supported, use preg_replace_callback instead D:\phpStudy\WWW\dididi5\ThinkPHP\Lib\Template\ThinkTemplate.class.php 第 404 行.
NOTIC: [2] preg_replace(): The /e modifier is no longer supported, use preg_replace_callback instead D:\phpStudy\WWW\dididi5\ThinkPHP\Lib\Template\ThinkTemplate.class.php 第 404 行.
NOTIC: [2] preg_replace(): The /e modifier is no longer supported, use preg_replace_callback instead D:\phpStudy\WWW\dididi5\ThinkPHP\Lib\Template\ThinkTemplate.class.php 第 404 行.
NOTIC: [2] preg_replace(): The /e modifier is no longer supported, use preg_replace_callback instead D:\phpStudy\WWW\dididi5\ThinkPHP\Lib\Template\ThinkTemplate.class.php 第 404 行.
NOTIC: [2] preg_replace(): The /e modifier is no longer supported, use preg_replace_callback instead D:\phpStudy\WWW\dididi5\ThinkPHP\Lib\Template\ThinkTemplate.class.php 第 404 行.
NOTIC: [2] preg_replace(): The /e modifier is no longer supported, use preg_replace_callback instead D:\phpStudy\WWW\dididi5\ThinkPHP\Lib\Template\ThinkTemplate.class.php 第 404 行.
NOTIC: [2] preg_replace(): The /e modifier is no longer supported, use preg_replace_callback instead D:\phpStudy\WWW\dididi5\ThinkPHP\Lib\Template\ThinkTemplate.class.php 第 404 行.
NOTIC: [2] preg_replace(): The /e modifier is no longer supported, use preg_replace_callback instead D:\phpStudy\WWW\dididi5\ThinkPHP\Lib\Template\ThinkTemplate.class.php 第 404 行.
NOTIC: [2] preg_replace(): The /e modifier is no longer supported, use preg_replace_callback instead D:\phpStudy\WWW\dididi5\ThinkPHP\Lib\Template\ThinkTemplate.class.php 第 404 行.
NOTIC: [2] preg_replace(): The /e modifier is no longer supported, use preg_replace_callback instead D:\phpStudy\WWW\dididi5\ThinkPHP\Lib\Template\ThinkTemplate.class.php 第 404 行.
NOTIC: [2] preg_replace(): The /e modifier is no longer supported, use preg_replace_callback instead D:\phpStudy\WWW\dididi5\ThinkPHP\Lib\Template\ThinkTemplate.class.php 第 404 行.
NOTIC: [2] preg_replace(): The /e modifier is no longer supported, use preg_replace_callback instead D:\phpStudy\WWW\dididi5\ThinkPHP\Lib\Template\ThinkTemplate.class.php 第 404 行.
NOTIC: [2] preg_replace(): The /e modifier is no longer supported, use preg_replace_callback instead D:\phpStudy\WWW\dididi5\ThinkPHP\Lib\Template\ThinkTemplate.class.php 第 404 行.
NOTIC: [2] preg_replace(): The /e modifier is no longer supported, use preg_replace_callback instead D:\phpStudy\WWW\dididi5\ThinkPHP\Lib\Template\ThinkTemplate.class.php 第 404 行.
NOTIC: [2] preg_replace(): The /e modifier is no longer supported, use preg_replace_callback instead D:\phpStudy\WWW\dididi5\ThinkPHP\Lib\Template\ThinkTemplate.class.php 第 404 行.
NOTIC: [2] preg_replace(): The /e modifier is no longer supported, use preg_replace_callback instead D:\phpStudy\WWW\dididi5\ThinkPHP\Lib\Template\ThinkTemplate.class.php 第 404 行.
NOTIC: [2] preg_replace(): The /e modifier is no longer supported, use preg_replace_callback instead D:\phpStudy\WWW\dididi5\ThinkPHP\Lib\Template\ThinkTemplate.class.php 第 404 行.
NOTIC: [2] preg_replace(): The /e modifier is no longer supported, use preg_replace_callback instead D:\phpStudy\WWW\dididi5\ThinkPHP\Lib\Template\ThinkTemplate.class.php 第 404 行.
NOTIC: [2] preg_replace(): The /e modifier is no longer supported, use preg_replace_callback instead D:\phpStudy\WWW\dididi5\ThinkPHP\Lib\Template\ThinkTemplate.class.php 第 404 行.
NOTIC: [2] preg_replace(): The /e modifier is no longer supported, use preg_replace_callback instead D:\phpStudy\WWW\dididi5\ThinkPHP\Lib\Template\ThinkTemplate.class.php 第 404 行.
NOTIC: [2] preg_replace(): The /e modifier is no longer supported, use preg_replace_callback instead D:\phpStudy\WWW\dididi5\ThinkPHP\Lib\Template\ThinkTemplate.class.php 第 404 行.
NOTIC: [2] preg_replace(): The /e modifier is no longer supported, use preg_replace_callback instead D:\phpStudy\WWW\dididi5\ThinkPHP\Lib\Template\ThinkTemplate.class.php 第 404 行.
NOTIC: [2] preg_replace(): The /e modifier is no longer supported, use preg_replace_callback instead D:\phpStudy\WWW\dididi5\ThinkPHP\Lib\Template\ThinkTemplate.class.php 第 404 行.
NOTIC: [2] preg_replace(): The /e modifier is no longer supported, use preg_replace_callback instead D:\phpStudy\WWW\dididi5\ThinkPHP\Lib\Template\ThinkTemplate.class.php 第 404 行.
NOTIC: [2] preg_replace(): The /e modifier is no longer supported, use preg_replace_callback instead D:\phpStudy\WWW\dididi5\ThinkPHP\Lib\Template\ThinkTemplate.class.php 第 404 行.
NOTIC: [2] preg_replace(): The /e modifier is no longer supported, use preg_replace_callback instead D:\phpStudy\WWW\dididi5\ThinkPHP\Lib\Template\ThinkTemplate.class.php 第 404 行.
NOTIC: [2] preg_replace(): The /e modifier is no longer supported, use preg_replace_callback instead D:\phpStudy\WWW\dididi5\ThinkPHP\Lib\Template\ThinkTemplate.class.php 第 404 行.
NOTIC: [2] preg_replace(): The /e modifier is no longer supported, use preg_replace_callback instead D:\phpStudy\WWW\dididi5\ThinkPHP\Lib\Template\ThinkTemplate.class.php 第 404 行.
NOTIC: [2] preg_replace(): The /e modifier is no longer supported, use preg_replace_callback instead D:\phpStudy\WWW\dididi5\ThinkPHP\Lib\Template\ThinkTemplate.class.php 第 404 行.
NOTIC: [2] preg_replace(): The /e modifier is no longer supported, use preg_replace_callback instead D:\phpStudy\WWW\dididi5\ThinkPHP\Lib\Template\ThinkTemplate.class.php 第 404 行.
NOTIC: [2] preg_replace(): The /e modifier is no longer supported, use preg_replace_callback instead D:\phpStudy\WWW\dididi5\ThinkPHP\Lib\Template\ThinkTemplate.class.php 第 404 行.
NOTIC: [2] preg_replace(): The /e modifier is no longer supported, use preg_replace_callback instead D:\phpStudy\WWW\dididi5\ThinkPHP\Lib\Template\ThinkTemplate.class.php 第 404 行.
NOTIC: [2] preg_replace(): The /e modifier is no longer supported, use preg_replace_callback instead D:\phpStudy\WWW\dididi5\ThinkPHP\Lib\Template\ThinkTemplate.class.php 第 404 行.
NOTIC: [2] preg_replace(): The /e modifier is no longer supported, use preg_replace_callback instead D:\phpStudy\WWW\dididi5\ThinkPHP\Lib\Template\ThinkTemplate.class.php 第 404 行.
NOTIC: [2] preg_replace(): The /e modifier is no longer supported, use preg_replace_callback instead D:\phpStudy\WWW\dididi5\ThinkPHP\Lib\Template\ThinkTemplate.class.php 第 404 行.
NOTIC: [2] preg_replace(): The /e modifier is no longer supported, use preg_replace_callback instead D:\phpStudy\WWW\dididi5\ThinkPHP\Lib\Template\ThinkTemplate.class.php 第 404 行.
NOTIC: [2] preg_replace(): The /e modifier is no longer supported, use preg_replace_callback instead D:\phpStudy\WWW\dididi5\ThinkPHP\Lib\Template\ThinkTemplate.class.php 第 404 行.
NOTIC: [2] preg_replace(): The /e modifier is no longer supported, use preg_replace_callback instead D:\phpStudy\WWW\dididi5\ThinkPHP\Lib\Template\ThinkTemplate.class.php 第 404 行.
NOTIC: [2] preg_replace(): The /e modifier is no longer supported, use preg_replace_callback instead D:\phpStudy\WWW\dididi5\ThinkPHP\Lib\Template\ThinkTemplate.class.php 第 404 行.
NOTIC: [2] preg_replace(): The /e modifier is no longer supported, use preg_replace_callback instead D:\phpStudy\WWW\dididi5\ThinkPHP\Lib\Template\ThinkTemplate.class.php 第 404 行.
NOTIC: [2] preg_replace(): The /e modifier is no longer supported, use preg_replace_callback instead D:\phpStudy\WWW\dididi5\ThinkPHP\Lib\Template\ThinkTemplate.class.php 第 404 行.
NOTIC: [2] preg_replace(): The /e modifier is no longer supported, use preg_replace_callback instead D:\phpStudy\WWW\dididi5\ThinkPHP\Lib\Template\ThinkTemplate.class.php 第 404 行.
NOTIC: [2] preg_replace(): The /e modifier is no longer supported, use preg_replace_callback instead D:\phpStudy\WWW\dididi5\ThinkPHP\Lib\Template\ThinkTemplate.class.php 第 404 行.
NOTIC: [2] preg_replace(): The /e modifier is no longer supported, use preg_replace_callback instead D:\phpStudy\WWW\dididi5\ThinkPHP\Lib\Template\ThinkTemplate.class.php 第 404 行.
NOTIC: [2] preg_replace(): The /e modifier is no longer supported, use preg_replace_callback instead D:\phpStudy\WWW\dididi5\ThinkPHP\Lib\Template\ThinkTemplate.class.php 第 404 行.
NOTIC: [2] preg_replace(): The /e modifier is no longer supported, use preg_replace_callback instead D:\phpStudy\WWW\dididi5\ThinkPHP\Lib\Template\ThinkTemplate.class.php 第 404 行.
NOTIC: [2] preg_replace(): The /e modifier is no longer supported, use preg_replace_callback instead D:\phpStudy\WWW\dididi5\ThinkPHP\Lib\Template\ThinkTemplate.class.php 第 404 行.
NOTIC: [2] preg_replace(): The /e modifier is no longer supported, use preg_replace_callback instead D:\phpStudy\WWW\dididi5\ThinkPHP\Lib\Template\ThinkTemplate.class.php 第 404 行.
NOTIC: [2] preg_replace(): The /e modifier is no longer supported, use preg_replace_callback instead D:\phpStudy\WWW\dididi5\ThinkPHP\Lib\Template\ThinkTemplate.class.php 第 404 行.
NOTIC: [2] preg_replace(): The /e modifier is no longer supported, use preg_replace_callback instead D:\phpStudy\WWW\dididi5\ThinkPHP\Lib\Template\ThinkTemplate.class.php 第 404 行.
NOTIC: [2] preg_replace(): The /e modifier is no longer supported, use preg_replace_callback instead D:\phpStudy\WWW\dididi5\ThinkPHP\Lib\Template\ThinkTemplate.class.php 第 404 行.
NOTIC: [2] preg_replace(): The /e modifier is no longer supported, use preg_replace_callback instead D:\phpStudy\WWW\dididi5\ThinkPHP\Lib\Template\ThinkTemplate.class.php 第 404 行.
NOTIC: [2] preg_replace(): The /e modifier is no longer supported, use preg_replace_callback instead D:\phpStudy\WWW\dididi5\ThinkPHP\Lib\Template\ThinkTemplate.class.php 第 404 行.
NOTIC: [2] preg_replace(): The /e modifier is no longer supported, use preg_replace_callback instead D:\phpStudy\WWW\dididi5\ThinkPHP\Lib\Template\ThinkTemplate.class.php 第 404 行.
NOTIC: [2] preg_replace(): The /e modifier is no longer supported, use preg_replace_callback instead D:\phpStudy\WWW\dididi5\ThinkPHP\Lib\Template\ThinkTemplate.class.php 第 404 行.
NOTIC: [2] preg_replace(): The /e modifier is no longer supported, use preg_replace_callback instead D:\phpStudy\WWW\dididi5\ThinkPHP\Lib\Template\ThinkTemplate.class.php 第 404 行.
NOTIC: [2] preg_replace(): The /e modifier is no longer supported, use preg_replace_callback instead D:\phpStudy\WWW\dididi5\ThinkPHP\Lib\Template\ThinkTemplate.class.php 第 399 行.
NOTIC: [2] preg_replace(): The /e modifier is no longer supported, use preg_replace_callback instead D:\phpStudy\WWW\dididi5\ThinkPHP\Lib\Template\ThinkTemplate.class.php 第 399 行.
NOTIC: [2] preg_replace(): The /e modifier is no longer supported, use preg_replace_callback instead D:\phpStudy\WWW\dididi5\ThinkPHP\Lib\Template\ThinkTemplate.class.php 第 399 行.
NOTIC: [2] preg_replace(): The /e modifier is no longer supported, use preg_replace_callback instead D:\phpStudy\WWW\dididi5\ThinkPHP\Lib\Template\ThinkTemplate.class.php 第 399 行.
NOTIC: [2] preg_replace(): The /e modifier is no longer supported, use preg_replace_callback instead D:\phpStudy\WWW\dididi5\ThinkPHP\Lib\Template\ThinkTemplate.class.php 第 399 行.
NOTIC: [2] preg_replace(): The /e modifier is no longer supported, use preg_replace_callback instead D:\phpStudy\WWW\dididi5\ThinkPHP\Lib\Template\ThinkTemplate.class.php 第 399 行.
NOTIC: [2] preg_replace(): The /e modifier is no longer supported, use preg_replace_callback instead D:\phpStudy\WWW\dididi5\ThinkPHP\Lib\Template\ThinkTemplate.class.php 第 404 行.
NOTIC: [2] preg_replace(): The /e modifier is no longer supported, use preg_replace_callback instead D:\phpStudy\WWW\dididi5\ThinkPHP\Lib\Template\ThinkTemplate.class.php 第 404 行.
NOTIC: [2] preg_replace(): The /e modifier is no longer supported, use preg_replace_callback instead D:\phpStudy\WWW\dididi5\ThinkPHP\Lib\Template\ThinkTemplate.class.php 第 404 行.
NOTIC: [2] preg_replace(): The /e modifier is no longer supported, use preg_replace_callback instead D:\phpStudy\WWW\dididi5\ThinkPHP\Lib\Template\ThinkTemplate.class.php 第 197 行.
NOTIC: [2] preg_replace(): The /e modifier is no longer supported, use preg_replace_callback instead D:\phpStudy\WWW\dididi5\ThinkPHP\Lib\Template\ThinkTemplate.class.php 第 137 行.
INFO: ParseTemplate Behavior ::run [ RunTime:0.006001s ]
INFO: [ view_parse ] --END-- [ RunTime:0.006001s ]
INFO: [ view_filter ] --START--
INFO: ContentReplace Behavior ::run [ RunTime:0.000000s ]
INFO: TokenBuild Behavior ::run [ RunTime:0.001000s ]
INFO: WriteHtmlCache Behavior ::run [ RunTime:0.000000s ]
INFO: ShowRuntime Behavior ::run [ RunTime:0.001000s ]
INFO: [ view_filter ] --END-- [ RunTime:0.002000s ]
INFO: [ view_end ] --START--
INFO: ShowPageTrace Behavior ::run [ RunTime:0.000000s ]
INFO: [ view_end ] --END-- [ RunTime:0.000000s ]

[ 2017-07-22T10:20:59+08:00 ] 0.0.0.0 /dididi5/
INFO: [ app_begin ] --START--
INFO: ReadHtmlCache Behavior ::run [ RunTime:0.000000s ]
INFO: [ app_begin ] --END-- [ RunTime:0.001000s ]
INFO: [ view_parse ] --START--
NOTIC: [2] preg_replace(): The /e modifier is no longer supported, use preg_replace_callback instead D:\phpStudy\WWW\dididi5\ThinkPHP\Lib\Template\ThinkTemplate.class.php 第 273 行.
NOTIC: [2] preg_replace(): The /e modifier is no longer supported, use preg_replace_callback instead D:\phpStudy\WWW\dididi5\ThinkPHP\Lib\Template\ThinkTemplate.class.php 第 168 行.
NOTIC: [2] preg_replace(): The /e modifier is no longer supported, use preg_replace_callback instead D:\phpStudy\WWW\dididi5\ThinkPHP\Lib\Template\ThinkTemplate.class.php 第 404 行.
NOTIC: [2] preg_replace(): The /e modifier is no longer supported, use preg_replace_callback instead D:\phpStudy\WWW\dididi5\ThinkPHP\Lib\Template\ThinkTemplate.class.php 第 404 行.
NOTIC: [2] preg_replace(): The /e modifier is no longer supported, use preg_replace_callback instead D:\phpStudy\WWW\dididi5\ThinkPHP\Lib\Template\ThinkTemplate.class.php 第 404 行.
NOTIC: [2] preg_replace(): The /e modifier is no longer supported, use preg_replace_callback instead D:\phpStudy\WWW\dididi5\ThinkPHP\Lib\Template\ThinkTemplate.class.php 第 404 行.
NOTIC: [2] preg_replace(): The /e modifier is no longer supported, use preg_replace_callback instead D:\phpStudy\WWW\dididi5\ThinkPHP\Lib\Template\ThinkTemplate.class.php 第 404 行.
NOTIC: [2] preg_replace(): The /e modifier is no longer supported, use preg_replace_callback instead D:\phpStudy\WWW\dididi5\ThinkPHP\Lib\Template\ThinkTemplate.class.php 第 404 行.
NOTIC: [2] preg_replace(): The /e modifier is no longer supported, use preg_replace_callback instead D:\phpStudy\WWW\dididi5\ThinkPHP\Lib\Template\ThinkTemplate.class.php 第 404 行.
NOTIC: [2] preg_replace(): The /e modifier is no longer supported, use preg_replace_callback instead D:\phpStudy\WWW\dididi5\ThinkPHP\Lib\Template\ThinkTemplate.class.php 第 404 行.
NOTIC: [2] preg_replace(): The /e modifier is no longer supported, use preg_replace_callback instead D:\phpStudy\WWW\dididi5\ThinkPHP\Lib\Template\ThinkTemplate.class.php 第 404 行.
NOTIC: [2] preg_replace(): The /e modifier is no longer supported, use preg_replace_callback instead D:\phpStudy\WWW\dididi5\ThinkPHP\Lib\Template\ThinkTemplate.class.php 第 404 行.
NOTIC: [2] preg_replace(): The /e modifier is no longer supported, use preg_replace_callback instead D:\phpStudy\WWW\dididi5\ThinkPHP\Lib\Template\ThinkTemplate.class.php 第 404 行.
NOTIC: [2] preg_replace(): The /e modifier is no longer supported, use preg_replace_callback instead D:\phpStudy\WWW\dididi5\ThinkPHP\Lib\Template\ThinkTemplate.class.php 第 404 行.
NOTIC: [2] preg_replace(): The /e modifier is no longer supported, use preg_replace_callback instead D:\phpStudy\WWW\dididi5\ThinkPHP\Lib\Template\ThinkTemplate.class.php 第 399 行.
NOTIC: [2] preg_replace(): The /e modifier is no longer supported, use preg_replace_callback instead D:\phpStudy\WWW\dididi5\ThinkPHP\Lib\Template\ThinkTemplate.class.php 第 399 行.
NOTIC: [2] preg_replace(): The /e modifier is no longer supported, use preg_replace_callback instead D:\phpStudy\WWW\dididi5\ThinkPHP\Lib\Template\ThinkTemplate.class.php 第 404 行.
NOTIC: [2] preg_replace(): The /e modifier is no longer supported, use preg_replace_callback instead D:\phpStudy\WWW\dididi5\ThinkPHP\Lib\Template\ThinkTemplate.class.php 第 404 行.
NOTIC: [2] preg_replace(): The /e modifier is no longer supported, use preg_replace_callback instead D:\phpStudy\WWW\dididi5\ThinkPHP\Lib\Template\ThinkTemplate.class.php 第 404 行.
NOTIC: [2] preg_replace(): The /e modifier is no longer supported, use preg_replace_callback instead D:\phpStudy\WWW\dididi5\ThinkPHP\Lib\Template\ThinkTemplate.class.php 第 399 行.
NOTIC: [2] preg_replace(): The /e modifier is no longer supported, use preg_replace_callback instead D:\phpStudy\WWW\dididi5\ThinkPHP\Lib\Template\ThinkTemplate.class.php 第 404 行.
NOTIC: [2] preg_replace(): The /e modifier is no longer supported, use preg_replace_callback instead D:\phpStudy\WWW\dididi5\ThinkPHP\Lib\Template\ThinkTemplate.class.php 第 404 行.
NOTIC: [2] preg_replace(): The /e modifier is no longer supported, use preg_replace_callback instead D:\phpStudy\WWW\dididi5\ThinkPHP\Lib\Template\ThinkTemplate.class.php 第 404 行.
NOTIC: [2] preg_replace(): The /e modifier is no longer supported, use preg_replace_callback instead D:\phpStudy\WWW\dididi5\ThinkPHP\Lib\Template\ThinkTemplate.class.php 第 404 行.
NOTIC: [2] preg_replace(): The /e modifier is no longer supported, use preg_replace_callback instead D:\phpStudy\WWW\dididi5\ThinkPHP\Lib\Template\ThinkTemplate.class.php 第 404 行.
NOTIC: [2] preg_replace(): The /e modifier is no longer supported, use preg_replace_callback instead D:\phpStudy\WWW\dididi5\ThinkPHP\Lib\Template\ThinkTemplate.class.php 第 404 行.
NOTIC: [2] preg_replace(): The /e modifier is no longer supported, use preg_replace_callback instead D:\phpStudy\WWW\dididi5\ThinkPHP\Lib\Template\ThinkTemplate.class.php 第 404 行.
NOTIC: [2] preg_replace(): The /e modifier is no longer supported, use preg_replace_callback instead D:\phpStudy\WWW\dididi5\ThinkPHP\Lib\Template\ThinkTemplate.class.php 第 404 行.
NOTIC: [2] preg_replace(): The /e modifier is no longer supported, use preg_replace_callback instead D:\phpStudy\WWW\dididi5\ThinkPHP\Lib\Template\ThinkTemplate.class.php 第 404 行.
NOTIC: [2] preg_replace(): The /e modifier is no longer supported, use preg_replace_callback instead D:\phpStudy\WWW\dididi5\ThinkPHP\Lib\Template\ThinkTemplate.class.php 第 404 行.
NOTIC: [2] preg_replace(): The /e modifier is no longer supported, use preg_replace_callback instead D:\phpStudy\WWW\dididi5\ThinkPHP\Lib\Template\ThinkTemplate.class.php 第 404 行.
NOTIC: [2] preg_replace(): The /e modifier is no longer supported, use preg_replace_callback instead D:\phpStudy\WWW\dididi5\ThinkPHP\Lib\Template\ThinkTemplate.class.php 第 404 行.
NOTIC: [2] preg_replace(): The /e modifier is no longer supported, use preg_replace_callback instead D:\phpStudy\WWW\dididi5\ThinkPHP\Lib\Template\ThinkTemplate.class.php 第 404 行.
NOTIC: [2] preg_replace(): The /e modifier is no longer supported, use preg_replace_callback instead D:\phpStudy\WWW\dididi5\ThinkPHP\Lib\Template\ThinkTemplate.class.php 第 404 行.
NOTIC: [2] preg_replace(): The /e modifier is no longer supported, use preg_replace_callback instead D:\phpStudy\WWW\dididi5\ThinkPHP\Lib\Template\ThinkTemplate.class.php 第 404 行.
NOTIC: [2] preg_replace(): The /e modifier is no longer supported, use preg_replace_callback instead D:\phpStudy\WWW\dididi5\ThinkPHP\Lib\Template\ThinkTemplate.class.php 第 404 行.
NOTIC: [2] preg_replace(): The /e modifier is no longer supported, use preg_replace_callback instead D:\phpStudy\WWW\dididi5\ThinkPHP\Lib\Template\ThinkTemplate.class.php 第 404 行.
NOTIC: [2] preg_replace(): The /e modifier is no longer supported, use preg_replace_callback instead D:\phpStudy\WWW\dididi5\ThinkPHP\Lib\Template\ThinkTemplate.class.php 第 404 行.
NOTIC: [2] preg_replace(): The /e modifier is no longer supported, use preg_replace_callback instead D:\phpStudy\WWW\dididi5\ThinkPHP\Lib\Template\ThinkTemplate.class.php 第 404 行.
NOTIC: [2] preg_replace(): The /e modifier is no longer supported, use preg_replace_callback instead D:\phpStudy\WWW\dididi5\ThinkPHP\Lib\Template\ThinkTemplate.class.php 第 404 行.
NOTIC: [2] preg_replace(): The /e modifier is no longer supported, use preg_replace_callback instead D:\phpStudy\WWW\dididi5\ThinkPHP\Lib\Template\ThinkTemplate.class.php 第 404 行.
NOTIC: [2] preg_replace(): The /e modifier is no longer supported, use preg_replace_callback instead D:\phpStudy\WWW\dididi5\ThinkPHP\Lib\Template\ThinkTemplate.class.php 第 404 行.
NOTIC: [2] preg_replace(): The /e modifier is no longer supported, use preg_replace_callback instead D:\phpStudy\WWW\dididi5\ThinkPHP\Lib\Template\ThinkTemplate.class.php 第 404 行.
NOTIC: [2] preg_replace(): The /e modifier is no longer supported, use preg_replace_callback instead D:\phpStudy\WWW\dididi5\ThinkPHP\Lib\Template\ThinkTemplate.class.php 第 404 行.
NOTIC: [2] preg_replace(): The /e modifier is no longer supported, use preg_replace_callback instead D:\phpStudy\WWW\dididi5\ThinkPHP\Lib\Template\ThinkTemplate.class.php 第 404 行.
NOTIC: [2] preg_replace(): The /e modifier is no longer supported, use preg_replace_callback instead D:\phpStudy\WWW\dididi5\ThinkPHP\Lib\Template\ThinkTemplate.class.php 第 404 行.
NOTIC: [2] preg_replace(): The /e modifier is no longer supported, use preg_replace_callback instead D:\phpStudy\WWW\dididi5\ThinkPHP\Lib\Template\ThinkTemplate.class.php 第 404 行.
NOTIC: [2] preg_replace(): The /e modifier is no longer supported, use preg_replace_callback instead D:\phpStudy\WWW\dididi5\ThinkPHP\Lib\Template\ThinkTemplate.class.php 第 404 行.
NOTIC: [2] preg_replace(): The /e modifier is no longer supported, use preg_replace_callback instead D:\phpStudy\WWW\dididi5\ThinkPHP\Lib\Template\ThinkTemplate.class.php 第 404 行.
NOTIC: [2] preg_replace(): The /e modifier is no longer supported, use preg_replace_callback instead D:\phpStudy\WWW\dididi5\ThinkPHP\Lib\Template\ThinkTemplate.class.php 第 404 行.
NOTIC: [2] preg_replace(): The /e modifier is no longer supported, use preg_replace_callback instead D:\phpStudy\WWW\dididi5\ThinkPHP\Lib\Template\ThinkTemplate.class.php 第 404 行.
NOTIC: [2] preg_replace(): The /e modifier is no longer supported, use preg_replace_callback instead D:\phpStudy\WWW\dididi5\ThinkPHP\Lib\Template\ThinkTemplate.class.php 第 404 行.
NOTIC: [2] preg_replace(): The /e modifier is no longer supported, use preg_replace_callback instead D:\phpStudy\WWW\dididi5\ThinkPHP\Lib\Template\ThinkTemplate.class.php 第 404 行.
NOTIC: [2] preg_replace(): The /e modifier is no longer supported, use preg_replace_callback instead D:\phpStudy\WWW\dididi5\ThinkPHP\Lib\Template\ThinkTemplate.class.php 第 404 行.
NOTIC: [2] preg_replace(): The /e modifier is no longer supported, use preg_replace_callback instead D:\phpStudy\WWW\dididi5\ThinkPHP\Lib\Template\ThinkTemplate.class.php 第 404 行.
NOTIC: [2] preg_replace(): The /e modifier is no longer supported, use preg_replace_callback instead D:\phpStudy\WWW\dididi5\ThinkPHP\Lib\Template\ThinkTemplate.class.php 第 404 行.
NOTIC: [2] preg_replace(): The /e modifier is no longer supported, use preg_replace_callback instead D:\phpStudy\WWW\dididi5\ThinkPHP\Lib\Template\ThinkTemplate.class.php 第 404 行.
NOTIC: [2] preg_replace(): The /e modifier is no longer supported, use preg_replace_callback instead D:\phpStudy\WWW\dididi5\ThinkPHP\Lib\Template\ThinkTemplate.class.php 第 404 行.
NOTIC: [2] preg_replace(): The /e modifier is no longer supported, use preg_replace_callback instead D:\phpStudy\WWW\dididi5\ThinkPHP\Lib\Template\ThinkTemplate.class.php 第 404 行.
NOTIC: [2] preg_replace(): The /e modifier is no longer supported, use preg_replace_callback instead D:\phpStudy\WWW\dididi5\ThinkPHP\Lib\Template\ThinkTemplate.class.php 第 404 行.
NOTIC: [2] preg_replace(): The /e modifier is no longer supported, use preg_replace_callback instead D:\phpStudy\WWW\dididi5\ThinkPHP\Lib\Template\ThinkTemplate.class.php 第 404 行.
NOTIC: [2] preg_replace(): The /e modifier is no longer supported, use preg_replace_callback instead D:\phpStudy\WWW\dididi5\ThinkPHP\Lib\Template\ThinkTemplate.class.php 第 404 行.
NOTIC: [2] preg_replace(): The /e modifier is no longer supported, use preg_replace_callback instead D:\phpStudy\WWW\dididi5\ThinkPHP\Lib\Template\ThinkTemplate.class.php 第 404 行.
NOTIC: [2] preg_replace(): The /e modifier is no longer supported, use preg_replace_callback instead D:\phpStudy\WWW\dididi5\ThinkPHP\Lib\Template\ThinkTemplate.class.php 第 404 行.
NOTIC: [2] preg_replace(): The /e modifier is no longer supported, use preg_replace_callback instead D:\phpStudy\WWW\dididi5\ThinkPHP\Lib\Template\ThinkTemplate.class.php 第 404 行.
NOTIC: [2] preg_replace(): The /e modifier is no longer supported, use preg_replace_callback instead D:\phpStudy\WWW\dididi5\ThinkPHP\Lib\Template\ThinkTemplate.class.php 第 404 行.
NOTIC: [2] preg_replace(): The /e modifier is no longer supported, use preg_replace_callback instead D:\phpStudy\WWW\dididi5\ThinkPHP\Lib\Template\ThinkTemplate.class.php 第 404 行.
NOTIC: [2] preg_replace(): The /e modifier is no longer supported, use preg_replace_callback instead D:\phpStudy\WWW\dididi5\ThinkPHP\Lib\Template\ThinkTemplate.class.php 第 404 行.
NOTIC: [2] preg_replace(): The /e modifier is no longer supported, use preg_replace_callback instead D:\phpStudy\WWW\dididi5\ThinkPHP\Lib\Template\ThinkTemplate.class.php 第 404 行.
NOTIC: [2] preg_replace(): The /e modifier is no longer supported, use preg_replace_callback instead D:\phpStudy\WWW\dididi5\ThinkPHP\Lib\Template\ThinkTemplate.class.php 第 404 行.
NOTIC: [2] preg_replace(): The /e modifier is no longer supported, use preg_replace_callback instead D:\phpStudy\WWW\dididi5\ThinkPHP\Lib\Template\ThinkTemplate.class.php 第 404 行.
NOTIC: [2] preg_replace(): The /e modifier is no longer supported, use preg_replace_callback instead D:\phpStudy\WWW\dididi5\ThinkPHP\Lib\Template\ThinkTemplate.class.php 第 404 行.
NOTIC: [2] preg_replace(): The /e modifier is no longer supported, use preg_replace_callback instead D:\phpStudy\WWW\dididi5\ThinkPHP\Lib\Template\ThinkTemplate.class.php 第 404 行.
NOTIC: [2] preg_replace(): The /e modifier is no longer supported, use preg_replace_callback instead D:\phpStudy\WWW\dididi5\ThinkPHP\Lib\Template\ThinkTemplate.class.php 第 404 行.
NOTIC: [2] preg_replace(): The /e modifier is no longer supported, use preg_replace_callback instead D:\phpStudy\WWW\dididi5\ThinkPHP\Lib\Template\ThinkTemplate.class.php 第 404 行.
NOTIC: [2] preg_replace(): The /e modifier is no longer supported, use preg_replace_callback instead D:\phpStudy\WWW\dididi5\ThinkPHP\Lib\Template\ThinkTemplate.class.php 第 404 行.
NOTIC: [2] preg_replace(): The /e modifier is no longer supported, use preg_replace_callback instead D:\phpStudy\WWW\dididi5\ThinkPHP\Lib\Template\ThinkTemplate.class.php 第 404 行.
NOTIC: [2] preg_replace(): The /e modifier is no longer supported, use preg_replace_callback instead D:\phpStudy\WWW\dididi5\ThinkPHP\Lib\Template\ThinkTemplate.class.php 第 404 行.
NOTIC: [2] preg_replace(): The /e modifier is no longer supported, use preg_replace_callback instead D:\phpStudy\WWW\dididi5\ThinkPHP\Lib\Template\ThinkTemplate.class.php 第 404 行.
NOTIC: [2] preg_replace(): The /e modifier is no longer supported, use preg_replace_callback instead D:\phpStudy\WWW\dididi5\ThinkPHP\Lib\Template\ThinkTemplate.class.php 第 404 行.
NOTIC: [2] preg_replace(): The /e modifier is no longer supported, use preg_replace_callback instead D:\phpStudy\WWW\dididi5\ThinkPHP\Lib\Template\ThinkTemplate.class.php 第 404 行.
NOTIC: [2] preg_replace(): The /e modifier is no longer supported, use preg_replace_callback instead D:\phpStudy\WWW\dididi5\ThinkPHP\Lib\Template\ThinkTemplate.class.php 第 404 行.
NOTIC: [2] preg_replace(): The /e modifier is no longer supported, use preg_replace_callback instead D:\phpStudy\WWW\dididi5\ThinkPHP\Lib\Template\ThinkTemplate.class.php 第 404 行.
NOTIC: [2] preg_replace(): The /e modifier is no longer supported, use preg_replace_callback instead D:\phpStudy\WWW\dididi5\ThinkPHP\Lib\Template\ThinkTemplate.class.php 第 404 行.
NOTIC: [2] preg_replace(): The /e modifier is no longer supported, use preg_replace_callback instead D:\phpStudy\WWW\dididi5\ThinkPHP\Lib\Template\ThinkTemplate.class.php 第 404 行.
NOTIC: [2] preg_replace(): The /e modifier is no longer supported, use preg_replace_callback instead D:\phpStudy\WWW\dididi5\ThinkPHP\Lib\Template\ThinkTemplate.class.php 第 404 行.
NOTIC: [2] preg_replace(): The /e modifier is no longer supported, use preg_replace_callback instead D:\phpStudy\WWW\dididi5\ThinkPHP\Lib\Template\ThinkTemplate.class.php 第 399 行.
NOTIC: [2] preg_replace(): The /e modifier is no longer supported, use preg_replace_callback instead D:\phpStudy\WWW\dididi5\ThinkPHP\Lib\Template\ThinkTemplate.class.php 第 399 行.
NOTIC: [2] preg_replace(): The /e modifier is no longer supported, use preg_replace_callback instead D:\phpStudy\WWW\dididi5\ThinkPHP\Lib\Template\ThinkTemplate.class.php 第 399 行.
NOTIC: [2] preg_replace(): The /e modifier is no longer supported, use preg_replace_callback instead D:\phpStudy\WWW\dididi5\ThinkPHP\Lib\Template\ThinkTemplate.class.php 第 399 行.
NOTIC: [2] preg_replace(): The /e modifier is no longer supported, use preg_replace_callback instead D:\phpStudy\WWW\dididi5\ThinkPHP\Lib\Template\ThinkTemplate.class.php 第 399 行.
NOTIC: [2] preg_replace(): The /e modifier is no longer supported, use preg_replace_callback instead D:\phpStudy\WWW\dididi5\ThinkPHP\Lib\Template\ThinkTemplate.class.php 第 399 行.
NOTIC: [2] preg_replace(): The /e modifier is no longer supported, use preg_replace_callback instead D:\phpStudy\WWW\dididi5\ThinkPHP\Lib\Template\ThinkTemplate.class.php 第 404 行.
NOTIC: [2] preg_replace(): The /e modifier is no longer supported, use preg_replace_callback instead D:\phpStudy\WWW\dididi5\ThinkPHP\Lib\Template\ThinkTemplate.class.php 第 404 行.
NOTIC: [2] preg_replace(): The /e modifier is no longer supported, use preg_replace_callback instead D:\phpStudy\WWW\dididi5\ThinkPHP\Lib\Template\ThinkTemplate.class.php 第 404 行.
NOTIC: [2] preg_replace(): The /e modifier is no longer supported, use preg_replace_callback instead D:\phpStudy\WWW\dididi5\ThinkPHP\Lib\Template\ThinkTemplate.class.php 第 197 行.
NOTIC: [2] preg_replace(): The /e modifier is no longer supported, use preg_replace_callback instead D:\phpStudy\WWW\dididi5\ThinkPHP\Lib\Template\ThinkTemplate.class.php 第 137 行.
INFO: ParseTemplate Behavior ::run [ RunTime:0.006001s ]
INFO: [ view_parse ] --END-- [ RunTime:0.006001s ]
INFO: [ view_filter ] --START--
INFO: ContentReplace Behavior ::run [ RunTime:0.001000s ]
INFO: TokenBuild Behavior ::run [ RunTime:0.000000s ]
INFO: WriteHtmlCache Behavior ::run [ RunTime:0.000000s ]
INFO: ShowRuntime Behavior ::run [ RunTime:0.001000s ]
INFO: [ view_filter ] --END-- [ RunTime:0.002000s ]
INFO: [ view_end ] --START--
INFO: ShowPageTrace Behavior ::run [ RunTime:0.001000s ]
INFO: [ view_end ] --END-- [ RunTime:0.001000s ]

[ 2017-07-22T10:20:59+08:00 ] 0.0.0.0 /dididi5/
INFO: [ app_begin ] --START--
INFO: ReadHtmlCache Behavior ::run [ RunTime:0.001000s ]
INFO: [ app_begin ] --END-- [ RunTime:0.001000s ]
INFO: [ view_parse ] --START--
NOTIC: [2] preg_replace(): The /e modifier is no longer supported, use preg_replace_callback instead D:\phpStudy\WWW\dididi5\ThinkPHP\Lib\Template\ThinkTemplate.class.php 第 273 行.
NOTIC: [2] preg_replace(): The /e modifier is no longer supported, use preg_replace_callback instead D:\phpStudy\WWW\dididi5\ThinkPHP\Lib\Template\ThinkTemplate.class.php 第 168 行.
NOTIC: [2] preg_replace(): The /e modifier is no longer supported, use preg_replace_callback instead D:\phpStudy\WWW\dididi5\ThinkPHP\Lib\Template\ThinkTemplate.class.php 第 404 行.
NOTIC: [2] preg_replace(): The /e modifier is no longer supported, use preg_replace_callback instead D:\phpStudy\WWW\dididi5\ThinkPHP\Lib\Template\ThinkTemplate.class.php 第 404 行.
NOTIC: [2] preg_replace(): The /e modifier is no longer supported, use preg_replace_callback instead D:\phpStudy\WWW\dididi5\ThinkPHP\Lib\Template\ThinkTemplate.class.php 第 404 行.
NOTIC: [2] preg_replace(): The /e modifier is no longer supported, use preg_replace_callback instead D:\phpStudy\WWW\dididi5\ThinkPHP\Lib\Template\ThinkTemplate.class.php 第 404 行.
NOTIC: [2] preg_replace(): The /e modifier is no longer supported, use preg_replace_callback instead D:\phpStudy\WWW\dididi5\ThinkPHP\Lib\Template\ThinkTemplate.class.php 第 404 行.
NOTIC: [2] preg_replace(): The /e modifier is no longer supported, use preg_replace_callback instead D:\phpStudy\WWW\dididi5\ThinkPHP\Lib\Template\ThinkTemplate.class.php 第 404 行.
NOTIC: [2] preg_replace(): The /e modifier is no longer supported, use preg_replace_callback instead D:\phpStudy\WWW\dididi5\ThinkPHP\Lib\Template\ThinkTemplate.class.php 第 404 行.
NOTIC: [2] preg_replace(): The /e modifier is no longer supported, use preg_replace_callback instead D:\phpStudy\WWW\dididi5\ThinkPHP\Lib\Template\ThinkTemplate.class.php 第 404 行.
NOTIC: [2] preg_replace(): The /e modifier is no longer supported, use preg_replace_callback instead D:\phpStudy\WWW\dididi5\ThinkPHP\Lib\Template\ThinkTemplate.class.php 第 404 行.
NOTIC: [2] preg_replace(): The /e modifier is no longer supported, use preg_replace_callback instead D:\phpStudy\WWW\dididi5\ThinkPHP\Lib\Template\ThinkTemplate.class.php 第 404 行.
NOTIC: [2] preg_replace(): The /e modifier is no longer supported, use preg_replace_callback instead D:\phpStudy\WWW\dididi5\ThinkPHP\Lib\Template\ThinkTemplate.class.php 第 404 行.
NOTIC: [2] preg_replace(): The /e modifier is no longer supported, use preg_replace_callback instead D:\phpStudy\WWW\dididi5\ThinkPHP\Lib\Template\ThinkTemplate.class.php 第 404 行.
NOTIC: [2] preg_replace(): The /e modifier is no longer supported, use preg_replace_callback instead D:\phpStudy\WWW\dididi5\ThinkPHP\Lib\Template\ThinkTemplate.class.php 第 399 行.
NOTIC: [2] preg_replace(): The /e modifier is no longer supported, use preg_replace_callback instead D:\phpStudy\WWW\dididi5\ThinkPHP\Lib\Template\ThinkTemplate.class.php 第 399 行.
NOTIC: [2] preg_replace(): The /e modifier is no longer supported, use preg_replace_callback instead D:\phpStudy\WWW\dididi5\ThinkPHP\Lib\Template\ThinkTemplate.class.php 第 404 行.
NOTIC: [2] preg_replace(): The /e modifier is no longer supported, use preg_replace_callback instead D:\phpStudy\WWW\dididi5\ThinkPHP\Lib\Template\ThinkTemplate.class.php 第 404 行.
NOTIC: [2] preg_replace(): The /e modifier is no longer supported, use preg_replace_callback instead D:\phpStudy\WWW\dididi5\ThinkPHP\Lib\Template\ThinkTemplate.class.php 第 404 行.
NOTIC: [2] preg_replace(): The /e modifier is no longer supported, use preg_replace_callback instead D:\phpStudy\WWW\dididi5\ThinkPHP\Lib\Template\ThinkTemplate.class.php 第 399 行.
NOTIC: [2] preg_replace(): The /e modifier is no longer supported, use preg_replace_callback instead D:\phpStudy\WWW\dididi5\ThinkPHP\Lib\Template\ThinkTemplate.class.php 第 404 行.
NOTIC: [2] preg_replace(): The /e modifier is no longer supported, use preg_replace_callback instead D:\phpStudy\WWW\dididi5\ThinkPHP\Lib\Template\ThinkTemplate.class.php 第 404 行.
NOTIC: [2] preg_replace(): The /e modifier is no longer supported, use preg_replace_callback instead D:\phpStudy\WWW\dididi5\ThinkPHP\Lib\Template\ThinkTemplate.class.php 第 404 行.
NOTIC: [2] preg_replace(): The /e modifier is no longer supported, use preg_replace_callback instead D:\phpStudy\WWW\dididi5\ThinkPHP\Lib\Template\ThinkTemplate.class.php 第 404 行.
NOTIC: [2] preg_replace(): The /e modifier is no longer supported, use preg_replace_callback instead D:\phpStudy\WWW\dididi5\ThinkPHP\Lib\Template\ThinkTemplate.class.php 第 404 行.
NOTIC: [2] preg_replace(): The /e modifier is no longer supported, use preg_replace_callback instead D:\phpStudy\WWW\dididi5\ThinkPHP\Lib\Template\ThinkTemplate.class.php 第 404 行.
NOTIC: [2] preg_replace(): The /e modifier is no longer supported, use preg_replace_callback instead D:\phpStudy\WWW\dididi5\ThinkPHP\Lib\Template\ThinkTemplate.class.php 第 404 行.
NOTIC: [2] preg_replace(): The /e modifier is no longer supported, use preg_replace_callback instead D:\phpStudy\WWW\dididi5\ThinkPHP\Lib\Template\ThinkTemplate.class.php 第 404 行.
NOTIC: [2] preg_replace(): The /e modifier is no longer supported, use preg_replace_callback instead D:\phpStudy\WWW\dididi5\ThinkPHP\Lib\Template\ThinkTemplate.class.php 第 404 行.
NOTIC: [2] preg_replace(): The /e modifier is no longer supported, use preg_replace_callback instead D:\phpStudy\WWW\dididi5\ThinkPHP\Lib\Template\ThinkTemplate.class.php 第 404 行.
NOTIC: [2] preg_replace(): The /e modifier is no longer supported, use preg_replace_callback instead D:\phpStudy\WWW\dididi5\ThinkPHP\Lib\Template\ThinkTemplate.class.php 第 404 行.
NOTIC: [2] preg_replace(): The /e modifier is no longer supported, use preg_replace_callback instead D:\phpStudy\WWW\dididi5\ThinkPHP\Lib\Template\ThinkTemplate.class.php 第 404 行.
NOTIC: [2] preg_replace(): The /e modifier is no longer supported, use preg_replace_callback instead D:\phpStudy\WWW\dididi5\ThinkPHP\Lib\Template\ThinkTemplate.class.php 第 404 行.
NOTIC: [2] preg_replace(): The /e modifier is no longer supported, use preg_replace_callback instead D:\phpStudy\WWW\dididi5\ThinkPHP\Lib\Template\ThinkTemplate.class.php 第 404 行.
NOTIC: [2] preg_replace(): The /e modifier is no longer supported, use preg_replace_callback instead D:\phpStudy\WWW\dididi5\ThinkPHP\Lib\Template\ThinkTemplate.class.php 第 404 行.
NOTIC: [2] preg_replace(): The /e modifier is no longer supported, use preg_replace_callback instead D:\phpStudy\WWW\dididi5\ThinkPHP\Lib\Template\ThinkTemplate.class.php 第 404 行.
NOTIC: [2] preg_replace(): The /e modifier is no longer supported, use preg_replace_callback instead D:\phpStudy\WWW\dididi5\ThinkPHP\Lib\Template\ThinkTemplate.class.php 第 404 行.
NOTIC: [2] preg_replace(): The /e modifier is no longer supported, use preg_replace_callback instead D:\phpStudy\WWW\dididi5\ThinkPHP\Lib\Template\ThinkTemplate.class.php 第 404 行.
NOTIC: [2] preg_replace(): The /e modifier is no longer supported, use preg_replace_callback instead D:\phpStudy\WWW\dididi5\ThinkPHP\Lib\Template\ThinkTemplate.class.php 第 404 行.
NOTIC: [2] preg_replace(): The /e modifier is no longer supported, use preg_replace_callback instead D:\phpStudy\WWW\dididi5\ThinkPHP\Lib\Template\ThinkTemplate.class.php 第 404 行.
NOTIC: [2] preg_replace(): The /e modifier is no longer supported, use preg_replace_callback instead D:\phpStudy\WWW\dididi5\ThinkPHP\Lib\Template\ThinkTemplate.class.php 第 404 行.
NOTIC: [2] preg_replace(): The /e modifier is no longer supported, use preg_replace_callback instead D:\phpStudy\WWW\dididi5\ThinkPHP\Lib\Template\ThinkTemplate.class.php 第 404 行.
NOTIC: [2] preg_replace(): The /e modifier is no longer supported, use preg_replace_callback instead D:\phpStudy\WWW\dididi5\ThinkPHP\Lib\Template\ThinkTemplate.class.php 第 404 行.
NOTIC: [2] preg_replace(): The /e modifier is no longer supported, use preg_replace_callback instead D:\phpStudy\WWW\dididi5\ThinkPHP\Lib\Template\ThinkTemplate.class.php 第 404 行.
NOTIC: [2] preg_replace(): The /e modifier is no longer supported, use preg_replace_callback instead D:\phpStudy\WWW\dididi5\ThinkPHP\Lib\Template\ThinkTemplate.class.php 第 404 行.
NOTIC: [2] preg_replace(): The /e modifier is no longer supported, use preg_replace_callback instead D:\phpStudy\WWW\dididi5\ThinkPHP\Lib\Template\ThinkTemplate.class.php 第 404 行.
NOTIC: [2] preg_replace(): The /e modifier is no longer supported, use preg_replace_callback instead D:\phpStudy\WWW\dididi5\ThinkPHP\Lib\Template\ThinkTemplate.class.php 第 404 行.
NOTIC: [2] preg_replace(): The /e modifier is no longer supported, use preg_replace_callback instead D:\phpStudy\WWW\dididi5\ThinkPHP\Lib\Template\ThinkTemplate.class.php 第 404 行.
NOTIC: [2] preg_replace(): The /e modifier is no longer supported, use preg_replace_callback instead D:\phpStudy\WWW\dididi5\ThinkPHP\Lib\Template\ThinkTemplate.class.php 第 404 行.
NOTIC: [2] preg_replace(): The /e modifier is no longer supported, use preg_replace_callback instead D:\phpStudy\WWW\dididi5\ThinkPHP\Lib\Template\ThinkTemplate.class.php 第 404 行.
NOTIC: [2] preg_replace(): The /e modifier is no longer supported, use preg_replace_callback instead D:\phpStudy\WWW\dididi5\ThinkPHP\Lib\Template\ThinkTemplate.class.php 第 404 行.
NOTIC: [2] preg_replace(): The /e modifier is no longer supported, use preg_replace_callback instead D:\phpStudy\WWW\dididi5\ThinkPHP\Lib\Template\ThinkTemplate.class.php 第 404 行.
NOTIC: [2] preg_replace(): The /e modifier is no longer supported, use preg_replace_callback instead D:\phpStudy\WWW\dididi5\ThinkPHP\Lib\Template\ThinkTemplate.class.php 第 404 行.
NOTIC: [2] preg_replace(): The /e modifier is no longer supported, use preg_replace_callback instead D:\phpStudy\WWW\dididi5\ThinkPHP\Lib\Template\ThinkTemplate.class.php 第 404 行.
NOTIC: [2] preg_replace(): The /e modifier is no longer supported, use preg_replace_callback instead D:\phpStudy\WWW\dididi5\ThinkPHP\Lib\Template\ThinkTemplate.class.php 第 404 行.
NOTIC: [2] preg_replace(): The /e modifier is no longer supported, use preg_replace_callback instead D:\phpStudy\WWW\dididi5\ThinkPHP\Lib\Template\ThinkTemplate.class.php 第 404 行.
NOTIC: [2] preg_replace(): The /e modifier is no longer supported, use preg_replace_callback instead D:\phpStudy\WWW\dididi5\ThinkPHP\Lib\Template\ThinkTemplate.class.php 第 404 行.
NOTIC: [2] preg_replace(): The /e modifier is no longer supported, use preg_replace_callback instead D:\phpStudy\WWW\dididi5\ThinkPHP\Lib\Template\ThinkTemplate.class.php 第 404 行.
NOTIC: [2] preg_replace(): The /e modifier is no longer supported, use preg_replace_callback instead D:\phpStudy\WWW\dididi5\ThinkPHP\Lib\Template\ThinkTemplate.class.php 第 404 行.
NOTIC: [2] preg_replace(): The /e modifier is no longer supported, use preg_replace_callback instead D:\phpStudy\WWW\dididi5\ThinkPHP\Lib\Template\ThinkTemplate.class.php 第 404 行.
NOTIC: [2] preg_replace(): The /e modifier is no longer supported, use preg_replace_callback instead D:\phpStudy\WWW\dididi5\ThinkPHP\Lib\Template\ThinkTemplate.class.php 第 404 行.
NOTIC: [2] preg_replace(): The /e modifier is no longer supported, use preg_replace_callback instead D:\phpStudy\WWW\dididi5\ThinkPHP\Lib\Template\ThinkTemplate.class.php 第 404 行.
NOTIC: [2] preg_replace(): The /e modifier is no longer supported, use preg_replace_callback instead D:\phpStudy\WWW\dididi5\ThinkPHP\Lib\Template\ThinkTemplate.class.php 第 404 行.
NOTIC: [2] preg_replace(): The /e modifier is no longer supported, use preg_replace_callback instead D:\phpStudy\WWW\dididi5\ThinkPHP\Lib\Template\ThinkTemplate.class.php 第 404 行.
NOTIC: [2] preg_replace(): The /e modifier is no longer supported, use preg_replace_callback instead D:\phpStudy\WWW\dididi5\ThinkPHP\Lib\Template\ThinkTemplate.class.php 第 404 行.
NOTIC: [2] preg_replace(): The /e modifier is no longer supported, use preg_replace_callback instead D:\phpStudy\WWW\dididi5\ThinkPHP\Lib\Template\ThinkTemplate.class.php 第 404 行.
NOTIC: [2] preg_replace(): The /e modifier is no longer supported, use preg_replace_callback instead D:\phpStudy\WWW\dididi5\ThinkPHP\Lib\Template\ThinkTemplate.class.php 第 404 行.
NOTIC: [2] preg_replace(): The /e modifier is no longer supported, use preg_replace_callback instead D:\phpStudy\WWW\dididi5\ThinkPHP\Lib\Template\ThinkTemplate.class.php 第 404 行.
NOTIC: [2] preg_replace(): The /e modifier is no longer supported, use preg_replace_callback instead D:\phpStudy\WWW\dididi5\ThinkPHP\Lib\Template\ThinkTemplate.class.php 第 404 行.
NOTIC: [2] preg_replace(): The /e modifier is no longer supported, use preg_replace_callback instead D:\phpStudy\WWW\dididi5\ThinkPHP\Lib\Template\ThinkTemplate.class.php 第 404 行.
NOTIC: [2] preg_replace(): The /e modifier is no longer supported, use preg_replace_callback instead D:\phpStudy\WWW\dididi5\ThinkPHP\Lib\Template\ThinkTemplate.class.php 第 404 行.
NOTIC: [2] preg_replace(): The /e modifier is no longer supported, use preg_replace_callback instead D:\phpStudy\WWW\dididi5\ThinkPHP\Lib\Template\ThinkTemplate.class.php 第 404 行.
NOTIC: [2] preg_replace(): The /e modifier is no longer supported, use preg_replace_callback instead D:\phpStudy\WWW\dididi5\ThinkPHP\Lib\Template\ThinkTemplate.class.php 第 404 行.
NOTIC: [2] preg_replace(): The /e modifier is no longer supported, use preg_replace_callback instead D:\phpStudy\WWW\dididi5\ThinkPHP\Lib\Template\ThinkTemplate.class.php 第 404 行.
NOTIC: [2] preg_replace(): The /e modifier is no longer supported, use preg_replace_callback instead D:\phpStudy\WWW\dididi5\ThinkPHP\Lib\Template\ThinkTemplate.class.php 第 404 行.
NOTIC: [2] preg_replace(): The /e modifier is no longer supported, use preg_replace_callback instead D:\phpStudy\WWW\dididi5\ThinkPHP\Lib\Template\ThinkTemplate.class.php 第 404 行.
NOTIC: [2] preg_replace(): The /e modifier is no longer supported, use preg_replace_callback instead D:\phpStudy\WWW\dididi5\ThinkPHP\Lib\Template\ThinkTemplate.class.php 第 404 行.
NOTIC: [2] preg_replace(): The /e modifier is no longer supported, use preg_replace_callback instead D:\phpStudy\WWW\dididi5\ThinkPHP\Lib\Template\ThinkTemplate.class.php 第 404 行.
NOTIC: [2] preg_replace(): The /e modifier is no longer supported, use preg_replace_callback instead D:\phpStudy\WWW\dididi5\ThinkPHP\Lib\Template\ThinkTemplate.class.php 第 404 行.
NOTIC: [2] preg_replace(): The /e modifier is no longer supported, use preg_replace_callback instead D:\phpStudy\WWW\dididi5\ThinkPHP\Lib\Template\ThinkTemplate.class.php 第 404 行.
NOTIC: [2] preg_replace(): The /e modifier is no longer supported, use preg_replace_callback instead D:\phpStudy\WWW\dididi5\ThinkPHP\Lib\Template\ThinkTemplate.class.php 第 404 行.
NOTIC: [2] preg_replace(): The /e modifier is no longer supported, use preg_replace_callback instead D:\phpStudy\WWW\dididi5\ThinkPHP\Lib\Template\ThinkTemplate.class.php 第 404 行.
NOTIC: [2] preg_replace(): The /e modifier is no longer supported, use preg_replace_callback instead D:\phpStudy\WWW\dididi5\ThinkPHP\Lib\Template\ThinkTemplate.class.php 第 404 行.
NOTIC: [2] preg_replace(): The /e modifier is no longer supported, use preg_replace_callback instead D:\phpStudy\WWW\dididi5\ThinkPHP\Lib\Template\ThinkTemplate.class.php 第 404 行.
NOTIC: [2] preg_replace(): The /e modifier is no longer supported, use preg_replace_callback instead D:\phpStudy\WWW\dididi5\ThinkPHP\Lib\Template\ThinkTemplate.class.php 第 404 行.
NOTIC: [2] preg_replace(): The /e modifier is no longer supported, use preg_replace_callback instead D:\phpStudy\WWW\dididi5\ThinkPHP\Lib\Template\ThinkTemplate.class.php 第 404 行.
NOTIC: [2] preg_replace(): The /e modifier is no longer supported, use preg_replace_callback instead D:\phpStudy\WWW\dididi5\ThinkPHP\Lib\Template\ThinkTemplate.class.php 第 399 行.
NOTIC: [2] preg_replace(): The /e modifier is no longer supported, use preg_replace_callback instead D:\phpStudy\WWW\dididi5\ThinkPHP\Lib\Template\ThinkTemplate.class.php 第 399 行.
NOTIC: [2] preg_replace(): The /e modifier is no longer supported, use preg_replace_callback instead D:\phpStudy\WWW\dididi5\ThinkPHP\Lib\Template\ThinkTemplate.class.php 第 399 行.
NOTIC: [2] preg_replace(): The /e modifier is no longer supported, use preg_replace_callback instead D:\phpStudy\WWW\dididi5\ThinkPHP\Lib\Template\ThinkTemplate.class.php 第 399 行.
NOTIC: [2] preg_replace(): The /e modifier is no longer supported, use preg_replace_callback instead D:\phpStudy\WWW\dididi5\ThinkPHP\Lib\Template\ThinkTemplate.class.php 第 399 行.
NOTIC: [2] preg_replace(): The /e modifier is no longer supported, use preg_replace_callback instead D:\phpStudy\WWW\dididi5\ThinkPHP\Lib\Template\ThinkTemplate.class.php 第 399 行.
NOTIC: [2] preg_replace(): The /e modifier is no longer supported, use preg_replace_callback instead D:\phpStudy\WWW\dididi5\ThinkPHP\Lib\Template\ThinkTemplate.class.php 第 404 行.
NOTIC: [2] preg_replace(): The /e modifier is no longer supported, use preg_replace_callback instead D:\phpStudy\WWW\dididi5\ThinkPHP\Lib\Template\ThinkTemplate.class.php 第 404 行.
NOTIC: [2] preg_replace(): The /e modifier is no longer supported, use preg_replace_callback instead D:\phpStudy\WWW\dididi5\ThinkPHP\Lib\Template\ThinkTemplate.class.php 第 404 行.
NOTIC: [2] preg_replace(): The /e modifier is no longer supported, use preg_replace_callback instead D:\phpStudy\WWW\dididi5\ThinkPHP\Lib\Template\ThinkTemplate.class.php 第 197 行.
NOTIC: [2] preg_replace(): The /e modifier is no longer supported, use preg_replace_callback instead D:\phpStudy\WWW\dididi5\ThinkPHP\Lib\Template\ThinkTemplate.class.php 第 137 行.
INFO: ParseTemplate Behavior ::run [ RunTime:0.006000s ]
INFO: [ view_parse ] --END-- [ RunTime:0.006000s ]
INFO: [ view_filter ] --START--
INFO: ContentReplace Behavior ::run [ RunTime:0.001000s ]
INFO: TokenBuild Behavior ::run [ RunTime:0.000000s ]
INFO: WriteHtmlCache Behavior ::run [ RunTime:0.001000s ]
INFO: ShowRuntime Behavior ::run [ RunTime:0.000000s ]
INFO: [ view_filter ] --END-- [ RunTime:0.002000s ]
INFO: [ view_end ] --START--
INFO: ShowPageTrace Behavior ::run [ RunTime:0.001000s ]
INFO: [ view_end ] --END-- [ RunTime:0.001000s ]

